[0.012s] Invoking command in '/home/ntlab/mobile_ros2_ws/build/joystick': CMAKE_PREFIX_PATH=${CMAKE_PREFIX_PATH}:/home/ntlab/mobile_ros2_ws/install/launch_testing_examples:/home/ntlab/mobile_ros2_ws/install/examples_rclpy_pointcloud_publisher:/home/ntlab/mobile_ros2_ws/install/examples_rclpy_minimal_subscriber:/home/ntlab/mobile_ros2_ws/install/examples_rclpy_minimal_service:/home/ntlab/mobile_ros2_ws/install/examples_rclpy_minimal_publisher:/home/ntlab/mobile_ros2_ws/install/examples_rclpy_minimal_client:/home/ntlab/mobile_ros2_ws/install/examples_rclpy_minimal_action_server:/home/ntlab/mobile_ros2_ws/install/examples_rclpy_minimal_action_client:/home/ntlab/mobile_ros2_ws/install/examples_rclpy_guard_conditions:/home/ntlab/mobile_ros2_ws/install/examples_rclpy_executors:/opt/ros/humble /usr/bin/cmake /home/ntlab/mobile_ros2_ws/src/joystick -DCMAKE_INSTALL_PREFIX=/home/ntlab/mobile_ros2_ws/install/joystick
[0.055s] -- The C compiler identification is GNU 11.3.0
[0.100s] -- The CXX compiler identification is GNU 11.3.0
[0.104s] -- Detecting C compiler ABI info
[0.164s] -- Detecting C compiler ABI info - done
[0.169s] -- Check for working C compiler: /usr/bin/cc - skipped
[0.169s] -- Detecting C compile features
[0.170s] -- Detecting C compile features - done
[0.174s] -- Detecting CXX compiler ABI info
[0.247s] -- Detecting CXX compiler ABI info - done
[0.251s] -- Check for working CXX compiler: /usr/bin/c++ - skipped
[0.251s] -- Detecting CXX compile features
[0.252s] -- Detecting CXX compile features - done
[0.253s] -- Found ament_cmake: 1.3.3 (/opt/ros/humble/share/ament_cmake/cmake)
[0.364s] -- Found Python3: /usr/bin/python3.10 (found version "3.10.6") found components: Interpreter 
[0.415s] -- Found ament_lint_auto: 0.12.5 (/opt/ros/humble/share/ament_lint_auto/cmake)
[0.482s] -- Added test 'lint_cmake' to check CMake code style
[0.483s] -- Added test 'xmllint' to check XML markup files
[0.485s] -- Configuring done
[0.486s] -- Generating done
[0.487s] -- Build files have been written to: /home/ntlab/mobile_ros2_ws/build/joystick
[0.491s] Invoked command in '/home/ntlab/mobile_ros2_ws/build/joystick' returned '0': CMAKE_PREFIX_PATH=${CMAKE_PREFIX_PATH}:/home/ntlab/mobile_ros2_ws/install/launch_testing_examples:/home/ntlab/mobile_ros2_ws/install/examples_rclpy_pointcloud_publisher:/home/ntlab/mobile_ros2_ws/install/examples_rclpy_minimal_subscriber:/home/ntlab/mobile_ros2_ws/install/examples_rclpy_minimal_service:/home/ntlab/mobile_ros2_ws/install/examples_rclpy_minimal_publisher:/home/ntlab/mobile_ros2_ws/install/examples_rclpy_minimal_client:/home/ntlab/mobile_ros2_ws/install/examples_rclpy_minimal_action_server:/home/ntlab/mobile_ros2_ws/install/examples_rclpy_minimal_action_client:/home/ntlab/mobile_ros2_ws/install/examples_rclpy_guard_conditions:/home/ntlab/mobile_ros2_ws/install/examples_rclpy_executors:/opt/ros/humble /usr/bin/cmake /home/ntlab/mobile_ros2_ws/src/joystick -DCMAKE_INSTALL_PREFIX=/home/ntlab/mobile_ros2_ws/install/joystick
[0.492s] Invoking command in '/home/ntlab/mobile_ros2_ws/build/joystick': CMAKE_PREFIX_PATH=${CMAKE_PREFIX_PATH}:/home/ntlab/mobile_ros2_ws/install/launch_testing_examples:/home/ntlab/mobile_ros2_ws/install/examples_rclpy_pointcloud_publisher:/home/ntlab/mobile_ros2_ws/install/examples_rclpy_minimal_subscriber:/home/ntlab/mobile_ros2_ws/install/examples_rclpy_minimal_service:/home/ntlab/mobile_ros2_ws/install/examples_rclpy_minimal_publisher:/home/ntlab/mobile_ros2_ws/install/examples_rclpy_minimal_client:/home/ntlab/mobile_ros2_ws/install/examples_rclpy_minimal_action_server:/home/ntlab/mobile_ros2_ws/install/examples_rclpy_minimal_action_client:/home/ntlab/mobile_ros2_ws/install/examples_rclpy_guard_conditions:/home/ntlab/mobile_ros2_ws/install/examples_rclpy_executors:/opt/ros/humble /usr/bin/cmake --build /home/ntlab/mobile_ros2_ws/build/joystick -- -j16 -l16
[0.513s] Invoked command in '/home/ntlab/mobile_ros2_ws/build/joystick' returned '0': CMAKE_PREFIX_PATH=${CMAKE_PREFIX_PATH}:/home/ntlab/mobile_ros2_ws/install/launch_testing_examples:/home/ntlab/mobile_ros2_ws/install/examples_rclpy_pointcloud_publisher:/home/ntlab/mobile_ros2_ws/install/examples_rclpy_minimal_subscriber:/home/ntlab/mobile_ros2_ws/install/examples_rclpy_minimal_service:/home/ntlab/mobile_ros2_ws/install/examples_rclpy_minimal_publisher:/home/ntlab/mobile_ros2_ws/install/examples_rclpy_minimal_client:/home/ntlab/mobile_ros2_ws/install/examples_rclpy_minimal_action_server:/home/ntlab/mobile_ros2_ws/install/examples_rclpy_minimal_action_client:/home/ntlab/mobile_ros2_ws/install/examples_rclpy_guard_conditions:/home/ntlab/mobile_ros2_ws/install/examples_rclpy_executors:/opt/ros/humble /usr/bin/cmake --build /home/ntlab/mobile_ros2_ws/build/joystick -- -j16 -l16
[0.532s] Invoking command in '/home/ntlab/mobile_ros2_ws/build/joystick': CMAKE_PREFIX_PATH=${CMAKE_PREFIX_PATH}:/home/ntlab/mobile_ros2_ws/install/launch_testing_examples:/home/ntlab/mobile_ros2_ws/install/examples_rclpy_pointcloud_publisher:/home/ntlab/mobile_ros2_ws/install/examples_rclpy_minimal_subscriber:/home/ntlab/mobile_ros2_ws/install/examples_rclpy_minimal_service:/home/ntlab/mobile_ros2_ws/install/examples_rclpy_minimal_publisher:/home/ntlab/mobile_ros2_ws/install/examples_rclpy_minimal_client:/home/ntlab/mobile_ros2_ws/install/examples_rclpy_minimal_action_server:/home/ntlab/mobile_ros2_ws/install/examples_rclpy_minimal_action_client:/home/ntlab/mobile_ros2_ws/install/examples_rclpy_guard_conditions:/home/ntlab/mobile_ros2_ws/install/examples_rclpy_executors:/opt/ros/humble /usr/bin/cmake --install /home/ntlab/mobile_ros2_ws/build/joystick
[0.537s] -- Install configuration: ""
[0.537s] -- Installing: /home/ntlab/mobile_ros2_ws/install/joystick/share/ament_index/resource_index/package_run_dependencies/joystick
[0.537s] -- Installing: /home/ntlab/mobile_ros2_ws/install/joystick/share/ament_index/resource_index/parent_prefix_path/joystick
[0.537s] -- Installing: /home/ntlab/mobile_ros2_ws/install/joystick/share/joystick/environment/ament_prefix_path.sh
[0.537s] -- Installing: /home/ntlab/mobile_ros2_ws/install/joystick/share/joystick/environment/ament_prefix_path.dsv
[0.537s] -- Installing: /home/ntlab/mobile_ros2_ws/install/joystick/share/joystick/environment/path.sh
[0.537s] -- Installing: /home/ntlab/mobile_ros2_ws/install/joystick/share/joystick/environment/path.dsv
[0.537s] -- Installing: /home/ntlab/mobile_ros2_ws/install/joystick/share/joystick/local_setup.bash
[0.537s] -- Installing: /home/ntlab/mobile_ros2_ws/install/joystick/share/joystick/local_setup.sh
[0.537s] -- Installing: /home/ntlab/mobile_ros2_ws/install/joystick/share/joystick/local_setup.zsh
[0.537s] -- Installing: /home/ntlab/mobile_ros2_ws/install/joystick/share/joystick/local_setup.dsv
[0.537s] -- Installing: /home/ntlab/mobile_ros2_ws/install/joystick/share/joystick/package.dsv
[0.538s] -- Installing: /home/ntlab/mobile_ros2_ws/install/joystick/share/ament_index/resource_index/packages/joystick
[0.538s] -- Installing: /home/ntlab/mobile_ros2_ws/install/joystick/share/joystick/cmake/joystickConfig.cmake
[0.538s] -- Installing: /home/ntlab/mobile_ros2_ws/install/joystick/share/joystick/cmake/joystickConfig-version.cmake
[0.538s] -- Installing: /home/ntlab/mobile_ros2_ws/install/joystick/share/joystick/package.xml
[0.539s] Invoked command in '/home/ntlab/mobile_ros2_ws/build/joystick' returned '0': CMAKE_PREFIX_PATH=${CMAKE_PREFIX_PATH}:/home/ntlab/mobile_ros2_ws/install/launch_testing_examples:/home/ntlab/mobile_ros2_ws/install/examples_rclpy_pointcloud_publisher:/home/ntlab/mobile_ros2_ws/install/examples_rclpy_minimal_subscriber:/home/ntlab/mobile_ros2_ws/install/examples_rclpy_minimal_service:/home/ntlab/mobile_ros2_ws/install/examples_rclpy_minimal_publisher:/home/ntlab/mobile_ros2_ws/install/examples_rclpy_minimal_client:/home/ntlab/mobile_ros2_ws/install/examples_rclpy_minimal_action_server:/home/ntlab/mobile_ros2_ws/install/examples_rclpy_minimal_action_client:/home/ntlab/mobile_ros2_ws/install/examples_rclpy_guard_conditions:/home/ntlab/mobile_ros2_ws/install/examples_rclpy_executors:/opt/ros/humble /usr/bin/cmake --install /home/ntlab/mobile_ros2_ws/build/joystick
