[0.015s] Invoking command in '/home/ntlab/mobile_ros2_ws/build/tooru_teleop': CMAKE_PREFIX_PATH=${CMAKE_PREFIX_PATH}:/home/ntlab/ros2_test/install/moveit_configs_utils:/home/ntlab/mobile_ros2_ws/install/launch_testing_examples:/home/ntlab/mobile_ros2_ws/install/examples_rclpy_pointcloud_publisher:/home/ntlab/mobile_ros2_ws/install/examples_rclpy_minimal_subscriber:/home/ntlab/mobile_ros2_ws/install/examples_rclpy_minimal_service:/home/ntlab/mobile_ros2_ws/install/examples_rclpy_minimal_publisher:/home/ntlab/mobile_ros2_ws/install/examples_rclpy_minimal_client:/home/ntlab/mobile_ros2_ws/install/examples_rclpy_minimal_action_server:/home/ntlab/mobile_ros2_ws/install/examples_rclpy_minimal_action_client:/home/ntlab/mobile_ros2_ws/install/examples_rclpy_guard_conditions:/home/ntlab/mobile_ros2_ws/install/examples_rclpy_executors:/opt/ros/humble /usr/bin/cmake --build /home/ntlab/mobile_ros2_ws/build/tooru_teleop -- -j16 -l16
[0.049s] [35m[1mConsolidate compiler generated dependencies of target teleop_joystick_input[0m
[0.063s] [100%] Built target teleop_joystick_input
[0.071s] Invoked command in '/home/ntlab/mobile_ros2_ws/build/tooru_teleop' returned '0': CMAKE_PREFIX_PATH=${CMAKE_PREFIX_PATH}:/home/ntlab/ros2_test/install/moveit_configs_utils:/home/ntlab/mobile_ros2_ws/install/launch_testing_examples:/home/ntlab/mobile_ros2_ws/install/examples_rclpy_pointcloud_publisher:/home/ntlab/mobile_ros2_ws/install/examples_rclpy_minimal_subscriber:/home/ntlab/mobile_ros2_ws/install/examples_rclpy_minimal_service:/home/ntlab/mobile_ros2_ws/install/examples_rclpy_minimal_publisher:/home/ntlab/mobile_ros2_ws/install/examples_rclpy_minimal_client:/home/ntlab/mobile_ros2_ws/install/examples_rclpy_minimal_action_server:/home/ntlab/mobile_ros2_ws/install/examples_rclpy_minimal_action_client:/home/ntlab/mobile_ros2_ws/install/examples_rclpy_guard_conditions:/home/ntlab/mobile_ros2_ws/install/examples_rclpy_executors:/opt/ros/humble /usr/bin/cmake --build /home/ntlab/mobile_ros2_ws/build/tooru_teleop -- -j16 -l16
[0.108s] Invoking command in '/home/ntlab/mobile_ros2_ws/build/tooru_teleop': CMAKE_PREFIX_PATH=${CMAKE_PREFIX_PATH}:/home/ntlab/ros2_test/install/moveit_configs_utils:/home/ntlab/mobile_ros2_ws/install/launch_testing_examples:/home/ntlab/mobile_ros2_ws/install/examples_rclpy_pointcloud_publisher:/home/ntlab/mobile_ros2_ws/install/examples_rclpy_minimal_subscriber:/home/ntlab/mobile_ros2_ws/install/examples_rclpy_minimal_service:/home/ntlab/mobile_ros2_ws/install/examples_rclpy_minimal_publisher:/home/ntlab/mobile_ros2_ws/install/examples_rclpy_minimal_client:/home/ntlab/mobile_ros2_ws/install/examples_rclpy_minimal_action_server:/home/ntlab/mobile_ros2_ws/install/examples_rclpy_minimal_action_client:/home/ntlab/mobile_ros2_ws/install/examples_rclpy_guard_conditions:/home/ntlab/mobile_ros2_ws/install/examples_rclpy_executors:/opt/ros/humble /usr/bin/cmake --install /home/ntlab/mobile_ros2_ws/build/tooru_teleop
[0.114s] -- Install configuration: ""
[0.115s] -- Up-to-date: /home/ntlab/mobile_ros2_ws/install/tooru_teleop/share/ament_index/resource_index/package_run_dependencies/tooru_teleop
[0.115s] -- Up-to-date: /home/ntlab/mobile_ros2_ws/install/tooru_teleop/share/ament_index/resource_index/parent_prefix_path/tooru_teleop
[0.115s] -- Up-to-date: /home/ntlab/mobile_ros2_ws/install/tooru_teleop/share/tooru_teleop/environment/ament_prefix_path.sh
[0.115s] -- Up-to-date: /home/ntlab/mobile_ros2_ws/install/tooru_teleop/share/tooru_teleop/environment/ament_prefix_path.dsv
[0.115s] -- Up-to-date: /home/ntlab/mobile_ros2_ws/install/tooru_teleop/share/tooru_teleop/environment/path.sh
[0.115s] -- Up-to-date: /home/ntlab/mobile_ros2_ws/install/tooru_teleop/share/tooru_teleop/environment/path.dsv
[0.115s] -- Up-to-date: /home/ntlab/mobile_ros2_ws/install/tooru_teleop/share/tooru_teleop/local_setup.bash
[0.115s] -- Up-to-date: /home/ntlab/mobile_ros2_ws/install/tooru_teleop/share/tooru_teleop/local_setup.sh
[0.115s] -- Up-to-date: /home/ntlab/mobile_ros2_ws/install/tooru_teleop/share/tooru_teleop/local_setup.zsh
[0.115s] -- Up-to-date: /home/ntlab/mobile_ros2_ws/install/tooru_teleop/share/tooru_teleop/local_setup.dsv
[0.115s] -- Installing: /home/ntlab/mobile_ros2_ws/install/tooru_teleop/share/tooru_teleop/package.dsv
[0.115s] -- Up-to-date: /home/ntlab/mobile_ros2_ws/install/tooru_teleop/share/ament_index/resource_index/packages/tooru_teleop
[0.115s] -- Up-to-date: /home/ntlab/mobile_ros2_ws/install/tooru_teleop/share/ament_index/resource_index/rclcpp_components/tooru_teleop
[0.115s] -- Up-to-date: /home/ntlab/mobile_ros2_ws/install/tooru_teleop/share/tooru_teleop/cmake/tooru_teleopConfig.cmake
[0.115s] -- Up-to-date: /home/ntlab/mobile_ros2_ws/install/tooru_teleop/share/tooru_teleop/cmake/tooru_teleopConfig-version.cmake
[0.115s] -- Up-to-date: /home/ntlab/mobile_ros2_ws/install/tooru_teleop/share/tooru_teleop/package.xml
[0.117s] Invoked command in '/home/ntlab/mobile_ros2_ws/build/tooru_teleop' returned '0': CMAKE_PREFIX_PATH=${CMAKE_PREFIX_PATH}:/home/ntlab/ros2_test/install/moveit_configs_utils:/home/ntlab/mobile_ros2_ws/install/launch_testing_examples:/home/ntlab/mobile_ros2_ws/install/examples_rclpy_pointcloud_publisher:/home/ntlab/mobile_ros2_ws/install/examples_rclpy_minimal_subscriber:/home/ntlab/mobile_ros2_ws/install/examples_rclpy_minimal_service:/home/ntlab/mobile_ros2_ws/install/examples_rclpy_minimal_publisher:/home/ntlab/mobile_ros2_ws/install/examples_rclpy_minimal_client:/home/ntlab/mobile_ros2_ws/install/examples_rclpy_minimal_action_server:/home/ntlab/mobile_ros2_ws/install/examples_rclpy_minimal_action_client:/home/ntlab/mobile_ros2_ws/install/examples_rclpy_guard_conditions:/home/ntlab/mobile_ros2_ws/install/examples_rclpy_executors:/opt/ros/humble /usr/bin/cmake --install /home/ntlab/mobile_ros2_ws/build/tooru_teleop
