[100%] Built target tooru_teleop_input
-- Install configuration: ""
-- Up-to-date: /home/rama/ROS/tooru_ros2_ws/install/tooru_teleop/lib/libtooru_teleop_input.so
-- Up-to-date: /home/rama/ROS/tooru_ros2_ws/install/tooru_teleop/share/tooru_teleop//launch
-- Installing: /home/rama/ROS/tooru_ros2_ws/install/tooru_teleop/share/tooru_teleop//launch/teleop.launch.py
-- Up-to-date: /home/rama/ROS/tooru_ros2_ws/install/tooru_teleop/share/tooru_teleop//launch/__pycache__
-- Installing: /home/rama/ROS/tooru_ros2_ws/install/tooru_teleop/share/tooru_teleop//launch/__pycache__/teleop.launch.cpython-310.pyc
-- Up-to-date: /home/rama/ROS/tooru_ros2_ws/install/tooru_teleop/share/tooru_teleop//launch/__pycache__/teleop_launch.cpython-310.pyc
-- Up-to-date: /home/rama/ROS/tooru_ros2_ws/install/tooru_teleop/share/ament_index/resource_index/package_run_dependencies/tooru_teleop
-- Up-to-date: /home/rama/ROS/tooru_ros2_ws/install/tooru_teleop/share/ament_index/resource_index/parent_prefix_path/tooru_teleop
-- Up-to-date: /home/rama/ROS/tooru_ros2_ws/install/tooru_teleop/share/tooru_teleop/environment/ament_prefix_path.sh
-- Up-to-date: /home/rama/ROS/tooru_ros2_ws/install/tooru_teleop/share/tooru_teleop/environment/ament_prefix_path.dsv
-- Up-to-date: /home/rama/ROS/tooru_ros2_ws/install/tooru_teleop/share/tooru_teleop/environment/path.sh
-- Up-to-date: /home/rama/ROS/tooru_ros2_ws/install/tooru_teleop/share/tooru_teleop/environment/path.dsv
-- Up-to-date: /home/rama/ROS/tooru_ros2_ws/install/tooru_teleop/share/tooru_teleop/local_setup.bash
-- Up-to-date: /home/rama/ROS/tooru_ros2_ws/install/tooru_teleop/share/tooru_teleop/local_setup.sh
-- Up-to-date: /home/rama/ROS/tooru_ros2_ws/install/tooru_teleop/share/tooru_teleop/local_setup.zsh
-- Up-to-date: /home/rama/ROS/tooru_ros2_ws/install/tooru_teleop/share/tooru_teleop/local_setup.dsv
-- Installing: /home/rama/ROS/tooru_ros2_ws/install/tooru_teleop/share/tooru_teleop/package.dsv
-- Up-to-date: /home/rama/ROS/tooru_ros2_ws/install/tooru_teleop/share/ament_index/resource_index/packages/tooru_teleop
-- Up-to-date: /home/rama/ROS/tooru_ros2_ws/install/tooru_teleop/share/ament_index/resource_index/rclcpp_components/tooru_teleop
-- Up-to-date: /home/rama/ROS/tooru_ros2_ws/install/tooru_teleop/share/tooru_teleop/cmake/tooru_teleopConfig.cmake
-- Up-to-date: /home/rama/ROS/tooru_ros2_ws/install/tooru_teleop/share/tooru_teleop/cmake/tooru_teleopConfig-version.cmake
-- Up-to-date: /home/rama/ROS/tooru_ros2_ws/install/tooru_teleop/share/tooru_teleop/package.xml
