[0.015s] Invoking command in '/home/rama/ROS/tooru_ros2_ws/build/dynamixel_sdk_examples': CMAKE_PREFIX_PATH=/home/rama/ROS/tooru_ros2_ws/install/dynamixel_sdk_custom_interfaces:/home/rama/ROS/tooru_ros2_ws/install/dynamixel_sdk:/home/rama/ROS/tooru_ros2_ws/install/tooru_dynamixel:/home/rama/ROS/tooru_ros2_ws/install/dynamixel_sdk_examples:/home/rama/ROS/tooru_ros2_ws/install/tooru_teleop:/home/rama/ROS/tooru_ros2_ws/install/tooru_mobile:/opt/ros/humble /usr/bin/cmake --build /home/rama/ROS/tooru_ros2_ws/build/dynamixel_sdk_examples -- -j16 -l16
[0.089s] [100%] Built target read_write_node
[0.106s] Invoked command in '/home/rama/ROS/tooru_ros2_ws/build/dynamixel_sdk_examples' returned '0': CMAKE_PREFIX_PATH=/home/rama/ROS/tooru_ros2_ws/install/dynamixel_sdk_custom_interfaces:/home/rama/ROS/tooru_ros2_ws/install/dynamixel_sdk:/home/rama/ROS/tooru_ros2_ws/install/tooru_dynamixel:/home/rama/ROS/tooru_ros2_ws/install/dynamixel_sdk_examples:/home/rama/ROS/tooru_ros2_ws/install/tooru_teleop:/home/rama/ROS/tooru_ros2_ws/install/tooru_mobile:/opt/ros/humble /usr/bin/cmake --build /home/rama/ROS/tooru_ros2_ws/build/dynamixel_sdk_examples -- -j16 -l16
[0.143s] Invoking command in '/home/rama/ROS/tooru_ros2_ws/build/dynamixel_sdk_examples': CMAKE_PREFIX_PATH=/home/rama/ROS/tooru_ros2_ws/install/dynamixel_sdk_custom_interfaces:/home/rama/ROS/tooru_ros2_ws/install/dynamixel_sdk:/home/rama/ROS/tooru_ros2_ws/install/tooru_dynamixel:/home/rama/ROS/tooru_ros2_ws/install/dynamixel_sdk_examples:/home/rama/ROS/tooru_ros2_ws/install/tooru_teleop:/home/rama/ROS/tooru_ros2_ws/install/tooru_mobile:/opt/ros/humble /usr/bin/cmake --install /home/rama/ROS/tooru_ros2_ws/build/dynamixel_sdk_examples
[0.151s] -- Install configuration: ""
[0.151s] -- Up-to-date: /home/rama/ROS/tooru_ros2_ws/install/dynamixel_sdk_examples/lib/dynamixel_sdk_examples/read_write_node
[0.152s] -- Up-to-date: /home/rama/ROS/tooru_ros2_ws/install/dynamixel_sdk_examples/share/ament_index/resource_index/package_run_dependencies/dynamixel_sdk_examples
[0.152s] -- Up-to-date: /home/rama/ROS/tooru_ros2_ws/install/dynamixel_sdk_examples/share/ament_index/resource_index/parent_prefix_path/dynamixel_sdk_examples
[0.152s] -- Up-to-date: /home/rama/ROS/tooru_ros2_ws/install/dynamixel_sdk_examples/share/dynamixel_sdk_examples/environment/ament_prefix_path.sh
[0.152s] -- Up-to-date: /home/rama/ROS/tooru_ros2_ws/install/dynamixel_sdk_examples/share/dynamixel_sdk_examples/environment/ament_prefix_path.dsv
[0.152s] -- Up-to-date: /home/rama/ROS/tooru_ros2_ws/install/dynamixel_sdk_examples/share/dynamixel_sdk_examples/environment/path.sh
[0.152s] -- Up-to-date: /home/rama/ROS/tooru_ros2_ws/install/dynamixel_sdk_examples/share/dynamixel_sdk_examples/environment/path.dsv
[0.152s] -- Up-to-date: /home/rama/ROS/tooru_ros2_ws/install/dynamixel_sdk_examples/share/dynamixel_sdk_examples/local_setup.bash
[0.153s] -- Up-to-date: /home/rama/ROS/tooru_ros2_ws/install/dynamixel_sdk_examples/share/dynamixel_sdk_examples/local_setup.sh
[0.153s] -- Up-to-date: /home/rama/ROS/tooru_ros2_ws/install/dynamixel_sdk_examples/share/dynamixel_sdk_examples/local_setup.zsh
[0.153s] -- Up-to-date: /home/rama/ROS/tooru_ros2_ws/install/dynamixel_sdk_examples/share/dynamixel_sdk_examples/local_setup.dsv
[0.153s] -- Installing: /home/rama/ROS/tooru_ros2_ws/install/dynamixel_sdk_examples/share/dynamixel_sdk_examples/package.dsv
[0.153s] -- Up-to-date: /home/rama/ROS/tooru_ros2_ws/install/dynamixel_sdk_examples/share/ament_index/resource_index/packages/dynamixel_sdk_examples
[0.153s] -- Up-to-date: /home/rama/ROS/tooru_ros2_ws/install/dynamixel_sdk_examples/share/dynamixel_sdk_examples/cmake/dynamixel_sdk_examplesConfig.cmake
[0.153s] -- Up-to-date: /home/rama/ROS/tooru_ros2_ws/install/dynamixel_sdk_examples/share/dynamixel_sdk_examples/cmake/dynamixel_sdk_examplesConfig-version.cmake
[0.153s] -- Up-to-date: /home/rama/ROS/tooru_ros2_ws/install/dynamixel_sdk_examples/share/dynamixel_sdk_examples/package.xml
[0.158s] Invoked command in '/home/rama/ROS/tooru_ros2_ws/build/dynamixel_sdk_examples' returned '0': CMAKE_PREFIX_PATH=/home/rama/ROS/tooru_ros2_ws/install/dynamixel_sdk_custom_interfaces:/home/rama/ROS/tooru_ros2_ws/install/dynamixel_sdk:/home/rama/ROS/tooru_ros2_ws/install/tooru_dynamixel:/home/rama/ROS/tooru_ros2_ws/install/dynamixel_sdk_examples:/home/rama/ROS/tooru_ros2_ws/install/tooru_teleop:/home/rama/ROS/tooru_ros2_ws/install/tooru_mobile:/opt/ros/humble /usr/bin/cmake --install /home/rama/ROS/tooru_ros2_ws/build/dynamixel_sdk_examples
