[0.013s] Invoking command in '/home/rama/ROS/tooru_ros2_ws/build/tooru_mobile': CMAKE_PREFIX_PATH=${CMAKE_PREFIX_PATH}:/opt/ros/humble /usr/bin/cmake --build /home/rama/ROS/tooru_ros2_ws/build/tooru_mobile -- -j16 -l16
[0.039s] [35m[1mConsolidate compiler generated dependencies of target kinematics[0m
[0.051s] [ 50%] [32mBuilding CXX object CMakeFiles/kinematics.dir/src/kinematics.cpp.o[0m
[1.870s] [01m[K/home/rama/ROS/tooru_ros2_ws/src/tooru_mobile/src/kinematics.cpp:93:20:[m[K [01;31m[Kerror: [m[Kfield ‘[01m[KMobileInfo1[m[K’ has incomplete type ‘[01m[Ktooru_mobile::MobileInfo[m[K’
[1.870s]    93 |         MobileInfo [01;31m[KMobileInfo1[m[K;
[1.870s]       |                    [01;31m[K^~~~~~~~~~~[m[K
[1.870s] [01m[K/home/rama/ROS/tooru_ros2_ws/src/tooru_mobile/src/kinematics.cpp:50:11:[m[K [01;36m[Knote: [m[Kforward declaration of ‘[01m[Kclass tooru_mobile::MobileInfo[m[K’
[1.870s]    50 |     class [01;36m[KMobileInfo[m[K;
[1.870s]       |           [01;36m[K^~~~~~~~~~[m[K
[1.870s] [01m[K/home/rama/ROS/tooru_ros2_ws/src/tooru_mobile/src/kinematics.cpp:94:20:[m[K [01;31m[Kerror: [m[Kfield ‘[01m[KJointState1[m[K’ has incomplete type ‘[01m[Ktooru_mobile::JointState[m[K’
[1.870s]    94 |         JointState [01;31m[KJointState1[m[K;
[1.870s]       |                    [01;31m[K^~~~~~~~~~~[m[K
[1.870s] [01m[K/home/rama/ROS/tooru_ros2_ws/src/tooru_mobile/src/kinematics.cpp:51:11:[m[K [01;36m[Knote: [m[Kforward declaration of ‘[01m[Kclass tooru_mobile::JointState[m[K’
[1.870s]    51 |     class [01;36m[KJointState[m[K;
[1.870s]       |           [01;36m[K^~~~~~~~~~[m[K
[1.870s] [01m[K/home/rama/ROS/tooru_ros2_ws/src/tooru_mobile/src/kinematics.cpp:95:21:[m[K [01;31m[Kerror: [m[Kinvalid use of incomplete type ‘[01m[Kclass tooru_mobile::Kinematics[m[K’
[1.871s]    95 |         Kinematics::[01;31m[KOmnidirectional[m[K Omni;
[1.871s]       |                     [01;31m[K^~~~~~~~~~~~~~~[m[K
[1.871s] [01m[K/home/rama/ROS/tooru_ros2_ws/src/tooru_mobile/src/kinematics.cpp:49:11:[m[K [01;36m[Knote: [m[Kforward declaration of ‘[01m[Kclass tooru_mobile::Kinematics[m[K’
[1.871s]    49 |     class [01;36m[KKinematics[m[K;
[1.871s]       |           [01;36m[K^~~~~~~~~~[m[K
[1.911s] [01m[K/home/rama/ROS/tooru_ros2_ws/src/tooru_mobile/src/kinematics.cpp:[m[K In member function ‘[01m[Kvoid tooru_mobile::TwistToJointPub::twistCB(const ConstSharedPtr&)[m[K’:
[1.911s] [01m[K/home/rama/ROS/tooru_ros2_ws/src/tooru_mobile/src/kinematics.cpp:78:27:[m[K [01;31m[Kerror: [m[K‘[01m[KOmni[m[K’ was not declared in this scope
[1.911s]    78 |             JointState1 = [01;31m[KOmni[m[K.InverseKinematics(TargetOdom);
[1.911s]       |                           [01;31m[K^~~~[m[K
[1.912s] [01m[K/home/rama/ROS/tooru_ros2_ws/src/tooru_mobile/src/kinematics.cpp:69:78:[m[K [01;35m[Kwarning: [m[Kunused parameter ‘[01m[Kmsg[m[K’ [[01;35m[K]8;;https://gcc.gnu.org/onlinedocs/gcc/Warning-Options.html#index-Wunused-parameter-Wunused-parameter]8;;[m[K]
[1.912s]    69 |         void twistCB([01;35m[Kconst geometry_msgs::msg::TwistStamped::ConstSharedPtr &msg[m[K)
[1.912s]       |                      [01;35m[K~~~~~~~~~~~~~~~~~~~~~~~~~~~~~~~~~~~~~~~~~~~~~~~~~~~~~~~~^~~[m[K
[1.912s] [01m[K/home/rama/ROS/tooru_ros2_ws/src/tooru_mobile/src/kinematics.cpp:[m[K At global scope:
[1.912s] [01m[K/home/rama/ROS/tooru_ros2_ws/src/tooru_mobile/src/kinematics.cpp:161:24:[m[K [01;31m[Kerror: [m[K‘[01m[Ktooru_mobile::MobileInfo tooru_mobile::Kinematics::Omnidirectional::ForwardKinematics(double*)[m[K’ cannot be overloaded with ‘[01m[Ktooru_mobile::MobileInfo tooru_mobile::Kinematics::Omnidirectional::ForwardKinematics(double*)[m[K’
[1.912s]   161 |             MobileInfo [01;31m[KForwardKinematics[m[K(double rpm[])
[1.912s]       |                        [01;31m[K^~~~~~~~~~~~~~~~~[m[K
[1.912s] [01m[K/home/rama/ROS/tooru_ros2_ws/src/tooru_mobile/src/kinematics.cpp:132:24:[m[K [01;36m[Knote: [m[Kprevious declaration ‘[01m[Ktooru_mobile::MobileInfo tooru_mobile::Kinematics::Omnidirectional::ForwardKinematics(double*)[m[K’
[1.912s]   132 |             MobileInfo [01;36m[KForwardKinematics[m[K(double rpm[]);
[1.912s]       |                        [01;36m[K^~~~~~~~~~~~~~~~~[m[K
[1.912s] [01m[K/home/rama/ROS/tooru_ros2_ws/src/tooru_mobile/src/kinematics.cpp:220:24:[m[K [01;31m[Kerror: [m[K‘[01m[Ktooru_mobile::JointState tooru_mobile::Kinematics::Omnidirectional::InverseKinematics(double*)[m[K’ cannot be overloaded with ‘[01m[Ktooru_mobile::JointState tooru_mobile::Kinematics::Omnidirectional::InverseKinematics(double*)[m[K’
[1.912s]   220 |             JointState [01;31m[KInverseKinematics[m[K(double odom[])
[1.912s]       |                        [01;31m[K^~~~~~~~~~~~~~~~~[m[K
[1.912s] [01m[K/home/rama/ROS/tooru_ros2_ws/src/tooru_mobile/src/kinematics.cpp:133:24:[m[K [01;36m[Knote: [m[Kprevious declaration ‘[01m[Ktooru_mobile::JointState tooru_mobile::Kinematics::Omnidirectional::InverseKinematics(double*)[m[K’
[1.912s]   133 |             JointState [01;36m[KInverseKinematics[m[K(double odom[]);
[1.912s]       |                        [01;36m[K^~~~~~~~~~~~~~~~~[m[K
[4.293s] gmake[2]: *** [CMakeFiles/kinematics.dir/build.make:76: CMakeFiles/kinematics.dir/src/kinematics.cpp.o] Error 1
[4.294s] gmake[1]: *** [CMakeFiles/Makefile2:137: CMakeFiles/kinematics.dir/all] Error 2
[4.294s] gmake: *** [Makefile:146: all] Error 2
[4.296s] Invoked command in '/home/rama/ROS/tooru_ros2_ws/build/tooru_mobile' returned '2': CMAKE_PREFIX_PATH=${CMAKE_PREFIX_PATH}:/opt/ros/humble /usr/bin/cmake --build /home/rama/ROS/tooru_ros2_ws/build/tooru_mobile -- -j16 -l16
