-- Found ament_cmake: 1.3.4 (/opt/ros/humble/share/ament_cmake/cmake)
-- Found dynamixel_sdk: 3.7.60 (/home/rama/ROS/tooru_ros2_ws/install/dynamixel_sdk/share/dynamixel_sdk/cmake)
-- Found dynamixel_sdk_custom_interfaces: 3.7.60 (/home/rama/ROS/tooru_ros2_ws/install/dynamixel_sdk_custom_interfaces/share/dynamixel_sdk_custom_interfaces/cmake)
-- Found rosidl_generator_c: 3.1.4 (/opt/ros/humble/share/rosidl_generator_c/cmake)
-- Found rosidl_adapter: 3.1.4 (/opt/ros/humble/share/rosidl_adapter/cmake)
-- Found rosidl_generator_cpp: 3.1.4 (/opt/ros/humble/share/rosidl_generator_cpp/cmake)
-- Using all available rosidl_typesupport_c: rosidl_typesupport_fastrtps_c;rosidl_typesupport_introspection_c
-- Using all available rosidl_typesupport_cpp: rosidl_typesupport_fastrtps_cpp;rosidl_typesupport_introspection_cpp
-- Found rclcpp: 16.0.4 (/opt/ros/humble/share/rclcpp/cmake)
-- Found rmw_implementation_cmake: 6.1.1 (/opt/ros/humble/share/rmw_implementation_cmake/cmake)
-- Found rmw_fastrtps_cpp: 6.2.2 (/opt/ros/humble/share/rmw_fastrtps_cpp/cmake)
-- Using RMW implementation 'rmw_fastrtps_cpp' as default
-- Found ament_lint_auto: 0.12.6 (/opt/ros/humble/share/ament_lint_auto/cmake)
-- Added test 'cppcheck' to perform static code analysis on C / C++ code
-- Configured cppcheck include dirs: /home/rama/ROS/tooru_ros2_ws/src/tooru_dynamixel/include
-- Configured cppcheck exclude dirs and/or files: 
-- Added test 'lint_cmake' to check CMake code style
-- Added test 'uncrustify' to check C / C++ code style
-- Configured uncrustify additional arguments: 
-- Added test 'xmllint' to check XML markup files
-- Configuring done
-- Generating done
-- Build files have been written to: /home/rama/ROS/tooru_ros2_ws/build/tooru_dynamixel
[ 50%] [32mBuilding CXX object CMakeFiles/dynamixel_node.dir/src/dynamixel_node.cpp.o[0m
[100%] [32m[1mLinking CXX executable dynamixel_node[0m
[100%] Built target dynamixel_node
-- Install configuration: ""
-- Installing: /home/rama/ROS/tooru_ros2_ws/install/tooru_dynamixel/lib/tooru_dynamixel/dynamixel_node
-- Set runtime path of "/home/rama/ROS/tooru_ros2_ws/install/tooru_dynamixel/lib/tooru_dynamixel/dynamixel_node" to ""
-- Up-to-date: /home/rama/ROS/tooru_ros2_ws/install/tooru_dynamixel/share/ament_index/resource_index/package_run_dependencies/tooru_dynamixel
-- Installing: /home/rama/ROS/tooru_ros2_ws/install/tooru_dynamixel/share/ament_index/resource_index/parent_prefix_path/tooru_dynamixel
-- Up-to-date: /home/rama/ROS/tooru_ros2_ws/install/tooru_dynamixel/share/tooru_dynamixel/environment/ament_prefix_path.sh
-- Installing: /home/rama/ROS/tooru_ros2_ws/install/tooru_dynamixel/share/tooru_dynamixel/environment/ament_prefix_path.dsv
-- Up-to-date: /home/rama/ROS/tooru_ros2_ws/install/tooru_dynamixel/share/tooru_dynamixel/environment/path.sh
-- Installing: /home/rama/ROS/tooru_ros2_ws/install/tooru_dynamixel/share/tooru_dynamixel/environment/path.dsv
-- Up-to-date: /home/rama/ROS/tooru_ros2_ws/install/tooru_dynamixel/share/tooru_dynamixel/local_setup.bash
-- Up-to-date: /home/rama/ROS/tooru_ros2_ws/install/tooru_dynamixel/share/tooru_dynamixel/local_setup.sh
-- Up-to-date: /home/rama/ROS/tooru_ros2_ws/install/tooru_dynamixel/share/tooru_dynamixel/local_setup.zsh
-- Installing: /home/rama/ROS/tooru_ros2_ws/install/tooru_dynamixel/share/tooru_dynamixel/local_setup.dsv
-- Installing: /home/rama/ROS/tooru_ros2_ws/install/tooru_dynamixel/share/tooru_dynamixel/package.dsv
-- Up-to-date: /home/rama/ROS/tooru_ros2_ws/install/tooru_dynamixel/share/ament_index/resource_index/packages/tooru_dynamixel
-- Up-to-date: /home/rama/ROS/tooru_ros2_ws/install/tooru_dynamixel/share/tooru_dynamixel/cmake/tooru_dynamixelConfig.cmake
-- Up-to-date: /home/rama/ROS/tooru_ros2_ws/install/tooru_dynamixel/share/tooru_dynamixel/cmake/tooru_dynamixelConfig-version.cmake
-- Up-to-date: /home/rama/ROS/tooru_ros2_ws/install/tooru_dynamixel/share/tooru_dynamixel/package.xml
