[0.016s] Invoking command in '/home/rama/ROS/tooru_ros2_ws/build/tooru_dynamixel': CMAKE_PREFIX_PATH=/home/rama/ROS/tooru_ros2_ws/install/dynamixel_sdk_custom_interfaces:/home/rama/ROS/tooru_ros2_ws/install/dynamixel_sdk:/home/rama/ROS/tooru_ros2_ws/install/tooru_teleop:/home/rama/ROS/tooru_ros2_ws/install/tooru_mobile:/home/rama/ROS/tooru_ros2_ws/install/tooru_dynamixel:/home/rama/ROS/tooru_ros2_ws/install/dynamixel_sdk_examples:/opt/ros/humble LD_LIBRARY_PATH=/home/rama/ROS/tooru_ros2_ws/install/dynamixel_sdk_custom_interfaces/lib:/home/rama/ROS/tooru_ros2_ws/install/dynamixel_sdk/lib:/home/rama/ROS/tooru_ros2_ws/install/tooru_teleop/lib:/home/rama/ROS/tooru_ros2_ws/install/tooru_mobile/lib:/opt/ros/humble/opt/rviz_ogre_vendor/lib:/opt/ros/humble/lib/x86_64-linux-gnu:/opt/ros/humble/lib /usr/bin/cmake --build /home/rama/ROS/tooru_ros2_ws/build/tooru_dynamixel -- -j16 -l16
[0.034s] -- Found ament_cmake: 1.3.4 (/opt/ros/humble/share/ament_cmake/cmake)
[0.171s] -- Found dynamixel_sdk: 3.7.60 (/home/rama/ROS/tooru_ros2_ws/install/dynamixel_sdk/share/dynamixel_sdk/cmake)
[0.172s] -- Found dynamixel_sdk_custom_interfaces: 3.7.60 (/home/rama/ROS/tooru_ros2_ws/install/dynamixel_sdk_custom_interfaces/share/dynamixel_sdk_custom_interfaces/cmake)
[0.194s] -- Found rosidl_generator_c: 3.1.4 (/opt/ros/humble/share/rosidl_generator_c/cmake)
[0.197s] -- Found rosidl_adapter: 3.1.4 (/opt/ros/humble/share/rosidl_adapter/cmake)
[0.203s] -- Found rosidl_generator_cpp: 3.1.4 (/opt/ros/humble/share/rosidl_generator_cpp/cmake)
[0.215s] -- Using all available rosidl_typesupport_c: rosidl_typesupport_fastrtps_c;rosidl_typesupport_introspection_c
[0.232s] -- Using all available rosidl_typesupport_cpp: rosidl_typesupport_fastrtps_cpp;rosidl_typesupport_introspection_cpp
[0.285s] -- Found rclcpp: 16.0.4 (/opt/ros/humble/share/rclcpp/cmake)
[0.331s] -- Found rmw_implementation_cmake: 6.1.1 (/opt/ros/humble/share/rmw_implementation_cmake/cmake)
[0.332s] -- Found rmw_fastrtps_cpp: 6.2.2 (/opt/ros/humble/share/rmw_fastrtps_cpp/cmake)
[0.434s] -- Using RMW implementation 'rmw_fastrtps_cpp' as default
[0.599s] -- Found ament_lint_auto: 0.12.6 (/opt/ros/humble/share/ament_lint_auto/cmake)
[0.667s] -- Added test 'cppcheck' to perform static code analysis on C / C++ code
[0.667s] -- Configured cppcheck include dirs: /home/rama/ROS/tooru_ros2_ws/src/tooru_dynamixel/include
[0.668s] -- Configured cppcheck exclude dirs and/or files: 
[0.668s] -- Added test 'lint_cmake' to check CMake code style
[0.670s] -- Added test 'uncrustify' to check C / C++ code style
[0.670s] -- Configured uncrustify additional arguments: 
[0.670s] -- Added test 'xmllint' to check XML markup files
[0.671s] -- Configuring done
[0.681s] -- Generating done
[0.683s] -- Build files have been written to: /home/rama/ROS/tooru_ros2_ws/build/tooru_dynamixel
[0.713s] [ 50%] [32mBuilding CXX object CMakeFiles/dynamixel_node.dir/src/dynamixel_node.cpp.o[0m
[8.053s] [100%] [32m[1mLinking CXX executable dynamixel_node[0m
[8.413s] [100%] Built target dynamixel_node
[8.424s] Invoked command in '/home/rama/ROS/tooru_ros2_ws/build/tooru_dynamixel' returned '0': CMAKE_PREFIX_PATH=/home/rama/ROS/tooru_ros2_ws/install/dynamixel_sdk_custom_interfaces:/home/rama/ROS/tooru_ros2_ws/install/dynamixel_sdk:/home/rama/ROS/tooru_ros2_ws/install/tooru_teleop:/home/rama/ROS/tooru_ros2_ws/install/tooru_mobile:/home/rama/ROS/tooru_ros2_ws/install/tooru_dynamixel:/home/rama/ROS/tooru_ros2_ws/install/dynamixel_sdk_examples:/opt/ros/humble LD_LIBRARY_PATH=/home/rama/ROS/tooru_ros2_ws/install/dynamixel_sdk_custom_interfaces/lib:/home/rama/ROS/tooru_ros2_ws/install/dynamixel_sdk/lib:/home/rama/ROS/tooru_ros2_ws/install/tooru_teleop/lib:/home/rama/ROS/tooru_ros2_ws/install/tooru_mobile/lib:/opt/ros/humble/opt/rviz_ogre_vendor/lib:/opt/ros/humble/lib/x86_64-linux-gnu:/opt/ros/humble/lib /usr/bin/cmake --build /home/rama/ROS/tooru_ros2_ws/build/tooru_dynamixel -- -j16 -l16
[8.447s] Invoking command in '/home/rama/ROS/tooru_ros2_ws/build/tooru_dynamixel': CMAKE_PREFIX_PATH=/home/rama/ROS/tooru_ros2_ws/install/dynamixel_sdk_custom_interfaces:/home/rama/ROS/tooru_ros2_ws/install/dynamixel_sdk:/home/rama/ROS/tooru_ros2_ws/install/tooru_teleop:/home/rama/ROS/tooru_ros2_ws/install/tooru_mobile:/home/rama/ROS/tooru_ros2_ws/install/tooru_dynamixel:/home/rama/ROS/tooru_ros2_ws/install/dynamixel_sdk_examples:/opt/ros/humble LD_LIBRARY_PATH=/home/rama/ROS/tooru_ros2_ws/install/dynamixel_sdk_custom_interfaces/lib:/home/rama/ROS/tooru_ros2_ws/install/dynamixel_sdk/lib:/home/rama/ROS/tooru_ros2_ws/install/tooru_teleop/lib:/home/rama/ROS/tooru_ros2_ws/install/tooru_mobile/lib:/opt/ros/humble/opt/rviz_ogre_vendor/lib:/opt/ros/humble/lib/x86_64-linux-gnu:/opt/ros/humble/lib /usr/bin/cmake --install /home/rama/ROS/tooru_ros2_ws/build/tooru_dynamixel
[8.453s] -- Install configuration: ""
[8.453s] -- Installing: /home/rama/ROS/tooru_ros2_ws/install/tooru_dynamixel/lib/tooru_dynamixel/dynamixel_node
[8.457s] -- Set runtime path of "/home/rama/ROS/tooru_ros2_ws/install/tooru_dynamixel/lib/tooru_dynamixel/dynamixel_node" to ""
[8.457s] -- Up-to-date: /home/rama/ROS/tooru_ros2_ws/install/tooru_dynamixel/share/ament_index/resource_index/package_run_dependencies/tooru_dynamixel
[8.458s] -- Installing: /home/rama/ROS/tooru_ros2_ws/install/tooru_dynamixel/share/ament_index/resource_index/parent_prefix_path/tooru_dynamixel
[8.458s] -- Up-to-date: /home/rama/ROS/tooru_ros2_ws/install/tooru_dynamixel/share/tooru_dynamixel/environment/ament_prefix_path.sh
[8.458s] -- Installing: /home/rama/ROS/tooru_ros2_ws/install/tooru_dynamixel/share/tooru_dynamixel/environment/ament_prefix_path.dsv
[8.458s] -- Up-to-date: /home/rama/ROS/tooru_ros2_ws/install/tooru_dynamixel/share/tooru_dynamixel/environment/path.sh
[8.458s] -- Installing: /home/rama/ROS/tooru_ros2_ws/install/tooru_dynamixel/share/tooru_dynamixel/environment/path.dsv
[8.459s] -- Up-to-date: /home/rama/ROS/tooru_ros2_ws/install/tooru_dynamixel/share/tooru_dynamixel/local_setup.bash
[8.459s] -- Up-to-date: /home/rama/ROS/tooru_ros2_ws/install/tooru_dynamixel/share/tooru_dynamixel/local_setup.sh
[8.459s] -- Up-to-date: /home/rama/ROS/tooru_ros2_ws/install/tooru_dynamixel/share/tooru_dynamixel/local_setup.zsh
[8.460s] -- Installing: /home/rama/ROS/tooru_ros2_ws/install/tooru_dynamixel/share/tooru_dynamixel/local_setup.dsv
[8.460s] -- Installing: /home/rama/ROS/tooru_ros2_ws/install/tooru_dynamixel/share/tooru_dynamixel/package.dsv
[8.460s] -- Up-to-date: /home/rama/ROS/tooru_ros2_ws/install/tooru_dynamixel/share/ament_index/resource_index/packages/tooru_dynamixel
[8.460s] -- Up-to-date: /home/rama/ROS/tooru_ros2_ws/install/tooru_dynamixel/share/tooru_dynamixel/cmake/tooru_dynamixelConfig.cmake
[8.460s] -- Up-to-date: /home/rama/ROS/tooru_ros2_ws/install/tooru_dynamixel/share/tooru_dynamixel/cmake/tooru_dynamixelConfig-version.cmake
[8.460s] -- Up-to-date: /home/rama/ROS/tooru_ros2_ws/install/tooru_dynamixel/share/tooru_dynamixel/package.xml
[8.463s] Invoked command in '/home/rama/ROS/tooru_ros2_ws/build/tooru_dynamixel' returned '0': CMAKE_PREFIX_PATH=/home/rama/ROS/tooru_ros2_ws/install/dynamixel_sdk_custom_interfaces:/home/rama/ROS/tooru_ros2_ws/install/dynamixel_sdk:/home/rama/ROS/tooru_ros2_ws/install/tooru_teleop:/home/rama/ROS/tooru_ros2_ws/install/tooru_mobile:/home/rama/ROS/tooru_ros2_ws/install/tooru_dynamixel:/home/rama/ROS/tooru_ros2_ws/install/dynamixel_sdk_examples:/opt/ros/humble LD_LIBRARY_PATH=/home/rama/ROS/tooru_ros2_ws/install/dynamixel_sdk_custom_interfaces/lib:/home/rama/ROS/tooru_ros2_ws/install/dynamixel_sdk/lib:/home/rama/ROS/tooru_ros2_ws/install/tooru_teleop/lib:/home/rama/ROS/tooru_ros2_ws/install/tooru_mobile/lib:/opt/ros/humble/opt/rviz_ogre_vendor/lib:/opt/ros/humble/lib/x86_64-linux-gnu:/opt/ros/humble/lib /usr/bin/cmake --install /home/rama/ROS/tooru_ros2_ws/build/tooru_dynamixel
