[0.014s] Invoking command in '/home/rama/ROS/tooru_ros2_ws/build/tooru_mobile': CMAKE_PREFIX_PATH=/home/rama/ROS/tooru_ros2_ws/install/dynamixel_sdk_custom_interfaces:/home/rama/ROS/tooru_ros2_ws/install/dynamixel_sdk:/home/rama/ROS/tooru_ros2_ws/install/tooru_teleop:/home/rama/ROS/tooru_ros2_ws/install/tooru_mobile:/home/rama/ROS/tooru_ros2_ws/install/tooru_dynamixel:/home/rama/ROS/tooru_ros2_ws/install/dynamixel_sdk_examples:/opt/ros/humble LD_LIBRARY_PATH=/home/rama/ROS/tooru_ros2_ws/install/dynamixel_sdk_custom_interfaces/lib:/home/rama/ROS/tooru_ros2_ws/install/dynamixel_sdk/lib:/home/rama/ROS/tooru_ros2_ws/install/tooru_teleop/lib:/home/rama/ROS/tooru_ros2_ws/install/tooru_mobile/lib:/opt/ros/humble/opt/rviz_ogre_vendor/lib:/opt/ros/humble/lib/x86_64-linux-gnu:/opt/ros/humble/lib /usr/bin/cmake --build /home/rama/ROS/tooru_ros2_ws/build/tooru_mobile -- -j16 -l16
[0.034s] -- Found ament_cmake: 1.3.4 (/opt/ros/humble/share/ament_cmake/cmake)
[0.176s] -- Found geometry_msgs: 4.2.3 (/opt/ros/humble/share/geometry_msgs/cmake)
[0.201s] -- Found rosidl_generator_c: 3.1.4 (/opt/ros/humble/share/rosidl_generator_c/cmake)
[0.207s] -- Found rosidl_adapter: 3.1.4 (/opt/ros/humble/share/rosidl_adapter/cmake)
[0.213s] -- Found rosidl_generator_cpp: 3.1.4 (/opt/ros/humble/share/rosidl_generator_cpp/cmake)
[0.226s] -- Using all available rosidl_typesupport_c: rosidl_typesupport_fastrtps_c;rosidl_typesupport_introspection_c
[0.241s] -- Using all available rosidl_typesupport_cpp: rosidl_typesupport_fastrtps_cpp;rosidl_typesupport_introspection_cpp
[0.351s] -- Found rclcpp: 16.0.4 (/opt/ros/humble/share/rclcpp/cmake)
[0.392s] -- Found rmw_implementation_cmake: 6.1.1 (/opt/ros/humble/share/rmw_implementation_cmake/cmake)
[0.394s] -- Found rmw_fastrtps_cpp: 6.2.2 (/opt/ros/humble/share/rmw_fastrtps_cpp/cmake)
[0.494s] -- Using RMW implementation 'rmw_fastrtps_cpp' as default
[0.622s] -- Found rclcpp_components: 16.0.4 (/opt/ros/humble/share/rclcpp_components/cmake)
[0.681s] -- Found sensor_msgs: 4.2.3 (/opt/ros/humble/share/sensor_msgs/cmake)
[0.766s] -- Found eigen3_cmake_module: 0.1.1 (/opt/ros/humble/share/eigen3_cmake_module/cmake)
[0.767s] -- Found dynamixel_sdk_custom_interfaces: 3.7.60 (/home/rama/ROS/tooru_ros2_ws/install/dynamixel_sdk_custom_interfaces/share/dynamixel_sdk_custom_interfaces/cmake)
[0.801s] -- Found dynamixel_sdk: 3.7.60 (/home/rama/ROS/tooru_ros2_ws/install/dynamixel_sdk/share/dynamixel_sdk/cmake)
[0.804s] -- Found ament_lint_auto: 0.12.6 (/opt/ros/humble/share/ament_lint_auto/cmake)
[0.875s] -- Added test 'cppcheck' to perform static code analysis on C / C++ code
[0.876s] -- Configured cppcheck include dirs: 
[0.876s] -- Configured cppcheck exclude dirs and/or files: 
[0.877s] -- Added test 'lint_cmake' to check CMake code style
[0.878s] -- Added test 'uncrustify' to check C / C++ code style
[0.878s] -- Configured uncrustify additional arguments: 
[0.878s] -- Added test 'xmllint' to check XML markup files
[0.879s] -- Configuring done
[0.889s] -- Generating done
[0.892s] -- Build files have been written to: /home/rama/ROS/tooru_ros2_ws/build/tooru_mobile
[0.922s] [35m[1mConsolidate compiler generated dependencies of target kinematics[0m
[0.943s] [ 50%] [32mBuilding CXX object CMakeFiles/kinematics.dir/src/kinematics.cpp.o[0m
[11.613s] [100%] [32m[1mLinking CXX shared library libkinematics.so[0m
[11.970s] [100%] Built target kinematics
[11.982s] Invoked command in '/home/rama/ROS/tooru_ros2_ws/build/tooru_mobile' returned '0': CMAKE_PREFIX_PATH=/home/rama/ROS/tooru_ros2_ws/install/dynamixel_sdk_custom_interfaces:/home/rama/ROS/tooru_ros2_ws/install/dynamixel_sdk:/home/rama/ROS/tooru_ros2_ws/install/tooru_teleop:/home/rama/ROS/tooru_ros2_ws/install/tooru_mobile:/home/rama/ROS/tooru_ros2_ws/install/tooru_dynamixel:/home/rama/ROS/tooru_ros2_ws/install/dynamixel_sdk_examples:/opt/ros/humble LD_LIBRARY_PATH=/home/rama/ROS/tooru_ros2_ws/install/dynamixel_sdk_custom_interfaces/lib:/home/rama/ROS/tooru_ros2_ws/install/dynamixel_sdk/lib:/home/rama/ROS/tooru_ros2_ws/install/tooru_teleop/lib:/home/rama/ROS/tooru_ros2_ws/install/tooru_mobile/lib:/opt/ros/humble/opt/rviz_ogre_vendor/lib:/opt/ros/humble/lib/x86_64-linux-gnu:/opt/ros/humble/lib /usr/bin/cmake --build /home/rama/ROS/tooru_ros2_ws/build/tooru_mobile -- -j16 -l16
[11.997s] Invoking command in '/home/rama/ROS/tooru_ros2_ws/build/tooru_mobile': CMAKE_PREFIX_PATH=/home/rama/ROS/tooru_ros2_ws/install/dynamixel_sdk_custom_interfaces:/home/rama/ROS/tooru_ros2_ws/install/dynamixel_sdk:/home/rama/ROS/tooru_ros2_ws/install/tooru_teleop:/home/rama/ROS/tooru_ros2_ws/install/tooru_mobile:/home/rama/ROS/tooru_ros2_ws/install/tooru_dynamixel:/home/rama/ROS/tooru_ros2_ws/install/dynamixel_sdk_examples:/opt/ros/humble LD_LIBRARY_PATH=/home/rama/ROS/tooru_ros2_ws/install/dynamixel_sdk_custom_interfaces/lib:/home/rama/ROS/tooru_ros2_ws/install/dynamixel_sdk/lib:/home/rama/ROS/tooru_ros2_ws/install/tooru_teleop/lib:/home/rama/ROS/tooru_ros2_ws/install/tooru_mobile/lib:/opt/ros/humble/opt/rviz_ogre_vendor/lib:/opt/ros/humble/lib/x86_64-linux-gnu:/opt/ros/humble/lib /usr/bin/cmake --install /home/rama/ROS/tooru_ros2_ws/build/tooru_mobile
[12.001s] -- Install configuration: ""
[12.001s] -- Installing: /home/rama/ROS/tooru_ros2_ws/install/tooru_mobile/lib/libkinematics.so
[12.011s] -- Set runtime path of "/home/rama/ROS/tooru_ros2_ws/install/tooru_mobile/lib/libkinematics.so" to ""
[12.011s] -- Installing: /home/rama/ROS/tooru_ros2_ws/install/tooru_mobile/share/ament_index/resource_index/package_run_dependencies/tooru_mobile
[12.011s] -- Installing: /home/rama/ROS/tooru_ros2_ws/install/tooru_mobile/share/ament_index/resource_index/parent_prefix_path/tooru_mobile
[12.011s] -- Up-to-date: /home/rama/ROS/tooru_ros2_ws/install/tooru_mobile/share/tooru_mobile/environment/ament_prefix_path.sh
[12.011s] -- Installing: /home/rama/ROS/tooru_ros2_ws/install/tooru_mobile/share/tooru_mobile/environment/ament_prefix_path.dsv
[12.011s] -- Up-to-date: /home/rama/ROS/tooru_ros2_ws/install/tooru_mobile/share/tooru_mobile/environment/path.sh
[12.011s] -- Installing: /home/rama/ROS/tooru_ros2_ws/install/tooru_mobile/share/tooru_mobile/environment/path.dsv
[12.011s] -- Up-to-date: /home/rama/ROS/tooru_ros2_ws/install/tooru_mobile/share/tooru_mobile/local_setup.bash
[12.011s] -- Up-to-date: /home/rama/ROS/tooru_ros2_ws/install/tooru_mobile/share/tooru_mobile/local_setup.sh
[12.011s] -- Up-to-date: /home/rama/ROS/tooru_ros2_ws/install/tooru_mobile/share/tooru_mobile/local_setup.zsh
[12.011s] -- Installing: /home/rama/ROS/tooru_ros2_ws/install/tooru_mobile/share/tooru_mobile/local_setup.dsv
[12.011s] -- Installing: /home/rama/ROS/tooru_ros2_ws/install/tooru_mobile/share/tooru_mobile/package.dsv
[12.011s] -- Up-to-date: /home/rama/ROS/tooru_ros2_ws/install/tooru_mobile/share/ament_index/resource_index/packages/tooru_mobile
[12.012s] -- Up-to-date: /home/rama/ROS/tooru_ros2_ws/install/tooru_mobile/share/ament_index/resource_index/rclcpp_components/tooru_mobile
[12.012s] -- Installing: /home/rama/ROS/tooru_ros2_ws/install/tooru_mobile/share/tooru_mobile/cmake/ament_cmake_export_dependencies-extras.cmake
[12.012s] -- Up-to-date: /home/rama/ROS/tooru_ros2_ws/install/tooru_mobile/share/tooru_mobile/cmake/tooru_mobileConfig.cmake
[12.012s] -- Up-to-date: /home/rama/ROS/tooru_ros2_ws/install/tooru_mobile/share/tooru_mobile/cmake/tooru_mobileConfig-version.cmake
[12.012s] -- Installing: /home/rama/ROS/tooru_ros2_ws/install/tooru_mobile/share/tooru_mobile/package.xml
[12.015s] Invoked command in '/home/rama/ROS/tooru_ros2_ws/build/tooru_mobile' returned '0': CMAKE_PREFIX_PATH=/home/rama/ROS/tooru_ros2_ws/install/dynamixel_sdk_custom_interfaces:/home/rama/ROS/tooru_ros2_ws/install/dynamixel_sdk:/home/rama/ROS/tooru_ros2_ws/install/tooru_teleop:/home/rama/ROS/tooru_ros2_ws/install/tooru_mobile:/home/rama/ROS/tooru_ros2_ws/install/tooru_dynamixel:/home/rama/ROS/tooru_ros2_ws/install/dynamixel_sdk_examples:/opt/ros/humble LD_LIBRARY_PATH=/home/rama/ROS/tooru_ros2_ws/install/dynamixel_sdk_custom_interfaces/lib:/home/rama/ROS/tooru_ros2_ws/install/dynamixel_sdk/lib:/home/rama/ROS/tooru_ros2_ws/install/tooru_teleop/lib:/home/rama/ROS/tooru_ros2_ws/install/tooru_mobile/lib:/opt/ros/humble/opt/rviz_ogre_vendor/lib:/opt/ros/humble/lib/x86_64-linux-gnu:/opt/ros/humble/lib /usr/bin/cmake --install /home/rama/ROS/tooru_ros2_ws/build/tooru_mobile
