[0.014s] Invoking command in '/home/ntlab/tooru_ros2_ws/build/tooru_mobile': CMAKE_PREFIX_PATH=${CMAKE_PREFIX_PATH}:/opt/ros/humble /usr/bin/cmake --build /home/ntlab/tooru_ros2_ws/build/tooru_mobile -- -j16 -l16
[0.029s] -- Found ament_cmake: 1.3.3 (/opt/ros/humble/share/ament_cmake/cmake)
[0.122s] -- Found geometry_msgs: 4.2.3 (/opt/ros/humble/share/geometry_msgs/cmake)
[0.137s] -- Found rosidl_generator_c: 3.1.4 (/opt/ros/humble/share/rosidl_generator_c/cmake)
[0.139s] -- Found rosidl_adapter: 3.1.4 (/opt/ros/humble/share/rosidl_adapter/cmake)
[0.143s] -- Found rosidl_generator_cpp: 3.1.4 (/opt/ros/humble/share/rosidl_generator_cpp/cmake)
[0.149s] -- Using all available rosidl_typesupport_c: rosidl_typesupport_fastrtps_c;rosidl_typesupport_introspection_c
[0.159s] -- Using all available rosidl_typesupport_cpp: rosidl_typesupport_fastrtps_cpp;rosidl_typesupport_introspection_cpp
[0.228s] -- Found rclcpp: 16.0.3 (/opt/ros/humble/share/rclcpp/cmake)
[0.257s] -- Found rmw_implementation_cmake: 6.1.1 (/opt/ros/humble/share/rmw_implementation_cmake/cmake)
[0.258s] -- Found rmw_fastrtps_cpp: 6.2.2 (/opt/ros/humble/share/rmw_fastrtps_cpp/cmake)
[0.328s] -- Using RMW implementation 'rmw_fastrtps_cpp' as default
[0.408s] -- Found rclcpp_components: 16.0.3 (/opt/ros/humble/share/rclcpp_components/cmake)
[0.444s] -- Found sensor_msgs: 4.2.3 (/opt/ros/humble/share/sensor_msgs/cmake)
[0.528s] -- Found ament_lint_auto: 0.12.5 (/opt/ros/humble/share/ament_lint_auto/cmake)
[0.578s] -- Added test 'cppcheck' to perform static code analysis on C / C++ code
[0.578s] -- Configured cppcheck include dirs: 
[0.578s] -- Configured cppcheck exclude dirs and/or files: 
[0.578s] -- Added test 'lint_cmake' to check CMake code style
[0.579s] -- Added test 'uncrustify' to check C / C++ code style
[0.579s] -- Configured uncrustify additional arguments: 
[0.579s] -- Added test 'xmllint' to check XML markup files
[0.579s] -- Configuring done
[0.586s] -- Generating done
[0.587s] -- Build files have been written to: /home/ntlab/tooru_ros2_ws/build/tooru_mobile
[0.602s] [35m[1mConsolidate compiler generated dependencies of target kinematics[0m
[0.612s] [ 50%] [32m[1mLinking CXX executable kinematics[0m
[0.874s] [100%] Built target kinematics
[0.886s] Invoked command in '/home/ntlab/tooru_ros2_ws/build/tooru_mobile' returned '0': CMAKE_PREFIX_PATH=${CMAKE_PREFIX_PATH}:/opt/ros/humble /usr/bin/cmake --build /home/ntlab/tooru_ros2_ws/build/tooru_mobile -- -j16 -l16
[0.899s] Invoking command in '/home/ntlab/tooru_ros2_ws/build/tooru_mobile': CMAKE_PREFIX_PATH=${CMAKE_PREFIX_PATH}:/opt/ros/humble /usr/bin/cmake --install /home/ntlab/tooru_ros2_ws/build/tooru_mobile
[0.904s] -- Install configuration: ""
[0.904s] -- Installing: /home/ntlab/tooru_ros2_ws/install/tooru_mobile/lib/tooru_mobile/kinematics
[0.906s] -- Set runtime path of "/home/ntlab/tooru_ros2_ws/install/tooru_mobile/lib/tooru_mobile/kinematics" to ""
[0.906s] -- Up-to-date: /home/ntlab/tooru_ros2_ws/install/tooru_mobile/share/ament_index/resource_index/package_run_dependencies/tooru_mobile
[0.906s] -- Up-to-date: /home/ntlab/tooru_ros2_ws/install/tooru_mobile/share/ament_index/resource_index/parent_prefix_path/tooru_mobile
[0.906s] -- Up-to-date: /home/ntlab/tooru_ros2_ws/install/tooru_mobile/share/tooru_mobile/environment/ament_prefix_path.sh
[0.906s] -- Installing: /home/ntlab/tooru_ros2_ws/install/tooru_mobile/share/tooru_mobile/environment/ament_prefix_path.dsv
[0.907s] -- Up-to-date: /home/ntlab/tooru_ros2_ws/install/tooru_mobile/share/tooru_mobile/environment/path.sh
[0.907s] -- Installing: /home/ntlab/tooru_ros2_ws/install/tooru_mobile/share/tooru_mobile/environment/path.dsv
[0.907s] -- Up-to-date: /home/ntlab/tooru_ros2_ws/install/tooru_mobile/share/tooru_mobile/local_setup.bash
[0.907s] -- Up-to-date: /home/ntlab/tooru_ros2_ws/install/tooru_mobile/share/tooru_mobile/local_setup.sh
[0.907s] -- Up-to-date: /home/ntlab/tooru_ros2_ws/install/tooru_mobile/share/tooru_mobile/local_setup.zsh
[0.907s] -- Installing: /home/ntlab/tooru_ros2_ws/install/tooru_mobile/share/tooru_mobile/local_setup.dsv
[0.907s] -- Installing: /home/ntlab/tooru_ros2_ws/install/tooru_mobile/share/tooru_mobile/package.dsv
[0.907s] -- Up-to-date: /home/ntlab/tooru_ros2_ws/install/tooru_mobile/share/ament_index/resource_index/packages/tooru_mobile
[0.907s] -- Up-to-date: /home/ntlab/tooru_ros2_ws/install/tooru_mobile/share/tooru_mobile/cmake/tooru_mobileConfig.cmake
[0.907s] -- Up-to-date: /home/ntlab/tooru_ros2_ws/install/tooru_mobile/share/tooru_mobile/cmake/tooru_mobileConfig-version.cmake
[0.907s] -- Up-to-date: /home/ntlab/tooru_ros2_ws/install/tooru_mobile/share/tooru_mobile/package.xml
[0.909s] Invoked command in '/home/ntlab/tooru_ros2_ws/build/tooru_mobile' returned '0': CMAKE_PREFIX_PATH=${CMAKE_PREFIX_PATH}:/opt/ros/humble /usr/bin/cmake --install /home/ntlab/tooru_ros2_ws/build/tooru_mobile
