[0.353s] DEBUG:colcon:Command line arguments: ['/usr/bin/colcon', 'build']
[0.353s] DEBUG:colcon:Parsed command line arguments: Namespace(log_base=None, log_level=None, verb_name='build', build_base='build', install_base='install', merge_install=False, symlink_install=False, test_result_base=None, continue_on_error=False, executor='parallel', parallel_workers=16, event_handlers=None, ignore_user_meta=False, metas=['./colcon.meta'], base_paths=['.'], packages_ignore=None, packages_ignore_regex=None, paths=None, packages_up_to=None, packages_up_to_regex=None, packages_above=None, packages_above_and_dependencies=None, packages_above_depth=None, packages_select_by_dep=None, packages_skip_by_dep=None, packages_skip_up_to=None, packages_select_build_failed=False, packages_skip_build_finished=False, packages_select_test_failures=False, packages_skip_test_passed=False, packages_select=None, packages_skip=None, packages_select_regex=None, packages_skip_regex=None, packages_start=None, packages_end=None, allow_overriding=[], cmake_args=None, cmake_target=None, cmake_target_skip_unavailable=False, cmake_clean_cache=False, cmake_clean_first=False, cmake_force_configure=False, ament_cmake_args=None, catkin_cmake_args=None, catkin_skip_building_tests=False, verb_parser=<colcon_defaults.argument_parser.defaults.DefaultArgumentsDecorator object at 0x7fcdca9504f0>, verb_extension=<colcon_core.verb.build.BuildVerb object at 0x7fcdca94d270>, main=<bound method BuildVerb.main of <colcon_core.verb.build.BuildVerb object at 0x7fcdca94d270>>)
[0.381s] Level 1:colcon.colcon_core.package_discovery:discover_packages(colcon_meta) check parameters
[0.381s] Level 1:colcon.colcon_core.package_discovery:discover_packages(recursive) check parameters
[0.381s] Level 1:colcon.colcon_core.package_discovery:discover_packages(ignore) check parameters
[0.381s] Level 1:colcon.colcon_core.package_discovery:discover_packages(path) check parameters
[0.381s] Level 1:colcon.colcon_core.package_discovery:discover_packages(colcon_meta) discover
[0.381s] Level 1:colcon.colcon_core.package_discovery:discover_packages(recursive) discover
[0.381s] INFO:colcon.colcon_core.package_discovery:Crawling recursively for packages in '/home/ntlab/tooru_ros2_ws'
[0.381s] Level 1:colcon.colcon_core.package_identification:_identify(.) by extensions ['ignore', 'ignore_ament_install']
[0.382s] Level 1:colcon.colcon_core.package_identification:_identify(.) by extension 'ignore'
[0.382s] Level 1:colcon.colcon_core.package_identification:_identify(.) by extension 'ignore_ament_install'
[0.382s] Level 1:colcon.colcon_core.package_identification:_identify(.) by extensions ['colcon_pkg']
[0.382s] Level 1:colcon.colcon_core.package_identification:_identify(.) by extension 'colcon_pkg'
[0.382s] Level 1:colcon.colcon_core.package_identification:_identify(.) by extensions ['colcon_meta']
[0.382s] Level 1:colcon.colcon_core.package_identification:_identify(.) by extension 'colcon_meta'
[0.382s] Level 1:colcon.colcon_core.package_identification:_identify(.) by extensions ['ros']
[0.382s] Level 1:colcon.colcon_core.package_identification:_identify(.) by extension 'ros'
[0.396s] Level 1:colcon.colcon_core.package_identification:_identify(.) by extensions ['cmake', 'python']
[0.397s] Level 1:colcon.colcon_core.package_identification:_identify(.) by extension 'cmake'
[0.397s] Level 1:colcon.colcon_core.package_identification:_identify(.) by extension 'python'
[0.397s] Level 1:colcon.colcon_core.package_identification:_identify(.) by extensions ['python_setup_py']
[0.397s] Level 1:colcon.colcon_core.package_identification:_identify(.) by extension 'python_setup_py'
[0.397s] Level 1:colcon.colcon_core.package_identification:_identify(build) by extensions ['ignore', 'ignore_ament_install']
[0.397s] Level 1:colcon.colcon_core.package_identification:_identify(build) by extension 'ignore'
[0.397s] Level 1:colcon.colcon_core.package_identification:_identify(build) ignored
[0.397s] Level 1:colcon.colcon_core.package_identification:_identify(install) by extensions ['ignore', 'ignore_ament_install']
[0.397s] Level 1:colcon.colcon_core.package_identification:_identify(install) by extension 'ignore'
[0.397s] Level 1:colcon.colcon_core.package_identification:_identify(install) ignored
[0.397s] Level 1:colcon.colcon_core.package_identification:_identify(log) by extensions ['ignore', 'ignore_ament_install']
[0.397s] Level 1:colcon.colcon_core.package_identification:_identify(log) by extension 'ignore'
[0.397s] Level 1:colcon.colcon_core.package_identification:_identify(log) ignored
[0.397s] Level 1:colcon.colcon_core.package_identification:_identify(src) by extensions ['ignore', 'ignore_ament_install']
[0.397s] Level 1:colcon.colcon_core.package_identification:_identify(src) by extension 'ignore'
[0.397s] Level 1:colcon.colcon_core.package_identification:_identify(src) by extension 'ignore_ament_install'
[0.397s] Level 1:colcon.colcon_core.package_identification:_identify(src) by extensions ['colcon_pkg']
[0.397s] Level 1:colcon.colcon_core.package_identification:_identify(src) by extension 'colcon_pkg'
[0.398s] Level 1:colcon.colcon_core.package_identification:_identify(src) by extensions ['colcon_meta']
[0.398s] Level 1:colcon.colcon_core.package_identification:_identify(src) by extension 'colcon_meta'
[0.398s] Level 1:colcon.colcon_core.package_identification:_identify(src) by extensions ['ros']
[0.398s] Level 1:colcon.colcon_core.package_identification:_identify(src) by extension 'ros'
[0.398s] Level 1:colcon.colcon_core.package_identification:_identify(src) by extensions ['cmake', 'python']
[0.398s] Level 1:colcon.colcon_core.package_identification:_identify(src) by extension 'cmake'
[0.398s] Level 1:colcon.colcon_core.package_identification:_identify(src) by extension 'python'
[0.398s] Level 1:colcon.colcon_core.package_identification:_identify(src) by extensions ['python_setup_py']
[0.398s] Level 1:colcon.colcon_core.package_identification:_identify(src) by extension 'python_setup_py'
[0.398s] Level 1:colcon.colcon_core.package_identification:_identify(src/tooru_teleop) by extensions ['ignore', 'ignore_ament_install']
[0.398s] Level 1:colcon.colcon_core.package_identification:_identify(src/tooru_teleop) by extension 'ignore'
[0.398s] Level 1:colcon.colcon_core.package_identification:_identify(src/tooru_teleop) by extension 'ignore_ament_install'
[0.398s] Level 1:colcon.colcon_core.package_identification:_identify(src/tooru_teleop) by extensions ['colcon_pkg']
[0.398s] Level 1:colcon.colcon_core.package_identification:_identify(src/tooru_teleop) by extension 'colcon_pkg'
[0.398s] Level 1:colcon.colcon_core.package_identification:_identify(src/tooru_teleop) by extensions ['colcon_meta']
[0.398s] Level 1:colcon.colcon_core.package_identification:_identify(src/tooru_teleop) by extension 'colcon_meta'
[0.398s] Level 1:colcon.colcon_core.package_identification:_identify(src/tooru_teleop) by extensions ['ros']
[0.398s] Level 1:colcon.colcon_core.package_identification:_identify(src/tooru_teleop) by extension 'ros'
[0.401s] DEBUG:colcon.colcon_core.package_identification:Package 'src/tooru_teleop' with type 'ros.ament_cmake' and name 'tooru_teleop'
[0.402s] Level 1:colcon.colcon_core.package_discovery:discover_packages(recursive) using defaults
[0.402s] Level 1:colcon.colcon_core.package_discovery:discover_packages(ignore) discover
[0.402s] Level 1:colcon.colcon_core.package_discovery:discover_packages(ignore) using defaults
[0.402s] Level 1:colcon.colcon_core.package_discovery:discover_packages(path) discover
[0.402s] Level 1:colcon.colcon_core.package_discovery:discover_packages(path) using defaults
[0.425s] Level 1:colcon.colcon_core.package_discovery:discover_packages(prefix_path) check parameters
[0.425s] Level 1:colcon.colcon_core.package_discovery:discover_packages(prefix_path) discover
[0.429s] DEBUG:colcon.colcon_installed_package_information.package_discovery:Found 329 installed packages in /opt/ros/humble
[0.431s] Level 1:colcon.colcon_core.package_discovery:discover_packages(prefix_path) using defaults
[0.502s] Level 5:colcon.colcon_core.verb:set package 'tooru_teleop' build argument 'cmake_args' from command line to 'None'
[0.502s] Level 5:colcon.colcon_core.verb:set package 'tooru_teleop' build argument 'cmake_target' from command line to 'None'
[0.502s] Level 5:colcon.colcon_core.verb:set package 'tooru_teleop' build argument 'cmake_target_skip_unavailable' from command line to 'False'
[0.502s] Level 5:colcon.colcon_core.verb:set package 'tooru_teleop' build argument 'cmake_clean_cache' from command line to 'False'
[0.502s] Level 5:colcon.colcon_core.verb:set package 'tooru_teleop' build argument 'cmake_clean_first' from command line to 'False'
[0.502s] Level 5:colcon.colcon_core.verb:set package 'tooru_teleop' build argument 'cmake_force_configure' from command line to 'False'
[0.502s] Level 5:colcon.colcon_core.verb:set package 'tooru_teleop' build argument 'ament_cmake_args' from command line to 'None'
[0.502s] Level 5:colcon.colcon_core.verb:set package 'tooru_teleop' build argument 'catkin_cmake_args' from command line to 'None'
[0.502s] Level 5:colcon.colcon_core.verb:set package 'tooru_teleop' build argument 'catkin_skip_building_tests' from command line to 'False'
[0.502s] DEBUG:colcon.colcon_core.verb:Building package 'tooru_teleop' with the following arguments: {'ament_cmake_args': None, 'build_base': '/home/ntlab/tooru_ros2_ws/build/tooru_teleop', 'catkin_cmake_args': None, 'catkin_skip_building_tests': False, 'cmake_args': None, 'cmake_clean_cache': False, 'cmake_clean_first': False, 'cmake_force_configure': False, 'cmake_target': None, 'cmake_target_skip_unavailable': False, 'install_base': '/home/ntlab/tooru_ros2_ws/install/tooru_teleop', 'merge_install': False, 'path': '/home/ntlab/tooru_ros2_ws/src/tooru_teleop', 'symlink_install': False, 'test_result_base': None}
[0.503s] INFO:colcon.colcon_core.executor:Executing jobs using 'parallel' executor
[0.506s] DEBUG:colcon.colcon_parallel_executor.executor.parallel:run_until_complete
[0.506s] INFO:colcon.colcon_ros.task.ament_cmake.build:Building ROS package in '/home/ntlab/tooru_ros2_ws/src/tooru_teleop' with build type 'ament_cmake'
[0.506s] INFO:colcon.colcon_cmake.task.cmake.build:Building CMake package in '/home/ntlab/tooru_ros2_ws/src/tooru_teleop'
[0.513s] INFO:colcon.colcon_core.plugin_system:Skipping extension 'colcon_core.shell.bat': Not used on non-Windows systems
[0.514s] INFO:colcon.colcon_core.shell:Skip shell extension 'powershell' for command environment: Not usable outside of PowerShell
[0.514s] DEBUG:colcon.colcon_core.shell:Skip shell extension 'dsv' for command environment
[0.524s] DEBUG:colcon.colcon_core.event_handler.log_command:Invoking command in '/home/ntlab/tooru_ros2_ws/build/tooru_teleop': CMAKE_PREFIX_PATH=/opt/ros/humble /usr/bin/cmake /home/ntlab/tooru_ros2_ws/src/tooru_teleop -DCMAKE_INSTALL_PREFIX=/home/ntlab/tooru_ros2_ws/install/tooru_teleop
[2.446s] DEBUG:colcon.colcon_core.event_handler.log_command:Invoked command in '/home/ntlab/tooru_ros2_ws/build/tooru_teleop' returned '0': CMAKE_PREFIX_PATH=/opt/ros/humble /usr/bin/cmake /home/ntlab/tooru_ros2_ws/src/tooru_teleop -DCMAKE_INSTALL_PREFIX=/home/ntlab/tooru_ros2_ws/install/tooru_teleop
[2.450s] DEBUG:colcon.colcon_core.event_handler.log_command:Invoking command in '/home/ntlab/tooru_ros2_ws/build/tooru_teleop': CMAKE_PREFIX_PATH=/opt/ros/humble /usr/bin/cmake --build /home/ntlab/tooru_ros2_ws/build/tooru_teleop -- -j16 -l16
[11.321s] DEBUG:colcon.colcon_core.event_handler.log_command:Invoked command in '/home/ntlab/tooru_ros2_ws/build/tooru_teleop' returned '0': CMAKE_PREFIX_PATH=/opt/ros/humble /usr/bin/cmake --build /home/ntlab/tooru_ros2_ws/build/tooru_teleop -- -j16 -l16
[11.374s] DEBUG:colcon.colcon_core.event_handler.log_command:Invoking command in '/home/ntlab/tooru_ros2_ws/build/tooru_teleop': CMAKE_PREFIX_PATH=/opt/ros/humble /usr/bin/cmake --install /home/ntlab/tooru_ros2_ws/build/tooru_teleop
[11.397s] Level 1:colcon.colcon_core.environment:create_environment_scripts_only(tooru_teleop)
[11.398s] DEBUG:colcon.colcon_core.event_handler.log_command:Invoked command in '/home/ntlab/tooru_ros2_ws/build/tooru_teleop' returned '0': CMAKE_PREFIX_PATH=/opt/ros/humble /usr/bin/cmake --install /home/ntlab/tooru_ros2_ws/build/tooru_teleop
[11.410s] Level 1:colcon.colcon_core.environment:checking '/home/ntlab/tooru_ros2_ws/install/tooru_teleop' for CMake module files
[11.411s] Level 1:colcon.colcon_core.environment:checking '/home/ntlab/tooru_ros2_ws/install/tooru_teleop' for CMake config files
[11.411s] Level 1:colcon.colcon_core.shell:create_environment_hook('tooru_teleop', 'cmake_prefix_path')
[11.413s] INFO:colcon.colcon_core.shell:Creating environment hook '/home/ntlab/tooru_ros2_ws/install/tooru_teleop/share/tooru_teleop/hook/cmake_prefix_path.ps1'
[11.414s] INFO:colcon.colcon_core.shell:Creating environment descriptor '/home/ntlab/tooru_ros2_ws/install/tooru_teleop/share/tooru_teleop/hook/cmake_prefix_path.dsv'
[11.415s] INFO:colcon.colcon_core.shell:Creating environment hook '/home/ntlab/tooru_ros2_ws/install/tooru_teleop/share/tooru_teleop/hook/cmake_prefix_path.sh'
[11.416s] Level 1:colcon.colcon_core.environment:checking '/home/ntlab/tooru_ros2_ws/install/tooru_teleop/lib'
[11.417s] Level 1:colcon.colcon_core.shell:create_environment_hook('tooru_teleop', 'ld_library_path_lib')
[11.419s] INFO:colcon.colcon_core.shell:Creating environment hook '/home/ntlab/tooru_ros2_ws/install/tooru_teleop/share/tooru_teleop/hook/ld_library_path_lib.ps1'
[11.419s] INFO:colcon.colcon_core.shell:Creating environment descriptor '/home/ntlab/tooru_ros2_ws/install/tooru_teleop/share/tooru_teleop/hook/ld_library_path_lib.dsv'
[11.420s] INFO:colcon.colcon_core.shell:Creating environment hook '/home/ntlab/tooru_ros2_ws/install/tooru_teleop/share/tooru_teleop/hook/ld_library_path_lib.sh'
[11.420s] Level 1:colcon.colcon_core.environment:checking '/home/ntlab/tooru_ros2_ws/install/tooru_teleop/bin'
[11.420s] Level 1:colcon.colcon_core.environment:checking '/home/ntlab/tooru_ros2_ws/install/tooru_teleop/lib/pkgconfig/tooru_teleop.pc'
[11.421s] Level 1:colcon.colcon_core.environment:checking '/home/ntlab/tooru_ros2_ws/install/tooru_teleop/lib/python3.10/site-packages'
[11.421s] Level 1:colcon.colcon_core.environment:checking '/home/ntlab/tooru_ros2_ws/install/tooru_teleop/bin'
[11.423s] INFO:colcon.colcon_core.shell:Creating package script '/home/ntlab/tooru_ros2_ws/install/tooru_teleop/share/tooru_teleop/package.ps1'
[11.425s] INFO:colcon.colcon_core.shell:Creating package descriptor '/home/ntlab/tooru_ros2_ws/install/tooru_teleop/share/tooru_teleop/package.dsv'
[11.425s] INFO:colcon.colcon_core.shell:Creating package script '/home/ntlab/tooru_ros2_ws/install/tooru_teleop/share/tooru_teleop/package.sh'
[11.427s] INFO:colcon.colcon_core.shell:Creating package script '/home/ntlab/tooru_ros2_ws/install/tooru_teleop/share/tooru_teleop/package.bash'
[11.428s] INFO:colcon.colcon_core.shell:Creating package script '/home/ntlab/tooru_ros2_ws/install/tooru_teleop/share/tooru_teleop/package.zsh'
[11.429s] Level 1:colcon.colcon_core.environment:create_file_with_runtime_dependencies(/home/ntlab/tooru_ros2_ws/install/tooru_teleop/share/colcon-core/packages/tooru_teleop)
[11.468s] Level 1:colcon.colcon_core.environment:create_environment_scripts_only(tooru_teleop)
[11.472s] Level 1:colcon.colcon_core.environment:checking '/home/ntlab/tooru_ros2_ws/install/tooru_teleop' for CMake module files
[11.472s] Level 1:colcon.colcon_core.environment:checking '/home/ntlab/tooru_ros2_ws/install/tooru_teleop' for CMake config files
[11.473s] Level 1:colcon.colcon_core.shell:create_environment_hook('tooru_teleop', 'cmake_prefix_path')
[11.475s] INFO:colcon.colcon_core.shell:Creating environment hook '/home/ntlab/tooru_ros2_ws/install/tooru_teleop/share/tooru_teleop/hook/cmake_prefix_path.ps1'
[11.476s] INFO:colcon.colcon_core.shell:Creating environment descriptor '/home/ntlab/tooru_ros2_ws/install/tooru_teleop/share/tooru_teleop/hook/cmake_prefix_path.dsv'
[11.476s] INFO:colcon.colcon_core.shell:Creating environment hook '/home/ntlab/tooru_ros2_ws/install/tooru_teleop/share/tooru_teleop/hook/cmake_prefix_path.sh'
[11.477s] Level 1:colcon.colcon_core.environment:checking '/home/ntlab/tooru_ros2_ws/install/tooru_teleop/lib'
[11.477s] Level 1:colcon.colcon_core.shell:create_environment_hook('tooru_teleop', 'ld_library_path_lib')
[11.480s] INFO:colcon.colcon_core.shell:Creating environment hook '/home/ntlab/tooru_ros2_ws/install/tooru_teleop/share/tooru_teleop/hook/ld_library_path_lib.ps1'
[11.480s] INFO:colcon.colcon_core.shell:Creating environment descriptor '/home/ntlab/tooru_ros2_ws/install/tooru_teleop/share/tooru_teleop/hook/ld_library_path_lib.dsv'
[11.481s] INFO:colcon.colcon_core.shell:Creating environment hook '/home/ntlab/tooru_ros2_ws/install/tooru_teleop/share/tooru_teleop/hook/ld_library_path_lib.sh'
[11.481s] Level 1:colcon.colcon_core.environment:checking '/home/ntlab/tooru_ros2_ws/install/tooru_teleop/bin'
[11.481s] Level 1:colcon.colcon_core.environment:checking '/home/ntlab/tooru_ros2_ws/install/tooru_teleop/lib/pkgconfig/tooru_teleop.pc'
[11.482s] Level 1:colcon.colcon_core.environment:checking '/home/ntlab/tooru_ros2_ws/install/tooru_teleop/lib/python3.10/site-packages'
[11.482s] Level 1:colcon.colcon_core.environment:checking '/home/ntlab/tooru_ros2_ws/install/tooru_teleop/bin'
[11.484s] INFO:colcon.colcon_core.shell:Creating package script '/home/ntlab/tooru_ros2_ws/install/tooru_teleop/share/tooru_teleop/package.ps1'
[11.485s] INFO:colcon.colcon_core.shell:Creating package descriptor '/home/ntlab/tooru_ros2_ws/install/tooru_teleop/share/tooru_teleop/package.dsv'
[11.486s] INFO:colcon.colcon_core.shell:Creating package script '/home/ntlab/tooru_ros2_ws/install/tooru_teleop/share/tooru_teleop/package.sh'
[11.487s] INFO:colcon.colcon_core.shell:Creating package script '/home/ntlab/tooru_ros2_ws/install/tooru_teleop/share/tooru_teleop/package.bash'
[11.487s] INFO:colcon.colcon_core.shell:Creating package script '/home/ntlab/tooru_ros2_ws/install/tooru_teleop/share/tooru_teleop/package.zsh'
[11.488s] Level 1:colcon.colcon_core.environment:create_file_with_runtime_dependencies(/home/ntlab/tooru_ros2_ws/install/tooru_teleop/share/colcon-core/packages/tooru_teleop)
[11.489s] DEBUG:colcon.colcon_parallel_executor.executor.parallel:closing loop
[11.489s] DEBUG:colcon.colcon_parallel_executor.executor.parallel:loop closed
[11.489s] DEBUG:colcon.colcon_parallel_executor.executor.parallel:run_until_complete finished with '0'
[11.490s] DEBUG:colcon.colcon_core.event_reactor:joining thread
[11.504s] INFO:colcon.colcon_core.plugin_system:Skipping extension 'colcon_notification.desktop_notification.terminal_notifier': Not used on non-Darwin systems
[11.504s] INFO:colcon.colcon_core.plugin_system:Skipping extension 'colcon_notification.desktop_notification.win32': Not used on non-Windows systems
[11.504s] INFO:colcon.colcon_notification.desktop_notification:Sending desktop notification using 'notify2'
[11.527s] DEBUG:colcon.colcon_core.event_reactor:joined thread
[11.530s] INFO:colcon.colcon_core.shell:Creating prefix script '/home/ntlab/tooru_ros2_ws/install/local_setup.ps1'
[11.532s] INFO:colcon.colcon_core.shell:Creating prefix util module '/home/ntlab/tooru_ros2_ws/install/_local_setup_util_ps1.py'
[11.534s] INFO:colcon.colcon_core.shell:Creating prefix chain script '/home/ntlab/tooru_ros2_ws/install/setup.ps1'
[11.537s] INFO:colcon.colcon_core.shell:Creating prefix script '/home/ntlab/tooru_ros2_ws/install/local_setup.sh'
[11.537s] INFO:colcon.colcon_core.shell:Creating prefix util module '/home/ntlab/tooru_ros2_ws/install/_local_setup_util_sh.py'
[11.538s] INFO:colcon.colcon_core.shell:Creating prefix chain script '/home/ntlab/tooru_ros2_ws/install/setup.sh'
[11.540s] INFO:colcon.colcon_core.shell:Creating prefix script '/home/ntlab/tooru_ros2_ws/install/local_setup.bash'
[11.541s] INFO:colcon.colcon_core.shell:Creating prefix chain script '/home/ntlab/tooru_ros2_ws/install/setup.bash'
[11.543s] INFO:colcon.colcon_core.shell:Creating prefix script '/home/ntlab/tooru_ros2_ws/install/local_setup.zsh'
[11.544s] INFO:colcon.colcon_core.shell:Creating prefix chain script '/home/ntlab/tooru_ros2_ws/install/setup.zsh'
