[0.012s] Invoking command in '/home/rama/ROS/tooru_ros2_ws/build/tooru_mobile': CMAKE_PREFIX_PATH=${CMAKE_PREFIX_PATH}:/opt/ros/humble /usr/bin/cmake --build /home/rama/ROS/tooru_ros2_ws/build/tooru_mobile -- -j16 -l16
[0.038s] [35m[1mConsolidate compiler generated dependencies of target kinematics[0m
[0.050s] [ 50%] [32mBuilding CXX object CMakeFiles/kinematics.dir/src/kinematics.cpp.o[0m
[1.887s] [01m[K/home/rama/ROS/tooru_ros2_ws/src/tooru_mobile/src/kinematics.cpp:89:9:[m[K [01;31m[Kerror: [m[K‘[01m[KMobileInfo[m[K’ does not name a type
[1.887s]    89 |         [01;31m[KMobileInfo[m[K MobileInfo1;
[1.887s]       |         [01;31m[K^~~~~~~~~~[m[K
[1.889s] [01m[K/home/rama/ROS/tooru_ros2_ws/src/tooru_mobile/src/kinematics.cpp:90:9:[m[K [01;31m[Kerror: [m[K‘[01m[KJointState[m[K’ does not name a type
[1.889s]    90 |         [01;31m[KJointState[m[K JointState1;
[1.889s]       |         [01;31m[K^~~~~~~~~~[m[K
[1.890s] [01m[K/home/rama/ROS/tooru_ros2_ws/src/tooru_mobile/src/kinematics.cpp:91:9:[m[K [01;31m[Kerror: [m[K‘[01m[KKinematics[m[K’ does not name a type
[1.890s]    91 |         [01;31m[KKinematics[m[K::Omnidirectional Omni;
[1.890s]       |         [01;31m[K^~~~~~~~~~[m[K
[1.931s] [01m[K/home/rama/ROS/tooru_ros2_ws/src/tooru_mobile/src/kinematics.cpp:[m[K In member function ‘[01m[Kvoid tooru_mobile::TwistToJointPub::twistCB(const ConstSharedPtr&)[m[K’:
[1.931s] [01m[K/home/rama/ROS/tooru_ros2_ws/src/tooru_mobile/src/kinematics.cpp:74:13:[m[K [01;31m[Kerror: [m[K‘[01m[KJointState1[m[K’ was not declared in this scope
[1.931s]    74 |             [01;31m[KJointState1[m[K = Omni.InverseKinematics(TargetOdom);
[1.931s]       |             [01;31m[K^~~~~~~~~~~[m[K
[1.935s] [01m[K/home/rama/ROS/tooru_ros2_ws/src/tooru_mobile/src/kinematics.cpp:74:27:[m[K [01;31m[Kerror: [m[K‘[01m[KOmni[m[K’ was not declared in this scope
[1.935s]    74 |             JointState1 = [01;31m[KOmni[m[K.InverseKinematics(TargetOdom);
[1.935s]       |                           [01;31m[K^~~~[m[K
[1.935s] [01m[K/home/rama/ROS/tooru_ros2_ws/src/tooru_mobile/src/kinematics.cpp:65:78:[m[K [01;35m[Kwarning: [m[Kunused parameter ‘[01m[Kmsg[m[K’ [[01;35m[K]8;;https://gcc.gnu.org/onlinedocs/gcc/Warning-Options.html#index-Wunused-parameter-Wunused-parameter]8;;[m[K]
[1.935s]    65 |         void twistCB([01;35m[Kconst geometry_msgs::msg::TwistStamped::ConstSharedPtr &msg[m[K)
[1.936s]       |                      [01;35m[K~~~~~~~~~~~~~~~~~~~~~~~~~~~~~~~~~~~~~~~~~~~~~~~~~~~~~~~~^~~[m[K
[1.936s] [01m[K/home/rama/ROS/tooru_ros2_ws/src/tooru_mobile/src/kinematics.cpp:[m[K At global scope:
[1.936s] [01m[K/home/rama/ROS/tooru_ros2_ws/src/tooru_mobile/src/kinematics.cpp:157:24:[m[K [01;31m[Kerror: [m[K‘[01m[Ktooru_mobile::MobileInfo tooru_mobile::Kinematics::Omnidirectional::ForwardKinematics(double*)[m[K’ cannot be overloaded with ‘[01m[Ktooru_mobile::MobileInfo tooru_mobile::Kinematics::Omnidirectional::ForwardKinematics(double*)[m[K’
[1.936s]   157 |             MobileInfo [01;31m[KForwardKinematics[m[K(double rpm[])
[1.936s]       |                        [01;31m[K^~~~~~~~~~~~~~~~~[m[K
[1.936s] [01m[K/home/rama/ROS/tooru_ros2_ws/src/tooru_mobile/src/kinematics.cpp:128:24:[m[K [01;36m[Knote: [m[Kprevious declaration ‘[01m[Ktooru_mobile::MobileInfo tooru_mobile::Kinematics::Omnidirectional::ForwardKinematics(double*)[m[K’
[1.936s]   128 |             MobileInfo [01;36m[KForwardKinematics[m[K(double rpm[]);
[1.936s]       |                        [01;36m[K^~~~~~~~~~~~~~~~~[m[K
[1.936s] [01m[K/home/rama/ROS/tooru_ros2_ws/src/tooru_mobile/src/kinematics.cpp:216:24:[m[K [01;31m[Kerror: [m[K‘[01m[Ktooru_mobile::JointState tooru_mobile::Kinematics::Omnidirectional::InverseKinematics(double*)[m[K’ cannot be overloaded with ‘[01m[Ktooru_mobile::JointState tooru_mobile::Kinematics::Omnidirectional::InverseKinematics(double*)[m[K’
[1.936s]   216 |             JointState [01;31m[KInverseKinematics[m[K(double odom[])
[1.936s]       |                        [01;31m[K^~~~~~~~~~~~~~~~~[m[K
[1.936s] [01m[K/home/rama/ROS/tooru_ros2_ws/src/tooru_mobile/src/kinematics.cpp:129:24:[m[K [01;36m[Knote: [m[Kprevious declaration ‘[01m[Ktooru_mobile::JointState tooru_mobile::Kinematics::Omnidirectional::InverseKinematics(double*)[m[K’
[1.936s]   129 |             JointState [01;36m[KInverseKinematics[m[K(double odom[]);
[1.936s]       |                        [01;36m[K^~~~~~~~~~~~~~~~~[m[K
[4.286s] gmake[2]: *** [CMakeFiles/kinematics.dir/build.make:76: CMakeFiles/kinematics.dir/src/kinematics.cpp.o] Error 1
[4.286s] gmake[1]: *** [CMakeFiles/Makefile2:137: CMakeFiles/kinematics.dir/all] Error 2
[4.286s] gmake: *** [Makefile:146: all] Error 2
[4.288s] Invoked command in '/home/rama/ROS/tooru_ros2_ws/build/tooru_mobile' returned '2': CMAKE_PREFIX_PATH=${CMAKE_PREFIX_PATH}:/opt/ros/humble /usr/bin/cmake --build /home/rama/ROS/tooru_ros2_ws/build/tooru_mobile -- -j16 -l16
