[0.007s] Invoking command in '/home/rama/ROS/tooru_ros2_ws/build/tooru_teleop': CMAKE_PREFIX_PATH=/opt/ros/humble /usr/bin/cmake --build /home/rama/ROS/tooru_ros2_ws/build/tooru_teleop -- -j16 -l16
[0.019s] -- Found ament_cmake: 1.3.4 (/opt/ros/humble/share/ament_cmake/cmake)
[0.104s] -- Found geometry_msgs: 4.2.3 (/opt/ros/humble/share/geometry_msgs/cmake)
[0.119s] -- Found rosidl_generator_c: 3.1.4 (/opt/ros/humble/share/rosidl_generator_c/cmake)
[0.120s] -- Found rosidl_adapter: 3.1.4 (/opt/ros/humble/share/rosidl_adapter/cmake)
[0.124s] -- Found rosidl_generator_cpp: 3.1.4 (/opt/ros/humble/share/rosidl_generator_cpp/cmake)
[0.130s] -- Using all available rosidl_typesupport_c: rosidl_typesupport_fastrtps_c;rosidl_typesupport_introspection_c
[0.139s] -- Using all available rosidl_typesupport_cpp: rosidl_typesupport_fastrtps_cpp;rosidl_typesupport_introspection_cpp
[0.206s] -- Found rclcpp: 16.0.4 (/opt/ros/humble/share/rclcpp/cmake)
[0.233s] -- Found rmw_implementation_cmake: 6.1.1 (/opt/ros/humble/share/rmw_implementation_cmake/cmake)
[0.234s] -- Found rmw_fastrtps_cpp: 6.2.2 (/opt/ros/humble/share/rmw_fastrtps_cpp/cmake)
[0.298s] -- Using RMW implementation 'rmw_fastrtps_cpp' as default
[0.373s] -- Found rclcpp_components: 16.0.4 (/opt/ros/humble/share/rclcpp_components/cmake)
[0.407s] -- Found sensor_msgs: 4.2.3 (/opt/ros/humble/share/sensor_msgs/cmake)
[0.456s] -- Found ament_lint_auto: 0.12.6 (/opt/ros/humble/share/ament_lint_auto/cmake)
[0.495s] -- Added test 'cppcheck' to perform static code analysis on C / C++ code
[0.495s] -- Configured cppcheck include dirs: 
[0.496s] -- Configured cppcheck exclude dirs and/or files: 
[0.496s] -- Added test 'flake8' to check Python code syntax and style conventions
[0.496s] -- Added test 'lint_cmake' to check CMake code style
[0.496s] -- Added test 'pep257' to check Python code against some of the docstring style conventions in PEP 257
[0.497s] -- Added test 'uncrustify' to check C / C++ code style
[0.497s] -- Configured uncrustify additional arguments: 
[0.497s] -- Added test 'xmllint' to check XML markup files
[0.497s] -- Configuring done
[0.505s] -- Generating done
[0.506s] -- Build files have been written to: /home/rama/ROS/tooru_ros2_ws/build/tooru_teleop
[0.529s] [ 50%] [32mBuilding CXX object CMakeFiles/tooru_teleop_input.dir/src/teleop.cpp.o[0m
[1.871s] [01m[K/home/rama/ROS/tooru_ros2_ws/src/tooru_teleop/src/teleop.cpp:[m[K In function ‘[01m[Kbool convertJoyToCmd(const std::vector<float, std::allocator<float> >&, const std::vector<int, std::allocator<int> >&, std::unique_ptr<geometry_msgs::msg::TwistStamped_<std::allocator<void> >, std::default_delete<geometry_msgs::msg::TwistStamped_<std::allocator<void> > > >&)[m[K’:
[1.871s] [01m[K/home/rama/ROS/tooru_ros2_ws/src/tooru_teleop/src/teleop.cpp:58:78:[m[K [01;35m[Kwarning: [m[Kunused parameter ‘[01m[Kbuttons[m[K’ [[01;35m[K]8;;https://gcc.gnu.org/onlinedocs/gcc/Warning-Options.html#index-Wunused-parameter-Wunused-parameter]8;;[m[K]
[1.871s]    58 | yToCmd(const std::vector<float>& axes, [01;35m[Kconst std::vector<int>& buttons[m[K,
[1.871s]       |                                        [01;35m[K~~~~~~~~~~~~~~~~~~~~~~~~^~~~~~~[m[K
[1.871s] 
[5.599s] [100%] [32m[1mLinking CXX shared library libtooru_teleop_input.so[0m
[5.847s] [100%] Built target tooru_teleop_input
[5.860s] Invoked command in '/home/rama/ROS/tooru_ros2_ws/build/tooru_teleop' returned '0': CMAKE_PREFIX_PATH=/opt/ros/humble /usr/bin/cmake --build /home/rama/ROS/tooru_ros2_ws/build/tooru_teleop -- -j16 -l16
[5.873s] Invoking command in '/home/rama/ROS/tooru_ros2_ws/build/tooru_teleop': CMAKE_PREFIX_PATH=/opt/ros/humble /usr/bin/cmake --install /home/rama/ROS/tooru_ros2_ws/build/tooru_teleop
[5.876s] -- Install configuration: ""
[5.876s] -- Installing: /home/rama/ROS/tooru_ros2_ws/install/tooru_teleop/lib/libtooru_teleop_input.so
[5.882s] -- Set runtime path of "/home/rama/ROS/tooru_ros2_ws/install/tooru_teleop/lib/libtooru_teleop_input.so" to ""
[5.883s] -- Up-to-date: /home/rama/ROS/tooru_ros2_ws/install/tooru_teleop/share/tooru_teleop//launch
[5.883s] -- Up-to-date: /home/rama/ROS/tooru_ros2_ws/install/tooru_teleop/share/tooru_teleop//launch/teleop.launch.py
[5.883s] -- Up-to-date: /home/rama/ROS/tooru_ros2_ws/install/tooru_teleop/share/tooru_teleop//launch/__pycache__
[5.883s] -- Up-to-date: /home/rama/ROS/tooru_ros2_ws/install/tooru_teleop/share/tooru_teleop//launch/__pycache__/teleop.launch.cpython-310.pyc
[5.883s] -- Up-to-date: /home/rama/ROS/tooru_ros2_ws/install/tooru_teleop/share/tooru_teleop//launch/__pycache__/teleop_launch.cpython-310.pyc
[5.883s] -- Up-to-date: /home/rama/ROS/tooru_ros2_ws/install/tooru_teleop/share/ament_index/resource_index/package_run_dependencies/tooru_teleop
[5.883s] -- Up-to-date: /home/rama/ROS/tooru_ros2_ws/install/tooru_teleop/share/ament_index/resource_index/parent_prefix_path/tooru_teleop
[5.883s] -- Up-to-date: /home/rama/ROS/tooru_ros2_ws/install/tooru_teleop/share/tooru_teleop/environment/ament_prefix_path.sh
[5.883s] -- Installing: /home/rama/ROS/tooru_ros2_ws/install/tooru_teleop/share/tooru_teleop/environment/ament_prefix_path.dsv
[5.883s] -- Up-to-date: /home/rama/ROS/tooru_ros2_ws/install/tooru_teleop/share/tooru_teleop/environment/path.sh
[5.883s] -- Installing: /home/rama/ROS/tooru_ros2_ws/install/tooru_teleop/share/tooru_teleop/environment/path.dsv
[5.883s] -- Up-to-date: /home/rama/ROS/tooru_ros2_ws/install/tooru_teleop/share/tooru_teleop/local_setup.bash
[5.883s] -- Up-to-date: /home/rama/ROS/tooru_ros2_ws/install/tooru_teleop/share/tooru_teleop/local_setup.sh
[5.883s] -- Up-to-date: /home/rama/ROS/tooru_ros2_ws/install/tooru_teleop/share/tooru_teleop/local_setup.zsh
[5.883s] -- Installing: /home/rama/ROS/tooru_ros2_ws/install/tooru_teleop/share/tooru_teleop/local_setup.dsv
[5.883s] -- Installing: /home/rama/ROS/tooru_ros2_ws/install/tooru_teleop/share/tooru_teleop/package.dsv
[5.883s] -- Up-to-date: /home/rama/ROS/tooru_ros2_ws/install/tooru_teleop/share/ament_index/resource_index/packages/tooru_teleop
[5.883s] -- Installing: /home/rama/ROS/tooru_ros2_ws/install/tooru_teleop/share/ament_index/resource_index/rclcpp_components/tooru_teleop
[5.884s] -- Up-to-date: /home/rama/ROS/tooru_ros2_ws/install/tooru_teleop/share/tooru_teleop/cmake/tooru_teleopConfig.cmake
[5.884s] -- Up-to-date: /home/rama/ROS/tooru_ros2_ws/install/tooru_teleop/share/tooru_teleop/cmake/tooru_teleopConfig-version.cmake
[5.884s] -- Up-to-date: /home/rama/ROS/tooru_ros2_ws/install/tooru_teleop/share/tooru_teleop/package.xml
[5.884s] Invoked command in '/home/rama/ROS/tooru_ros2_ws/build/tooru_teleop' returned '0': CMAKE_PREFIX_PATH=/opt/ros/humble /usr/bin/cmake --install /home/rama/ROS/tooru_ros2_ws/build/tooru_teleop
