[0.014s] Invoking command in '/home/ntlab/mobile_ros2_ws/build/teleop': CMAKE_PREFIX_PATH=${CMAKE_PREFIX_PATH}:/home/ntlab/ros2_test/install/moveit_configs_utils:/home/ntlab/mobile_ros2_ws/install/launch_testing_examples:/home/ntlab/mobile_ros2_ws/install/examples_rclpy_pointcloud_publisher:/home/ntlab/mobile_ros2_ws/install/examples_rclpy_minimal_subscriber:/home/ntlab/mobile_ros2_ws/install/examples_rclpy_minimal_service:/home/ntlab/mobile_ros2_ws/install/examples_rclpy_minimal_publisher:/home/ntlab/mobile_ros2_ws/install/examples_rclpy_minimal_client:/home/ntlab/mobile_ros2_ws/install/examples_rclpy_minimal_action_server:/home/ntlab/mobile_ros2_ws/install/examples_rclpy_minimal_action_client:/home/ntlab/mobile_ros2_ws/install/examples_rclpy_guard_conditions:/home/ntlab/mobile_ros2_ws/install/examples_rclpy_executors:/opt/ros/humble /usr/bin/cmake --build /home/ntlab/mobile_ros2_ws/build/teleop -- -j16 -l16
[0.034s] -- Found ament_cmake: 1.3.3 (/opt/ros/humble/share/ament_cmake/cmake)
[0.133s] -- Found geometry_msgs: 4.2.3 (/opt/ros/humble/share/geometry_msgs/cmake)
[0.148s] -- Found rosidl_generator_c: 3.1.4 (/opt/ros/humble/share/rosidl_generator_c/cmake)
[0.150s] -- Found rosidl_adapter: 3.1.4 (/opt/ros/humble/share/rosidl_adapter/cmake)
[0.153s] -- Found rosidl_generator_cpp: 3.1.4 (/opt/ros/humble/share/rosidl_generator_cpp/cmake)
[0.162s] -- Using all available rosidl_typesupport_c: rosidl_typesupport_fastrtps_c;rosidl_typesupport_introspection_c
[0.173s] -- Using all available rosidl_typesupport_cpp: rosidl_typesupport_fastrtps_cpp;rosidl_typesupport_introspection_cpp
[0.245s] -- Found rclcpp: 16.0.3 (/opt/ros/humble/share/rclcpp/cmake)
[0.273s] -- Found rmw_implementation_cmake: 6.1.1 (/opt/ros/humble/share/rmw_implementation_cmake/cmake)
[0.276s] -- Found rmw_fastrtps_cpp: 6.2.2 (/opt/ros/humble/share/rmw_fastrtps_cpp/cmake)
[0.363s] -- Using RMW implementation 'rmw_fastrtps_cpp' as default
[0.439s] -- Found rclcpp_components: 16.0.3 (/opt/ros/humble/share/rclcpp_components/cmake)
[0.474s] -- Found sensor_msgs: 4.2.3 (/opt/ros/humble/share/sensor_msgs/cmake)
[0.527s] -- Found ament_lint_auto: 0.12.5 (/opt/ros/humble/share/ament_lint_auto/cmake)
[0.589s] -- Added test 'cppcheck' to perform static code analysis on C / C++ code
[0.589s] -- Configured cppcheck include dirs: 
[0.589s] -- Configured cppcheck exclude dirs and/or files: 
[0.590s] -- Added test 'flake8' to check Python code syntax and style conventions
[0.590s] -- Added test 'lint_cmake' to check CMake code style
[0.590s] -- Added test 'pep257' to check Python code against some of the docstring style conventions in PEP 257
[0.590s] -- Added test 'uncrustify' to check C / C++ code style
[0.590s] -- Configured uncrustify additional arguments: 
[0.591s] -- Added test 'xmllint' to check XML markup files
[0.591s] -- Configuring done
[0.595s] -- Generating done
[0.596s] -- Build files have been written to: /home/ntlab/mobile_ros2_ws/build/teleop
[0.619s] Invoked command in '/home/ntlab/mobile_ros2_ws/build/teleop' returned '0': CMAKE_PREFIX_PATH=${CMAKE_PREFIX_PATH}:/home/ntlab/ros2_test/install/moveit_configs_utils:/home/ntlab/mobile_ros2_ws/install/launch_testing_examples:/home/ntlab/mobile_ros2_ws/install/examples_rclpy_pointcloud_publisher:/home/ntlab/mobile_ros2_ws/install/examples_rclpy_minimal_subscriber:/home/ntlab/mobile_ros2_ws/install/examples_rclpy_minimal_service:/home/ntlab/mobile_ros2_ws/install/examples_rclpy_minimal_publisher:/home/ntlab/mobile_ros2_ws/install/examples_rclpy_minimal_client:/home/ntlab/mobile_ros2_ws/install/examples_rclpy_minimal_action_server:/home/ntlab/mobile_ros2_ws/install/examples_rclpy_minimal_action_client:/home/ntlab/mobile_ros2_ws/install/examples_rclpy_guard_conditions:/home/ntlab/mobile_ros2_ws/install/examples_rclpy_executors:/opt/ros/humble /usr/bin/cmake --build /home/ntlab/mobile_ros2_ws/build/teleop -- -j16 -l16
[0.651s] Invoking command in '/home/ntlab/mobile_ros2_ws/build/teleop': CMAKE_PREFIX_PATH=${CMAKE_PREFIX_PATH}:/home/ntlab/ros2_test/install/moveit_configs_utils:/home/ntlab/mobile_ros2_ws/install/launch_testing_examples:/home/ntlab/mobile_ros2_ws/install/examples_rclpy_pointcloud_publisher:/home/ntlab/mobile_ros2_ws/install/examples_rclpy_minimal_subscriber:/home/ntlab/mobile_ros2_ws/install/examples_rclpy_minimal_service:/home/ntlab/mobile_ros2_ws/install/examples_rclpy_minimal_publisher:/home/ntlab/mobile_ros2_ws/install/examples_rclpy_minimal_client:/home/ntlab/mobile_ros2_ws/install/examples_rclpy_minimal_action_server:/home/ntlab/mobile_ros2_ws/install/examples_rclpy_minimal_action_client:/home/ntlab/mobile_ros2_ws/install/examples_rclpy_guard_conditions:/home/ntlab/mobile_ros2_ws/install/examples_rclpy_executors:/opt/ros/humble /usr/bin/cmake --install /home/ntlab/mobile_ros2_ws/build/teleop
[0.657s] -- Install configuration: ""
[0.657s] -- Installing: /home/ntlab/mobile_ros2_ws/install/teleop/share/ament_index/resource_index/package_run_dependencies/teleop
[0.657s] -- Installing: /home/ntlab/mobile_ros2_ws/install/teleop/share/ament_index/resource_index/parent_prefix_path/teleop
[0.657s] -- Installing: /home/ntlab/mobile_ros2_ws/install/teleop/share/teleop/environment/ament_prefix_path.sh
[0.657s] -- Installing: /home/ntlab/mobile_ros2_ws/install/teleop/share/teleop/environment/ament_prefix_path.dsv
[0.657s] -- Installing: /home/ntlab/mobile_ros2_ws/install/teleop/share/teleop/environment/path.sh
[0.657s] -- Installing: /home/ntlab/mobile_ros2_ws/install/teleop/share/teleop/environment/path.dsv
[0.657s] -- Installing: /home/ntlab/mobile_ros2_ws/install/teleop/share/teleop/local_setup.bash
[0.657s] -- Installing: /home/ntlab/mobile_ros2_ws/install/teleop/share/teleop/local_setup.sh
[0.658s] -- Installing: /home/ntlab/mobile_ros2_ws/install/teleop/share/teleop/local_setup.zsh
[0.658s] -- Installing: /home/ntlab/mobile_ros2_ws/install/teleop/share/teleop/local_setup.dsv
[0.658s] -- Installing: /home/ntlab/mobile_ros2_ws/install/teleop/share/teleop/package.dsv
[0.658s] -- Installing: /home/ntlab/mobile_ros2_ws/install/teleop/share/ament_index/resource_index/packages/teleop
[0.658s] -- Installing: /home/ntlab/mobile_ros2_ws/install/teleop/share/teleop/cmake/teleopConfig.cmake
[0.658s] -- Installing: /home/ntlab/mobile_ros2_ws/install/teleop/share/teleop/cmake/teleopConfig-version.cmake
[0.658s] -- Installing: /home/ntlab/mobile_ros2_ws/install/teleop/share/teleop/package.xml
[0.659s] Invoked command in '/home/ntlab/mobile_ros2_ws/build/teleop' returned '0': CMAKE_PREFIX_PATH=${CMAKE_PREFIX_PATH}:/home/ntlab/ros2_test/install/moveit_configs_utils:/home/ntlab/mobile_ros2_ws/install/launch_testing_examples:/home/ntlab/mobile_ros2_ws/install/examples_rclpy_pointcloud_publisher:/home/ntlab/mobile_ros2_ws/install/examples_rclpy_minimal_subscriber:/home/ntlab/mobile_ros2_ws/install/examples_rclpy_minimal_service:/home/ntlab/mobile_ros2_ws/install/examples_rclpy_minimal_publisher:/home/ntlab/mobile_ros2_ws/install/examples_rclpy_minimal_client:/home/ntlab/mobile_ros2_ws/install/examples_rclpy_minimal_action_server:/home/ntlab/mobile_ros2_ws/install/examples_rclpy_minimal_action_client:/home/ntlab/mobile_ros2_ws/install/examples_rclpy_guard_conditions:/home/ntlab/mobile_ros2_ws/install/examples_rclpy_executors:/opt/ros/humble /usr/bin/cmake --install /home/ntlab/mobile_ros2_ws/build/teleop
