[0.012s] Invoking command in '/home/rama/ROS/tooru_ros2_ws/build/tooru_mobile': CMAKE_PREFIX_PATH=${CMAKE_PREFIX_PATH}:/opt/ros/humble /usr/bin/cmake --build /home/rama/ROS/tooru_ros2_ws/build/tooru_mobile -- -j16 -l16
[0.037s] [35m[1mConsolidate compiler generated dependencies of target kinematics[0m
[0.048s] [ 50%] [32mBuilding CXX object CMakeFiles/kinematics.dir/src/kinematics.cpp.o[0m
[1.922s] [01m[K/home/rama/ROS/tooru_ros2_ws/src/tooru_mobile/src/kinematics.cpp:114:24:[m[K [01;31m[Kerror: [m[K‘[01m[Ktooru_mobile::MobileInfo tooru_mobile::Kinematics::Omnidirectional::ForwardKinematics(double*)[m[K’ cannot be overloaded with ‘[01m[Ktooru_mobile::MobileInfo tooru_mobile::Kinematics::Omnidirectional::ForwardKinematics(double*)[m[K’
[1.923s]   114 |             MobileInfo [01;31m[KForwardKinematics[m[K(double rpm[])
[1.923s]       |                        [01;31m[K^~~~~~~~~~~~~~~~~[m[K
[1.923s] [01m[K/home/rama/ROS/tooru_ros2_ws/src/tooru_mobile/src/kinematics.cpp:85:24:[m[K [01;36m[Knote: [m[Kprevious declaration ‘[01m[Ktooru_mobile::MobileInfo tooru_mobile::Kinematics::Omnidirectional::ForwardKinematics(double*)[m[K’
[1.923s]    85 |             MobileInfo [01;36m[KForwardKinematics[m[K(double rpm[]);
[1.923s]       |                        [01;36m[K^~~~~~~~~~~~~~~~~[m[K
[1.923s] [01m[K/home/rama/ROS/tooru_ros2_ws/src/tooru_mobile/src/kinematics.cpp:173:24:[m[K [01;31m[Kerror: [m[K‘[01m[Ktooru_mobile::JointState tooru_mobile::Kinematics::Omnidirectional::InverseKinematics(double*)[m[K’ cannot be overloaded with ‘[01m[Ktooru_mobile::JointState tooru_mobile::Kinematics::Omnidirectional::InverseKinematics(double*)[m[K’
[1.923s]   173 |             JointState [01;31m[KInverseKinematics[m[K(double odom[])
[1.923s]       |                        [01;31m[K^~~~~~~~~~~~~~~~~[m[K
[1.923s] [01m[K/home/rama/ROS/tooru_ros2_ws/src/tooru_mobile/src/kinematics.cpp:86:24:[m[K [01;36m[Knote: [m[Kprevious declaration ‘[01m[Ktooru_mobile::JointState tooru_mobile::Kinematics::Omnidirectional::InverseKinematics(double*)[m[K’
[1.923s]    86 |             JointState [01;36m[KInverseKinematics[m[K(double odom[]);
[1.923s]       |                        [01;36m[K^~~~~~~~~~~~~~~~~[m[K
[2.002s] [01m[K/home/rama/ROS/tooru_ros2_ws/src/tooru_mobile/src/kinematics.cpp:[m[K In member function ‘[01m[Kvoid tooru_mobile::TwistToJointPub::twistCB(const ConstSharedPtr&)[m[K’:
[2.002s] [01m[K/home/rama/ROS/tooru_ros2_ws/src/tooru_mobile/src/kinematics.cpp:266:78:[m[K [01;35m[Kwarning: [m[Kunused parameter ‘[01m[Kmsg[m[K’ [[01;35m[K]8;;https://gcc.gnu.org/onlinedocs/gcc/Warning-Options.html#index-Wunused-parameter-Wunused-parameter]8;;[m[K]
[2.002s]   266 |         void twistCB([01;35m[Kconst geometry_msgs::msg::TwistStamped::ConstSharedPtr &msg[m[K)
[2.002s]       |                      [01;35m[K~~~~~~~~~~~~~~~~~~~~~~~~~~~~~~~~~~~~~~~~~~~~~~~~~~~~~~~~^~~[m[K
[4.548s] gmake[2]: *** [CMakeFiles/kinematics.dir/build.make:76: CMakeFiles/kinematics.dir/src/kinematics.cpp.o] Error 1
[4.549s] gmake[1]: *** [CMakeFiles/Makefile2:137: CMakeFiles/kinematics.dir/all] Error 2
[4.549s] gmake: *** [Makefile:146: all] Error 2
[4.553s] Invoked command in '/home/rama/ROS/tooru_ros2_ws/build/tooru_mobile' returned '2': CMAKE_PREFIX_PATH=${CMAKE_PREFIX_PATH}:/opt/ros/humble /usr/bin/cmake --build /home/rama/ROS/tooru_ros2_ws/build/tooru_mobile -- -j16 -l16
