[0.016s] Invoking command in '/home/rama/ROS/tooru_ros2_ws/build/dynamixel_sdk': CMAKE_PREFIX_PATH=${CMAKE_PREFIX_PATH}:/opt/ros/humble /usr/bin/cmake /home/rama/ROS/tooru_ros2_ws/src/DynamixelSDK/dynamixel_sdk -DAMENT_CMAKE_SYMLINK_INSTALL=1 -DCMAKE_INSTALL_PREFIX=/home/rama/ROS/tooru_ros2_ws/install/dynamixel_sdk
[0.080s] -- The C compiler identification is GNU 11.3.0
[0.141s] -- The CXX compiler identification is GNU 11.3.0
[0.154s] -- Detecting C compiler ABI info
[0.265s] -- Detecting C compiler ABI info - done
[0.290s] -- Check for working C compiler: /usr/bin/cc - skipped
[0.291s] -- Detecting C compile features
[0.292s] -- Detecting C compile features - done
[0.299s] -- Detecting CXX compiler ABI info
[0.363s] -- Detecting CXX compiler ABI info - done
[0.372s] -- Check for working CXX compiler: /usr/bin/c++ - skipped
[0.372s] -- Detecting CXX compile features
[0.372s] -- Detecting CXX compile features - done
[0.374s] -- Found ament_cmake: 1.3.4 (/opt/ros/humble/share/ament_cmake/cmake)
[0.478s] -- Found Python3: /usr/bin/python3.10 (found version "3.10.6") found components: Interpreter 
[0.523s] -- Override CMake install command with custom implementation using symlinks instead of copying resources
[0.592s] -- Configuring done
[0.595s] -- Generating done
[0.596s] -- Build files have been written to: /home/rama/ROS/tooru_ros2_ws/build/dynamixel_sdk
[0.600s] Invoked command in '/home/rama/ROS/tooru_ros2_ws/build/dynamixel_sdk' returned '0': CMAKE_PREFIX_PATH=${CMAKE_PREFIX_PATH}:/opt/ros/humble /usr/bin/cmake /home/rama/ROS/tooru_ros2_ws/src/DynamixelSDK/dynamixel_sdk -DAMENT_CMAKE_SYMLINK_INSTALL=1 -DCMAKE_INSTALL_PREFIX=/home/rama/ROS/tooru_ros2_ws/install/dynamixel_sdk
[0.601s] Invoking command in '/home/rama/ROS/tooru_ros2_ws/build/dynamixel_sdk': CMAKE_PREFIX_PATH=${CMAKE_PREFIX_PATH}:/opt/ros/humble /usr/bin/cmake --build /home/rama/ROS/tooru_ros2_ws/build/dynamixel_sdk -- -j16 -l16
[0.632s] [ 10%] [32mBuilding CXX object CMakeFiles/dynamixel_sdk.dir/src/dynamixel_sdk/protocol1_packet_handler.cpp.o[0m
[0.633s] [ 20%] [32mBuilding CXX object CMakeFiles/dynamixel_sdk.dir/src/dynamixel_sdk/port_handler.cpp.o[0m
[0.633s] [ 40%] [32mBuilding CXX object CMakeFiles/dynamixel_sdk.dir/src/dynamixel_sdk/packet_handler.cpp.o[0m
[0.633s] [ 40%] [32mBuilding CXX object CMakeFiles/dynamixel_sdk.dir/src/dynamixel_sdk/group_bulk_write.cpp.o[0m
[0.633s] [ 50%] [32mBuilding CXX object CMakeFiles/dynamixel_sdk.dir/src/dynamixel_sdk/protocol2_packet_handler.cpp.o[0m
[0.634s] [ 60%] [32mBuilding CXX object CMakeFiles/dynamixel_sdk.dir/src/dynamixel_sdk/group_sync_read.cpp.o[0m
[0.634s] [ 70%] [32mBuilding CXX object CMakeFiles/dynamixel_sdk.dir/src/dynamixel_sdk/group_sync_write.cpp.o[0m
[0.634s] [ 80%] [32mBuilding CXX object CMakeFiles/dynamixel_sdk.dir/src/dynamixel_sdk/group_bulk_read.cpp.o[0m
[0.636s] [ 90%] [32mBuilding CXX object CMakeFiles/dynamixel_sdk.dir/src/dynamixel_sdk/port_handler_linux.cpp.o[0m
[1.140s] [100%] [32m[1mLinking CXX shared library libdynamixel_sdk.so[0m
[1.231s] [100%] Built target dynamixel_sdk
[1.239s] Invoked command in '/home/rama/ROS/tooru_ros2_ws/build/dynamixel_sdk' returned '0': CMAKE_PREFIX_PATH=${CMAKE_PREFIX_PATH}:/opt/ros/humble /usr/bin/cmake --build /home/rama/ROS/tooru_ros2_ws/build/dynamixel_sdk -- -j16 -l16
[1.270s] Invoking command in '/home/rama/ROS/tooru_ros2_ws/build/dynamixel_sdk': CMAKE_PREFIX_PATH=${CMAKE_PREFIX_PATH}:/opt/ros/humble /usr/bin/cmake --install /home/rama/ROS/tooru_ros2_ws/build/dynamixel_sdk
[1.275s] -- Install configuration: ""
[1.275s] -- Execute custom install script
[1.275s] -- Symlinking: /home/rama/ROS/tooru_ros2_ws/install/dynamixel_sdk/include//dynamixel_sdk/dynamixel_sdk.h
[1.281s] -- Symlinking: /home/rama/ROS/tooru_ros2_ws/install/dynamixel_sdk/include//dynamixel_sdk/group_bulk_read.h
[1.287s] -- Symlinking: /home/rama/ROS/tooru_ros2_ws/install/dynamixel_sdk/include//dynamixel_sdk/group_bulk_write.h
[1.293s] -- Symlinking: /home/rama/ROS/tooru_ros2_ws/install/dynamixel_sdk/include//dynamixel_sdk/group_sync_read.h
[1.299s] -- Symlinking: /home/rama/ROS/tooru_ros2_ws/install/dynamixel_sdk/include//dynamixel_sdk/group_sync_write.h
[1.305s] -- Symlinking: /home/rama/ROS/tooru_ros2_ws/install/dynamixel_sdk/include//dynamixel_sdk/packet_handler.h
[1.310s] -- Symlinking: /home/rama/ROS/tooru_ros2_ws/install/dynamixel_sdk/include//dynamixel_sdk/port_handler.h
[1.314s] -- Symlinking: /home/rama/ROS/tooru_ros2_ws/install/dynamixel_sdk/include//dynamixel_sdk/port_handler_arduino.h
[1.319s] -- Symlinking: /home/rama/ROS/tooru_ros2_ws/install/dynamixel_sdk/include//dynamixel_sdk/port_handler_linux.h
[1.324s] -- Symlinking: /home/rama/ROS/tooru_ros2_ws/install/dynamixel_sdk/include//dynamixel_sdk/port_handler_mac.h
[1.329s] -- Symlinking: /home/rama/ROS/tooru_ros2_ws/install/dynamixel_sdk/include//dynamixel_sdk/port_handler_windows.h
[1.334s] -- Symlinking: /home/rama/ROS/tooru_ros2_ws/install/dynamixel_sdk/include//dynamixel_sdk/protocol1_packet_handler.h
[1.339s] -- Symlinking: /home/rama/ROS/tooru_ros2_ws/install/dynamixel_sdk/include//dynamixel_sdk/protocol2_packet_handler.h
[1.344s] -- Symlinking: /home/rama/ROS/tooru_ros2_ws/install/dynamixel_sdk/lib/libdynamixel_sdk.so
[1.349s] -- Symlinking: /home/rama/ROS/tooru_ros2_ws/install/dynamixel_sdk/share/dynamixel_sdk/environment/library_path.sh
[1.355s] -- Symlinking: /home/rama/ROS/tooru_ros2_ws/install/dynamixel_sdk/share/dynamixel_sdk/environment/library_path.dsv
[1.361s] -- Symlinking: /home/rama/ROS/tooru_ros2_ws/install/dynamixel_sdk/share/ament_index/resource_index/package_run_dependencies/dynamixel_sdk
[1.366s] -- Symlinking: /home/rama/ROS/tooru_ros2_ws/install/dynamixel_sdk/share/ament_index/resource_index/parent_prefix_path/dynamixel_sdk
[1.372s] -- Symlinking: /home/rama/ROS/tooru_ros2_ws/install/dynamixel_sdk/share/dynamixel_sdk/environment/ament_prefix_path.sh
[1.379s] -- Symlinking: /home/rama/ROS/tooru_ros2_ws/install/dynamixel_sdk/share/dynamixel_sdk/environment/ament_prefix_path.dsv
[1.384s] -- Symlinking: /home/rama/ROS/tooru_ros2_ws/install/dynamixel_sdk/share/dynamixel_sdk/environment/path.sh
[1.388s] -- Symlinking: /home/rama/ROS/tooru_ros2_ws/install/dynamixel_sdk/share/dynamixel_sdk/environment/path.dsv
[1.393s] -- Symlinking: /home/rama/ROS/tooru_ros2_ws/install/dynamixel_sdk/share/dynamixel_sdk/local_setup.bash
[1.397s] -- Symlinking: /home/rama/ROS/tooru_ros2_ws/install/dynamixel_sdk/share/dynamixel_sdk/local_setup.sh
[1.402s] -- Symlinking: /home/rama/ROS/tooru_ros2_ws/install/dynamixel_sdk/share/dynamixel_sdk/local_setup.zsh
[1.407s] -- Symlinking: /home/rama/ROS/tooru_ros2_ws/install/dynamixel_sdk/share/dynamixel_sdk/local_setup.dsv
[1.412s] -- Symlinking: /home/rama/ROS/tooru_ros2_ws/install/dynamixel_sdk/share/dynamixel_sdk/package.dsv
[1.417s] -- Symlinking: /home/rama/ROS/tooru_ros2_ws/install/dynamixel_sdk/share/ament_index/resource_index/packages/dynamixel_sdk
[1.422s] -- Symlinking: /home/rama/ROS/tooru_ros2_ws/install/dynamixel_sdk/share/dynamixel_sdk/cmake/ament_cmake_export_include_directories-extras.cmake
[1.427s] -- Symlinking: /home/rama/ROS/tooru_ros2_ws/install/dynamixel_sdk/share/dynamixel_sdk/cmake/ament_cmake_export_libraries-extras.cmake
[1.434s] -- Symlinking: /home/rama/ROS/tooru_ros2_ws/install/dynamixel_sdk/share/dynamixel_sdk/cmake/dynamixel_sdkConfig.cmake
[1.439s] -- Symlinking: /home/rama/ROS/tooru_ros2_ws/install/dynamixel_sdk/share/dynamixel_sdk/cmake/dynamixel_sdkConfig-version.cmake
[1.445s] -- Symlinking: /home/rama/ROS/tooru_ros2_ws/install/dynamixel_sdk/share/dynamixel_sdk/package.xml
[1.454s] Invoked command in '/home/rama/ROS/tooru_ros2_ws/build/dynamixel_sdk' returned '0': CMAKE_PREFIX_PATH=${CMAKE_PREFIX_PATH}:/opt/ros/humble /usr/bin/cmake --install /home/rama/ROS/tooru_ros2_ws/build/dynamixel_sdk
