[0.005s] Invoking command in '/home/rama/ROS/tooru_ros2_ws/build/tooru_teleop': CMAKE_PREFIX_PATH=/opt/ros/humble /usr/bin/cmake /home/rama/ROS/tooru_ros2_ws/src/tooru_teleop -DCMAKE_INSTALL_PREFIX=/home/rama/ROS/tooru_ros2_ws/install/tooru_teleop
[0.128s] -- The C compiler identification is GNU 11.3.0
[0.224s] -- The CXX compiler identification is GNU 11.3.0
[0.230s] -- Detecting C compiler ABI info
[0.273s] -- Detecting C compiler ABI info - done
[0.277s] -- Check for working C compiler: /usr/bin/cc - skipped
[0.278s] -- Detecting C compile features
[0.278s] -- Detecting C compile features - done
[0.281s] -- Detecting CXX compiler ABI info
[0.333s] -- Detecting CXX compiler ABI info - done
[0.338s] -- Check for working CXX compiler: /usr/bin/c++ - skipped
[0.338s] -- Detecting CXX compile features
[0.338s] -- Detecting CXX compile features - done
[0.342s] -- Found ament_cmake: 1.3.4 (/opt/ros/humble/share/ament_cmake/cmake)
[0.442s] -- Found Python3: /usr/bin/python3.10 (found version "3.10.6") found components: Interpreter 
[0.502s] -- Found geometry_msgs: 4.2.3 (/opt/ros/humble/share/geometry_msgs/cmake)
[0.531s] -- Found rosidl_generator_c: 3.1.4 (/opt/ros/humble/share/rosidl_generator_c/cmake)
[0.535s] -- Found rosidl_adapter: 3.1.4 (/opt/ros/humble/share/rosidl_adapter/cmake)
[0.542s] -- Found rosidl_generator_cpp: 3.1.4 (/opt/ros/humble/share/rosidl_generator_cpp/cmake)
[0.553s] -- Using all available rosidl_typesupport_c: rosidl_typesupport_fastrtps_c;rosidl_typesupport_introspection_c
[0.568s] -- Using all available rosidl_typesupport_cpp: rosidl_typesupport_fastrtps_cpp;rosidl_typesupport_introspection_cpp
[0.648s] -- Found rclcpp: 16.0.4 (/opt/ros/humble/share/rclcpp/cmake)
[0.693s] -- Found rmw_implementation_cmake: 6.1.1 (/opt/ros/humble/share/rmw_implementation_cmake/cmake)
[0.695s] -- Found rmw_fastrtps_cpp: 6.2.2 (/opt/ros/humble/share/rmw_fastrtps_cpp/cmake)
[0.756s] -- Found OpenSSL: /usr/lib/x86_64-linux-gnu/libcrypto.so (found version "3.0.2")  
[0.778s] -- Found FastRTPS: /opt/ros/humble/include  
[0.811s] -- Using RMW implementation 'rmw_fastrtps_cpp' as default
[0.818s] -- Looking for pthread.h
[0.867s] -- Looking for pthread.h - found
[0.867s] -- Performing Test CMAKE_HAVE_LIBC_PTHREAD
[0.911s] -- Performing Test CMAKE_HAVE_LIBC_PTHREAD - Success
[0.912s] -- Found Threads: TRUE  
[0.996s] -- Found rclcpp_components: 16.0.4 (/opt/ros/humble/share/rclcpp_components/cmake)
[1.040s] -- Found sensor_msgs: 4.2.3 (/opt/ros/humble/share/sensor_msgs/cmake)
[1.105s] -- Found ament_lint_auto: 0.12.6 (/opt/ros/humble/share/ament_lint_auto/cmake)
[1.154s] -- Added test 'cppcheck' to perform static code analysis on C / C++ code
[1.154s] -- Configured cppcheck include dirs: 
[1.154s] -- Configured cppcheck exclude dirs and/or files: 
[1.154s] -- Added test 'flake8' to check Python code syntax and style conventions
[1.155s] -- Added test 'lint_cmake' to check CMake code style
[1.155s] -- Added test 'pep257' to check Python code against some of the docstring style conventions in PEP 257
[1.155s] -- Added test 'uncrustify' to check C / C++ code style
[1.155s] -- Configured uncrustify additional arguments: 
[1.156s] -- Added test 'xmllint' to check XML markup files
[1.157s] -- Configuring done
[1.163s] -- Generating done
[1.164s] -- Build files have been written to: /home/rama/ROS/tooru_ros2_ws/build/tooru_teleop
[1.171s] Invoked command in '/home/rama/ROS/tooru_ros2_ws/build/tooru_teleop' returned '0': CMAKE_PREFIX_PATH=/opt/ros/humble /usr/bin/cmake /home/rama/ROS/tooru_ros2_ws/src/tooru_teleop -DCMAKE_INSTALL_PREFIX=/home/rama/ROS/tooru_ros2_ws/install/tooru_teleop
[1.172s] Invoking command in '/home/rama/ROS/tooru_ros2_ws/build/tooru_teleop': CMAKE_PREFIX_PATH=/opt/ros/humble /usr/bin/cmake --build /home/rama/ROS/tooru_ros2_ws/build/tooru_teleop -- -j16 -l16
[1.198s] [ 50%] [32mBuilding CXX object CMakeFiles/teleop_teleop_input.dir/src/teleop.cpp.o[0m
[2.708s] [01m[K/home/rama/ROS/tooru_ros2_ws/src/tooru_teleop/src/teleop.cpp:[m[K In function ‘[01m[Kbool convertJoyToCmd(const std::vector<float, std::allocator<float> >&, const std::vector<int, std::allocator<int> >&, std::unique_ptr<geometry_msgs::msg::TwistStamped_<std::allocator<void> >, std::default_delete<geometry_msgs::msg::TwistStamped_<std::allocator<void> > > >&)[m[K’:
[2.708s] [01m[K/home/rama/ROS/tooru_ros2_ws/src/tooru_teleop/src/teleop.cpp:58:78:[m[K [01;35m[Kwarning: [m[Kunused parameter ‘[01m[Kbuttons[m[K’ [[01;35m[K]8;;https://gcc.gnu.org/onlinedocs/gcc/Warning-Options.html#index-Wunused-parameter-Wunused-parameter]8;;[m[K]
[2.708s]    58 | yToCmd(const std::vector<float>& axes, [01;35m[Kconst std::vector<int>& buttons[m[K,
[2.708s]       |                                        [01;35m[K~~~~~~~~~~~~~~~~~~~~~~~~^~~~~~~[m[K
[2.708s] 
[6.932s] [100%] [32m[1mLinking CXX shared library libteleop_teleop_input.so[0m
[7.188s] [100%] Built target teleop_teleop_input
[7.195s] Invoked command in '/home/rama/ROS/tooru_ros2_ws/build/tooru_teleop' returned '0': CMAKE_PREFIX_PATH=/opt/ros/humble /usr/bin/cmake --build /home/rama/ROS/tooru_ros2_ws/build/tooru_teleop -- -j16 -l16
[7.211s] Invoking command in '/home/rama/ROS/tooru_ros2_ws/build/tooru_teleop': CMAKE_PREFIX_PATH=/opt/ros/humble /usr/bin/cmake --install /home/rama/ROS/tooru_ros2_ws/build/tooru_teleop
[7.214s] -- Install configuration: ""
[7.215s] -- Installing: /home/rama/ROS/tooru_ros2_ws/install/tooru_teleop/lib/libteleop_teleop_input.so
[7.218s] -- Set runtime path of "/home/rama/ROS/tooru_ros2_ws/install/tooru_teleop/lib/libteleop_teleop_input.so" to ""
[7.218s] -- Installing: /home/rama/ROS/tooru_ros2_ws/install/tooru_teleop/share/ament_index/resource_index/package_run_dependencies/tooru_teleop
[7.218s] -- Installing: /home/rama/ROS/tooru_ros2_ws/install/tooru_teleop/share/ament_index/resource_index/parent_prefix_path/tooru_teleop
[7.218s] -- Installing: /home/rama/ROS/tooru_ros2_ws/install/tooru_teleop/share/tooru_teleop/environment/ament_prefix_path.sh
[7.219s] -- Installing: /home/rama/ROS/tooru_ros2_ws/install/tooru_teleop/share/tooru_teleop/environment/ament_prefix_path.dsv
[7.219s] -- Installing: /home/rama/ROS/tooru_ros2_ws/install/tooru_teleop/share/tooru_teleop/environment/path.sh
[7.219s] -- Installing: /home/rama/ROS/tooru_ros2_ws/install/tooru_teleop/share/tooru_teleop/environment/path.dsv
[7.219s] -- Installing: /home/rama/ROS/tooru_ros2_ws/install/tooru_teleop/share/tooru_teleop/local_setup.bash
[7.219s] -- Installing: /home/rama/ROS/tooru_ros2_ws/install/tooru_teleop/share/tooru_teleop/local_setup.sh
[7.219s] -- Installing: /home/rama/ROS/tooru_ros2_ws/install/tooru_teleop/share/tooru_teleop/local_setup.zsh
[7.219s] -- Installing: /home/rama/ROS/tooru_ros2_ws/install/tooru_teleop/share/tooru_teleop/local_setup.dsv
[7.219s] -- Installing: /home/rama/ROS/tooru_ros2_ws/install/tooru_teleop/share/tooru_teleop/package.dsv
[7.219s] -- Installing: /home/rama/ROS/tooru_ros2_ws/install/tooru_teleop/share/ament_index/resource_index/packages/tooru_teleop
[7.219s] -- Installing: /home/rama/ROS/tooru_ros2_ws/install/tooru_teleop/share/ament_index/resource_index/rclcpp_components/tooru_teleop
[7.219s] -- Installing: /home/rama/ROS/tooru_ros2_ws/install/tooru_teleop/share/tooru_teleop/cmake/tooru_teleopConfig.cmake
[7.219s] -- Installing: /home/rama/ROS/tooru_ros2_ws/install/tooru_teleop/share/tooru_teleop/cmake/tooru_teleopConfig-version.cmake
[7.219s] -- Installing: /home/rama/ROS/tooru_ros2_ws/install/tooru_teleop/share/tooru_teleop/package.xml
[7.221s] Invoked command in '/home/rama/ROS/tooru_ros2_ws/build/tooru_teleop' returned '0': CMAKE_PREFIX_PATH=/opt/ros/humble /usr/bin/cmake --install /home/rama/ROS/tooru_ros2_ws/build/tooru_teleop
