[0.215s] DEBUG:colcon:Command line arguments: ['/usr/bin/colcon', 'build']
[0.215s] DEBUG:colcon:Parsed command line arguments: Namespace(log_base=None, log_level=None, verb_name='build', build_base='build', install_base='install', merge_install=False, symlink_install=False, test_result_base=None, continue_on_error=False, executor='parallel', parallel_workers=16, event_handlers=None, ignore_user_meta=False, metas=['./colcon.meta'], base_paths=['.'], packages_ignore=None, packages_ignore_regex=None, paths=None, packages_up_to=None, packages_up_to_regex=None, packages_above=None, packages_above_and_dependencies=None, packages_above_depth=None, packages_select_by_dep=None, packages_skip_by_dep=None, packages_skip_up_to=None, packages_select_build_failed=False, packages_skip_build_finished=False, packages_select_test_failures=False, packages_skip_test_passed=False, packages_select=None, packages_skip=None, packages_select_regex=None, packages_skip_regex=None, packages_start=None, packages_end=None, allow_overriding=[], cmake_args=None, cmake_target=None, cmake_target_skip_unavailable=False, cmake_clean_cache=False, cmake_clean_first=False, cmake_force_configure=False, ament_cmake_args=None, catkin_cmake_args=None, catkin_skip_building_tests=False, verb_parser=<colcon_defaults.argument_parser.defaults.DefaultArgumentsDecorator object at 0x7f72560d4bb0>, verb_extension=<colcon_core.verb.build.BuildVerb object at 0x7f72568d5de0>, main=<bound method BuildVerb.main of <colcon_core.verb.build.BuildVerb object at 0x7f72568d5de0>>)
[0.233s] Level 1:colcon.colcon_core.package_discovery:discover_packages(colcon_meta) check parameters
[0.233s] Level 1:colcon.colcon_core.package_discovery:discover_packages(recursive) check parameters
[0.233s] Level 1:colcon.colcon_core.package_discovery:discover_packages(ignore) check parameters
[0.233s] Level 1:colcon.colcon_core.package_discovery:discover_packages(path) check parameters
[0.233s] Level 1:colcon.colcon_core.package_discovery:discover_packages(colcon_meta) discover
[0.233s] Level 1:colcon.colcon_core.package_discovery:discover_packages(recursive) discover
[0.233s] INFO:colcon.colcon_core.package_discovery:Crawling recursively for packages in '/home/rama/ROS/tooru_ros2_ws'
[0.233s] Level 1:colcon.colcon_core.package_identification:_identify(.) by extensions ['ignore', 'ignore_ament_install']
[0.233s] Level 1:colcon.colcon_core.package_identification:_identify(.) by extension 'ignore'
[0.233s] Level 1:colcon.colcon_core.package_identification:_identify(.) by extension 'ignore_ament_install'
[0.233s] Level 1:colcon.colcon_core.package_identification:_identify(.) by extensions ['colcon_pkg']
[0.233s] Level 1:colcon.colcon_core.package_identification:_identify(.) by extension 'colcon_pkg'
[0.233s] Level 1:colcon.colcon_core.package_identification:_identify(.) by extensions ['colcon_meta']
[0.233s] Level 1:colcon.colcon_core.package_identification:_identify(.) by extension 'colcon_meta'
[0.233s] Level 1:colcon.colcon_core.package_identification:_identify(.) by extensions ['ros']
[0.233s] Level 1:colcon.colcon_core.package_identification:_identify(.) by extension 'ros'
[0.240s] Level 1:colcon.colcon_core.package_identification:_identify(.) by extensions ['cmake', 'python']
[0.240s] Level 1:colcon.colcon_core.package_identification:_identify(.) by extension 'cmake'
[0.240s] Level 1:colcon.colcon_core.package_identification:_identify(.) by extension 'python'
[0.240s] Level 1:colcon.colcon_core.package_identification:_identify(.) by extensions ['python_setup_py']
[0.240s] Level 1:colcon.colcon_core.package_identification:_identify(.) by extension 'python_setup_py'
[0.240s] Level 1:colcon.colcon_core.package_identification:_identify(build) by extensions ['ignore', 'ignore_ament_install']
[0.240s] Level 1:colcon.colcon_core.package_identification:_identify(build) by extension 'ignore'
[0.240s] Level 1:colcon.colcon_core.package_identification:_identify(build) ignored
[0.241s] Level 1:colcon.colcon_core.package_identification:_identify(install) by extensions ['ignore', 'ignore_ament_install']
[0.241s] Level 1:colcon.colcon_core.package_identification:_identify(install) by extension 'ignore'
[0.241s] Level 1:colcon.colcon_core.package_identification:_identify(install) ignored
[0.241s] Level 1:colcon.colcon_core.package_identification:_identify(log) by extensions ['ignore', 'ignore_ament_install']
[0.241s] Level 1:colcon.colcon_core.package_identification:_identify(log) by extension 'ignore'
[0.241s] Level 1:colcon.colcon_core.package_identification:_identify(log) ignored
[0.241s] Level 1:colcon.colcon_core.package_identification:_identify(src) by extensions ['ignore', 'ignore_ament_install']
[0.241s] Level 1:colcon.colcon_core.package_identification:_identify(src) by extension 'ignore'
[0.241s] Level 1:colcon.colcon_core.package_identification:_identify(src) by extension 'ignore_ament_install'
[0.241s] Level 1:colcon.colcon_core.package_identification:_identify(src) by extensions ['colcon_pkg']
[0.241s] Level 1:colcon.colcon_core.package_identification:_identify(src) by extension 'colcon_pkg'
[0.241s] Level 1:colcon.colcon_core.package_identification:_identify(src) by extensions ['colcon_meta']
[0.241s] Level 1:colcon.colcon_core.package_identification:_identify(src) by extension 'colcon_meta'
[0.241s] Level 1:colcon.colcon_core.package_identification:_identify(src) by extensions ['ros']
[0.241s] Level 1:colcon.colcon_core.package_identification:_identify(src) by extension 'ros'
[0.241s] Level 1:colcon.colcon_core.package_identification:_identify(src) by extensions ['cmake', 'python']
[0.241s] Level 1:colcon.colcon_core.package_identification:_identify(src) by extension 'cmake'
[0.241s] Level 1:colcon.colcon_core.package_identification:_identify(src) by extension 'python'
[0.241s] Level 1:colcon.colcon_core.package_identification:_identify(src) by extensions ['python_setup_py']
[0.241s] Level 1:colcon.colcon_core.package_identification:_identify(src) by extension 'python_setup_py'
[0.241s] Level 1:colcon.colcon_core.package_identification:_identify(src/DynamixelSDK) by extensions ['ignore', 'ignore_ament_install']
[0.241s] Level 1:colcon.colcon_core.package_identification:_identify(src/DynamixelSDK) by extension 'ignore'
[0.241s] Level 1:colcon.colcon_core.package_identification:_identify(src/DynamixelSDK) by extension 'ignore_ament_install'
[0.241s] Level 1:colcon.colcon_core.package_identification:_identify(src/DynamixelSDK) by extensions ['colcon_pkg']
[0.241s] Level 1:colcon.colcon_core.package_identification:_identify(src/DynamixelSDK) by extension 'colcon_pkg'
[0.241s] Level 1:colcon.colcon_core.package_identification:_identify(src/DynamixelSDK) by extensions ['colcon_meta']
[0.241s] Level 1:colcon.colcon_core.package_identification:_identify(src/DynamixelSDK) by extension 'colcon_meta'
[0.241s] Level 1:colcon.colcon_core.package_identification:_identify(src/DynamixelSDK) by extensions ['ros']
[0.241s] Level 1:colcon.colcon_core.package_identification:_identify(src/DynamixelSDK) by extension 'ros'
[0.241s] Level 1:colcon.colcon_core.package_identification:_identify(src/DynamixelSDK) by extensions ['cmake', 'python']
[0.241s] Level 1:colcon.colcon_core.package_identification:_identify(src/DynamixelSDK) by extension 'cmake'
[0.241s] Level 1:colcon.colcon_core.package_identification:_identify(src/DynamixelSDK) by extension 'python'
[0.241s] Level 1:colcon.colcon_core.package_identification:_identify(src/DynamixelSDK) by extensions ['python_setup_py']
[0.241s] Level 1:colcon.colcon_core.package_identification:_identify(src/DynamixelSDK) by extension 'python_setup_py'
[0.242s] Level 1:colcon.colcon_core.package_identification:_identify(src/DynamixelSDK/dynamixel_sdk) by extensions ['ignore', 'ignore_ament_install']
[0.242s] Level 1:colcon.colcon_core.package_identification:_identify(src/DynamixelSDK/dynamixel_sdk) by extension 'ignore'
[0.242s] Level 1:colcon.colcon_core.package_identification:_identify(src/DynamixelSDK/dynamixel_sdk) by extension 'ignore_ament_install'
[0.242s] Level 1:colcon.colcon_core.package_identification:_identify(src/DynamixelSDK/dynamixel_sdk) by extensions ['colcon_pkg']
[0.242s] Level 1:colcon.colcon_core.package_identification:_identify(src/DynamixelSDK/dynamixel_sdk) by extension 'colcon_pkg'
[0.242s] Level 1:colcon.colcon_core.package_identification:_identify(src/DynamixelSDK/dynamixel_sdk) by extensions ['colcon_meta']
[0.242s] Level 1:colcon.colcon_core.package_identification:_identify(src/DynamixelSDK/dynamixel_sdk) by extension 'colcon_meta'
[0.242s] Level 1:colcon.colcon_core.package_identification:_identify(src/DynamixelSDK/dynamixel_sdk) by extensions ['ros']
[0.242s] Level 1:colcon.colcon_core.package_identification:_identify(src/DynamixelSDK/dynamixel_sdk) by extension 'ros'
[0.243s] DEBUG:colcon.colcon_core.package_identification:Package 'src/DynamixelSDK/dynamixel_sdk' with type 'ros.ament_cmake' and name 'dynamixel_sdk'
[0.243s] Level 1:colcon.colcon_core.package_identification:_identify(src/DynamixelSDK/dynamixel_sdk_custom_interfaces) by extensions ['ignore', 'ignore_ament_install']
[0.243s] Level 1:colcon.colcon_core.package_identification:_identify(src/DynamixelSDK/dynamixel_sdk_custom_interfaces) by extension 'ignore'
[0.243s] Level 1:colcon.colcon_core.package_identification:_identify(src/DynamixelSDK/dynamixel_sdk_custom_interfaces) by extension 'ignore_ament_install'
[0.243s] Level 1:colcon.colcon_core.package_identification:_identify(src/DynamixelSDK/dynamixel_sdk_custom_interfaces) by extensions ['colcon_pkg']
[0.243s] Level 1:colcon.colcon_core.package_identification:_identify(src/DynamixelSDK/dynamixel_sdk_custom_interfaces) by extension 'colcon_pkg'
[0.243s] Level 1:colcon.colcon_core.package_identification:_identify(src/DynamixelSDK/dynamixel_sdk_custom_interfaces) by extensions ['colcon_meta']
[0.243s] Level 1:colcon.colcon_core.package_identification:_identify(src/DynamixelSDK/dynamixel_sdk_custom_interfaces) by extension 'colcon_meta'
[0.243s] Level 1:colcon.colcon_core.package_identification:_identify(src/DynamixelSDK/dynamixel_sdk_custom_interfaces) by extensions ['ros']
[0.243s] Level 1:colcon.colcon_core.package_identification:_identify(src/DynamixelSDK/dynamixel_sdk_custom_interfaces) by extension 'ros'
[0.244s] DEBUG:colcon.colcon_core.package_identification:Package 'src/DynamixelSDK/dynamixel_sdk_custom_interfaces' with type 'ros.ament_cmake' and name 'dynamixel_sdk_custom_interfaces'
[0.244s] Level 1:colcon.colcon_core.package_identification:_identify(src/DynamixelSDK/dynamixel_sdk_examples) by extensions ['ignore', 'ignore_ament_install']
[0.244s] Level 1:colcon.colcon_core.package_identification:_identify(src/DynamixelSDK/dynamixel_sdk_examples) by extension 'ignore'
[0.244s] Level 1:colcon.colcon_core.package_identification:_identify(src/DynamixelSDK/dynamixel_sdk_examples) by extension 'ignore_ament_install'
[0.244s] Level 1:colcon.colcon_core.package_identification:_identify(src/DynamixelSDK/dynamixel_sdk_examples) by extensions ['colcon_pkg']
[0.244s] Level 1:colcon.colcon_core.package_identification:_identify(src/DynamixelSDK/dynamixel_sdk_examples) by extension 'colcon_pkg'
[0.244s] Level 1:colcon.colcon_core.package_identification:_identify(src/DynamixelSDK/dynamixel_sdk_examples) by extensions ['colcon_meta']
[0.244s] Level 1:colcon.colcon_core.package_identification:_identify(src/DynamixelSDK/dynamixel_sdk_examples) by extension 'colcon_meta'
[0.244s] Level 1:colcon.colcon_core.package_identification:_identify(src/DynamixelSDK/dynamixel_sdk_examples) by extensions ['ros']
[0.244s] Level 1:colcon.colcon_core.package_identification:_identify(src/DynamixelSDK/dynamixel_sdk_examples) by extension 'ros'
[0.245s] DEBUG:colcon.colcon_core.package_identification:Package 'src/DynamixelSDK/dynamixel_sdk_examples' with type 'ros.ament_cmake' and name 'dynamixel_sdk_examples'
[0.245s] Level 1:colcon.colcon_core.package_identification:_identify(src/tooru_dynamixel) by extensions ['ignore', 'ignore_ament_install']
[0.245s] Level 1:colcon.colcon_core.package_identification:_identify(src/tooru_dynamixel) by extension 'ignore'
[0.245s] Level 1:colcon.colcon_core.package_identification:_identify(src/tooru_dynamixel) by extension 'ignore_ament_install'
[0.245s] Level 1:colcon.colcon_core.package_identification:_identify(src/tooru_dynamixel) by extensions ['colcon_pkg']
[0.245s] Level 1:colcon.colcon_core.package_identification:_identify(src/tooru_dynamixel) by extension 'colcon_pkg'
[0.245s] Level 1:colcon.colcon_core.package_identification:_identify(src/tooru_dynamixel) by extensions ['colcon_meta']
[0.245s] Level 1:colcon.colcon_core.package_identification:_identify(src/tooru_dynamixel) by extension 'colcon_meta'
[0.245s] Level 1:colcon.colcon_core.package_identification:_identify(src/tooru_dynamixel) by extensions ['ros']
[0.245s] Level 1:colcon.colcon_core.package_identification:_identify(src/tooru_dynamixel) by extension 'ros'
[0.245s] DEBUG:colcon.colcon_core.package_identification:Package 'src/tooru_dynamixel' with type 'ros.ament_cmake' and name 'tooru_dynamixel'
[0.245s] Level 1:colcon.colcon_core.package_identification:_identify(src/tooru_mobile) by extensions ['ignore', 'ignore_ament_install']
[0.245s] Level 1:colcon.colcon_core.package_identification:_identify(src/tooru_mobile) by extension 'ignore'
[0.245s] Level 1:colcon.colcon_core.package_identification:_identify(src/tooru_mobile) by extension 'ignore_ament_install'
[0.245s] Level 1:colcon.colcon_core.package_identification:_identify(src/tooru_mobile) by extensions ['colcon_pkg']
[0.245s] Level 1:colcon.colcon_core.package_identification:_identify(src/tooru_mobile) by extension 'colcon_pkg'
[0.245s] Level 1:colcon.colcon_core.package_identification:_identify(src/tooru_mobile) by extensions ['colcon_meta']
[0.245s] Level 1:colcon.colcon_core.package_identification:_identify(src/tooru_mobile) by extension 'colcon_meta'
[0.245s] Level 1:colcon.colcon_core.package_identification:_identify(src/tooru_mobile) by extensions ['ros']
[0.245s] Level 1:colcon.colcon_core.package_identification:_identify(src/tooru_mobile) by extension 'ros'
[0.246s] DEBUG:colcon.colcon_core.package_identification:Package 'src/tooru_mobile' with type 'ros.ament_cmake' and name 'tooru_mobile'
[0.246s] Level 1:colcon.colcon_core.package_identification:_identify(src/tooru_teleop) by extensions ['ignore', 'ignore_ament_install']
[0.246s] Level 1:colcon.colcon_core.package_identification:_identify(src/tooru_teleop) by extension 'ignore'
[0.246s] Level 1:colcon.colcon_core.package_identification:_identify(src/tooru_teleop) by extension 'ignore_ament_install'
[0.246s] Level 1:colcon.colcon_core.package_identification:_identify(src/tooru_teleop) by extensions ['colcon_pkg']
[0.246s] Level 1:colcon.colcon_core.package_identification:_identify(src/tooru_teleop) by extension 'colcon_pkg'
[0.246s] Level 1:colcon.colcon_core.package_identification:_identify(src/tooru_teleop) by extensions ['colcon_meta']
[0.246s] Level 1:colcon.colcon_core.package_identification:_identify(src/tooru_teleop) by extension 'colcon_meta'
[0.246s] Level 1:colcon.colcon_core.package_identification:_identify(src/tooru_teleop) by extensions ['ros']
[0.246s] Level 1:colcon.colcon_core.package_identification:_identify(src/tooru_teleop) by extension 'ros'
[0.246s] DEBUG:colcon.colcon_core.package_identification:Package 'src/tooru_teleop' with type 'ros.ament_cmake' and name 'tooru_teleop'
[0.246s] Level 1:colcon.colcon_core.package_discovery:discover_packages(recursive) using defaults
[0.246s] Level 1:colcon.colcon_core.package_discovery:discover_packages(ignore) discover
[0.246s] Level 1:colcon.colcon_core.package_discovery:discover_packages(ignore) using defaults
[0.246s] Level 1:colcon.colcon_core.package_discovery:discover_packages(path) discover
[0.247s] Level 1:colcon.colcon_core.package_discovery:discover_packages(path) using defaults
[0.260s] Level 1:colcon.colcon_core.package_discovery:discover_packages(prefix_path) check parameters
[0.260s] Level 1:colcon.colcon_core.package_discovery:discover_packages(prefix_path) discover
[0.262s] DEBUG:colcon.colcon_installed_package_information.package_discovery:Found 6 installed packages in /home/rama/ROS/tooru_ros2_ws/install
[0.263s] DEBUG:colcon.colcon_installed_package_information.package_discovery:Found 270 installed packages in /opt/ros/humble
[0.264s] Level 1:colcon.colcon_core.package_discovery:discover_packages(prefix_path) using defaults
[0.296s] Level 5:colcon.colcon_core.verb:set package 'dynamixel_sdk' build argument 'cmake_args' from command line to 'None'
[0.296s] Level 5:colcon.colcon_core.verb:set package 'dynamixel_sdk' build argument 'cmake_target' from command line to 'None'
[0.296s] Level 5:colcon.colcon_core.verb:set package 'dynamixel_sdk' build argument 'cmake_target_skip_unavailable' from command line to 'False'
[0.296s] Level 5:colcon.colcon_core.verb:set package 'dynamixel_sdk' build argument 'cmake_clean_cache' from command line to 'False'
[0.296s] Level 5:colcon.colcon_core.verb:set package 'dynamixel_sdk' build argument 'cmake_clean_first' from command line to 'False'
[0.296s] Level 5:colcon.colcon_core.verb:set package 'dynamixel_sdk' build argument 'cmake_force_configure' from command line to 'False'
[0.296s] Level 5:colcon.colcon_core.verb:set package 'dynamixel_sdk' build argument 'ament_cmake_args' from command line to 'None'
[0.296s] Level 5:colcon.colcon_core.verb:set package 'dynamixel_sdk' build argument 'catkin_cmake_args' from command line to 'None'
[0.296s] Level 5:colcon.colcon_core.verb:set package 'dynamixel_sdk' build argument 'catkin_skip_building_tests' from command line to 'False'
[0.296s] DEBUG:colcon.colcon_core.verb:Building package 'dynamixel_sdk' with the following arguments: {'ament_cmake_args': None, 'build_base': '/home/rama/ROS/tooru_ros2_ws/build/dynamixel_sdk', 'catkin_cmake_args': None, 'catkin_skip_building_tests': False, 'cmake_args': None, 'cmake_clean_cache': False, 'cmake_clean_first': False, 'cmake_force_configure': False, 'cmake_target': None, 'cmake_target_skip_unavailable': False, 'install_base': '/home/rama/ROS/tooru_ros2_ws/install/dynamixel_sdk', 'merge_install': False, 'path': '/home/rama/ROS/tooru_ros2_ws/src/DynamixelSDK/dynamixel_sdk', 'symlink_install': False, 'test_result_base': None}
[0.297s] Level 5:colcon.colcon_core.verb:set package 'dynamixel_sdk_custom_interfaces' build argument 'cmake_args' from command line to 'None'
[0.297s] Level 5:colcon.colcon_core.verb:set package 'dynamixel_sdk_custom_interfaces' build argument 'cmake_target' from command line to 'None'
[0.297s] Level 5:colcon.colcon_core.verb:set package 'dynamixel_sdk_custom_interfaces' build argument 'cmake_target_skip_unavailable' from command line to 'False'
[0.297s] Level 5:colcon.colcon_core.verb:set package 'dynamixel_sdk_custom_interfaces' build argument 'cmake_clean_cache' from command line to 'False'
[0.297s] Level 5:colcon.colcon_core.verb:set package 'dynamixel_sdk_custom_interfaces' build argument 'cmake_clean_first' from command line to 'False'
[0.297s] Level 5:colcon.colcon_core.verb:set package 'dynamixel_sdk_custom_interfaces' build argument 'cmake_force_configure' from command line to 'False'
[0.297s] Level 5:colcon.colcon_core.verb:set package 'dynamixel_sdk_custom_interfaces' build argument 'ament_cmake_args' from command line to 'None'
[0.297s] Level 5:colcon.colcon_core.verb:set package 'dynamixel_sdk_custom_interfaces' build argument 'catkin_cmake_args' from command line to 'None'
[0.297s] Level 5:colcon.colcon_core.verb:set package 'dynamixel_sdk_custom_interfaces' build argument 'catkin_skip_building_tests' from command line to 'False'
[0.297s] DEBUG:colcon.colcon_core.verb:Building package 'dynamixel_sdk_custom_interfaces' with the following arguments: {'ament_cmake_args': None, 'build_base': '/home/rama/ROS/tooru_ros2_ws/build/dynamixel_sdk_custom_interfaces', 'catkin_cmake_args': None, 'catkin_skip_building_tests': False, 'cmake_args': None, 'cmake_clean_cache': False, 'cmake_clean_first': False, 'cmake_force_configure': False, 'cmake_target': None, 'cmake_target_skip_unavailable': False, 'install_base': '/home/rama/ROS/tooru_ros2_ws/install/dynamixel_sdk_custom_interfaces', 'merge_install': False, 'path': '/home/rama/ROS/tooru_ros2_ws/src/DynamixelSDK/dynamixel_sdk_custom_interfaces', 'symlink_install': False, 'test_result_base': None}
[0.298s] Level 5:colcon.colcon_core.verb:set package 'tooru_mobile' build argument 'cmake_args' from command line to 'None'
[0.298s] Level 5:colcon.colcon_core.verb:set package 'tooru_mobile' build argument 'cmake_target' from command line to 'None'
[0.298s] Level 5:colcon.colcon_core.verb:set package 'tooru_mobile' build argument 'cmake_target_skip_unavailable' from command line to 'False'
[0.298s] Level 5:colcon.colcon_core.verb:set package 'tooru_mobile' build argument 'cmake_clean_cache' from command line to 'False'
[0.298s] Level 5:colcon.colcon_core.verb:set package 'tooru_mobile' build argument 'cmake_clean_first' from command line to 'False'
[0.298s] Level 5:colcon.colcon_core.verb:set package 'tooru_mobile' build argument 'cmake_force_configure' from command line to 'False'
[0.298s] Level 5:colcon.colcon_core.verb:set package 'tooru_mobile' build argument 'ament_cmake_args' from command line to 'None'
[0.298s] Level 5:colcon.colcon_core.verb:set package 'tooru_mobile' build argument 'catkin_cmake_args' from command line to 'None'
[0.298s] Level 5:colcon.colcon_core.verb:set package 'tooru_mobile' build argument 'catkin_skip_building_tests' from command line to 'False'
[0.298s] DEBUG:colcon.colcon_core.verb:Building package 'tooru_mobile' with the following arguments: {'ament_cmake_args': None, 'build_base': '/home/rama/ROS/tooru_ros2_ws/build/tooru_mobile', 'catkin_cmake_args': None, 'catkin_skip_building_tests': False, 'cmake_args': None, 'cmake_clean_cache': False, 'cmake_clean_first': False, 'cmake_force_configure': False, 'cmake_target': None, 'cmake_target_skip_unavailable': False, 'install_base': '/home/rama/ROS/tooru_ros2_ws/install/tooru_mobile', 'merge_install': False, 'path': '/home/rama/ROS/tooru_ros2_ws/src/tooru_mobile', 'symlink_install': False, 'test_result_base': None}
[0.298s] Level 5:colcon.colcon_core.verb:set package 'tooru_teleop' build argument 'cmake_args' from command line to 'None'
[0.298s] Level 5:colcon.colcon_core.verb:set package 'tooru_teleop' build argument 'cmake_target' from command line to 'None'
[0.298s] Level 5:colcon.colcon_core.verb:set package 'tooru_teleop' build argument 'cmake_target_skip_unavailable' from command line to 'False'
[0.298s] Level 5:colcon.colcon_core.verb:set package 'tooru_teleop' build argument 'cmake_clean_cache' from command line to 'False'
[0.298s] Level 5:colcon.colcon_core.verb:set package 'tooru_teleop' build argument 'cmake_clean_first' from command line to 'False'
[0.298s] Level 5:colcon.colcon_core.verb:set package 'tooru_teleop' build argument 'cmake_force_configure' from command line to 'False'
[0.298s] Level 5:colcon.colcon_core.verb:set package 'tooru_teleop' build argument 'ament_cmake_args' from command line to 'None'
[0.298s] Level 5:colcon.colcon_core.verb:set package 'tooru_teleop' build argument 'catkin_cmake_args' from command line to 'None'
[0.298s] Level 5:colcon.colcon_core.verb:set package 'tooru_teleop' build argument 'catkin_skip_building_tests' from command line to 'False'
[0.298s] DEBUG:colcon.colcon_core.verb:Building package 'tooru_teleop' with the following arguments: {'ament_cmake_args': None, 'build_base': '/home/rama/ROS/tooru_ros2_ws/build/tooru_teleop', 'catkin_cmake_args': None, 'catkin_skip_building_tests': False, 'cmake_args': None, 'cmake_clean_cache': False, 'cmake_clean_first': False, 'cmake_force_configure': False, 'cmake_target': None, 'cmake_target_skip_unavailable': False, 'install_base': '/home/rama/ROS/tooru_ros2_ws/install/tooru_teleop', 'merge_install': False, 'path': '/home/rama/ROS/tooru_ros2_ws/src/tooru_teleop', 'symlink_install': False, 'test_result_base': None}
[0.299s] Level 5:colcon.colcon_core.verb:set package 'dynamixel_sdk_examples' build argument 'cmake_args' from command line to 'None'
[0.299s] Level 5:colcon.colcon_core.verb:set package 'dynamixel_sdk_examples' build argument 'cmake_target' from command line to 'None'
[0.299s] Level 5:colcon.colcon_core.verb:set package 'dynamixel_sdk_examples' build argument 'cmake_target_skip_unavailable' from command line to 'False'
[0.299s] Level 5:colcon.colcon_core.verb:set package 'dynamixel_sdk_examples' build argument 'cmake_clean_cache' from command line to 'False'
[0.299s] Level 5:colcon.colcon_core.verb:set package 'dynamixel_sdk_examples' build argument 'cmake_clean_first' from command line to 'False'
[0.299s] Level 5:colcon.colcon_core.verb:set package 'dynamixel_sdk_examples' build argument 'cmake_force_configure' from command line to 'False'
[0.299s] Level 5:colcon.colcon_core.verb:set package 'dynamixel_sdk_examples' build argument 'ament_cmake_args' from command line to 'None'
[0.299s] Level 5:colcon.colcon_core.verb:set package 'dynamixel_sdk_examples' build argument 'catkin_cmake_args' from command line to 'None'
[0.299s] Level 5:colcon.colcon_core.verb:set package 'dynamixel_sdk_examples' build argument 'catkin_skip_building_tests' from command line to 'False'
[0.299s] DEBUG:colcon.colcon_core.verb:Building package 'dynamixel_sdk_examples' with the following arguments: {'ament_cmake_args': None, 'build_base': '/home/rama/ROS/tooru_ros2_ws/build/dynamixel_sdk_examples', 'catkin_cmake_args': None, 'catkin_skip_building_tests': False, 'cmake_args': None, 'cmake_clean_cache': False, 'cmake_clean_first': False, 'cmake_force_configure': False, 'cmake_target': None, 'cmake_target_skip_unavailable': False, 'install_base': '/home/rama/ROS/tooru_ros2_ws/install/dynamixel_sdk_examples', 'merge_install': False, 'path': '/home/rama/ROS/tooru_ros2_ws/src/DynamixelSDK/dynamixel_sdk_examples', 'symlink_install': False, 'test_result_base': None}
[0.300s] Level 5:colcon.colcon_core.verb:set package 'tooru_dynamixel' build argument 'cmake_args' from command line to 'None'
[0.300s] Level 5:colcon.colcon_core.verb:set package 'tooru_dynamixel' build argument 'cmake_target' from command line to 'None'
[0.300s] Level 5:colcon.colcon_core.verb:set package 'tooru_dynamixel' build argument 'cmake_target_skip_unavailable' from command line to 'False'
[0.300s] Level 5:colcon.colcon_core.verb:set package 'tooru_dynamixel' build argument 'cmake_clean_cache' from command line to 'False'
[0.300s] Level 5:colcon.colcon_core.verb:set package 'tooru_dynamixel' build argument 'cmake_clean_first' from command line to 'False'
[0.300s] Level 5:colcon.colcon_core.verb:set package 'tooru_dynamixel' build argument 'cmake_force_configure' from command line to 'False'
[0.300s] Level 5:colcon.colcon_core.verb:set package 'tooru_dynamixel' build argument 'ament_cmake_args' from command line to 'None'
[0.300s] Level 5:colcon.colcon_core.verb:set package 'tooru_dynamixel' build argument 'catkin_cmake_args' from command line to 'None'
[0.300s] Level 5:colcon.colcon_core.verb:set package 'tooru_dynamixel' build argument 'catkin_skip_building_tests' from command line to 'False'
[0.300s] DEBUG:colcon.colcon_core.verb:Building package 'tooru_dynamixel' with the following arguments: {'ament_cmake_args': None, 'build_base': '/home/rama/ROS/tooru_ros2_ws/build/tooru_dynamixel', 'catkin_cmake_args': None, 'catkin_skip_building_tests': False, 'cmake_args': None, 'cmake_clean_cache': False, 'cmake_clean_first': False, 'cmake_force_configure': False, 'cmake_target': None, 'cmake_target_skip_unavailable': False, 'install_base': '/home/rama/ROS/tooru_ros2_ws/install/tooru_dynamixel', 'merge_install': False, 'path': '/home/rama/ROS/tooru_ros2_ws/src/tooru_dynamixel', 'symlink_install': False, 'test_result_base': None}
[0.300s] INFO:colcon.colcon_core.executor:Executing jobs using 'parallel' executor
[0.302s] DEBUG:colcon.colcon_parallel_executor.executor.parallel:run_until_complete
[0.302s] INFO:colcon.colcon_ros.task.ament_cmake.build:Building ROS package in '/home/rama/ROS/tooru_ros2_ws/src/DynamixelSDK/dynamixel_sdk' with build type 'ament_cmake'
[0.302s] INFO:colcon.colcon_cmake.task.cmake.build:Building CMake package in '/home/rama/ROS/tooru_ros2_ws/src/DynamixelSDK/dynamixel_sdk'
[0.305s] INFO:colcon.colcon_core.plugin_system:Skipping extension 'colcon_core.shell.bat': Not used on non-Windows systems
[0.305s] INFO:colcon.colcon_core.shell:Skip shell extension 'powershell' for command environment: Not usable outside of PowerShell
[0.305s] DEBUG:colcon.colcon_core.shell:Skip shell extension 'dsv' for command environment
[0.308s] INFO:colcon.colcon_ros.task.ament_cmake.build:Building ROS package in '/home/rama/ROS/tooru_ros2_ws/src/DynamixelSDK/dynamixel_sdk_custom_interfaces' with build type 'ament_cmake'
[0.308s] INFO:colcon.colcon_cmake.task.cmake.build:Building CMake package in '/home/rama/ROS/tooru_ros2_ws/src/DynamixelSDK/dynamixel_sdk_custom_interfaces'
[0.309s] INFO:colcon.colcon_core.shell:Skip shell extension 'powershell' for command environment: Not usable outside of PowerShell
[0.309s] DEBUG:colcon.colcon_core.shell:Skip shell extension 'dsv' for command environment
[0.311s] INFO:colcon.colcon_ros.task.ament_cmake.build:Building ROS package in '/home/rama/ROS/tooru_ros2_ws/src/tooru_mobile' with build type 'ament_cmake'
[0.312s] INFO:colcon.colcon_cmake.task.cmake.build:Building CMake package in '/home/rama/ROS/tooru_ros2_ws/src/tooru_mobile'
[0.312s] INFO:colcon.colcon_core.shell:Skip shell extension 'powershell' for command environment: Not usable outside of PowerShell
[0.312s] DEBUG:colcon.colcon_core.shell:Skip shell extension 'dsv' for command environment
[0.315s] INFO:colcon.colcon_ros.task.ament_cmake.build:Building ROS package in '/home/rama/ROS/tooru_ros2_ws/src/tooru_teleop' with build type 'ament_cmake'
[0.315s] INFO:colcon.colcon_cmake.task.cmake.build:Building CMake package in '/home/rama/ROS/tooru_ros2_ws/src/tooru_teleop'
[0.316s] INFO:colcon.colcon_core.shell:Skip shell extension 'powershell' for command environment: Not usable outside of PowerShell
[0.316s] DEBUG:colcon.colcon_core.shell:Skip shell extension 'dsv' for command environment
[0.322s] DEBUG:colcon.colcon_core.event_handler.log_command:Invoking command in '/home/rama/ROS/tooru_ros2_ws/build/dynamixel_sdk': CMAKE_PREFIX_PATH=${CMAKE_PREFIX_PATH}:/opt/ros/humble /usr/bin/cmake --build /home/rama/ROS/tooru_ros2_ws/build/dynamixel_sdk -- -j16 -l16
[0.323s] DEBUG:colcon.colcon_core.event_handler.log_command:Invoking command in '/home/rama/ROS/tooru_ros2_ws/build/dynamixel_sdk_custom_interfaces': CMAKE_PREFIX_PATH=${CMAKE_PREFIX_PATH}:/opt/ros/humble /usr/bin/cmake --build /home/rama/ROS/tooru_ros2_ws/build/dynamixel_sdk_custom_interfaces -- -j16 -l16
[0.325s] DEBUG:colcon.colcon_core.event_handler.log_command:Invoking command in '/home/rama/ROS/tooru_ros2_ws/build/tooru_mobile': CMAKE_PREFIX_PATH=${CMAKE_PREFIX_PATH}:/opt/ros/humble /usr/bin/cmake --build /home/rama/ROS/tooru_ros2_ws/build/tooru_mobile -- -j16 -l16
[0.328s] DEBUG:colcon.colcon_core.event_handler.log_command:Invoking command in '/home/rama/ROS/tooru_ros2_ws/build/tooru_teleop': CMAKE_PREFIX_PATH=${CMAKE_PREFIX_PATH}:/opt/ros/humble /usr/bin/cmake --build /home/rama/ROS/tooru_ros2_ws/build/tooru_teleop -- -j16 -l16
[0.363s] DEBUG:colcon.colcon_core.event_handler.log_command:Invoked command in '/home/rama/ROS/tooru_ros2_ws/build/dynamixel_sdk' returned '0': CMAKE_PREFIX_PATH=${CMAKE_PREFIX_PATH}:/opt/ros/humble /usr/bin/cmake --build /home/rama/ROS/tooru_ros2_ws/build/dynamixel_sdk -- -j16 -l16
[0.378s] DEBUG:colcon.colcon_core.event_handler.log_command:Invoked command in '/home/rama/ROS/tooru_ros2_ws/build/tooru_mobile' returned '0': CMAKE_PREFIX_PATH=${CMAKE_PREFIX_PATH}:/opt/ros/humble /usr/bin/cmake --build /home/rama/ROS/tooru_ros2_ws/build/tooru_mobile -- -j16 -l16
[0.383s] DEBUG:colcon.colcon_core.event_handler.log_command:Invoked command in '/home/rama/ROS/tooru_ros2_ws/build/tooru_teleop' returned '0': CMAKE_PREFIX_PATH=${CMAKE_PREFIX_PATH}:/opt/ros/humble /usr/bin/cmake --build /home/rama/ROS/tooru_ros2_ws/build/tooru_teleop -- -j16 -l16
[0.406s] DEBUG:colcon.colcon_core.event_handler.log_command:Invoking command in '/home/rama/ROS/tooru_ros2_ws/build/tooru_mobile': CMAKE_PREFIX_PATH=${CMAKE_PREFIX_PATH}:/opt/ros/humble /usr/bin/cmake --install /home/rama/ROS/tooru_ros2_ws/build/tooru_mobile
[0.408s] DEBUG:colcon.colcon_core.event_handler.log_command:Invoking command in '/home/rama/ROS/tooru_ros2_ws/build/tooru_teleop': CMAKE_PREFIX_PATH=${CMAKE_PREFIX_PATH}:/opt/ros/humble /usr/bin/cmake --install /home/rama/ROS/tooru_ros2_ws/build/tooru_teleop
[0.409s] DEBUG:colcon.colcon_core.event_handler.log_command:Invoking command in '/home/rama/ROS/tooru_ros2_ws/build/dynamixel_sdk': CMAKE_PREFIX_PATH=${CMAKE_PREFIX_PATH}:/opt/ros/humble /usr/bin/cmake --install /home/rama/ROS/tooru_ros2_ws/build/dynamixel_sdk
[0.413s] Level 1:colcon.colcon_core.environment:create_environment_scripts_only(tooru_mobile)
[0.416s] DEBUG:colcon.colcon_core.event_handler.log_command:Invoked command in '/home/rama/ROS/tooru_ros2_ws/build/tooru_mobile' returned '0': CMAKE_PREFIX_PATH=${CMAKE_PREFIX_PATH}:/opt/ros/humble /usr/bin/cmake --install /home/rama/ROS/tooru_ros2_ws/build/tooru_mobile
[0.420s] Level 1:colcon.colcon_core.environment:checking '/home/rama/ROS/tooru_ros2_ws/install/tooru_mobile' for CMake module files
[0.420s] Level 1:colcon.colcon_core.environment:checking '/home/rama/ROS/tooru_ros2_ws/install/tooru_mobile' for CMake config files
[0.420s] Level 1:colcon.colcon_core.shell:create_environment_hook('tooru_mobile', 'cmake_prefix_path')
[0.421s] INFO:colcon.colcon_core.shell:Creating environment hook '/home/rama/ROS/tooru_ros2_ws/install/tooru_mobile/share/tooru_mobile/hook/cmake_prefix_path.ps1'
[0.422s] INFO:colcon.colcon_core.shell:Creating environment descriptor '/home/rama/ROS/tooru_ros2_ws/install/tooru_mobile/share/tooru_mobile/hook/cmake_prefix_path.dsv'
[0.422s] INFO:colcon.colcon_core.shell:Creating environment hook '/home/rama/ROS/tooru_ros2_ws/install/tooru_mobile/share/tooru_mobile/hook/cmake_prefix_path.sh'
[0.422s] Level 1:colcon.colcon_core.environment:checking '/home/rama/ROS/tooru_ros2_ws/install/tooru_mobile/lib'
[0.423s] Level 1:colcon.colcon_core.shell:create_environment_hook('tooru_mobile', 'ld_library_path_lib')
[0.423s] INFO:colcon.colcon_core.shell:Creating environment hook '/home/rama/ROS/tooru_ros2_ws/install/tooru_mobile/share/tooru_mobile/hook/ld_library_path_lib.ps1'
[0.424s] INFO:colcon.colcon_core.shell:Creating environment descriptor '/home/rama/ROS/tooru_ros2_ws/install/tooru_mobile/share/tooru_mobile/hook/ld_library_path_lib.dsv'
[0.424s] INFO:colcon.colcon_core.shell:Creating environment hook '/home/rama/ROS/tooru_ros2_ws/install/tooru_mobile/share/tooru_mobile/hook/ld_library_path_lib.sh'
[0.424s] Level 1:colcon.colcon_core.environment:checking '/home/rama/ROS/tooru_ros2_ws/install/tooru_mobile/bin'
[0.424s] Level 1:colcon.colcon_core.environment:checking '/home/rama/ROS/tooru_ros2_ws/install/tooru_mobile/lib/pkgconfig/tooru_mobile.pc'
[0.424s] Level 1:colcon.colcon_core.environment:checking '/home/rama/ROS/tooru_ros2_ws/install/tooru_mobile/lib/python3.10/site-packages'
[0.424s] Level 1:colcon.colcon_core.environment:checking '/home/rama/ROS/tooru_ros2_ws/install/tooru_mobile/bin'
[0.425s] INFO:colcon.colcon_core.shell:Creating package script '/home/rama/ROS/tooru_ros2_ws/install/tooru_mobile/share/tooru_mobile/package.ps1'
[0.426s] INFO:colcon.colcon_core.shell:Creating package descriptor '/home/rama/ROS/tooru_ros2_ws/install/tooru_mobile/share/tooru_mobile/package.dsv'
[0.427s] INFO:colcon.colcon_core.shell:Creating package script '/home/rama/ROS/tooru_ros2_ws/install/tooru_mobile/share/tooru_mobile/package.sh'
[0.428s] INFO:colcon.colcon_core.shell:Creating package script '/home/rama/ROS/tooru_ros2_ws/install/tooru_mobile/share/tooru_mobile/package.bash'
[0.429s] INFO:colcon.colcon_core.shell:Creating package script '/home/rama/ROS/tooru_ros2_ws/install/tooru_mobile/share/tooru_mobile/package.zsh'
[0.429s] Level 1:colcon.colcon_core.environment:create_file_with_runtime_dependencies(/home/rama/ROS/tooru_ros2_ws/install/tooru_mobile/share/colcon-core/packages/tooru_mobile)
[0.431s] Level 1:colcon.colcon_core.environment:create_environment_scripts_only(tooru_teleop)
[0.434s] Level 1:colcon.colcon_core.environment:checking '/home/rama/ROS/tooru_ros2_ws/install/tooru_teleop' for CMake module files
[0.435s] DEBUG:colcon.colcon_core.event_handler.log_command:Invoked command in '/home/rama/ROS/tooru_ros2_ws/build/tooru_teleop' returned '0': CMAKE_PREFIX_PATH=${CMAKE_PREFIX_PATH}:/opt/ros/humble /usr/bin/cmake --install /home/rama/ROS/tooru_ros2_ws/build/tooru_teleop
[0.436s] Level 1:colcon.colcon_core.environment:checking '/home/rama/ROS/tooru_ros2_ws/install/tooru_teleop' for CMake config files
[0.436s] Level 1:colcon.colcon_core.shell:create_environment_hook('tooru_teleop', 'cmake_prefix_path')
[0.437s] INFO:colcon.colcon_core.shell:Creating environment hook '/home/rama/ROS/tooru_ros2_ws/install/tooru_teleop/share/tooru_teleop/hook/cmake_prefix_path.ps1'
[0.438s] INFO:colcon.colcon_core.shell:Creating environment descriptor '/home/rama/ROS/tooru_ros2_ws/install/tooru_teleop/share/tooru_teleop/hook/cmake_prefix_path.dsv'
[0.439s] INFO:colcon.colcon_core.shell:Creating environment hook '/home/rama/ROS/tooru_ros2_ws/install/tooru_teleop/share/tooru_teleop/hook/cmake_prefix_path.sh'
[0.439s] Level 1:colcon.colcon_core.environment:checking '/home/rama/ROS/tooru_ros2_ws/install/tooru_teleop/lib'
[0.439s] Level 1:colcon.colcon_core.shell:create_environment_hook('tooru_teleop', 'ld_library_path_lib')
[0.440s] INFO:colcon.colcon_core.shell:Creating environment hook '/home/rama/ROS/tooru_ros2_ws/install/tooru_teleop/share/tooru_teleop/hook/ld_library_path_lib.ps1'
[0.440s] INFO:colcon.colcon_core.shell:Creating environment descriptor '/home/rama/ROS/tooru_ros2_ws/install/tooru_teleop/share/tooru_teleop/hook/ld_library_path_lib.dsv'
[0.441s] INFO:colcon.colcon_core.shell:Creating environment hook '/home/rama/ROS/tooru_ros2_ws/install/tooru_teleop/share/tooru_teleop/hook/ld_library_path_lib.sh'
[0.441s] Level 1:colcon.colcon_core.environment:checking '/home/rama/ROS/tooru_ros2_ws/install/tooru_teleop/bin'
[0.441s] Level 1:colcon.colcon_core.environment:checking '/home/rama/ROS/tooru_ros2_ws/install/tooru_teleop/lib/pkgconfig/tooru_teleop.pc'
[0.441s] Level 1:colcon.colcon_core.environment:checking '/home/rama/ROS/tooru_ros2_ws/install/tooru_teleop/lib/python3.10/site-packages'
[0.442s] Level 1:colcon.colcon_core.environment:checking '/home/rama/ROS/tooru_ros2_ws/install/tooru_teleop/bin'
[0.443s] INFO:colcon.colcon_core.shell:Creating package script '/home/rama/ROS/tooru_ros2_ws/install/tooru_teleop/share/tooru_teleop/package.ps1'
[0.443s] INFO:colcon.colcon_core.shell:Creating package descriptor '/home/rama/ROS/tooru_ros2_ws/install/tooru_teleop/share/tooru_teleop/package.dsv'
[0.444s] INFO:colcon.colcon_core.shell:Creating package script '/home/rama/ROS/tooru_ros2_ws/install/tooru_teleop/share/tooru_teleop/package.sh'
[0.444s] INFO:colcon.colcon_core.shell:Creating package script '/home/rama/ROS/tooru_ros2_ws/install/tooru_teleop/share/tooru_teleop/package.bash'
[0.444s] INFO:colcon.colcon_core.shell:Creating package script '/home/rama/ROS/tooru_ros2_ws/install/tooru_teleop/share/tooru_teleop/package.zsh'
[0.444s] Level 1:colcon.colcon_core.environment:create_file_with_runtime_dependencies(/home/rama/ROS/tooru_ros2_ws/install/tooru_teleop/share/colcon-core/packages/tooru_teleop)
[0.445s] Level 1:colcon.colcon_core.environment:create_environment_scripts_only(dynamixel_sdk)
[0.446s] Level 1:colcon.colcon_core.environment:checking '/home/rama/ROS/tooru_ros2_ws/install/dynamixel_sdk' for CMake module files
[0.447s] DEBUG:colcon.colcon_core.event_handler.log_command:Invoked command in '/home/rama/ROS/tooru_ros2_ws/build/dynamixel_sdk' returned '0': CMAKE_PREFIX_PATH=${CMAKE_PREFIX_PATH}:/opt/ros/humble /usr/bin/cmake --install /home/rama/ROS/tooru_ros2_ws/build/dynamixel_sdk
[0.448s] Level 1:colcon.colcon_core.environment:checking '/home/rama/ROS/tooru_ros2_ws/install/dynamixel_sdk' for CMake config files
[0.448s] Level 1:colcon.colcon_core.shell:create_environment_hook('dynamixel_sdk', 'cmake_prefix_path')
[0.450s] INFO:colcon.colcon_core.shell:Creating environment hook '/home/rama/ROS/tooru_ros2_ws/install/dynamixel_sdk/share/dynamixel_sdk/hook/cmake_prefix_path.ps1'
[0.450s] INFO:colcon.colcon_core.shell:Creating environment descriptor '/home/rama/ROS/tooru_ros2_ws/install/dynamixel_sdk/share/dynamixel_sdk/hook/cmake_prefix_path.dsv'
[0.451s] INFO:colcon.colcon_core.shell:Creating environment hook '/home/rama/ROS/tooru_ros2_ws/install/dynamixel_sdk/share/dynamixel_sdk/hook/cmake_prefix_path.sh'
[0.451s] Level 1:colcon.colcon_core.environment:checking '/home/rama/ROS/tooru_ros2_ws/install/dynamixel_sdk/lib'
[0.451s] Level 1:colcon.colcon_core.shell:create_environment_hook('dynamixel_sdk', 'ld_library_path_lib')
[0.452s] INFO:colcon.colcon_core.shell:Creating environment hook '/home/rama/ROS/tooru_ros2_ws/install/dynamixel_sdk/share/dynamixel_sdk/hook/ld_library_path_lib.ps1'
[0.452s] INFO:colcon.colcon_core.shell:Creating environment descriptor '/home/rama/ROS/tooru_ros2_ws/install/dynamixel_sdk/share/dynamixel_sdk/hook/ld_library_path_lib.dsv'
[0.453s] INFO:colcon.colcon_core.shell:Creating environment hook '/home/rama/ROS/tooru_ros2_ws/install/dynamixel_sdk/share/dynamixel_sdk/hook/ld_library_path_lib.sh'
[0.453s] Level 1:colcon.colcon_core.environment:checking '/home/rama/ROS/tooru_ros2_ws/install/dynamixel_sdk/bin'
[0.453s] Level 1:colcon.colcon_core.environment:checking '/home/rama/ROS/tooru_ros2_ws/install/dynamixel_sdk/lib/pkgconfig/dynamixel_sdk.pc'
[0.453s] Level 1:colcon.colcon_core.environment:checking '/home/rama/ROS/tooru_ros2_ws/install/dynamixel_sdk/lib/python3.10/site-packages'
[0.453s] Level 1:colcon.colcon_core.environment:checking '/home/rama/ROS/tooru_ros2_ws/install/dynamixel_sdk/bin'
[0.454s] INFO:colcon.colcon_core.shell:Creating package script '/home/rama/ROS/tooru_ros2_ws/install/dynamixel_sdk/share/dynamixel_sdk/package.ps1'
[0.455s] INFO:colcon.colcon_core.shell:Creating package descriptor '/home/rama/ROS/tooru_ros2_ws/install/dynamixel_sdk/share/dynamixel_sdk/package.dsv'
[0.455s] INFO:colcon.colcon_core.shell:Creating package script '/home/rama/ROS/tooru_ros2_ws/install/dynamixel_sdk/share/dynamixel_sdk/package.sh'
[0.455s] INFO:colcon.colcon_core.shell:Creating package script '/home/rama/ROS/tooru_ros2_ws/install/dynamixel_sdk/share/dynamixel_sdk/package.bash'
[0.455s] INFO:colcon.colcon_core.shell:Creating package script '/home/rama/ROS/tooru_ros2_ws/install/dynamixel_sdk/share/dynamixel_sdk/package.zsh'
[0.455s] Level 1:colcon.colcon_core.environment:create_file_with_runtime_dependencies(/home/rama/ROS/tooru_ros2_ws/install/dynamixel_sdk/share/colcon-core/packages/dynamixel_sdk)
[0.458s] Level 1:colcon.colcon_core.environment:create_environment_scripts_only(tooru_mobile)
[0.459s] Level 1:colcon.colcon_core.environment:checking '/home/rama/ROS/tooru_ros2_ws/install/tooru_mobile' for CMake module files
[0.459s] Level 1:colcon.colcon_core.environment:checking '/home/rama/ROS/tooru_ros2_ws/install/tooru_mobile' for CMake config files
[0.460s] Level 1:colcon.colcon_core.shell:create_environment_hook('tooru_mobile', 'cmake_prefix_path')
[0.460s] INFO:colcon.colcon_core.shell:Creating environment hook '/home/rama/ROS/tooru_ros2_ws/install/tooru_mobile/share/tooru_mobile/hook/cmake_prefix_path.ps1'
[0.461s] INFO:colcon.colcon_core.shell:Creating environment descriptor '/home/rama/ROS/tooru_ros2_ws/install/tooru_mobile/share/tooru_mobile/hook/cmake_prefix_path.dsv'
[0.461s] INFO:colcon.colcon_core.shell:Creating environment hook '/home/rama/ROS/tooru_ros2_ws/install/tooru_mobile/share/tooru_mobile/hook/cmake_prefix_path.sh'
[0.461s] Level 1:colcon.colcon_core.environment:checking '/home/rama/ROS/tooru_ros2_ws/install/tooru_mobile/lib'
[0.461s] Level 1:colcon.colcon_core.shell:create_environment_hook('tooru_mobile', 'ld_library_path_lib')
[0.462s] INFO:colcon.colcon_core.shell:Creating environment hook '/home/rama/ROS/tooru_ros2_ws/install/tooru_mobile/share/tooru_mobile/hook/ld_library_path_lib.ps1'
[0.462s] INFO:colcon.colcon_core.shell:Creating environment descriptor '/home/rama/ROS/tooru_ros2_ws/install/tooru_mobile/share/tooru_mobile/hook/ld_library_path_lib.dsv'
[0.462s] INFO:colcon.colcon_core.shell:Creating environment hook '/home/rama/ROS/tooru_ros2_ws/install/tooru_mobile/share/tooru_mobile/hook/ld_library_path_lib.sh'
[0.463s] Level 1:colcon.colcon_core.environment:checking '/home/rama/ROS/tooru_ros2_ws/install/tooru_mobile/bin'
[0.463s] Level 1:colcon.colcon_core.environment:checking '/home/rama/ROS/tooru_ros2_ws/install/tooru_mobile/lib/pkgconfig/tooru_mobile.pc'
[0.463s] Level 1:colcon.colcon_core.environment:checking '/home/rama/ROS/tooru_ros2_ws/install/tooru_mobile/lib/python3.10/site-packages'
[0.463s] Level 1:colcon.colcon_core.environment:checking '/home/rama/ROS/tooru_ros2_ws/install/tooru_mobile/bin'
[0.464s] INFO:colcon.colcon_core.shell:Creating package script '/home/rama/ROS/tooru_ros2_ws/install/tooru_mobile/share/tooru_mobile/package.ps1'
[0.464s] INFO:colcon.colcon_core.shell:Creating package descriptor '/home/rama/ROS/tooru_ros2_ws/install/tooru_mobile/share/tooru_mobile/package.dsv'
[0.465s] INFO:colcon.colcon_core.shell:Creating package script '/home/rama/ROS/tooru_ros2_ws/install/tooru_mobile/share/tooru_mobile/package.sh'
[0.465s] INFO:colcon.colcon_core.shell:Creating package script '/home/rama/ROS/tooru_ros2_ws/install/tooru_mobile/share/tooru_mobile/package.bash'
[0.465s] INFO:colcon.colcon_core.shell:Creating package script '/home/rama/ROS/tooru_ros2_ws/install/tooru_mobile/share/tooru_mobile/package.zsh'
[0.466s] Level 1:colcon.colcon_core.environment:create_file_with_runtime_dependencies(/home/rama/ROS/tooru_ros2_ws/install/tooru_mobile/share/colcon-core/packages/tooru_mobile)
[0.468s] Level 1:colcon.colcon_core.environment:create_environment_scripts_only(tooru_teleop)
[0.469s] Level 1:colcon.colcon_core.environment:checking '/home/rama/ROS/tooru_ros2_ws/install/tooru_teleop' for CMake module files
[0.469s] Level 1:colcon.colcon_core.environment:checking '/home/rama/ROS/tooru_ros2_ws/install/tooru_teleop' for CMake config files
[0.470s] Level 1:colcon.colcon_core.shell:create_environment_hook('tooru_teleop', 'cmake_prefix_path')
[0.471s] INFO:colcon.colcon_core.shell:Creating environment hook '/home/rama/ROS/tooru_ros2_ws/install/tooru_teleop/share/tooru_teleop/hook/cmake_prefix_path.ps1'
[0.471s] INFO:colcon.colcon_core.shell:Creating environment descriptor '/home/rama/ROS/tooru_ros2_ws/install/tooru_teleop/share/tooru_teleop/hook/cmake_prefix_path.dsv'
[0.471s] INFO:colcon.colcon_core.shell:Creating environment hook '/home/rama/ROS/tooru_ros2_ws/install/tooru_teleop/share/tooru_teleop/hook/cmake_prefix_path.sh'
[0.471s] Level 1:colcon.colcon_core.environment:checking '/home/rama/ROS/tooru_ros2_ws/install/tooru_teleop/lib'
[0.472s] Level 1:colcon.colcon_core.shell:create_environment_hook('tooru_teleop', 'ld_library_path_lib')
[0.472s] INFO:colcon.colcon_core.shell:Creating environment hook '/home/rama/ROS/tooru_ros2_ws/install/tooru_teleop/share/tooru_teleop/hook/ld_library_path_lib.ps1'
[0.473s] INFO:colcon.colcon_core.shell:Creating environment descriptor '/home/rama/ROS/tooru_ros2_ws/install/tooru_teleop/share/tooru_teleop/hook/ld_library_path_lib.dsv'
[0.473s] INFO:colcon.colcon_core.shell:Creating environment hook '/home/rama/ROS/tooru_ros2_ws/install/tooru_teleop/share/tooru_teleop/hook/ld_library_path_lib.sh'
[0.473s] Level 1:colcon.colcon_core.environment:checking '/home/rama/ROS/tooru_ros2_ws/install/tooru_teleop/bin'
[0.473s] Level 1:colcon.colcon_core.environment:checking '/home/rama/ROS/tooru_ros2_ws/install/tooru_teleop/lib/pkgconfig/tooru_teleop.pc'
[0.473s] Level 1:colcon.colcon_core.environment:checking '/home/rama/ROS/tooru_ros2_ws/install/tooru_teleop/lib/python3.10/site-packages'
[0.473s] Level 1:colcon.colcon_core.environment:checking '/home/rama/ROS/tooru_ros2_ws/install/tooru_teleop/bin'
[0.474s] INFO:colcon.colcon_core.shell:Creating package script '/home/rama/ROS/tooru_ros2_ws/install/tooru_teleop/share/tooru_teleop/package.ps1'
[0.475s] INFO:colcon.colcon_core.shell:Creating package descriptor '/home/rama/ROS/tooru_ros2_ws/install/tooru_teleop/share/tooru_teleop/package.dsv'
[0.475s] INFO:colcon.colcon_core.shell:Creating package script '/home/rama/ROS/tooru_ros2_ws/install/tooru_teleop/share/tooru_teleop/package.sh'
[0.475s] INFO:colcon.colcon_core.shell:Creating package script '/home/rama/ROS/tooru_ros2_ws/install/tooru_teleop/share/tooru_teleop/package.bash'
[0.475s] INFO:colcon.colcon_core.shell:Creating package script '/home/rama/ROS/tooru_ros2_ws/install/tooru_teleop/share/tooru_teleop/package.zsh'
[0.476s] Level 1:colcon.colcon_core.environment:create_file_with_runtime_dependencies(/home/rama/ROS/tooru_ros2_ws/install/tooru_teleop/share/colcon-core/packages/tooru_teleop)
[0.485s] Level 1:colcon.colcon_core.environment:create_environment_scripts_only(dynamixel_sdk)
[0.486s] Level 1:colcon.colcon_core.environment:checking '/home/rama/ROS/tooru_ros2_ws/install/dynamixel_sdk' for CMake module files
[0.486s] Level 1:colcon.colcon_core.environment:checking '/home/rama/ROS/tooru_ros2_ws/install/dynamixel_sdk' for CMake config files
[0.486s] Level 1:colcon.colcon_core.shell:create_environment_hook('dynamixel_sdk', 'cmake_prefix_path')
[0.487s] INFO:colcon.colcon_core.shell:Creating environment hook '/home/rama/ROS/tooru_ros2_ws/install/dynamixel_sdk/share/dynamixel_sdk/hook/cmake_prefix_path.ps1'
[0.487s] INFO:colcon.colcon_core.shell:Creating environment descriptor '/home/rama/ROS/tooru_ros2_ws/install/dynamixel_sdk/share/dynamixel_sdk/hook/cmake_prefix_path.dsv'
[0.488s] INFO:colcon.colcon_core.shell:Creating environment hook '/home/rama/ROS/tooru_ros2_ws/install/dynamixel_sdk/share/dynamixel_sdk/hook/cmake_prefix_path.sh'
[0.488s] Level 1:colcon.colcon_core.environment:checking '/home/rama/ROS/tooru_ros2_ws/install/dynamixel_sdk/lib'
[0.488s] Level 1:colcon.colcon_core.shell:create_environment_hook('dynamixel_sdk', 'ld_library_path_lib')
[0.489s] INFO:colcon.colcon_core.shell:Creating environment hook '/home/rama/ROS/tooru_ros2_ws/install/dynamixel_sdk/share/dynamixel_sdk/hook/ld_library_path_lib.ps1'
[0.489s] INFO:colcon.colcon_core.shell:Creating environment descriptor '/home/rama/ROS/tooru_ros2_ws/install/dynamixel_sdk/share/dynamixel_sdk/hook/ld_library_path_lib.dsv'
[0.489s] INFO:colcon.colcon_core.shell:Creating environment hook '/home/rama/ROS/tooru_ros2_ws/install/dynamixel_sdk/share/dynamixel_sdk/hook/ld_library_path_lib.sh'
[0.489s] Level 1:colcon.colcon_core.environment:checking '/home/rama/ROS/tooru_ros2_ws/install/dynamixel_sdk/bin'
[0.489s] Level 1:colcon.colcon_core.environment:checking '/home/rama/ROS/tooru_ros2_ws/install/dynamixel_sdk/lib/pkgconfig/dynamixel_sdk.pc'
[0.490s] Level 1:colcon.colcon_core.environment:checking '/home/rama/ROS/tooru_ros2_ws/install/dynamixel_sdk/lib/python3.10/site-packages'
[0.490s] Level 1:colcon.colcon_core.environment:checking '/home/rama/ROS/tooru_ros2_ws/install/dynamixel_sdk/bin'
[0.491s] INFO:colcon.colcon_core.shell:Creating package script '/home/rama/ROS/tooru_ros2_ws/install/dynamixel_sdk/share/dynamixel_sdk/package.ps1'
[0.491s] INFO:colcon.colcon_core.shell:Creating package descriptor '/home/rama/ROS/tooru_ros2_ws/install/dynamixel_sdk/share/dynamixel_sdk/package.dsv'
[0.491s] INFO:colcon.colcon_core.shell:Creating package script '/home/rama/ROS/tooru_ros2_ws/install/dynamixel_sdk/share/dynamixel_sdk/package.sh'
[0.491s] INFO:colcon.colcon_core.shell:Creating package script '/home/rama/ROS/tooru_ros2_ws/install/dynamixel_sdk/share/dynamixel_sdk/package.bash'
[0.492s] INFO:colcon.colcon_core.shell:Creating package script '/home/rama/ROS/tooru_ros2_ws/install/dynamixel_sdk/share/dynamixel_sdk/package.zsh'
[0.492s] Level 1:colcon.colcon_core.environment:create_file_with_runtime_dependencies(/home/rama/ROS/tooru_ros2_ws/install/dynamixel_sdk/share/colcon-core/packages/dynamixel_sdk)
[0.572s] DEBUG:colcon.colcon_core.event_handler.log_command:Invoked command in '/home/rama/ROS/tooru_ros2_ws/build/dynamixel_sdk_custom_interfaces' returned '0': CMAKE_PREFIX_PATH=${CMAKE_PREFIX_PATH}:/opt/ros/humble /usr/bin/cmake --build /home/rama/ROS/tooru_ros2_ws/build/dynamixel_sdk_custom_interfaces -- -j16 -l16
[0.622s] DEBUG:colcon.colcon_core.event_handler.log_command:Invoking command in '/home/rama/ROS/tooru_ros2_ws/build/dynamixel_sdk_custom_interfaces': CMAKE_PREFIX_PATH=${CMAKE_PREFIX_PATH}:/opt/ros/humble /usr/bin/cmake --install /home/rama/ROS/tooru_ros2_ws/build/dynamixel_sdk_custom_interfaces
[0.658s] Level 1:colcon.colcon_core.environment:create_environment_scripts_only(dynamixel_sdk_custom_interfaces)
[0.659s] Level 1:colcon.colcon_core.environment:checking '/home/rama/ROS/tooru_ros2_ws/install/dynamixel_sdk_custom_interfaces' for CMake module files
[0.659s] DEBUG:colcon.colcon_core.event_handler.log_command:Invoked command in '/home/rama/ROS/tooru_ros2_ws/build/dynamixel_sdk_custom_interfaces' returned '0': CMAKE_PREFIX_PATH=${CMAKE_PREFIX_PATH}:/opt/ros/humble /usr/bin/cmake --install /home/rama/ROS/tooru_ros2_ws/build/dynamixel_sdk_custom_interfaces
[0.659s] Level 1:colcon.colcon_core.environment:checking '/home/rama/ROS/tooru_ros2_ws/install/dynamixel_sdk_custom_interfaces' for CMake config files
[0.660s] Level 1:colcon.colcon_core.shell:create_environment_hook('dynamixel_sdk_custom_interfaces', 'cmake_prefix_path')
[0.660s] INFO:colcon.colcon_core.shell:Creating environment hook '/home/rama/ROS/tooru_ros2_ws/install/dynamixel_sdk_custom_interfaces/share/dynamixel_sdk_custom_interfaces/hook/cmake_prefix_path.ps1'
[0.661s] INFO:colcon.colcon_core.shell:Creating environment descriptor '/home/rama/ROS/tooru_ros2_ws/install/dynamixel_sdk_custom_interfaces/share/dynamixel_sdk_custom_interfaces/hook/cmake_prefix_path.dsv'
[0.661s] INFO:colcon.colcon_core.shell:Creating environment hook '/home/rama/ROS/tooru_ros2_ws/install/dynamixel_sdk_custom_interfaces/share/dynamixel_sdk_custom_interfaces/hook/cmake_prefix_path.sh'
[0.661s] Level 1:colcon.colcon_core.environment:checking '/home/rama/ROS/tooru_ros2_ws/install/dynamixel_sdk_custom_interfaces/lib'
[0.661s] Level 1:colcon.colcon_core.shell:create_environment_hook('dynamixel_sdk_custom_interfaces', 'ld_library_path_lib')
[0.662s] INFO:colcon.colcon_core.shell:Creating environment hook '/home/rama/ROS/tooru_ros2_ws/install/dynamixel_sdk_custom_interfaces/share/dynamixel_sdk_custom_interfaces/hook/ld_library_path_lib.ps1'
[0.662s] INFO:colcon.colcon_core.shell:Creating environment descriptor '/home/rama/ROS/tooru_ros2_ws/install/dynamixel_sdk_custom_interfaces/share/dynamixel_sdk_custom_interfaces/hook/ld_library_path_lib.dsv'
[0.662s] INFO:colcon.colcon_core.shell:Creating environment hook '/home/rama/ROS/tooru_ros2_ws/install/dynamixel_sdk_custom_interfaces/share/dynamixel_sdk_custom_interfaces/hook/ld_library_path_lib.sh'
[0.662s] Level 1:colcon.colcon_core.environment:checking '/home/rama/ROS/tooru_ros2_ws/install/dynamixel_sdk_custom_interfaces/bin'
[0.663s] Level 1:colcon.colcon_core.environment:checking '/home/rama/ROS/tooru_ros2_ws/install/dynamixel_sdk_custom_interfaces/lib/pkgconfig/dynamixel_sdk_custom_interfaces.pc'
[0.663s] Level 1:colcon.colcon_core.environment:checking '/home/rama/ROS/tooru_ros2_ws/install/dynamixel_sdk_custom_interfaces/lib/python3.10/site-packages'
[0.663s] Level 1:colcon.colcon_core.environment:checking '/home/rama/ROS/tooru_ros2_ws/install/dynamixel_sdk_custom_interfaces/bin'
[0.664s] INFO:colcon.colcon_core.shell:Creating package script '/home/rama/ROS/tooru_ros2_ws/install/dynamixel_sdk_custom_interfaces/share/dynamixel_sdk_custom_interfaces/package.ps1'
[0.664s] INFO:colcon.colcon_core.shell:Creating package descriptor '/home/rama/ROS/tooru_ros2_ws/install/dynamixel_sdk_custom_interfaces/share/dynamixel_sdk_custom_interfaces/package.dsv'
[0.664s] INFO:colcon.colcon_core.shell:Creating package script '/home/rama/ROS/tooru_ros2_ws/install/dynamixel_sdk_custom_interfaces/share/dynamixel_sdk_custom_interfaces/package.sh'
[0.664s] INFO:colcon.colcon_core.shell:Creating package script '/home/rama/ROS/tooru_ros2_ws/install/dynamixel_sdk_custom_interfaces/share/dynamixel_sdk_custom_interfaces/package.bash'
[0.664s] INFO:colcon.colcon_core.shell:Creating package script '/home/rama/ROS/tooru_ros2_ws/install/dynamixel_sdk_custom_interfaces/share/dynamixel_sdk_custom_interfaces/package.zsh'
[0.664s] Level 1:colcon.colcon_core.environment:create_file_with_runtime_dependencies(/home/rama/ROS/tooru_ros2_ws/install/dynamixel_sdk_custom_interfaces/share/colcon-core/packages/dynamixel_sdk_custom_interfaces)
[0.776s] Level 1:colcon.colcon_core.environment:create_environment_scripts_only(dynamixel_sdk_custom_interfaces)
[0.779s] Level 1:colcon.colcon_core.environment:checking '/home/rama/ROS/tooru_ros2_ws/install/dynamixel_sdk_custom_interfaces' for CMake module files
[0.780s] Level 1:colcon.colcon_core.environment:checking '/home/rama/ROS/tooru_ros2_ws/install/dynamixel_sdk_custom_interfaces' for CMake config files
[0.782s] Level 1:colcon.colcon_core.shell:create_environment_hook('dynamixel_sdk_custom_interfaces', 'cmake_prefix_path')
[0.784s] INFO:colcon.colcon_core.shell:Creating environment hook '/home/rama/ROS/tooru_ros2_ws/install/dynamixel_sdk_custom_interfaces/share/dynamixel_sdk_custom_interfaces/hook/cmake_prefix_path.ps1'
[0.784s] INFO:colcon.colcon_core.shell:Creating environment descriptor '/home/rama/ROS/tooru_ros2_ws/install/dynamixel_sdk_custom_interfaces/share/dynamixel_sdk_custom_interfaces/hook/cmake_prefix_path.dsv'
[0.785s] INFO:colcon.colcon_core.shell:Creating environment hook '/home/rama/ROS/tooru_ros2_ws/install/dynamixel_sdk_custom_interfaces/share/dynamixel_sdk_custom_interfaces/hook/cmake_prefix_path.sh'
[0.786s] Level 1:colcon.colcon_core.environment:checking '/home/rama/ROS/tooru_ros2_ws/install/dynamixel_sdk_custom_interfaces/lib'
[0.786s] Level 1:colcon.colcon_core.shell:create_environment_hook('dynamixel_sdk_custom_interfaces', 'ld_library_path_lib')
[0.788s] INFO:colcon.colcon_core.shell:Creating environment hook '/home/rama/ROS/tooru_ros2_ws/install/dynamixel_sdk_custom_interfaces/share/dynamixel_sdk_custom_interfaces/hook/ld_library_path_lib.ps1'
[0.789s] INFO:colcon.colcon_core.shell:Creating environment descriptor '/home/rama/ROS/tooru_ros2_ws/install/dynamixel_sdk_custom_interfaces/share/dynamixel_sdk_custom_interfaces/hook/ld_library_path_lib.dsv'
[0.789s] INFO:colcon.colcon_core.shell:Creating environment hook '/home/rama/ROS/tooru_ros2_ws/install/dynamixel_sdk_custom_interfaces/share/dynamixel_sdk_custom_interfaces/hook/ld_library_path_lib.sh'
[0.790s] Level 1:colcon.colcon_core.environment:checking '/home/rama/ROS/tooru_ros2_ws/install/dynamixel_sdk_custom_interfaces/bin'
[0.790s] Level 1:colcon.colcon_core.environment:checking '/home/rama/ROS/tooru_ros2_ws/install/dynamixel_sdk_custom_interfaces/lib/pkgconfig/dynamixel_sdk_custom_interfaces.pc'
[0.791s] Level 1:colcon.colcon_core.environment:checking '/home/rama/ROS/tooru_ros2_ws/install/dynamixel_sdk_custom_interfaces/lib/python3.10/site-packages'
[0.791s] Level 1:colcon.colcon_core.environment:checking '/home/rama/ROS/tooru_ros2_ws/install/dynamixel_sdk_custom_interfaces/bin'
[0.793s] INFO:colcon.colcon_core.shell:Creating package script '/home/rama/ROS/tooru_ros2_ws/install/dynamixel_sdk_custom_interfaces/share/dynamixel_sdk_custom_interfaces/package.ps1'
[0.794s] INFO:colcon.colcon_core.shell:Creating package descriptor '/home/rama/ROS/tooru_ros2_ws/install/dynamixel_sdk_custom_interfaces/share/dynamixel_sdk_custom_interfaces/package.dsv'
[0.795s] INFO:colcon.colcon_core.shell:Creating package script '/home/rama/ROS/tooru_ros2_ws/install/dynamixel_sdk_custom_interfaces/share/dynamixel_sdk_custom_interfaces/package.sh'
[0.796s] INFO:colcon.colcon_core.shell:Creating package script '/home/rama/ROS/tooru_ros2_ws/install/dynamixel_sdk_custom_interfaces/share/dynamixel_sdk_custom_interfaces/package.bash'
[0.796s] INFO:colcon.colcon_core.shell:Creating package script '/home/rama/ROS/tooru_ros2_ws/install/dynamixel_sdk_custom_interfaces/share/dynamixel_sdk_custom_interfaces/package.zsh'
[0.797s] Level 1:colcon.colcon_core.environment:create_file_with_runtime_dependencies(/home/rama/ROS/tooru_ros2_ws/install/dynamixel_sdk_custom_interfaces/share/colcon-core/packages/dynamixel_sdk_custom_interfaces)
[0.798s] INFO:colcon.colcon_ros.task.ament_cmake.build:Building ROS package in '/home/rama/ROS/tooru_ros2_ws/src/DynamixelSDK/dynamixel_sdk_examples' with build type 'ament_cmake'
[0.798s] INFO:colcon.colcon_cmake.task.cmake.build:Building CMake package in '/home/rama/ROS/tooru_ros2_ws/src/DynamixelSDK/dynamixel_sdk_examples'
[0.800s] INFO:colcon.colcon_core.shell:Skip shell extension 'powershell' for command environment: Not usable outside of PowerShell
[0.801s] DEBUG:colcon.colcon_core.shell:Skip shell extension 'dsv' for command environment
[0.808s] INFO:colcon.colcon_ros.task.ament_cmake.build:Building ROS package in '/home/rama/ROS/tooru_ros2_ws/src/tooru_dynamixel' with build type 'ament_cmake'
[0.808s] INFO:colcon.colcon_cmake.task.cmake.build:Building CMake package in '/home/rama/ROS/tooru_ros2_ws/src/tooru_dynamixel'
[0.809s] INFO:colcon.colcon_core.shell:Skip shell extension 'powershell' for command environment: Not usable outside of PowerShell
[0.809s] DEBUG:colcon.colcon_core.shell:Skip shell extension 'dsv' for command environment
[0.817s] DEBUG:colcon.colcon_core.event_handler.log_command:Invoking command in '/home/rama/ROS/tooru_ros2_ws/build/dynamixel_sdk_examples': CMAKE_PREFIX_PATH=/home/rama/ROS/tooru_ros2_ws/install/dynamixel_sdk_custom_interfaces:/home/rama/ROS/tooru_ros2_ws/install/dynamixel_sdk:/home/rama/ROS/tooru_ros2_ws/install/tooru_dynamixel:/home/rama/ROS/tooru_ros2_ws/install/dynamixel_sdk_examples:/home/rama/ROS/tooru_ros2_ws/install/tooru_teleop:/home/rama/ROS/tooru_ros2_ws/install/tooru_mobile:/opt/ros/humble /usr/bin/cmake --build /home/rama/ROS/tooru_ros2_ws/build/dynamixel_sdk_examples -- -j16 -l16
[0.819s] DEBUG:colcon.colcon_core.event_handler.log_command:Invoking command in '/home/rama/ROS/tooru_ros2_ws/build/tooru_dynamixel': CMAKE_PREFIX_PATH=/home/rama/ROS/tooru_ros2_ws/install/dynamixel_sdk_custom_interfaces:/home/rama/ROS/tooru_ros2_ws/install/dynamixel_sdk:/home/rama/ROS/tooru_ros2_ws/install/tooru_dynamixel:/home/rama/ROS/tooru_ros2_ws/install/dynamixel_sdk_examples:/home/rama/ROS/tooru_ros2_ws/install/tooru_teleop:/home/rama/ROS/tooru_ros2_ws/install/tooru_mobile:/opt/ros/humble /usr/bin/cmake --build /home/rama/ROS/tooru_ros2_ws/build/tooru_dynamixel -- -j16 -l16
[0.908s] DEBUG:colcon.colcon_core.event_handler.log_command:Invoked command in '/home/rama/ROS/tooru_ros2_ws/build/dynamixel_sdk_examples' returned '0': CMAKE_PREFIX_PATH=/home/rama/ROS/tooru_ros2_ws/install/dynamixel_sdk_custom_interfaces:/home/rama/ROS/tooru_ros2_ws/install/dynamixel_sdk:/home/rama/ROS/tooru_ros2_ws/install/tooru_dynamixel:/home/rama/ROS/tooru_ros2_ws/install/dynamixel_sdk_examples:/home/rama/ROS/tooru_ros2_ws/install/tooru_teleop:/home/rama/ROS/tooru_ros2_ws/install/tooru_mobile:/opt/ros/humble /usr/bin/cmake --build /home/rama/ROS/tooru_ros2_ws/build/dynamixel_sdk_examples -- -j16 -l16
[0.945s] DEBUG:colcon.colcon_core.event_handler.log_command:Invoking command in '/home/rama/ROS/tooru_ros2_ws/build/dynamixel_sdk_examples': CMAKE_PREFIX_PATH=/home/rama/ROS/tooru_ros2_ws/install/dynamixel_sdk_custom_interfaces:/home/rama/ROS/tooru_ros2_ws/install/dynamixel_sdk:/home/rama/ROS/tooru_ros2_ws/install/tooru_dynamixel:/home/rama/ROS/tooru_ros2_ws/install/dynamixel_sdk_examples:/home/rama/ROS/tooru_ros2_ws/install/tooru_teleop:/home/rama/ROS/tooru_ros2_ws/install/tooru_mobile:/opt/ros/humble /usr/bin/cmake --install /home/rama/ROS/tooru_ros2_ws/build/dynamixel_sdk_examples
[0.958s] Level 1:colcon.colcon_core.environment:create_environment_scripts_only(dynamixel_sdk_examples)
[0.959s] Level 1:colcon.colcon_core.environment:checking '/home/rama/ROS/tooru_ros2_ws/install/dynamixel_sdk_examples' for CMake module files
[0.959s] DEBUG:colcon.colcon_core.event_handler.log_command:Invoked command in '/home/rama/ROS/tooru_ros2_ws/build/dynamixel_sdk_examples' returned '0': CMAKE_PREFIX_PATH=/home/rama/ROS/tooru_ros2_ws/install/dynamixel_sdk_custom_interfaces:/home/rama/ROS/tooru_ros2_ws/install/dynamixel_sdk:/home/rama/ROS/tooru_ros2_ws/install/tooru_dynamixel:/home/rama/ROS/tooru_ros2_ws/install/dynamixel_sdk_examples:/home/rama/ROS/tooru_ros2_ws/install/tooru_teleop:/home/rama/ROS/tooru_ros2_ws/install/tooru_mobile:/opt/ros/humble /usr/bin/cmake --install /home/rama/ROS/tooru_ros2_ws/build/dynamixel_sdk_examples
[0.960s] Level 1:colcon.colcon_core.environment:checking '/home/rama/ROS/tooru_ros2_ws/install/dynamixel_sdk_examples' for CMake config files
[0.960s] Level 1:colcon.colcon_core.shell:create_environment_hook('dynamixel_sdk_examples', 'cmake_prefix_path')
[0.961s] INFO:colcon.colcon_core.shell:Creating environment hook '/home/rama/ROS/tooru_ros2_ws/install/dynamixel_sdk_examples/share/dynamixel_sdk_examples/hook/cmake_prefix_path.ps1'
[0.961s] INFO:colcon.colcon_core.shell:Creating environment descriptor '/home/rama/ROS/tooru_ros2_ws/install/dynamixel_sdk_examples/share/dynamixel_sdk_examples/hook/cmake_prefix_path.dsv'
[0.961s] INFO:colcon.colcon_core.shell:Creating environment hook '/home/rama/ROS/tooru_ros2_ws/install/dynamixel_sdk_examples/share/dynamixel_sdk_examples/hook/cmake_prefix_path.sh'
[0.962s] Level 1:colcon.colcon_core.environment:checking '/home/rama/ROS/tooru_ros2_ws/install/dynamixel_sdk_examples/lib'
[0.962s] Level 1:colcon.colcon_core.environment:checking '/home/rama/ROS/tooru_ros2_ws/install/dynamixel_sdk_examples/bin'
[0.962s] Level 1:colcon.colcon_core.environment:checking '/home/rama/ROS/tooru_ros2_ws/install/dynamixel_sdk_examples/lib/pkgconfig/dynamixel_sdk_examples.pc'
[0.962s] Level 1:colcon.colcon_core.environment:checking '/home/rama/ROS/tooru_ros2_ws/install/dynamixel_sdk_examples/lib/python3.10/site-packages'
[0.962s] Level 1:colcon.colcon_core.environment:checking '/home/rama/ROS/tooru_ros2_ws/install/dynamixel_sdk_examples/bin'
[0.963s] INFO:colcon.colcon_core.shell:Creating package script '/home/rama/ROS/tooru_ros2_ws/install/dynamixel_sdk_examples/share/dynamixel_sdk_examples/package.ps1'
[0.963s] INFO:colcon.colcon_core.shell:Creating package descriptor '/home/rama/ROS/tooru_ros2_ws/install/dynamixel_sdk_examples/share/dynamixel_sdk_examples/package.dsv'
[0.963s] INFO:colcon.colcon_core.shell:Creating package script '/home/rama/ROS/tooru_ros2_ws/install/dynamixel_sdk_examples/share/dynamixel_sdk_examples/package.sh'
[0.964s] INFO:colcon.colcon_core.shell:Creating package script '/home/rama/ROS/tooru_ros2_ws/install/dynamixel_sdk_examples/share/dynamixel_sdk_examples/package.bash'
[0.964s] INFO:colcon.colcon_core.shell:Creating package script '/home/rama/ROS/tooru_ros2_ws/install/dynamixel_sdk_examples/share/dynamixel_sdk_examples/package.zsh'
[0.964s] Level 1:colcon.colcon_core.environment:create_file_with_runtime_dependencies(/home/rama/ROS/tooru_ros2_ws/install/dynamixel_sdk_examples/share/colcon-core/packages/dynamixel_sdk_examples)
[0.986s] Level 1:colcon.colcon_core.environment:create_environment_scripts_only(dynamixel_sdk_examples)
[0.988s] Level 1:colcon.colcon_core.environment:checking '/home/rama/ROS/tooru_ros2_ws/install/dynamixel_sdk_examples' for CMake module files
[0.988s] Level 1:colcon.colcon_core.environment:checking '/home/rama/ROS/tooru_ros2_ws/install/dynamixel_sdk_examples' for CMake config files
[0.988s] Level 1:colcon.colcon_core.shell:create_environment_hook('dynamixel_sdk_examples', 'cmake_prefix_path')
[0.989s] INFO:colcon.colcon_core.shell:Creating environment hook '/home/rama/ROS/tooru_ros2_ws/install/dynamixel_sdk_examples/share/dynamixel_sdk_examples/hook/cmake_prefix_path.ps1'
[0.989s] INFO:colcon.colcon_core.shell:Creating environment descriptor '/home/rama/ROS/tooru_ros2_ws/install/dynamixel_sdk_examples/share/dynamixel_sdk_examples/hook/cmake_prefix_path.dsv'
[0.989s] INFO:colcon.colcon_core.shell:Creating environment hook '/home/rama/ROS/tooru_ros2_ws/install/dynamixel_sdk_examples/share/dynamixel_sdk_examples/hook/cmake_prefix_path.sh'
[0.989s] Level 1:colcon.colcon_core.environment:checking '/home/rama/ROS/tooru_ros2_ws/install/dynamixel_sdk_examples/lib'
[0.990s] Level 1:colcon.colcon_core.environment:checking '/home/rama/ROS/tooru_ros2_ws/install/dynamixel_sdk_examples/bin'
[0.990s] Level 1:colcon.colcon_core.environment:checking '/home/rama/ROS/tooru_ros2_ws/install/dynamixel_sdk_examples/lib/pkgconfig/dynamixel_sdk_examples.pc'
[0.990s] Level 1:colcon.colcon_core.environment:checking '/home/rama/ROS/tooru_ros2_ws/install/dynamixel_sdk_examples/lib/python3.10/site-packages'
[0.990s] Level 1:colcon.colcon_core.environment:checking '/home/rama/ROS/tooru_ros2_ws/install/dynamixel_sdk_examples/bin'
[0.991s] INFO:colcon.colcon_core.shell:Creating package script '/home/rama/ROS/tooru_ros2_ws/install/dynamixel_sdk_examples/share/dynamixel_sdk_examples/package.ps1'
[0.991s] INFO:colcon.colcon_core.shell:Creating package descriptor '/home/rama/ROS/tooru_ros2_ws/install/dynamixel_sdk_examples/share/dynamixel_sdk_examples/package.dsv'
[0.991s] INFO:colcon.colcon_core.shell:Creating package script '/home/rama/ROS/tooru_ros2_ws/install/dynamixel_sdk_examples/share/dynamixel_sdk_examples/package.sh'
[0.991s] INFO:colcon.colcon_core.shell:Creating package script '/home/rama/ROS/tooru_ros2_ws/install/dynamixel_sdk_examples/share/dynamixel_sdk_examples/package.bash'
[0.992s] INFO:colcon.colcon_core.shell:Creating package script '/home/rama/ROS/tooru_ros2_ws/install/dynamixel_sdk_examples/share/dynamixel_sdk_examples/package.zsh'
[0.992s] Level 1:colcon.colcon_core.environment:create_file_with_runtime_dependencies(/home/rama/ROS/tooru_ros2_ws/install/dynamixel_sdk_examples/share/colcon-core/packages/dynamixel_sdk_examples)
[7.088s] DEBUG:colcon.colcon_core.event_handler.log_command:Invoked command in '/home/rama/ROS/tooru_ros2_ws/build/tooru_dynamixel' returned '0': CMAKE_PREFIX_PATH=/home/rama/ROS/tooru_ros2_ws/install/dynamixel_sdk_custom_interfaces:/home/rama/ROS/tooru_ros2_ws/install/dynamixel_sdk:/home/rama/ROS/tooru_ros2_ws/install/tooru_dynamixel:/home/rama/ROS/tooru_ros2_ws/install/dynamixel_sdk_examples:/home/rama/ROS/tooru_ros2_ws/install/tooru_teleop:/home/rama/ROS/tooru_ros2_ws/install/tooru_mobile:/opt/ros/humble /usr/bin/cmake --build /home/rama/ROS/tooru_ros2_ws/build/tooru_dynamixel -- -j16 -l16
[7.132s] DEBUG:colcon.colcon_core.event_handler.log_command:Invoking command in '/home/rama/ROS/tooru_ros2_ws/build/tooru_dynamixel': CMAKE_PREFIX_PATH=/home/rama/ROS/tooru_ros2_ws/install/dynamixel_sdk_custom_interfaces:/home/rama/ROS/tooru_ros2_ws/install/dynamixel_sdk:/home/rama/ROS/tooru_ros2_ws/install/tooru_dynamixel:/home/rama/ROS/tooru_ros2_ws/install/dynamixel_sdk_examples:/home/rama/ROS/tooru_ros2_ws/install/tooru_teleop:/home/rama/ROS/tooru_ros2_ws/install/tooru_mobile:/opt/ros/humble /usr/bin/cmake --install /home/rama/ROS/tooru_ros2_ws/build/tooru_dynamixel
[7.156s] Level 1:colcon.colcon_core.environment:create_environment_scripts_only(tooru_dynamixel)
[7.160s] Level 1:colcon.colcon_core.environment:checking '/home/rama/ROS/tooru_ros2_ws/install/tooru_dynamixel' for CMake module files
[7.161s] DEBUG:colcon.colcon_core.event_handler.log_command:Invoked command in '/home/rama/ROS/tooru_ros2_ws/build/tooru_dynamixel' returned '0': CMAKE_PREFIX_PATH=/home/rama/ROS/tooru_ros2_ws/install/dynamixel_sdk_custom_interfaces:/home/rama/ROS/tooru_ros2_ws/install/dynamixel_sdk:/home/rama/ROS/tooru_ros2_ws/install/tooru_dynamixel:/home/rama/ROS/tooru_ros2_ws/install/dynamixel_sdk_examples:/home/rama/ROS/tooru_ros2_ws/install/tooru_teleop:/home/rama/ROS/tooru_ros2_ws/install/tooru_mobile:/opt/ros/humble /usr/bin/cmake --install /home/rama/ROS/tooru_ros2_ws/build/tooru_dynamixel
[7.162s] Level 1:colcon.colcon_core.environment:checking '/home/rama/ROS/tooru_ros2_ws/install/tooru_dynamixel' for CMake config files
[7.163s] Level 1:colcon.colcon_core.shell:create_environment_hook('tooru_dynamixel', 'cmake_prefix_path')
[7.164s] INFO:colcon.colcon_core.shell:Creating environment hook '/home/rama/ROS/tooru_ros2_ws/install/tooru_dynamixel/share/tooru_dynamixel/hook/cmake_prefix_path.ps1'
[7.165s] INFO:colcon.colcon_core.shell:Creating environment descriptor '/home/rama/ROS/tooru_ros2_ws/install/tooru_dynamixel/share/tooru_dynamixel/hook/cmake_prefix_path.dsv'
[7.165s] INFO:colcon.colcon_core.shell:Creating environment hook '/home/rama/ROS/tooru_ros2_ws/install/tooru_dynamixel/share/tooru_dynamixel/hook/cmake_prefix_path.sh'
[7.166s] Level 1:colcon.colcon_core.environment:checking '/home/rama/ROS/tooru_ros2_ws/install/tooru_dynamixel/lib'
[7.166s] Level 1:colcon.colcon_core.environment:checking '/home/rama/ROS/tooru_ros2_ws/install/tooru_dynamixel/bin'
[7.166s] Level 1:colcon.colcon_core.environment:checking '/home/rama/ROS/tooru_ros2_ws/install/tooru_dynamixel/lib/pkgconfig/tooru_dynamixel.pc'
[7.166s] Level 1:colcon.colcon_core.environment:checking '/home/rama/ROS/tooru_ros2_ws/install/tooru_dynamixel/lib/python3.10/site-packages'
[7.166s] Level 1:colcon.colcon_core.environment:checking '/home/rama/ROS/tooru_ros2_ws/install/tooru_dynamixel/bin'
[7.167s] INFO:colcon.colcon_core.shell:Creating package script '/home/rama/ROS/tooru_ros2_ws/install/tooru_dynamixel/share/tooru_dynamixel/package.ps1'
[7.168s] INFO:colcon.colcon_core.shell:Creating package descriptor '/home/rama/ROS/tooru_ros2_ws/install/tooru_dynamixel/share/tooru_dynamixel/package.dsv'
[7.168s] INFO:colcon.colcon_core.shell:Creating package script '/home/rama/ROS/tooru_ros2_ws/install/tooru_dynamixel/share/tooru_dynamixel/package.sh'
[7.168s] INFO:colcon.colcon_core.shell:Creating package script '/home/rama/ROS/tooru_ros2_ws/install/tooru_dynamixel/share/tooru_dynamixel/package.bash'
[7.169s] INFO:colcon.colcon_core.shell:Creating package script '/home/rama/ROS/tooru_ros2_ws/install/tooru_dynamixel/share/tooru_dynamixel/package.zsh'
[7.169s] Level 1:colcon.colcon_core.environment:create_file_with_runtime_dependencies(/home/rama/ROS/tooru_ros2_ws/install/tooru_dynamixel/share/colcon-core/packages/tooru_dynamixel)
[7.186s] Level 1:colcon.colcon_core.environment:create_environment_scripts_only(tooru_dynamixel)
[7.187s] Level 1:colcon.colcon_core.environment:checking '/home/rama/ROS/tooru_ros2_ws/install/tooru_dynamixel' for CMake module files
[7.187s] Level 1:colcon.colcon_core.environment:checking '/home/rama/ROS/tooru_ros2_ws/install/tooru_dynamixel' for CMake config files
[7.187s] Level 1:colcon.colcon_core.shell:create_environment_hook('tooru_dynamixel', 'cmake_prefix_path')
[7.188s] INFO:colcon.colcon_core.shell:Creating environment hook '/home/rama/ROS/tooru_ros2_ws/install/tooru_dynamixel/share/tooru_dynamixel/hook/cmake_prefix_path.ps1'
[7.188s] INFO:colcon.colcon_core.shell:Creating environment descriptor '/home/rama/ROS/tooru_ros2_ws/install/tooru_dynamixel/share/tooru_dynamixel/hook/cmake_prefix_path.dsv'
[7.188s] INFO:colcon.colcon_core.shell:Creating environment hook '/home/rama/ROS/tooru_ros2_ws/install/tooru_dynamixel/share/tooru_dynamixel/hook/cmake_prefix_path.sh'
[7.189s] Level 1:colcon.colcon_core.environment:checking '/home/rama/ROS/tooru_ros2_ws/install/tooru_dynamixel/lib'
[7.189s] Level 1:colcon.colcon_core.environment:checking '/home/rama/ROS/tooru_ros2_ws/install/tooru_dynamixel/bin'
[7.189s] Level 1:colcon.colcon_core.environment:checking '/home/rama/ROS/tooru_ros2_ws/install/tooru_dynamixel/lib/pkgconfig/tooru_dynamixel.pc'
[7.189s] Level 1:colcon.colcon_core.environment:checking '/home/rama/ROS/tooru_ros2_ws/install/tooru_dynamixel/lib/python3.10/site-packages'
[7.189s] Level 1:colcon.colcon_core.environment:checking '/home/rama/ROS/tooru_ros2_ws/install/tooru_dynamixel/bin'
[7.190s] INFO:colcon.colcon_core.shell:Creating package script '/home/rama/ROS/tooru_ros2_ws/install/tooru_dynamixel/share/tooru_dynamixel/package.ps1'
[7.190s] INFO:colcon.colcon_core.shell:Creating package descriptor '/home/rama/ROS/tooru_ros2_ws/install/tooru_dynamixel/share/tooru_dynamixel/package.dsv'
[7.190s] INFO:colcon.colcon_core.shell:Creating package script '/home/rama/ROS/tooru_ros2_ws/install/tooru_dynamixel/share/tooru_dynamixel/package.sh'
[7.190s] INFO:colcon.colcon_core.shell:Creating package script '/home/rama/ROS/tooru_ros2_ws/install/tooru_dynamixel/share/tooru_dynamixel/package.bash'
[7.191s] INFO:colcon.colcon_core.shell:Creating package script '/home/rama/ROS/tooru_ros2_ws/install/tooru_dynamixel/share/tooru_dynamixel/package.zsh'
[7.191s] Level 1:colcon.colcon_core.environment:create_file_with_runtime_dependencies(/home/rama/ROS/tooru_ros2_ws/install/tooru_dynamixel/share/colcon-core/packages/tooru_dynamixel)
[7.191s] DEBUG:colcon.colcon_parallel_executor.executor.parallel:closing loop
[7.191s] DEBUG:colcon.colcon_parallel_executor.executor.parallel:loop closed
[7.191s] DEBUG:colcon.colcon_parallel_executor.executor.parallel:run_until_complete finished with '0'
[7.191s] DEBUG:colcon.colcon_core.event_reactor:joining thread
[7.195s] INFO:colcon.colcon_core.plugin_system:Skipping extension 'colcon_notification.desktop_notification.terminal_notifier': Not used on non-Darwin systems
[7.195s] INFO:colcon.colcon_core.plugin_system:Skipping extension 'colcon_notification.desktop_notification.win32': Not used on non-Windows systems
[7.195s] INFO:colcon.colcon_notification.desktop_notification:Sending desktop notification using 'notify2'
[7.203s] DEBUG:colcon.colcon_core.event_reactor:joined thread
[7.204s] INFO:colcon.colcon_core.shell:Creating prefix script '/home/rama/ROS/tooru_ros2_ws/install/local_setup.ps1'
[7.205s] INFO:colcon.colcon_core.shell:Creating prefix util module '/home/rama/ROS/tooru_ros2_ws/install/_local_setup_util_ps1.py'
[7.206s] INFO:colcon.colcon_core.shell:Creating prefix chain script '/home/rama/ROS/tooru_ros2_ws/install/setup.ps1'
[7.207s] INFO:colcon.colcon_core.shell:Creating prefix script '/home/rama/ROS/tooru_ros2_ws/install/local_setup.sh'
[7.207s] INFO:colcon.colcon_core.shell:Creating prefix util module '/home/rama/ROS/tooru_ros2_ws/install/_local_setup_util_sh.py'
[7.207s] INFO:colcon.colcon_core.shell:Creating prefix chain script '/home/rama/ROS/tooru_ros2_ws/install/setup.sh'
[7.208s] INFO:colcon.colcon_core.shell:Creating prefix script '/home/rama/ROS/tooru_ros2_ws/install/local_setup.bash'
[7.209s] INFO:colcon.colcon_core.shell:Creating prefix chain script '/home/rama/ROS/tooru_ros2_ws/install/setup.bash'
[7.210s] INFO:colcon.colcon_core.shell:Creating prefix script '/home/rama/ROS/tooru_ros2_ws/install/local_setup.zsh'
[7.210s] INFO:colcon.colcon_core.shell:Creating prefix chain script '/home/rama/ROS/tooru_ros2_ws/install/setup.zsh'
