-- The C compiler identification is GNU 11.3.0
-- The CXX compiler identification is GNU 11.3.0
-- Detecting C compiler ABI info
-- Detecting C compiler ABI info - done
-- Check for working C compiler: /usr/bin/cc - skipped
-- Detecting C compile features
-- Detecting C compile features - done
-- Detecting CXX compiler ABI info
-- Detecting CXX compiler ABI info - done
-- Check for working CXX compiler: /usr/bin/c++ - skipped
-- Detecting CXX compile features
-- Detecting CXX compile features - done
-- Found ament_cmake: 1.3.3 (/opt/ros/humble/share/ament_cmake/cmake)
-- Found Python3: /usr/bin/python3.10 (found version "3.10.6") found components: Interpreter 
-- Found geometry_msgs: 4.2.3 (/opt/ros/humble/share/geometry_msgs/cmake)
-- Found rosidl_generator_c: 3.1.4 (/opt/ros/humble/share/rosidl_generator_c/cmake)
-- Found rosidl_adapter: 3.1.4 (/opt/ros/humble/share/rosidl_adapter/cmake)
-- Found rosidl_generator_cpp: 3.1.4 (/opt/ros/humble/share/rosidl_generator_cpp/cmake)
-- Using all available rosidl_typesupport_c: rosidl_typesupport_fastrtps_c;rosidl_typesupport_introspection_c
-- Using all available rosidl_typesupport_cpp: rosidl_typesupport_fastrtps_cpp;rosidl_typesupport_introspection_cpp
-- Found rclcpp: 16.0.3 (/opt/ros/humble/share/rclcpp/cmake)
-- Found rmw_implementation_cmake: 6.1.1 (/opt/ros/humble/share/rmw_implementation_cmake/cmake)
-- Found rmw_fastrtps_cpp: 6.2.2 (/opt/ros/humble/share/rmw_fastrtps_cpp/cmake)
-- Found OpenSSL: /usr/lib/x86_64-linux-gnu/libcrypto.so (found version "3.0.2")  
-- Found FastRTPS: /opt/ros/humble/include  
-- Using RMW implementation 'rmw_fastrtps_cpp' as default
-- Looking for pthread.h
-- Looking for pthread.h - found
-- Performing Test CMAKE_HAVE_LIBC_PTHREAD
-- Performing Test CMAKE_HAVE_LIBC_PTHREAD - Success
-- Found Threads: TRUE  
-- Found rclcpp_components: 16.0.3 (/opt/ros/humble/share/rclcpp_components/cmake)
-- Found sensor_msgs: 4.2.3 (/opt/ros/humble/share/sensor_msgs/cmake)
-- Found ament_lint_auto: 0.12.5 (/opt/ros/humble/share/ament_lint_auto/cmake)
-- Added test 'cppcheck' to perform static code analysis on C / C++ code
-- Configured cppcheck include dirs: 
-- Configured cppcheck exclude dirs and/or files: 
-- Added test 'flake8' to check Python code syntax and style conventions
-- Added test 'lint_cmake' to check CMake code style
-- Added test 'pep257' to check Python code against some of the docstring style conventions in PEP 257
-- Added test 'uncrustify' to check C / C++ code style
-- Configured uncrustify additional arguments: 
-- Added test 'xmllint' to check XML markup files
-- Configuring done
-- Generating done
-- Build files have been written to: /home/ntlab/tooru_ros2_ws/build/tooru_teleop
[ 50%] [32mBuilding CXX object CMakeFiles/teleop_teleop_input.dir/src/teleop.cpp.o[0m
[01m[K/home/ntlab/tooru_ros2_ws/src/tooru_teleop/src/teleop.cpp:[m[K In function ‘[01m[Kbool convertJoyToCmd(const std::vector<float, std::allocator<float> >&, const std::vector<int, std::allocator<int> >&, std::unique_ptr<geometry_msgs::msg::TwistStamped_<std::allocator<void> >, std::default_delete<geometry_msgs::msg::TwistStamped_<std::allocator<void> > > >&)[m[K’:
[01m[K/home/ntlab/tooru_ros2_ws/src/tooru_teleop/src/teleop.cpp:58:78:[m[K [01;35m[Kwarning: [m[Kunused parameter ‘[01m[Kbuttons[m[K’ [[01;35m[K]8;;https://gcc.gnu.org/onlinedocs/gcc/Warning-Options.html#index-Wunused-parameter-Wunused-parameter]8;;[m[K]
   58 | ool convertJoyToCmd(const std::vector<float>& axes, [01;35m[Kconst std::vector<int>& buttons[m[K,
      |                                                     [01;35m[K~~~~~~~~~~~~~~~~~~~~~~~~^~~~~~~[m[K

[100%] [32m[1mLinking CXX shared library libteleop_teleop_input.so[0m
[100%] Built target teleop_teleop_input
-- Install configuration: ""
-- Installing: /home/ntlab/tooru_ros2_ws/install/tooru_teleop/lib/libteleop_teleop_input.so
-- Set runtime path of "/home/ntlab/tooru_ros2_ws/install/tooru_teleop/lib/libteleop_teleop_input.so" to ""
-- Installing: /home/ntlab/tooru_ros2_ws/install/tooru_teleop/share/ament_index/resource_index/package_run_dependencies/tooru_teleop
-- Installing: /home/ntlab/tooru_ros2_ws/install/tooru_teleop/share/ament_index/resource_index/parent_prefix_path/tooru_teleop
-- Installing: /home/ntlab/tooru_ros2_ws/install/tooru_teleop/share/tooru_teleop/environment/ament_prefix_path.sh
-- Installing: /home/ntlab/tooru_ros2_ws/install/tooru_teleop/share/tooru_teleop/environment/ament_prefix_path.dsv
-- Installing: /home/ntlab/tooru_ros2_ws/install/tooru_teleop/share/tooru_teleop/environment/path.sh
-- Installing: /home/ntlab/tooru_ros2_ws/install/tooru_teleop/share/tooru_teleop/environment/path.dsv
-- Installing: /home/ntlab/tooru_ros2_ws/install/tooru_teleop/share/tooru_teleop/local_setup.bash
-- Installing: /home/ntlab/tooru_ros2_ws/install/tooru_teleop/share/tooru_teleop/local_setup.sh
-- Installing: /home/ntlab/tooru_ros2_ws/install/tooru_teleop/share/tooru_teleop/local_setup.zsh
-- Installing: /home/ntlab/tooru_ros2_ws/install/tooru_teleop/share/tooru_teleop/local_setup.dsv
-- Installing: /home/ntlab/tooru_ros2_ws/install/tooru_teleop/share/tooru_teleop/package.dsv
-- Installing: /home/ntlab/tooru_ros2_ws/install/tooru_teleop/share/ament_index/resource_index/packages/tooru_teleop
-- Installing: /home/ntlab/tooru_ros2_ws/install/tooru_teleop/share/ament_index/resource_index/rclcpp_components/tooru_teleop
-- Installing: /home/ntlab/tooru_ros2_ws/install/tooru_teleop/share/tooru_teleop/cmake/tooru_teleopConfig.cmake
-- Installing: /home/ntlab/tooru_ros2_ws/install/tooru_teleop/share/tooru_teleop/cmake/tooru_teleopConfig-version.cmake
-- Installing: /home/ntlab/tooru_ros2_ws/install/tooru_teleop/share/tooru_teleop/package.xml
