[0.007s] Invoking command in '/home/ntlab/tooru_ros2_ws/build/tooru_teleop': CMAKE_PREFIX_PATH=${CMAKE_PREFIX_PATH}:/opt/ros/humble /usr/bin/cmake /home/ntlab/tooru_ros2_ws/src/tooru_teleop -DCMAKE_INSTALL_PREFIX=/home/ntlab/tooru_ros2_ws/install/tooru_teleop
[0.038s] -- The C compiler identification is GNU 11.3.0
[0.074s] -- The CXX compiler identification is GNU 11.3.0
[0.078s] -- Detecting C compiler ABI info
[0.116s] -- Detecting C compiler ABI info - done
[0.121s] -- Check for working C compiler: /usr/bin/cc - skipped
[0.121s] -- Detecting C compile features
[0.122s] -- Detecting C compile features - done
[0.124s] -- Detecting CXX compiler ABI info
[0.169s] -- Detecting CXX compiler ABI info - done
[0.175s] -- Check for working CXX compiler: /usr/bin/c++ - skipped
[0.175s] -- Detecting CXX compile features
[0.175s] -- Detecting CXX compile features - done
[0.176s] -- Found ament_cmake: 1.3.3 (/opt/ros/humble/share/ament_cmake/cmake)
[0.284s] -- Found Python3: /usr/bin/python3.10 (found version "3.10.6") found components: Interpreter 
[0.341s] -- Found geometry_msgs: 4.2.3 (/opt/ros/humble/share/geometry_msgs/cmake)
[0.365s] -- Found rosidl_generator_c: 3.1.4 (/opt/ros/humble/share/rosidl_generator_c/cmake)
[0.368s] -- Found rosidl_adapter: 3.1.4 (/opt/ros/humble/share/rosidl_adapter/cmake)
[0.374s] -- Found rosidl_generator_cpp: 3.1.4 (/opt/ros/humble/share/rosidl_generator_cpp/cmake)
[0.383s] -- Using all available rosidl_typesupport_c: rosidl_typesupport_fastrtps_c;rosidl_typesupport_introspection_c
[0.396s] -- Using all available rosidl_typesupport_cpp: rosidl_typesupport_fastrtps_cpp;rosidl_typesupport_introspection_cpp
[0.475s] -- Found rclcpp: 16.0.3 (/opt/ros/humble/share/rclcpp/cmake)
[0.516s] -- Found rmw_implementation_cmake: 6.1.1 (/opt/ros/humble/share/rmw_implementation_cmake/cmake)
[0.518s] -- Found rmw_fastrtps_cpp: 6.2.2 (/opt/ros/humble/share/rmw_fastrtps_cpp/cmake)
[0.574s] -- Found OpenSSL: /usr/lib/x86_64-linux-gnu/libcrypto.so (found version "3.0.2")  
[0.591s] -- Found FastRTPS: /opt/ros/humble/include  
[0.621s] -- Using RMW implementation 'rmw_fastrtps_cpp' as default
[0.627s] -- Looking for pthread.h
[0.669s] -- Looking for pthread.h - found
[0.669s] -- Performing Test CMAKE_HAVE_LIBC_PTHREAD
[0.711s] -- Performing Test CMAKE_HAVE_LIBC_PTHREAD - Success
[0.712s] -- Found Threads: TRUE  
[0.795s] -- Found rclcpp_components: 16.0.3 (/opt/ros/humble/share/rclcpp_components/cmake)
[0.838s] -- Found sensor_msgs: 4.2.3 (/opt/ros/humble/share/sensor_msgs/cmake)
[0.896s] -- Found ament_lint_auto: 0.12.5 (/opt/ros/humble/share/ament_lint_auto/cmake)
[0.948s] -- Added test 'cppcheck' to perform static code analysis on C / C++ code
[0.948s] -- Configured cppcheck include dirs: 
[0.948s] -- Configured cppcheck exclude dirs and/or files: 
[0.949s] -- Added test 'flake8' to check Python code syntax and style conventions
[0.949s] -- Added test 'lint_cmake' to check CMake code style
[0.950s] -- Added test 'pep257' to check Python code against some of the docstring style conventions in PEP 257
[0.951s] -- Added test 'uncrustify' to check C / C++ code style
[0.951s] -- Configured uncrustify additional arguments: 
[0.951s] -- Added test 'xmllint' to check XML markup files
[0.952s] -- Configuring done
[0.961s] -- Generating done
[0.962s] -- Build files have been written to: /home/ntlab/tooru_ros2_ws/build/tooru_teleop
[0.970s] Invoked command in '/home/ntlab/tooru_ros2_ws/build/tooru_teleop' returned '0': CMAKE_PREFIX_PATH=${CMAKE_PREFIX_PATH}:/opt/ros/humble /usr/bin/cmake /home/ntlab/tooru_ros2_ws/src/tooru_teleop -DCMAKE_INSTALL_PREFIX=/home/ntlab/tooru_ros2_ws/install/tooru_teleop
[0.971s] Invoking command in '/home/ntlab/tooru_ros2_ws/build/tooru_teleop': CMAKE_PREFIX_PATH=${CMAKE_PREFIX_PATH}:/opt/ros/humble /usr/bin/cmake --build /home/ntlab/tooru_ros2_ws/build/tooru_teleop -- -j16 -l16
[0.996s] [ 50%] [32mBuilding CXX object CMakeFiles/teleop_teleop_input.dir/src/teleop.cpp.o[0m
[2.522s] [01m[K/home/ntlab/tooru_ros2_ws/src/tooru_teleop/src/teleop.cpp:[m[K In function ‘[01m[Kbool convertJoyToCmd(const std::vector<float, std::allocator<float> >&, const std::vector<int, std::allocator<int> >&, std::unique_ptr<geometry_msgs::msg::TwistStamped_<std::allocator<void> >, std::default_delete<geometry_msgs::msg::TwistStamped_<std::allocator<void> > > >&)[m[K’:
[2.522s] [01m[K/home/ntlab/tooru_ros2_ws/src/tooru_teleop/src/teleop.cpp:58:78:[m[K [01;35m[Kwarning: [m[Kunused parameter ‘[01m[Kbuttons[m[K’ [[01;35m[K]8;;https://gcc.gnu.org/onlinedocs/gcc/Warning-Options.html#index-Wunused-parameter-Wunused-parameter]8;;[m[K]
[2.522s]    58 | ool convertJoyToCmd(const std::vector<float>& axes, [01;35m[Kconst std::vector<int>& buttons[m[K,
[2.522s]       |                                                     [01;35m[K~~~~~~~~~~~~~~~~~~~~~~~~^~~~~~~[m[K
[2.522s] 
[6.660s] [100%] [32m[1mLinking CXX shared library libteleop_teleop_input.so[0m
[6.937s] [100%] Built target teleop_teleop_input
[6.943s] Invoked command in '/home/ntlab/tooru_ros2_ws/build/tooru_teleop' returned '0': CMAKE_PREFIX_PATH=${CMAKE_PREFIX_PATH}:/opt/ros/humble /usr/bin/cmake --build /home/ntlab/tooru_ros2_ws/build/tooru_teleop -- -j16 -l16
[6.960s] Invoking command in '/home/ntlab/tooru_ros2_ws/build/tooru_teleop': CMAKE_PREFIX_PATH=${CMAKE_PREFIX_PATH}:/opt/ros/humble /usr/bin/cmake --install /home/ntlab/tooru_ros2_ws/build/tooru_teleop
[6.963s] -- Install configuration: ""
[6.963s] -- Installing: /home/ntlab/tooru_ros2_ws/install/tooru_teleop/lib/libteleop_teleop_input.so
[6.968s] -- Set runtime path of "/home/ntlab/tooru_ros2_ws/install/tooru_teleop/lib/libteleop_teleop_input.so" to ""
[6.968s] -- Installing: /home/ntlab/tooru_ros2_ws/install/tooru_teleop/share/ament_index/resource_index/package_run_dependencies/tooru_teleop
[6.968s] -- Installing: /home/ntlab/tooru_ros2_ws/install/tooru_teleop/share/ament_index/resource_index/parent_prefix_path/tooru_teleop
[6.968s] -- Installing: /home/ntlab/tooru_ros2_ws/install/tooru_teleop/share/tooru_teleop/environment/ament_prefix_path.sh
[6.968s] -- Installing: /home/ntlab/tooru_ros2_ws/install/tooru_teleop/share/tooru_teleop/environment/ament_prefix_path.dsv
[6.968s] -- Installing: /home/ntlab/tooru_ros2_ws/install/tooru_teleop/share/tooru_teleop/environment/path.sh
[6.968s] -- Installing: /home/ntlab/tooru_ros2_ws/install/tooru_teleop/share/tooru_teleop/environment/path.dsv
[6.968s] -- Installing: /home/ntlab/tooru_ros2_ws/install/tooru_teleop/share/tooru_teleop/local_setup.bash
[6.968s] -- Installing: /home/ntlab/tooru_ros2_ws/install/tooru_teleop/share/tooru_teleop/local_setup.sh
[6.968s] -- Installing: /home/ntlab/tooru_ros2_ws/install/tooru_teleop/share/tooru_teleop/local_setup.zsh
[6.969s] -- Installing: /home/ntlab/tooru_ros2_ws/install/tooru_teleop/share/tooru_teleop/local_setup.dsv
[6.969s] -- Installing: /home/ntlab/tooru_ros2_ws/install/tooru_teleop/share/tooru_teleop/package.dsv
[6.969s] -- Installing: /home/ntlab/tooru_ros2_ws/install/tooru_teleop/share/ament_index/resource_index/packages/tooru_teleop
[6.969s] -- Installing: /home/ntlab/tooru_ros2_ws/install/tooru_teleop/share/ament_index/resource_index/rclcpp_components/tooru_teleop
[6.969s] -- Installing: /home/ntlab/tooru_ros2_ws/install/tooru_teleop/share/tooru_teleop/cmake/tooru_teleopConfig.cmake
[6.969s] -- Installing: /home/ntlab/tooru_ros2_ws/install/tooru_teleop/share/tooru_teleop/cmake/tooru_teleopConfig-version.cmake
[6.969s] -- Installing: /home/ntlab/tooru_ros2_ws/install/tooru_teleop/share/tooru_teleop/package.xml
[6.972s] Invoked command in '/home/ntlab/tooru_ros2_ws/build/tooru_teleop' returned '0': CMAKE_PREFIX_PATH=${CMAKE_PREFIX_PATH}:/opt/ros/humble /usr/bin/cmake --install /home/ntlab/tooru_ros2_ws/build/tooru_teleop
