[0.009s] Invoking command in '/home/ntlab/tooru_ros2_ws/build/tooru_teleop': CMAKE_PREFIX_PATH=${CMAKE_PREFIX_PATH}:/opt/ros/humble /usr/bin/cmake --build /home/ntlab/tooru_ros2_ws/build/tooru_teleop -- -j16 -l16
[0.029s] [35m[1mConsolidate compiler generated dependencies of target teleop_teleop_input[0m
[0.039s] [100%] Built target teleop_teleop_input
[0.046s] Invoked command in '/home/ntlab/tooru_ros2_ws/build/tooru_teleop' returned '0': CMAKE_PREFIX_PATH=${CMAKE_PREFIX_PATH}:/opt/ros/humble /usr/bin/cmake --build /home/ntlab/tooru_ros2_ws/build/tooru_teleop -- -j16 -l16
[0.065s] Invoking command in '/home/ntlab/tooru_ros2_ws/build/tooru_teleop': CMAKE_PREFIX_PATH=${CMAKE_PREFIX_PATH}:/opt/ros/humble /usr/bin/cmake --install /home/ntlab/tooru_ros2_ws/build/tooru_teleop
[0.068s] -- Install configuration: ""
[0.068s] -- Up-to-date: /home/ntlab/tooru_ros2_ws/install/tooru_teleop/lib/libteleop_teleop_input.so
[0.068s] -- Up-to-date: /home/ntlab/tooru_ros2_ws/install/tooru_teleop/share/ament_index/resource_index/package_run_dependencies/tooru_teleop
[0.069s] -- Up-to-date: /home/ntlab/tooru_ros2_ws/install/tooru_teleop/share/ament_index/resource_index/parent_prefix_path/tooru_teleop
[0.069s] -- Up-to-date: /home/ntlab/tooru_ros2_ws/install/tooru_teleop/share/tooru_teleop/environment/ament_prefix_path.sh
[0.069s] -- Up-to-date: /home/ntlab/tooru_ros2_ws/install/tooru_teleop/share/tooru_teleop/environment/ament_prefix_path.dsv
[0.069s] -- Up-to-date: /home/ntlab/tooru_ros2_ws/install/tooru_teleop/share/tooru_teleop/environment/path.sh
[0.069s] -- Up-to-date: /home/ntlab/tooru_ros2_ws/install/tooru_teleop/share/tooru_teleop/environment/path.dsv
[0.069s] -- Up-to-date: /home/ntlab/tooru_ros2_ws/install/tooru_teleop/share/tooru_teleop/local_setup.bash
[0.069s] -- Up-to-date: /home/ntlab/tooru_ros2_ws/install/tooru_teleop/share/tooru_teleop/local_setup.sh
[0.069s] -- Up-to-date: /home/ntlab/tooru_ros2_ws/install/tooru_teleop/share/tooru_teleop/local_setup.zsh
[0.069s] -- Up-to-date: /home/ntlab/tooru_ros2_ws/install/tooru_teleop/share/tooru_teleop/local_setup.dsv
[0.069s] -- Installing: /home/ntlab/tooru_ros2_ws/install/tooru_teleop/share/tooru_teleop/package.dsv
[0.069s] -- Up-to-date: /home/ntlab/tooru_ros2_ws/install/tooru_teleop/share/ament_index/resource_index/packages/tooru_teleop
[0.069s] -- Up-to-date: /home/ntlab/tooru_ros2_ws/install/tooru_teleop/share/ament_index/resource_index/rclcpp_components/tooru_teleop
[0.069s] -- Up-to-date: /home/ntlab/tooru_ros2_ws/install/tooru_teleop/share/tooru_teleop/cmake/tooru_teleopConfig.cmake
[0.069s] -- Up-to-date: /home/ntlab/tooru_ros2_ws/install/tooru_teleop/share/tooru_teleop/cmake/tooru_teleopConfig-version.cmake
[0.069s] -- Up-to-date: /home/ntlab/tooru_ros2_ws/install/tooru_teleop/share/tooru_teleop/package.xml
[0.070s] Invoked command in '/home/ntlab/tooru_ros2_ws/build/tooru_teleop' returned '0': CMAKE_PREFIX_PATH=${CMAKE_PREFIX_PATH}:/opt/ros/humble /usr/bin/cmake --install /home/ntlab/tooru_ros2_ws/build/tooru_teleop
