[0.011s] Invoking command in '/home/rama/ROS/tooru_ros2_ws/build/tooru_teleop': CMAKE_PREFIX_PATH=${CMAKE_PREFIX_PATH}:/opt/ros/humble /usr/bin/cmake /home/rama/ROS/tooru_ros2_ws/src/tooru_teleop -DAMENT_CMAKE_SYMLINK_INSTALL=1 -DCMAKE_INSTALL_PREFIX=/home/rama/ROS/tooru_ros2_ws/install/tooru_teleop
[0.017s] -- Found ament_cmake: 1.3.4 (/opt/ros/humble/share/ament_cmake/cmake)
[0.137s] -- Override CMake install command with custom implementation using symlinks instead of copying resources
[0.157s] -- Found geometry_msgs: 4.2.3 (/opt/ros/humble/share/geometry_msgs/cmake)
[0.210s] -- Found rosidl_generator_c: 3.1.4 (/opt/ros/humble/share/rosidl_generator_c/cmake)
[0.215s] -- Found rosidl_adapter: 3.1.4 (/opt/ros/humble/share/rosidl_adapter/cmake)
[0.228s] -- Found rosidl_generator_cpp: 3.1.4 (/opt/ros/humble/share/rosidl_generator_cpp/cmake)
[0.251s] -- Using all available rosidl_typesupport_c: rosidl_typesupport_fastrtps_c;rosidl_typesupport_introspection_c
[0.297s] -- Using all available rosidl_typesupport_cpp: rosidl_typesupport_fastrtps_cpp;rosidl_typesupport_introspection_cpp
[0.392s] -- Found rclcpp: 16.0.4 (/opt/ros/humble/share/rclcpp/cmake)
[0.429s] -- Found rmw_implementation_cmake: 6.1.1 (/opt/ros/humble/share/rmw_implementation_cmake/cmake)
[0.431s] -- Found rmw_fastrtps_cpp: 6.2.2 (/opt/ros/humble/share/rmw_fastrtps_cpp/cmake)
[0.518s] -- Using RMW implementation 'rmw_fastrtps_cpp' as default
[0.624s] -- Found rclcpp_components: 16.0.4 (/opt/ros/humble/share/rclcpp_components/cmake)
[0.736s] -- Found sensor_msgs: 4.2.3 (/opt/ros/humble/share/sensor_msgs/cmake)
[0.889s] -- Found ament_lint_auto: 0.12.6 (/opt/ros/humble/share/ament_lint_auto/cmake)
[0.956s] -- Added test 'cppcheck' to perform static code analysis on C / C++ code
[0.956s] -- Configured cppcheck include dirs: 
[0.956s] -- Configured cppcheck exclude dirs and/or files: 
[0.956s] -- Added test 'flake8' to check Python code syntax and style conventions
[0.956s] -- Added test 'lint_cmake' to check CMake code style
[0.957s] -- Added test 'pep257' to check Python code against some of the docstring style conventions in PEP 257
[0.958s] -- Added test 'uncrustify' to check C / C++ code style
[0.958s] -- Configured uncrustify additional arguments: 
[0.958s] -- Added test 'xmllint' to check XML markup files
[0.960s] -- Configuring done
[0.974s] -- Generating done
[0.976s] -- Build files have been written to: /home/rama/ROS/tooru_ros2_ws/build/tooru_teleop
[0.986s] Invoked command in '/home/rama/ROS/tooru_ros2_ws/build/tooru_teleop' returned '0': CMAKE_PREFIX_PATH=${CMAKE_PREFIX_PATH}:/opt/ros/humble /usr/bin/cmake /home/rama/ROS/tooru_ros2_ws/src/tooru_teleop -DAMENT_CMAKE_SYMLINK_INSTALL=1 -DCMAKE_INSTALL_PREFIX=/home/rama/ROS/tooru_ros2_ws/install/tooru_teleop
[0.987s] Invoking command in '/home/rama/ROS/tooru_ros2_ws/build/tooru_teleop': CMAKE_PREFIX_PATH=${CMAKE_PREFIX_PATH}:/opt/ros/humble /usr/bin/cmake --build /home/rama/ROS/tooru_ros2_ws/build/tooru_teleop -- -j16 -l16
[1.012s] [35m[1mConsolidate compiler generated dependencies of target tooru_teleop_input[0m
[1.025s] [ 50%] [32m[1mLinking CXX shared library libtooru_teleop_input.so[0m
[1.391s] [100%] Built target tooru_teleop_input
[1.398s] Invoked command in '/home/rama/ROS/tooru_ros2_ws/build/tooru_teleop' returned '0': CMAKE_PREFIX_PATH=${CMAKE_PREFIX_PATH}:/opt/ros/humble /usr/bin/cmake --build /home/rama/ROS/tooru_ros2_ws/build/tooru_teleop -- -j16 -l16
[1.413s] Invoking command in '/home/rama/ROS/tooru_ros2_ws/build/tooru_teleop': CMAKE_PREFIX_PATH=${CMAKE_PREFIX_PATH}:/opt/ros/humble /usr/bin/cmake --install /home/rama/ROS/tooru_ros2_ws/build/tooru_teleop
[1.418s] -- Install configuration: ""
[1.418s] -- Execute custom install script
[1.419s] -- Symlinking: /home/rama/ROS/tooru_ros2_ws/install/tooru_teleop//libtooru_teleop_input.so
[1.424s] -- Symlinking: /home/rama/ROS/tooru_ros2_ws/install/tooru_teleop/share/tooru_teleop//launch/__pycache__/teleop.launch.cpython-310.pyc
[1.430s] -- Symlinking: /home/rama/ROS/tooru_ros2_ws/install/tooru_teleop/share/tooru_teleop//launch/__pycache__/teleop_launch.cpython-310.pyc
[1.435s] -- Symlinking: /home/rama/ROS/tooru_ros2_ws/install/tooru_teleop/share/tooru_teleop//launch/teleop.launch.py
[1.441s] -- Symlinking: /home/rama/ROS/tooru_ros2_ws/install/tooru_teleop/share/ament_index/resource_index/package_run_dependencies/tooru_teleop
[1.449s] -- Symlinking: /home/rama/ROS/tooru_ros2_ws/install/tooru_teleop/share/ament_index/resource_index/parent_prefix_path/tooru_teleop
[1.455s] -- Symlinking: /home/rama/ROS/tooru_ros2_ws/install/tooru_teleop/share/tooru_teleop/environment/ament_prefix_path.sh
[1.462s] -- Symlinking: /home/rama/ROS/tooru_ros2_ws/install/tooru_teleop/share/tooru_teleop/environment/ament_prefix_path.dsv
[1.467s] -- Symlinking: /home/rama/ROS/tooru_ros2_ws/install/tooru_teleop/share/tooru_teleop/environment/path.sh
[1.473s] -- Symlinking: /home/rama/ROS/tooru_ros2_ws/install/tooru_teleop/share/tooru_teleop/environment/path.dsv
[1.479s] -- Symlinking: /home/rama/ROS/tooru_ros2_ws/install/tooru_teleop/share/tooru_teleop/local_setup.bash
[1.485s] -- Symlinking: /home/rama/ROS/tooru_ros2_ws/install/tooru_teleop/share/tooru_teleop/local_setup.sh
[1.491s] -- Symlinking: /home/rama/ROS/tooru_ros2_ws/install/tooru_teleop/share/tooru_teleop/local_setup.zsh
[1.497s] -- Symlinking: /home/rama/ROS/tooru_ros2_ws/install/tooru_teleop/share/tooru_teleop/local_setup.dsv
[1.502s] -- Symlinking: /home/rama/ROS/tooru_ros2_ws/install/tooru_teleop/share/tooru_teleop/package.dsv
[1.508s] -- Symlinking: /home/rama/ROS/tooru_ros2_ws/install/tooru_teleop/share/ament_index/resource_index/packages/tooru_teleop
[1.513s] -- Symlinking: /home/rama/ROS/tooru_ros2_ws/install/tooru_teleop/share/ament_index/resource_index/rclcpp_components/tooru_teleop
[1.518s] -- Symlinking: /home/rama/ROS/tooru_ros2_ws/install/tooru_teleop/share/tooru_teleop/cmake/tooru_teleopConfig.cmake
[1.524s] -- Symlinking: /home/rama/ROS/tooru_ros2_ws/install/tooru_teleop/share/tooru_teleop/cmake/tooru_teleopConfig-version.cmake
[1.530s] -- Symlinking: /home/rama/ROS/tooru_ros2_ws/install/tooru_teleop/share/tooru_teleop/package.xml
[1.539s] Invoked command in '/home/rama/ROS/tooru_ros2_ws/build/tooru_teleop' returned '0': CMAKE_PREFIX_PATH=${CMAKE_PREFIX_PATH}:/opt/ros/humble /usr/bin/cmake --install /home/rama/ROS/tooru_ros2_ws/build/tooru_teleop
