[0.220s] DEBUG:colcon:Command line arguments: ['/usr/bin/colcon', 'build']
[0.220s] DEBUG:colcon:Parsed command line arguments: Namespace(log_base=None, log_level=None, verb_name='build', build_base='build', install_base='install', merge_install=False, symlink_install=False, test_result_base=None, continue_on_error=False, executor='parallel', parallel_workers=16, event_handlers=None, ignore_user_meta=False, metas=['./colcon.meta'], base_paths=['.'], packages_ignore=None, packages_ignore_regex=None, paths=None, packages_up_to=None, packages_up_to_regex=None, packages_above=None, packages_above_and_dependencies=None, packages_above_depth=None, packages_select_by_dep=None, packages_skip_by_dep=None, packages_skip_up_to=None, packages_select_build_failed=False, packages_skip_build_finished=False, packages_select_test_failures=False, packages_skip_test_passed=False, packages_select=None, packages_skip=None, packages_select_regex=None, packages_skip_regex=None, packages_start=None, packages_end=None, allow_overriding=[], cmake_args=None, cmake_target=None, cmake_target_skip_unavailable=False, cmake_clean_cache=False, cmake_clean_first=False, cmake_force_configure=False, ament_cmake_args=None, catkin_cmake_args=None, catkin_skip_building_tests=False, verb_parser=<colcon_defaults.argument_parser.defaults.DefaultArgumentsDecorator object at 0x7f31b6ed8640>, verb_extension=<colcon_core.verb.build.BuildVerb object at 0x7f31b76d65f0>, main=<bound method BuildVerb.main of <colcon_core.verb.build.BuildVerb object at 0x7f31b76d65f0>>)
[0.238s] Level 1:colcon.colcon_core.package_discovery:discover_packages(colcon_meta) check parameters
[0.238s] Level 1:colcon.colcon_core.package_discovery:discover_packages(recursive) check parameters
[0.238s] Level 1:colcon.colcon_core.package_discovery:discover_packages(ignore) check parameters
[0.238s] Level 1:colcon.colcon_core.package_discovery:discover_packages(path) check parameters
[0.238s] Level 1:colcon.colcon_core.package_discovery:discover_packages(colcon_meta) discover
[0.238s] Level 1:colcon.colcon_core.package_discovery:discover_packages(recursive) discover
[0.238s] INFO:colcon.colcon_core.package_discovery:Crawling recursively for packages in '/home/rama/ROS/tooru_ros2_ws'
[0.238s] Level 1:colcon.colcon_core.package_identification:_identify(.) by extensions ['ignore', 'ignore_ament_install']
[0.238s] Level 1:colcon.colcon_core.package_identification:_identify(.) by extension 'ignore'
[0.238s] Level 1:colcon.colcon_core.package_identification:_identify(.) by extension 'ignore_ament_install'
[0.238s] Level 1:colcon.colcon_core.package_identification:_identify(.) by extensions ['colcon_pkg']
[0.238s] Level 1:colcon.colcon_core.package_identification:_identify(.) by extension 'colcon_pkg'
[0.238s] Level 1:colcon.colcon_core.package_identification:_identify(.) by extensions ['colcon_meta']
[0.238s] Level 1:colcon.colcon_core.package_identification:_identify(.) by extension 'colcon_meta'
[0.238s] Level 1:colcon.colcon_core.package_identification:_identify(.) by extensions ['ros']
[0.238s] Level 1:colcon.colcon_core.package_identification:_identify(.) by extension 'ros'
[0.245s] Level 1:colcon.colcon_core.package_identification:_identify(.) by extensions ['cmake', 'python']
[0.245s] Level 1:colcon.colcon_core.package_identification:_identify(.) by extension 'cmake'
[0.245s] Level 1:colcon.colcon_core.package_identification:_identify(.) by extension 'python'
[0.245s] Level 1:colcon.colcon_core.package_identification:_identify(.) by extensions ['python_setup_py']
[0.245s] Level 1:colcon.colcon_core.package_identification:_identify(.) by extension 'python_setup_py'
[0.245s] Level 1:colcon.colcon_core.package_identification:_identify(build) by extensions ['ignore', 'ignore_ament_install']
[0.245s] Level 1:colcon.colcon_core.package_identification:_identify(build) by extension 'ignore'
[0.245s] Level 1:colcon.colcon_core.package_identification:_identify(build) ignored
[0.245s] Level 1:colcon.colcon_core.package_identification:_identify(install) by extensions ['ignore', 'ignore_ament_install']
[0.245s] Level 1:colcon.colcon_core.package_identification:_identify(install) by extension 'ignore'
[0.245s] Level 1:colcon.colcon_core.package_identification:_identify(install) ignored
[0.246s] Level 1:colcon.colcon_core.package_identification:_identify(log) by extensions ['ignore', 'ignore_ament_install']
[0.246s] Level 1:colcon.colcon_core.package_identification:_identify(log) by extension 'ignore'
[0.246s] Level 1:colcon.colcon_core.package_identification:_identify(log) ignored
[0.246s] Level 1:colcon.colcon_core.package_identification:_identify(src) by extensions ['ignore', 'ignore_ament_install']
[0.246s] Level 1:colcon.colcon_core.package_identification:_identify(src) by extension 'ignore'
[0.246s] Level 1:colcon.colcon_core.package_identification:_identify(src) by extension 'ignore_ament_install'
[0.246s] Level 1:colcon.colcon_core.package_identification:_identify(src) by extensions ['colcon_pkg']
[0.246s] Level 1:colcon.colcon_core.package_identification:_identify(src) by extension 'colcon_pkg'
[0.246s] Level 1:colcon.colcon_core.package_identification:_identify(src) by extensions ['colcon_meta']
[0.246s] Level 1:colcon.colcon_core.package_identification:_identify(src) by extension 'colcon_meta'
[0.246s] Level 1:colcon.colcon_core.package_identification:_identify(src) by extensions ['ros']
[0.246s] Level 1:colcon.colcon_core.package_identification:_identify(src) by extension 'ros'
[0.246s] Level 1:colcon.colcon_core.package_identification:_identify(src) by extensions ['cmake', 'python']
[0.246s] Level 1:colcon.colcon_core.package_identification:_identify(src) by extension 'cmake'
[0.246s] Level 1:colcon.colcon_core.package_identification:_identify(src) by extension 'python'
[0.246s] Level 1:colcon.colcon_core.package_identification:_identify(src) by extensions ['python_setup_py']
[0.246s] Level 1:colcon.colcon_core.package_identification:_identify(src) by extension 'python_setup_py'
[0.246s] Level 1:colcon.colcon_core.package_identification:_identify(src/DynamixelSDK) by extensions ['ignore', 'ignore_ament_install']
[0.246s] Level 1:colcon.colcon_core.package_identification:_identify(src/DynamixelSDK) by extension 'ignore'
[0.246s] Level 1:colcon.colcon_core.package_identification:_identify(src/DynamixelSDK) by extension 'ignore_ament_install'
[0.246s] Level 1:colcon.colcon_core.package_identification:_identify(src/DynamixelSDK) by extensions ['colcon_pkg']
[0.246s] Level 1:colcon.colcon_core.package_identification:_identify(src/DynamixelSDK) by extension 'colcon_pkg'
[0.246s] Level 1:colcon.colcon_core.package_identification:_identify(src/DynamixelSDK) by extensions ['colcon_meta']
[0.246s] Level 1:colcon.colcon_core.package_identification:_identify(src/DynamixelSDK) by extension 'colcon_meta'
[0.246s] Level 1:colcon.colcon_core.package_identification:_identify(src/DynamixelSDK) by extensions ['ros']
[0.246s] Level 1:colcon.colcon_core.package_identification:_identify(src/DynamixelSDK) by extension 'ros'
[0.246s] Level 1:colcon.colcon_core.package_identification:_identify(src/DynamixelSDK) by extensions ['cmake', 'python']
[0.246s] Level 1:colcon.colcon_core.package_identification:_identify(src/DynamixelSDK) by extension 'cmake'
[0.246s] Level 1:colcon.colcon_core.package_identification:_identify(src/DynamixelSDK) by extension 'python'
[0.246s] Level 1:colcon.colcon_core.package_identification:_identify(src/DynamixelSDK) by extensions ['python_setup_py']
[0.246s] Level 1:colcon.colcon_core.package_identification:_identify(src/DynamixelSDK) by extension 'python_setup_py'
[0.246s] Level 1:colcon.colcon_core.package_identification:_identify(src/DynamixelSDK/dynamixel_sdk) by extensions ['ignore', 'ignore_ament_install']
[0.246s] Level 1:colcon.colcon_core.package_identification:_identify(src/DynamixelSDK/dynamixel_sdk) by extension 'ignore'
[0.246s] Level 1:colcon.colcon_core.package_identification:_identify(src/DynamixelSDK/dynamixel_sdk) by extension 'ignore_ament_install'
[0.246s] Level 1:colcon.colcon_core.package_identification:_identify(src/DynamixelSDK/dynamixel_sdk) by extensions ['colcon_pkg']
[0.246s] Level 1:colcon.colcon_core.package_identification:_identify(src/DynamixelSDK/dynamixel_sdk) by extension 'colcon_pkg'
[0.247s] Level 1:colcon.colcon_core.package_identification:_identify(src/DynamixelSDK/dynamixel_sdk) by extensions ['colcon_meta']
[0.247s] Level 1:colcon.colcon_core.package_identification:_identify(src/DynamixelSDK/dynamixel_sdk) by extension 'colcon_meta'
[0.247s] Level 1:colcon.colcon_core.package_identification:_identify(src/DynamixelSDK/dynamixel_sdk) by extensions ['ros']
[0.247s] Level 1:colcon.colcon_core.package_identification:_identify(src/DynamixelSDK/dynamixel_sdk) by extension 'ros'
[0.248s] DEBUG:colcon.colcon_core.package_identification:Package 'src/DynamixelSDK/dynamixel_sdk' with type 'ros.ament_cmake' and name 'dynamixel_sdk'
[0.248s] Level 1:colcon.colcon_core.package_identification:_identify(src/DynamixelSDK/dynamixel_sdk_custom_interfaces) by extensions ['ignore', 'ignore_ament_install']
[0.248s] Level 1:colcon.colcon_core.package_identification:_identify(src/DynamixelSDK/dynamixel_sdk_custom_interfaces) by extension 'ignore'
[0.248s] Level 1:colcon.colcon_core.package_identification:_identify(src/DynamixelSDK/dynamixel_sdk_custom_interfaces) by extension 'ignore_ament_install'
[0.248s] Level 1:colcon.colcon_core.package_identification:_identify(src/DynamixelSDK/dynamixel_sdk_custom_interfaces) by extensions ['colcon_pkg']
[0.248s] Level 1:colcon.colcon_core.package_identification:_identify(src/DynamixelSDK/dynamixel_sdk_custom_interfaces) by extension 'colcon_pkg'
[0.248s] Level 1:colcon.colcon_core.package_identification:_identify(src/DynamixelSDK/dynamixel_sdk_custom_interfaces) by extensions ['colcon_meta']
[0.248s] Level 1:colcon.colcon_core.package_identification:_identify(src/DynamixelSDK/dynamixel_sdk_custom_interfaces) by extension 'colcon_meta'
[0.248s] Level 1:colcon.colcon_core.package_identification:_identify(src/DynamixelSDK/dynamixel_sdk_custom_interfaces) by extensions ['ros']
[0.248s] Level 1:colcon.colcon_core.package_identification:_identify(src/DynamixelSDK/dynamixel_sdk_custom_interfaces) by extension 'ros'
[0.249s] DEBUG:colcon.colcon_core.package_identification:Package 'src/DynamixelSDK/dynamixel_sdk_custom_interfaces' with type 'ros.ament_cmake' and name 'dynamixel_sdk_custom_interfaces'
[0.249s] Level 1:colcon.colcon_core.package_identification:_identify(src/DynamixelSDK/dynamixel_sdk_examples) by extensions ['ignore', 'ignore_ament_install']
[0.249s] Level 1:colcon.colcon_core.package_identification:_identify(src/DynamixelSDK/dynamixel_sdk_examples) by extension 'ignore'
[0.249s] Level 1:colcon.colcon_core.package_identification:_identify(src/DynamixelSDK/dynamixel_sdk_examples) by extension 'ignore_ament_install'
[0.249s] Level 1:colcon.colcon_core.package_identification:_identify(src/DynamixelSDK/dynamixel_sdk_examples) by extensions ['colcon_pkg']
[0.249s] Level 1:colcon.colcon_core.package_identification:_identify(src/DynamixelSDK/dynamixel_sdk_examples) by extension 'colcon_pkg'
[0.249s] Level 1:colcon.colcon_core.package_identification:_identify(src/DynamixelSDK/dynamixel_sdk_examples) by extensions ['colcon_meta']
[0.249s] Level 1:colcon.colcon_core.package_identification:_identify(src/DynamixelSDK/dynamixel_sdk_examples) by extension 'colcon_meta'
[0.249s] Level 1:colcon.colcon_core.package_identification:_identify(src/DynamixelSDK/dynamixel_sdk_examples) by extensions ['ros']
[0.249s] Level 1:colcon.colcon_core.package_identification:_identify(src/DynamixelSDK/dynamixel_sdk_examples) by extension 'ros'
[0.249s] DEBUG:colcon.colcon_core.package_identification:Package 'src/DynamixelSDK/dynamixel_sdk_examples' with type 'ros.ament_cmake' and name 'dynamixel_sdk_examples'
[0.249s] Level 1:colcon.colcon_core.package_identification:_identify(src/tooru_dynamixel) by extensions ['ignore', 'ignore_ament_install']
[0.249s] Level 1:colcon.colcon_core.package_identification:_identify(src/tooru_dynamixel) by extension 'ignore'
[0.249s] Level 1:colcon.colcon_core.package_identification:_identify(src/tooru_dynamixel) by extension 'ignore_ament_install'
[0.249s] Level 1:colcon.colcon_core.package_identification:_identify(src/tooru_dynamixel) by extensions ['colcon_pkg']
[0.250s] Level 1:colcon.colcon_core.package_identification:_identify(src/tooru_dynamixel) by extension 'colcon_pkg'
[0.250s] Level 1:colcon.colcon_core.package_identification:_identify(src/tooru_dynamixel) by extensions ['colcon_meta']
[0.250s] Level 1:colcon.colcon_core.package_identification:_identify(src/tooru_dynamixel) by extension 'colcon_meta'
[0.250s] Level 1:colcon.colcon_core.package_identification:_identify(src/tooru_dynamixel) by extensions ['ros']
[0.250s] Level 1:colcon.colcon_core.package_identification:_identify(src/tooru_dynamixel) by extension 'ros'
[0.250s] DEBUG:colcon.colcon_core.package_identification:Package 'src/tooru_dynamixel' with type 'ros.ament_cmake' and name 'tooru_dynamixel'
[0.250s] Level 1:colcon.colcon_core.package_identification:_identify(src/tooru_mobile) by extensions ['ignore', 'ignore_ament_install']
[0.250s] Level 1:colcon.colcon_core.package_identification:_identify(src/tooru_mobile) by extension 'ignore'
[0.250s] Level 1:colcon.colcon_core.package_identification:_identify(src/tooru_mobile) by extension 'ignore_ament_install'
[0.250s] Level 1:colcon.colcon_core.package_identification:_identify(src/tooru_mobile) by extensions ['colcon_pkg']
[0.250s] Level 1:colcon.colcon_core.package_identification:_identify(src/tooru_mobile) by extension 'colcon_pkg'
[0.250s] Level 1:colcon.colcon_core.package_identification:_identify(src/tooru_mobile) by extensions ['colcon_meta']
[0.250s] Level 1:colcon.colcon_core.package_identification:_identify(src/tooru_mobile) by extension 'colcon_meta'
[0.250s] Level 1:colcon.colcon_core.package_identification:_identify(src/tooru_mobile) by extensions ['ros']
[0.250s] Level 1:colcon.colcon_core.package_identification:_identify(src/tooru_mobile) by extension 'ros'
[0.251s] DEBUG:colcon.colcon_core.package_identification:Package 'src/tooru_mobile' with type 'ros.ament_cmake' and name 'tooru_mobile'
[0.251s] Level 1:colcon.colcon_core.package_identification:_identify(src/tooru_teleop) by extensions ['ignore', 'ignore_ament_install']
[0.251s] Level 1:colcon.colcon_core.package_identification:_identify(src/tooru_teleop) by extension 'ignore'
[0.251s] Level 1:colcon.colcon_core.package_identification:_identify(src/tooru_teleop) by extension 'ignore_ament_install'
[0.251s] Level 1:colcon.colcon_core.package_identification:_identify(src/tooru_teleop) by extensions ['colcon_pkg']
[0.251s] Level 1:colcon.colcon_core.package_identification:_identify(src/tooru_teleop) by extension 'colcon_pkg'
[0.251s] Level 1:colcon.colcon_core.package_identification:_identify(src/tooru_teleop) by extensions ['colcon_meta']
[0.251s] Level 1:colcon.colcon_core.package_identification:_identify(src/tooru_teleop) by extension 'colcon_meta'
[0.251s] Level 1:colcon.colcon_core.package_identification:_identify(src/tooru_teleop) by extensions ['ros']
[0.251s] Level 1:colcon.colcon_core.package_identification:_identify(src/tooru_teleop) by extension 'ros'
[0.251s] DEBUG:colcon.colcon_core.package_identification:Package 'src/tooru_teleop' with type 'ros.ament_cmake' and name 'tooru_teleop'
[0.251s] Level 1:colcon.colcon_core.package_discovery:discover_packages(recursive) using defaults
[0.251s] Level 1:colcon.colcon_core.package_discovery:discover_packages(ignore) discover
[0.251s] Level 1:colcon.colcon_core.package_discovery:discover_packages(ignore) using defaults
[0.251s] Level 1:colcon.colcon_core.package_discovery:discover_packages(path) discover
[0.251s] Level 1:colcon.colcon_core.package_discovery:discover_packages(path) using defaults
[0.265s] Level 1:colcon.colcon_core.package_discovery:discover_packages(prefix_path) check parameters
[0.265s] Level 1:colcon.colcon_core.package_discovery:discover_packages(prefix_path) discover
[0.266s] WARNING:colcon.colcon_ros.prefix_path.ament:The path '/home/rama/ROS/tooru_ros2_ws/install/tooru_teleop' in the environment variable AMENT_PREFIX_PATH doesn't exist
[0.266s] WARNING:colcon.colcon_ros.prefix_path.ament:The path '/home/rama/ROS/tooru_ros2_ws/install/tooru_mobile' in the environment variable AMENT_PREFIX_PATH doesn't exist
[0.266s] WARNING:colcon.colcon_ros.prefix_path.catkin:The path '/home/rama/ROS/tooru_ros2_ws/install/tooru_teleop' in the environment variable CMAKE_PREFIX_PATH doesn't exist
[0.266s] WARNING:colcon.colcon_ros.prefix_path.catkin:The path '/home/rama/ROS/tooru_ros2_ws/install/tooru_mobile' in the environment variable CMAKE_PREFIX_PATH doesn't exist
[0.267s] DEBUG:colcon.colcon_installed_package_information.package_discovery:Found 0 installed packages in /home/rama/ROS/tooru_ros2_ws/install
[0.268s] DEBUG:colcon.colcon_installed_package_information.package_discovery:Found 270 installed packages in /opt/ros/humble
[0.268s] Level 1:colcon.colcon_core.package_discovery:discover_packages(prefix_path) using defaults
[0.301s] Level 5:colcon.colcon_core.verb:set package 'dynamixel_sdk' build argument 'cmake_args' from command line to 'None'
[0.301s] Level 5:colcon.colcon_core.verb:set package 'dynamixel_sdk' build argument 'cmake_target' from command line to 'None'
[0.301s] Level 5:colcon.colcon_core.verb:set package 'dynamixel_sdk' build argument 'cmake_target_skip_unavailable' from command line to 'False'
[0.301s] Level 5:colcon.colcon_core.verb:set package 'dynamixel_sdk' build argument 'cmake_clean_cache' from command line to 'False'
[0.301s] Level 5:colcon.colcon_core.verb:set package 'dynamixel_sdk' build argument 'cmake_clean_first' from command line to 'False'
[0.301s] Level 5:colcon.colcon_core.verb:set package 'dynamixel_sdk' build argument 'cmake_force_configure' from command line to 'False'
[0.301s] Level 5:colcon.colcon_core.verb:set package 'dynamixel_sdk' build argument 'ament_cmake_args' from command line to 'None'
[0.302s] Level 5:colcon.colcon_core.verb:set package 'dynamixel_sdk' build argument 'catkin_cmake_args' from command line to 'None'
[0.302s] Level 5:colcon.colcon_core.verb:set package 'dynamixel_sdk' build argument 'catkin_skip_building_tests' from command line to 'False'
[0.302s] DEBUG:colcon.colcon_core.verb:Building package 'dynamixel_sdk' with the following arguments: {'ament_cmake_args': None, 'build_base': '/home/rama/ROS/tooru_ros2_ws/build/dynamixel_sdk', 'catkin_cmake_args': None, 'catkin_skip_building_tests': False, 'cmake_args': None, 'cmake_clean_cache': False, 'cmake_clean_first': False, 'cmake_force_configure': False, 'cmake_target': None, 'cmake_target_skip_unavailable': False, 'install_base': '/home/rama/ROS/tooru_ros2_ws/install/dynamixel_sdk', 'merge_install': False, 'path': '/home/rama/ROS/tooru_ros2_ws/src/DynamixelSDK/dynamixel_sdk', 'symlink_install': False, 'test_result_base': None}
[0.302s] Level 5:colcon.colcon_core.verb:set package 'dynamixel_sdk_custom_interfaces' build argument 'cmake_args' from command line to 'None'
[0.302s] Level 5:colcon.colcon_core.verb:set package 'dynamixel_sdk_custom_interfaces' build argument 'cmake_target' from command line to 'None'
[0.302s] Level 5:colcon.colcon_core.verb:set package 'dynamixel_sdk_custom_interfaces' build argument 'cmake_target_skip_unavailable' from command line to 'False'
[0.302s] Level 5:colcon.colcon_core.verb:set package 'dynamixel_sdk_custom_interfaces' build argument 'cmake_clean_cache' from command line to 'False'
[0.302s] Level 5:colcon.colcon_core.verb:set package 'dynamixel_sdk_custom_interfaces' build argument 'cmake_clean_first' from command line to 'False'
[0.302s] Level 5:colcon.colcon_core.verb:set package 'dynamixel_sdk_custom_interfaces' build argument 'cmake_force_configure' from command line to 'False'
[0.302s] Level 5:colcon.colcon_core.verb:set package 'dynamixel_sdk_custom_interfaces' build argument 'ament_cmake_args' from command line to 'None'
[0.302s] Level 5:colcon.colcon_core.verb:set package 'dynamixel_sdk_custom_interfaces' build argument 'catkin_cmake_args' from command line to 'None'
[0.302s] Level 5:colcon.colcon_core.verb:set package 'dynamixel_sdk_custom_interfaces' build argument 'catkin_skip_building_tests' from command line to 'False'
[0.302s] DEBUG:colcon.colcon_core.verb:Building package 'dynamixel_sdk_custom_interfaces' with the following arguments: {'ament_cmake_args': None, 'build_base': '/home/rama/ROS/tooru_ros2_ws/build/dynamixel_sdk_custom_interfaces', 'catkin_cmake_args': None, 'catkin_skip_building_tests': False, 'cmake_args': None, 'cmake_clean_cache': False, 'cmake_clean_first': False, 'cmake_force_configure': False, 'cmake_target': None, 'cmake_target_skip_unavailable': False, 'install_base': '/home/rama/ROS/tooru_ros2_ws/install/dynamixel_sdk_custom_interfaces', 'merge_install': False, 'path': '/home/rama/ROS/tooru_ros2_ws/src/DynamixelSDK/dynamixel_sdk_custom_interfaces', 'symlink_install': False, 'test_result_base': None}
[0.303s] Level 5:colcon.colcon_core.verb:set package 'tooru_mobile' build argument 'cmake_args' from command line to 'None'
[0.303s] Level 5:colcon.colcon_core.verb:set package 'tooru_mobile' build argument 'cmake_target' from command line to 'None'
[0.303s] Level 5:colcon.colcon_core.verb:set package 'tooru_mobile' build argument 'cmake_target_skip_unavailable' from command line to 'False'
[0.303s] Level 5:colcon.colcon_core.verb:set package 'tooru_mobile' build argument 'cmake_clean_cache' from command line to 'False'
[0.303s] Level 5:colcon.colcon_core.verb:set package 'tooru_mobile' build argument 'cmake_clean_first' from command line to 'False'
[0.303s] Level 5:colcon.colcon_core.verb:set package 'tooru_mobile' build argument 'cmake_force_configure' from command line to 'False'
[0.303s] Level 5:colcon.colcon_core.verb:set package 'tooru_mobile' build argument 'ament_cmake_args' from command line to 'None'
[0.303s] Level 5:colcon.colcon_core.verb:set package 'tooru_mobile' build argument 'catkin_cmake_args' from command line to 'None'
[0.303s] Level 5:colcon.colcon_core.verb:set package 'tooru_mobile' build argument 'catkin_skip_building_tests' from command line to 'False'
[0.303s] DEBUG:colcon.colcon_core.verb:Building package 'tooru_mobile' with the following arguments: {'ament_cmake_args': None, 'build_base': '/home/rama/ROS/tooru_ros2_ws/build/tooru_mobile', 'catkin_cmake_args': None, 'catkin_skip_building_tests': False, 'cmake_args': None, 'cmake_clean_cache': False, 'cmake_clean_first': False, 'cmake_force_configure': False, 'cmake_target': None, 'cmake_target_skip_unavailable': False, 'install_base': '/home/rama/ROS/tooru_ros2_ws/install/tooru_mobile', 'merge_install': False, 'path': '/home/rama/ROS/tooru_ros2_ws/src/tooru_mobile', 'symlink_install': False, 'test_result_base': None}
[0.303s] Level 5:colcon.colcon_core.verb:set package 'tooru_teleop' build argument 'cmake_args' from command line to 'None'
[0.303s] Level 5:colcon.colcon_core.verb:set package 'tooru_teleop' build argument 'cmake_target' from command line to 'None'
[0.303s] Level 5:colcon.colcon_core.verb:set package 'tooru_teleop' build argument 'cmake_target_skip_unavailable' from command line to 'False'
[0.303s] Level 5:colcon.colcon_core.verb:set package 'tooru_teleop' build argument 'cmake_clean_cache' from command line to 'False'
[0.304s] Level 5:colcon.colcon_core.verb:set package 'tooru_teleop' build argument 'cmake_clean_first' from command line to 'False'
[0.304s] Level 5:colcon.colcon_core.verb:set package 'tooru_teleop' build argument 'cmake_force_configure' from command line to 'False'
[0.304s] Level 5:colcon.colcon_core.verb:set package 'tooru_teleop' build argument 'ament_cmake_args' from command line to 'None'
[0.304s] Level 5:colcon.colcon_core.verb:set package 'tooru_teleop' build argument 'catkin_cmake_args' from command line to 'None'
[0.304s] Level 5:colcon.colcon_core.verb:set package 'tooru_teleop' build argument 'catkin_skip_building_tests' from command line to 'False'
[0.304s] DEBUG:colcon.colcon_core.verb:Building package 'tooru_teleop' with the following arguments: {'ament_cmake_args': None, 'build_base': '/home/rama/ROS/tooru_ros2_ws/build/tooru_teleop', 'catkin_cmake_args': None, 'catkin_skip_building_tests': False, 'cmake_args': None, 'cmake_clean_cache': False, 'cmake_clean_first': False, 'cmake_force_configure': False, 'cmake_target': None, 'cmake_target_skip_unavailable': False, 'install_base': '/home/rama/ROS/tooru_ros2_ws/install/tooru_teleop', 'merge_install': False, 'path': '/home/rama/ROS/tooru_ros2_ws/src/tooru_teleop', 'symlink_install': False, 'test_result_base': None}
[0.304s] Level 5:colcon.colcon_core.verb:set package 'dynamixel_sdk_examples' build argument 'cmake_args' from command line to 'None'
[0.304s] Level 5:colcon.colcon_core.verb:set package 'dynamixel_sdk_examples' build argument 'cmake_target' from command line to 'None'
[0.304s] Level 5:colcon.colcon_core.verb:set package 'dynamixel_sdk_examples' build argument 'cmake_target_skip_unavailable' from command line to 'False'
[0.304s] Level 5:colcon.colcon_core.verb:set package 'dynamixel_sdk_examples' build argument 'cmake_clean_cache' from command line to 'False'
[0.304s] Level 5:colcon.colcon_core.verb:set package 'dynamixel_sdk_examples' build argument 'cmake_clean_first' from command line to 'False'
[0.304s] Level 5:colcon.colcon_core.verb:set package 'dynamixel_sdk_examples' build argument 'cmake_force_configure' from command line to 'False'
[0.304s] Level 5:colcon.colcon_core.verb:set package 'dynamixel_sdk_examples' build argument 'ament_cmake_args' from command line to 'None'
[0.304s] Level 5:colcon.colcon_core.verb:set package 'dynamixel_sdk_examples' build argument 'catkin_cmake_args' from command line to 'None'
[0.304s] Level 5:colcon.colcon_core.verb:set package 'dynamixel_sdk_examples' build argument 'catkin_skip_building_tests' from command line to 'False'
[0.304s] DEBUG:colcon.colcon_core.verb:Building package 'dynamixel_sdk_examples' with the following arguments: {'ament_cmake_args': None, 'build_base': '/home/rama/ROS/tooru_ros2_ws/build/dynamixel_sdk_examples', 'catkin_cmake_args': None, 'catkin_skip_building_tests': False, 'cmake_args': None, 'cmake_clean_cache': False, 'cmake_clean_first': False, 'cmake_force_configure': False, 'cmake_target': None, 'cmake_target_skip_unavailable': False, 'install_base': '/home/rama/ROS/tooru_ros2_ws/install/dynamixel_sdk_examples', 'merge_install': False, 'path': '/home/rama/ROS/tooru_ros2_ws/src/DynamixelSDK/dynamixel_sdk_examples', 'symlink_install': False, 'test_result_base': None}
[0.305s] Level 5:colcon.colcon_core.verb:set package 'tooru_dynamixel' build argument 'cmake_args' from command line to 'None'
[0.305s] Level 5:colcon.colcon_core.verb:set package 'tooru_dynamixel' build argument 'cmake_target' from command line to 'None'
[0.305s] Level 5:colcon.colcon_core.verb:set package 'tooru_dynamixel' build argument 'cmake_target_skip_unavailable' from command line to 'False'
[0.305s] Level 5:colcon.colcon_core.verb:set package 'tooru_dynamixel' build argument 'cmake_clean_cache' from command line to 'False'
[0.305s] Level 5:colcon.colcon_core.verb:set package 'tooru_dynamixel' build argument 'cmake_clean_first' from command line to 'False'
[0.305s] Level 5:colcon.colcon_core.verb:set package 'tooru_dynamixel' build argument 'cmake_force_configure' from command line to 'False'
[0.305s] Level 5:colcon.colcon_core.verb:set package 'tooru_dynamixel' build argument 'ament_cmake_args' from command line to 'None'
[0.305s] Level 5:colcon.colcon_core.verb:set package 'tooru_dynamixel' build argument 'catkin_cmake_args' from command line to 'None'
[0.305s] Level 5:colcon.colcon_core.verb:set package 'tooru_dynamixel' build argument 'catkin_skip_building_tests' from command line to 'False'
[0.305s] DEBUG:colcon.colcon_core.verb:Building package 'tooru_dynamixel' with the following arguments: {'ament_cmake_args': None, 'build_base': '/home/rama/ROS/tooru_ros2_ws/build/tooru_dynamixel', 'catkin_cmake_args': None, 'catkin_skip_building_tests': False, 'cmake_args': None, 'cmake_clean_cache': False, 'cmake_clean_first': False, 'cmake_force_configure': False, 'cmake_target': None, 'cmake_target_skip_unavailable': False, 'install_base': '/home/rama/ROS/tooru_ros2_ws/install/tooru_dynamixel', 'merge_install': False, 'path': '/home/rama/ROS/tooru_ros2_ws/src/tooru_dynamixel', 'symlink_install': False, 'test_result_base': None}
[0.305s] INFO:colcon.colcon_core.executor:Executing jobs using 'parallel' executor
[0.307s] DEBUG:colcon.colcon_parallel_executor.executor.parallel:run_until_complete
[0.307s] INFO:colcon.colcon_ros.task.ament_cmake.build:Building ROS package in '/home/rama/ROS/tooru_ros2_ws/src/DynamixelSDK/dynamixel_sdk' with build type 'ament_cmake'
[0.308s] INFO:colcon.colcon_cmake.task.cmake.build:Building CMake package in '/home/rama/ROS/tooru_ros2_ws/src/DynamixelSDK/dynamixel_sdk'
[0.310s] INFO:colcon.colcon_core.plugin_system:Skipping extension 'colcon_core.shell.bat': Not used on non-Windows systems
[0.310s] INFO:colcon.colcon_core.shell:Skip shell extension 'powershell' for command environment: Not usable outside of PowerShell
[0.310s] DEBUG:colcon.colcon_core.shell:Skip shell extension 'dsv' for command environment
[0.313s] INFO:colcon.colcon_ros.task.ament_cmake.build:Building ROS package in '/home/rama/ROS/tooru_ros2_ws/src/DynamixelSDK/dynamixel_sdk_custom_interfaces' with build type 'ament_cmake'
[0.313s] INFO:colcon.colcon_cmake.task.cmake.build:Building CMake package in '/home/rama/ROS/tooru_ros2_ws/src/DynamixelSDK/dynamixel_sdk_custom_interfaces'
[0.313s] INFO:colcon.colcon_core.shell:Skip shell extension 'powershell' for command environment: Not usable outside of PowerShell
[0.313s] DEBUG:colcon.colcon_core.shell:Skip shell extension 'dsv' for command environment
[0.316s] INFO:colcon.colcon_ros.task.ament_cmake.build:Building ROS package in '/home/rama/ROS/tooru_ros2_ws/src/tooru_mobile' with build type 'ament_cmake'
[0.316s] INFO:colcon.colcon_cmake.task.cmake.build:Building CMake package in '/home/rama/ROS/tooru_ros2_ws/src/tooru_mobile'
[0.316s] INFO:colcon.colcon_core.shell:Skip shell extension 'powershell' for command environment: Not usable outside of PowerShell
[0.316s] DEBUG:colcon.colcon_core.shell:Skip shell extension 'dsv' for command environment
[0.319s] INFO:colcon.colcon_ros.task.ament_cmake.build:Building ROS package in '/home/rama/ROS/tooru_ros2_ws/src/tooru_teleop' with build type 'ament_cmake'
[0.319s] INFO:colcon.colcon_cmake.task.cmake.build:Building CMake package in '/home/rama/ROS/tooru_ros2_ws/src/tooru_teleop'
[0.319s] INFO:colcon.colcon_core.shell:Skip shell extension 'powershell' for command environment: Not usable outside of PowerShell
[0.319s] DEBUG:colcon.colcon_core.shell:Skip shell extension 'dsv' for command environment
[0.324s] DEBUG:colcon.colcon_core.event_handler.log_command:Invoking command in '/home/rama/ROS/tooru_ros2_ws/build/dynamixel_sdk': CMAKE_PREFIX_PATH=${CMAKE_PREFIX_PATH}:/opt/ros/humble /usr/bin/cmake /home/rama/ROS/tooru_ros2_ws/src/DynamixelSDK/dynamixel_sdk -DCMAKE_INSTALL_PREFIX=/home/rama/ROS/tooru_ros2_ws/install/dynamixel_sdk
[0.325s] DEBUG:colcon.colcon_core.event_handler.log_command:Invoking command in '/home/rama/ROS/tooru_ros2_ws/build/dynamixel_sdk_custom_interfaces': CMAKE_PREFIX_PATH=${CMAKE_PREFIX_PATH}:/opt/ros/humble /usr/bin/cmake /home/rama/ROS/tooru_ros2_ws/src/DynamixelSDK/dynamixel_sdk_custom_interfaces -DCMAKE_INSTALL_PREFIX=/home/rama/ROS/tooru_ros2_ws/install/dynamixel_sdk_custom_interfaces
[0.326s] DEBUG:colcon.colcon_core.event_handler.log_command:Invoking command in '/home/rama/ROS/tooru_ros2_ws/build/tooru_mobile': CMAKE_PREFIX_PATH=${CMAKE_PREFIX_PATH}:/opt/ros/humble /usr/bin/cmake /home/rama/ROS/tooru_ros2_ws/src/tooru_mobile -DCMAKE_INSTALL_PREFIX=/home/rama/ROS/tooru_ros2_ws/install/tooru_mobile
[0.330s] DEBUG:colcon.colcon_core.event_handler.log_command:Invoking command in '/home/rama/ROS/tooru_ros2_ws/build/tooru_teleop': CMAKE_PREFIX_PATH=${CMAKE_PREFIX_PATH}:/opt/ros/humble /usr/bin/cmake /home/rama/ROS/tooru_ros2_ws/src/tooru_teleop -DCMAKE_INSTALL_PREFIX=/home/rama/ROS/tooru_ros2_ws/install/tooru_teleop
[1.091s] DEBUG:colcon.colcon_core.event_handler.log_command:Invoked command in '/home/rama/ROS/tooru_ros2_ws/build/dynamixel_sdk' returned '0': CMAKE_PREFIX_PATH=${CMAKE_PREFIX_PATH}:/opt/ros/humble /usr/bin/cmake /home/rama/ROS/tooru_ros2_ws/src/DynamixelSDK/dynamixel_sdk -DCMAKE_INSTALL_PREFIX=/home/rama/ROS/tooru_ros2_ws/install/dynamixel_sdk
[1.091s] DEBUG:colcon.colcon_core.event_handler.log_command:Invoking command in '/home/rama/ROS/tooru_ros2_ws/build/dynamixel_sdk': CMAKE_PREFIX_PATH=${CMAKE_PREFIX_PATH}:/opt/ros/humble /usr/bin/cmake --build /home/rama/ROS/tooru_ros2_ws/build/dynamixel_sdk -- -j16 -l16
[1.649s] DEBUG:colcon.colcon_core.event_handler.log_command:Invoked command in '/home/rama/ROS/tooru_ros2_ws/build/dynamixel_sdk' returned '0': CMAKE_PREFIX_PATH=${CMAKE_PREFIX_PATH}:/opt/ros/humble /usr/bin/cmake --build /home/rama/ROS/tooru_ros2_ws/build/dynamixel_sdk -- -j16 -l16
[1.679s] DEBUG:colcon.colcon_core.event_handler.log_command:Invoking command in '/home/rama/ROS/tooru_ros2_ws/build/dynamixel_sdk': CMAKE_PREFIX_PATH=${CMAKE_PREFIX_PATH}:/opt/ros/humble /usr/bin/cmake --install /home/rama/ROS/tooru_ros2_ws/build/dynamixel_sdk
[1.685s] Level 1:colcon.colcon_core.environment:create_environment_scripts_only(dynamixel_sdk)
[1.686s] DEBUG:colcon.colcon_core.event_handler.log_command:Invoked command in '/home/rama/ROS/tooru_ros2_ws/build/dynamixel_sdk' returned '0': CMAKE_PREFIX_PATH=${CMAKE_PREFIX_PATH}:/opt/ros/humble /usr/bin/cmake --install /home/rama/ROS/tooru_ros2_ws/build/dynamixel_sdk
[1.689s] Level 1:colcon.colcon_core.environment:checking '/home/rama/ROS/tooru_ros2_ws/install/dynamixel_sdk' for CMake module files
[1.689s] Level 1:colcon.colcon_core.environment:checking '/home/rama/ROS/tooru_ros2_ws/install/dynamixel_sdk' for CMake config files
[1.689s] Level 1:colcon.colcon_core.shell:create_environment_hook('dynamixel_sdk', 'cmake_prefix_path')
[1.690s] INFO:colcon.colcon_core.shell:Creating environment hook '/home/rama/ROS/tooru_ros2_ws/install/dynamixel_sdk/share/dynamixel_sdk/hook/cmake_prefix_path.ps1'
[1.690s] INFO:colcon.colcon_core.shell:Creating environment descriptor '/home/rama/ROS/tooru_ros2_ws/install/dynamixel_sdk/share/dynamixel_sdk/hook/cmake_prefix_path.dsv'
[1.690s] INFO:colcon.colcon_core.shell:Creating environment hook '/home/rama/ROS/tooru_ros2_ws/install/dynamixel_sdk/share/dynamixel_sdk/hook/cmake_prefix_path.sh'
[1.691s] Level 1:colcon.colcon_core.environment:checking '/home/rama/ROS/tooru_ros2_ws/install/dynamixel_sdk/lib'
[1.691s] Level 1:colcon.colcon_core.shell:create_environment_hook('dynamixel_sdk', 'ld_library_path_lib')
[1.692s] INFO:colcon.colcon_core.shell:Creating environment hook '/home/rama/ROS/tooru_ros2_ws/install/dynamixel_sdk/share/dynamixel_sdk/hook/ld_library_path_lib.ps1'
[1.692s] INFO:colcon.colcon_core.shell:Creating environment descriptor '/home/rama/ROS/tooru_ros2_ws/install/dynamixel_sdk/share/dynamixel_sdk/hook/ld_library_path_lib.dsv'
[1.692s] INFO:colcon.colcon_core.shell:Creating environment hook '/home/rama/ROS/tooru_ros2_ws/install/dynamixel_sdk/share/dynamixel_sdk/hook/ld_library_path_lib.sh'
[1.692s] Level 1:colcon.colcon_core.environment:checking '/home/rama/ROS/tooru_ros2_ws/install/dynamixel_sdk/bin'
[1.692s] Level 1:colcon.colcon_core.environment:checking '/home/rama/ROS/tooru_ros2_ws/install/dynamixel_sdk/lib/pkgconfig/dynamixel_sdk.pc'
[1.692s] Level 1:colcon.colcon_core.environment:checking '/home/rama/ROS/tooru_ros2_ws/install/dynamixel_sdk/lib/python3.10/site-packages'
[1.692s] Level 1:colcon.colcon_core.environment:checking '/home/rama/ROS/tooru_ros2_ws/install/dynamixel_sdk/bin'
[1.693s] INFO:colcon.colcon_core.shell:Creating package script '/home/rama/ROS/tooru_ros2_ws/install/dynamixel_sdk/share/dynamixel_sdk/package.ps1'
[1.694s] INFO:colcon.colcon_core.shell:Creating package descriptor '/home/rama/ROS/tooru_ros2_ws/install/dynamixel_sdk/share/dynamixel_sdk/package.dsv'
[1.694s] INFO:colcon.colcon_core.shell:Creating package script '/home/rama/ROS/tooru_ros2_ws/install/dynamixel_sdk/share/dynamixel_sdk/package.sh'
[1.695s] INFO:colcon.colcon_core.shell:Creating package script '/home/rama/ROS/tooru_ros2_ws/install/dynamixel_sdk/share/dynamixel_sdk/package.bash'
[1.695s] INFO:colcon.colcon_core.shell:Creating package script '/home/rama/ROS/tooru_ros2_ws/install/dynamixel_sdk/share/dynamixel_sdk/package.zsh'
[1.695s] Level 1:colcon.colcon_core.environment:create_file_with_runtime_dependencies(/home/rama/ROS/tooru_ros2_ws/install/dynamixel_sdk/share/colcon-core/packages/dynamixel_sdk)
[1.719s] Level 1:colcon.colcon_core.environment:create_environment_scripts_only(dynamixel_sdk)
[1.721s] Level 1:colcon.colcon_core.environment:checking '/home/rama/ROS/tooru_ros2_ws/install/dynamixel_sdk' for CMake module files
[1.721s] Level 1:colcon.colcon_core.environment:checking '/home/rama/ROS/tooru_ros2_ws/install/dynamixel_sdk' for CMake config files
[1.721s] Level 1:colcon.colcon_core.shell:create_environment_hook('dynamixel_sdk', 'cmake_prefix_path')
[1.722s] INFO:colcon.colcon_core.shell:Creating environment hook '/home/rama/ROS/tooru_ros2_ws/install/dynamixel_sdk/share/dynamixel_sdk/hook/cmake_prefix_path.ps1'
[1.722s] INFO:colcon.colcon_core.shell:Creating environment descriptor '/home/rama/ROS/tooru_ros2_ws/install/dynamixel_sdk/share/dynamixel_sdk/hook/cmake_prefix_path.dsv'
[1.722s] INFO:colcon.colcon_core.shell:Creating environment hook '/home/rama/ROS/tooru_ros2_ws/install/dynamixel_sdk/share/dynamixel_sdk/hook/cmake_prefix_path.sh'
[1.723s] Level 1:colcon.colcon_core.environment:checking '/home/rama/ROS/tooru_ros2_ws/install/dynamixel_sdk/lib'
[1.723s] Level 1:colcon.colcon_core.shell:create_environment_hook('dynamixel_sdk', 'ld_library_path_lib')
[1.723s] INFO:colcon.colcon_core.shell:Creating environment hook '/home/rama/ROS/tooru_ros2_ws/install/dynamixel_sdk/share/dynamixel_sdk/hook/ld_library_path_lib.ps1'
[1.724s] INFO:colcon.colcon_core.shell:Creating environment descriptor '/home/rama/ROS/tooru_ros2_ws/install/dynamixel_sdk/share/dynamixel_sdk/hook/ld_library_path_lib.dsv'
[1.724s] INFO:colcon.colcon_core.shell:Creating environment hook '/home/rama/ROS/tooru_ros2_ws/install/dynamixel_sdk/share/dynamixel_sdk/hook/ld_library_path_lib.sh'
[1.724s] Level 1:colcon.colcon_core.environment:checking '/home/rama/ROS/tooru_ros2_ws/install/dynamixel_sdk/bin'
[1.724s] Level 1:colcon.colcon_core.environment:checking '/home/rama/ROS/tooru_ros2_ws/install/dynamixel_sdk/lib/pkgconfig/dynamixel_sdk.pc'
[1.724s] Level 1:colcon.colcon_core.environment:checking '/home/rama/ROS/tooru_ros2_ws/install/dynamixel_sdk/lib/python3.10/site-packages'
[1.724s] Level 1:colcon.colcon_core.environment:checking '/home/rama/ROS/tooru_ros2_ws/install/dynamixel_sdk/bin'
[1.725s] INFO:colcon.colcon_core.shell:Creating package script '/home/rama/ROS/tooru_ros2_ws/install/dynamixel_sdk/share/dynamixel_sdk/package.ps1'
[1.725s] INFO:colcon.colcon_core.shell:Creating package descriptor '/home/rama/ROS/tooru_ros2_ws/install/dynamixel_sdk/share/dynamixel_sdk/package.dsv'
[1.726s] INFO:colcon.colcon_core.shell:Creating package script '/home/rama/ROS/tooru_ros2_ws/install/dynamixel_sdk/share/dynamixel_sdk/package.sh'
[1.726s] INFO:colcon.colcon_core.shell:Creating package script '/home/rama/ROS/tooru_ros2_ws/install/dynamixel_sdk/share/dynamixel_sdk/package.bash'
[1.726s] INFO:colcon.colcon_core.shell:Creating package script '/home/rama/ROS/tooru_ros2_ws/install/dynamixel_sdk/share/dynamixel_sdk/package.zsh'
[1.726s] Level 1:colcon.colcon_core.environment:create_file_with_runtime_dependencies(/home/rama/ROS/tooru_ros2_ws/install/dynamixel_sdk/share/colcon-core/packages/dynamixel_sdk)
[1.860s] DEBUG:colcon.colcon_core.event_handler.log_command:Invoked command in '/home/rama/ROS/tooru_ros2_ws/build/dynamixel_sdk_custom_interfaces' returned '0': CMAKE_PREFIX_PATH=${CMAKE_PREFIX_PATH}:/opt/ros/humble /usr/bin/cmake /home/rama/ROS/tooru_ros2_ws/src/DynamixelSDK/dynamixel_sdk_custom_interfaces -DCMAKE_INSTALL_PREFIX=/home/rama/ROS/tooru_ros2_ws/install/dynamixel_sdk_custom_interfaces
[1.864s] DEBUG:colcon.colcon_core.event_handler.log_command:Invoking command in '/home/rama/ROS/tooru_ros2_ws/build/dynamixel_sdk_custom_interfaces': CMAKE_PREFIX_PATH=${CMAKE_PREFIX_PATH}:/opt/ros/humble /usr/bin/cmake --build /home/rama/ROS/tooru_ros2_ws/build/dynamixel_sdk_custom_interfaces -- -j16 -l16
[1.884s] DEBUG:colcon.colcon_core.event_handler.log_command:Invoked command in '/home/rama/ROS/tooru_ros2_ws/build/tooru_mobile' returned '0': CMAKE_PREFIX_PATH=${CMAKE_PREFIX_PATH}:/opt/ros/humble /usr/bin/cmake /home/rama/ROS/tooru_ros2_ws/src/tooru_mobile -DCMAKE_INSTALL_PREFIX=/home/rama/ROS/tooru_ros2_ws/install/tooru_mobile
[1.886s] DEBUG:colcon.colcon_core.event_handler.log_command:Invoking command in '/home/rama/ROS/tooru_ros2_ws/build/tooru_mobile': CMAKE_PREFIX_PATH=${CMAKE_PREFIX_PATH}:/opt/ros/humble /usr/bin/cmake --build /home/rama/ROS/tooru_ros2_ws/build/tooru_mobile -- -j16 -l16
[1.900s] DEBUG:colcon.colcon_core.event_handler.log_command:Invoked command in '/home/rama/ROS/tooru_ros2_ws/build/tooru_teleop' returned '0': CMAKE_PREFIX_PATH=${CMAKE_PREFIX_PATH}:/opt/ros/humble /usr/bin/cmake /home/rama/ROS/tooru_ros2_ws/src/tooru_teleop -DCMAKE_INSTALL_PREFIX=/home/rama/ROS/tooru_ros2_ws/install/tooru_teleop
[1.901s] DEBUG:colcon.colcon_core.event_handler.log_command:Invoking command in '/home/rama/ROS/tooru_ros2_ws/build/tooru_teleop': CMAKE_PREFIX_PATH=${CMAKE_PREFIX_PATH}:/opt/ros/humble /usr/bin/cmake --build /home/rama/ROS/tooru_ros2_ws/build/tooru_teleop -- -j16 -l16
[3.591s] DEBUG:colcon.colcon_core.event_handler.log_command:Invoked command in '/home/rama/ROS/tooru_ros2_ws/build/dynamixel_sdk_custom_interfaces' returned '0': CMAKE_PREFIX_PATH=${CMAKE_PREFIX_PATH}:/opt/ros/humble /usr/bin/cmake --build /home/rama/ROS/tooru_ros2_ws/build/dynamixel_sdk_custom_interfaces -- -j16 -l16
[3.632s] DEBUG:colcon.colcon_core.event_handler.log_command:Invoking command in '/home/rama/ROS/tooru_ros2_ws/build/dynamixel_sdk_custom_interfaces': CMAKE_PREFIX_PATH=${CMAKE_PREFIX_PATH}:/opt/ros/humble /usr/bin/cmake --install /home/rama/ROS/tooru_ros2_ws/build/dynamixel_sdk_custom_interfaces
[3.674s] Level 1:colcon.colcon_core.environment:create_environment_scripts_only(dynamixel_sdk_custom_interfaces)
[3.675s] Level 1:colcon.colcon_core.environment:checking '/home/rama/ROS/tooru_ros2_ws/install/dynamixel_sdk_custom_interfaces' for CMake module files
[3.675s] DEBUG:colcon.colcon_core.event_handler.log_command:Invoked command in '/home/rama/ROS/tooru_ros2_ws/build/dynamixel_sdk_custom_interfaces' returned '0': CMAKE_PREFIX_PATH=${CMAKE_PREFIX_PATH}:/opt/ros/humble /usr/bin/cmake --install /home/rama/ROS/tooru_ros2_ws/build/dynamixel_sdk_custom_interfaces
[3.676s] Level 1:colcon.colcon_core.environment:checking '/home/rama/ROS/tooru_ros2_ws/install/dynamixel_sdk_custom_interfaces' for CMake config files
[3.676s] Level 1:colcon.colcon_core.shell:create_environment_hook('dynamixel_sdk_custom_interfaces', 'cmake_prefix_path')
[3.677s] INFO:colcon.colcon_core.shell:Creating environment hook '/home/rama/ROS/tooru_ros2_ws/install/dynamixel_sdk_custom_interfaces/share/dynamixel_sdk_custom_interfaces/hook/cmake_prefix_path.ps1'
[3.677s] INFO:colcon.colcon_core.shell:Creating environment descriptor '/home/rama/ROS/tooru_ros2_ws/install/dynamixel_sdk_custom_interfaces/share/dynamixel_sdk_custom_interfaces/hook/cmake_prefix_path.dsv'
[3.677s] INFO:colcon.colcon_core.shell:Creating environment hook '/home/rama/ROS/tooru_ros2_ws/install/dynamixel_sdk_custom_interfaces/share/dynamixel_sdk_custom_interfaces/hook/cmake_prefix_path.sh'
[3.678s] Level 1:colcon.colcon_core.environment:checking '/home/rama/ROS/tooru_ros2_ws/install/dynamixel_sdk_custom_interfaces/lib'
[3.678s] Level 1:colcon.colcon_core.shell:create_environment_hook('dynamixel_sdk_custom_interfaces', 'ld_library_path_lib')
[3.678s] INFO:colcon.colcon_core.shell:Creating environment hook '/home/rama/ROS/tooru_ros2_ws/install/dynamixel_sdk_custom_interfaces/share/dynamixel_sdk_custom_interfaces/hook/ld_library_path_lib.ps1'
[3.679s] INFO:colcon.colcon_core.shell:Creating environment descriptor '/home/rama/ROS/tooru_ros2_ws/install/dynamixel_sdk_custom_interfaces/share/dynamixel_sdk_custom_interfaces/hook/ld_library_path_lib.dsv'
[3.679s] INFO:colcon.colcon_core.shell:Creating environment hook '/home/rama/ROS/tooru_ros2_ws/install/dynamixel_sdk_custom_interfaces/share/dynamixel_sdk_custom_interfaces/hook/ld_library_path_lib.sh'
[3.679s] Level 1:colcon.colcon_core.environment:checking '/home/rama/ROS/tooru_ros2_ws/install/dynamixel_sdk_custom_interfaces/bin'
[3.679s] Level 1:colcon.colcon_core.environment:checking '/home/rama/ROS/tooru_ros2_ws/install/dynamixel_sdk_custom_interfaces/lib/pkgconfig/dynamixel_sdk_custom_interfaces.pc'
[3.679s] Level 1:colcon.colcon_core.environment:checking '/home/rama/ROS/tooru_ros2_ws/install/dynamixel_sdk_custom_interfaces/lib/python3.10/site-packages'
[3.679s] Level 1:colcon.colcon_core.environment:checking '/home/rama/ROS/tooru_ros2_ws/install/dynamixel_sdk_custom_interfaces/bin'
[3.680s] INFO:colcon.colcon_core.shell:Creating package script '/home/rama/ROS/tooru_ros2_ws/install/dynamixel_sdk_custom_interfaces/share/dynamixel_sdk_custom_interfaces/package.ps1'
[3.680s] INFO:colcon.colcon_core.shell:Creating package descriptor '/home/rama/ROS/tooru_ros2_ws/install/dynamixel_sdk_custom_interfaces/share/dynamixel_sdk_custom_interfaces/package.dsv'
[3.681s] INFO:colcon.colcon_core.shell:Creating package script '/home/rama/ROS/tooru_ros2_ws/install/dynamixel_sdk_custom_interfaces/share/dynamixel_sdk_custom_interfaces/package.sh'
[3.681s] INFO:colcon.colcon_core.shell:Creating package script '/home/rama/ROS/tooru_ros2_ws/install/dynamixel_sdk_custom_interfaces/share/dynamixel_sdk_custom_interfaces/package.bash'
[3.681s] INFO:colcon.colcon_core.shell:Creating package script '/home/rama/ROS/tooru_ros2_ws/install/dynamixel_sdk_custom_interfaces/share/dynamixel_sdk_custom_interfaces/package.zsh'
[3.681s] Level 1:colcon.colcon_core.environment:create_file_with_runtime_dependencies(/home/rama/ROS/tooru_ros2_ws/install/dynamixel_sdk_custom_interfaces/share/colcon-core/packages/dynamixel_sdk_custom_interfaces)
[3.725s] Level 1:colcon.colcon_core.environment:create_environment_scripts_only(dynamixel_sdk_custom_interfaces)
[3.726s] Level 1:colcon.colcon_core.environment:checking '/home/rama/ROS/tooru_ros2_ws/install/dynamixel_sdk_custom_interfaces' for CMake module files
[3.726s] Level 1:colcon.colcon_core.environment:checking '/home/rama/ROS/tooru_ros2_ws/install/dynamixel_sdk_custom_interfaces' for CMake config files
[3.726s] Level 1:colcon.colcon_core.shell:create_environment_hook('dynamixel_sdk_custom_interfaces', 'cmake_prefix_path')
[3.727s] INFO:colcon.colcon_core.shell:Creating environment hook '/home/rama/ROS/tooru_ros2_ws/install/dynamixel_sdk_custom_interfaces/share/dynamixel_sdk_custom_interfaces/hook/cmake_prefix_path.ps1'
[3.727s] INFO:colcon.colcon_core.shell:Creating environment descriptor '/home/rama/ROS/tooru_ros2_ws/install/dynamixel_sdk_custom_interfaces/share/dynamixel_sdk_custom_interfaces/hook/cmake_prefix_path.dsv'
[3.728s] INFO:colcon.colcon_core.shell:Creating environment hook '/home/rama/ROS/tooru_ros2_ws/install/dynamixel_sdk_custom_interfaces/share/dynamixel_sdk_custom_interfaces/hook/cmake_prefix_path.sh'
[3.728s] Level 1:colcon.colcon_core.environment:checking '/home/rama/ROS/tooru_ros2_ws/install/dynamixel_sdk_custom_interfaces/lib'
[3.728s] Level 1:colcon.colcon_core.shell:create_environment_hook('dynamixel_sdk_custom_interfaces', 'ld_library_path_lib')
[3.729s] INFO:colcon.colcon_core.shell:Creating environment hook '/home/rama/ROS/tooru_ros2_ws/install/dynamixel_sdk_custom_interfaces/share/dynamixel_sdk_custom_interfaces/hook/ld_library_path_lib.ps1'
[3.729s] INFO:colcon.colcon_core.shell:Creating environment descriptor '/home/rama/ROS/tooru_ros2_ws/install/dynamixel_sdk_custom_interfaces/share/dynamixel_sdk_custom_interfaces/hook/ld_library_path_lib.dsv'
[3.729s] INFO:colcon.colcon_core.shell:Creating environment hook '/home/rama/ROS/tooru_ros2_ws/install/dynamixel_sdk_custom_interfaces/share/dynamixel_sdk_custom_interfaces/hook/ld_library_path_lib.sh'
[3.729s] Level 1:colcon.colcon_core.environment:checking '/home/rama/ROS/tooru_ros2_ws/install/dynamixel_sdk_custom_interfaces/bin'
[3.729s] Level 1:colcon.colcon_core.environment:checking '/home/rama/ROS/tooru_ros2_ws/install/dynamixel_sdk_custom_interfaces/lib/pkgconfig/dynamixel_sdk_custom_interfaces.pc'
[3.730s] Level 1:colcon.colcon_core.environment:checking '/home/rama/ROS/tooru_ros2_ws/install/dynamixel_sdk_custom_interfaces/lib/python3.10/site-packages'
[3.730s] Level 1:colcon.colcon_core.environment:checking '/home/rama/ROS/tooru_ros2_ws/install/dynamixel_sdk_custom_interfaces/bin'
[3.730s] INFO:colcon.colcon_core.shell:Creating package script '/home/rama/ROS/tooru_ros2_ws/install/dynamixel_sdk_custom_interfaces/share/dynamixel_sdk_custom_interfaces/package.ps1'
[3.731s] INFO:colcon.colcon_core.shell:Creating package descriptor '/home/rama/ROS/tooru_ros2_ws/install/dynamixel_sdk_custom_interfaces/share/dynamixel_sdk_custom_interfaces/package.dsv'
[3.731s] INFO:colcon.colcon_core.shell:Creating package script '/home/rama/ROS/tooru_ros2_ws/install/dynamixel_sdk_custom_interfaces/share/dynamixel_sdk_custom_interfaces/package.sh'
[3.731s] INFO:colcon.colcon_core.shell:Creating package script '/home/rama/ROS/tooru_ros2_ws/install/dynamixel_sdk_custom_interfaces/share/dynamixel_sdk_custom_interfaces/package.bash'
[3.731s] INFO:colcon.colcon_core.shell:Creating package script '/home/rama/ROS/tooru_ros2_ws/install/dynamixel_sdk_custom_interfaces/share/dynamixel_sdk_custom_interfaces/package.zsh'
[3.732s] Level 1:colcon.colcon_core.environment:create_file_with_runtime_dependencies(/home/rama/ROS/tooru_ros2_ws/install/dynamixel_sdk_custom_interfaces/share/colcon-core/packages/dynamixel_sdk_custom_interfaces)
[3.732s] INFO:colcon.colcon_ros.task.ament_cmake.build:Building ROS package in '/home/rama/ROS/tooru_ros2_ws/src/DynamixelSDK/dynamixel_sdk_examples' with build type 'ament_cmake'
[3.732s] INFO:colcon.colcon_cmake.task.cmake.build:Building CMake package in '/home/rama/ROS/tooru_ros2_ws/src/DynamixelSDK/dynamixel_sdk_examples'
[3.733s] INFO:colcon.colcon_core.shell:Skip shell extension 'powershell' for command environment: Not usable outside of PowerShell
[3.733s] DEBUG:colcon.colcon_core.shell:Skip shell extension 'dsv' for command environment
[3.735s] INFO:colcon.colcon_ros.task.ament_cmake.build:Building ROS package in '/home/rama/ROS/tooru_ros2_ws/src/tooru_dynamixel' with build type 'ament_cmake'
[3.735s] INFO:colcon.colcon_cmake.task.cmake.build:Building CMake package in '/home/rama/ROS/tooru_ros2_ws/src/tooru_dynamixel'
[3.736s] INFO:colcon.colcon_core.shell:Skip shell extension 'powershell' for command environment: Not usable outside of PowerShell
[3.736s] DEBUG:colcon.colcon_core.shell:Skip shell extension 'dsv' for command environment
[3.741s] DEBUG:colcon.colcon_core.event_handler.log_command:Invoking command in '/home/rama/ROS/tooru_ros2_ws/build/dynamixel_sdk_examples': AMENT_PREFIX_PATH=/home/rama/ROS/tooru_ros2_ws/install/dynamixel_sdk_custom_interfaces:/home/rama/ROS/tooru_ros2_ws/install/dynamixel_sdk:${AMENT_PREFIX_PATH} CMAKE_PREFIX_PATH=/home/rama/ROS/tooru_ros2_ws/install/dynamixel_sdk_custom_interfaces:/home/rama/ROS/tooru_ros2_ws/install/dynamixel_sdk:/home/rama/ROS/tooru_ros2_ws/install/tooru_teleop:/home/rama/ROS/tooru_ros2_ws/install/tooru_mobile:/opt/ros/humble LD_LIBRARY_PATH=/home/rama/ROS/tooru_ros2_ws/install/dynamixel_sdk_custom_interfaces/lib:/home/rama/ROS/tooru_ros2_ws/install/dynamixel_sdk/lib:${LD_LIBRARY_PATH} PYTHONPATH=/home/rama/ROS/tooru_ros2_ws/install/dynamixel_sdk_custom_interfaces/local/lib/python3.10/dist-packages:${PYTHONPATH} /usr/bin/cmake /home/rama/ROS/tooru_ros2_ws/src/DynamixelSDK/dynamixel_sdk_examples -DCMAKE_INSTALL_PREFIX=/home/rama/ROS/tooru_ros2_ws/install/dynamixel_sdk_examples
[3.743s] DEBUG:colcon.colcon_core.event_handler.log_command:Invoking command in '/home/rama/ROS/tooru_ros2_ws/build/tooru_dynamixel': AMENT_PREFIX_PATH=/home/rama/ROS/tooru_ros2_ws/install/dynamixel_sdk_custom_interfaces:/home/rama/ROS/tooru_ros2_ws/install/dynamixel_sdk:${AMENT_PREFIX_PATH} CMAKE_PREFIX_PATH=/home/rama/ROS/tooru_ros2_ws/install/dynamixel_sdk_custom_interfaces:/home/rama/ROS/tooru_ros2_ws/install/dynamixel_sdk:/home/rama/ROS/tooru_ros2_ws/install/tooru_teleop:/home/rama/ROS/tooru_ros2_ws/install/tooru_mobile:/opt/ros/humble LD_LIBRARY_PATH=/home/rama/ROS/tooru_ros2_ws/install/dynamixel_sdk_custom_interfaces/lib:/home/rama/ROS/tooru_ros2_ws/install/dynamixel_sdk/lib:${LD_LIBRARY_PATH} PYTHONPATH=/home/rama/ROS/tooru_ros2_ws/install/dynamixel_sdk_custom_interfaces/local/lib/python3.10/dist-packages:${PYTHONPATH} /usr/bin/cmake /home/rama/ROS/tooru_ros2_ws/src/tooru_dynamixel -DCMAKE_INSTALL_PREFIX=/home/rama/ROS/tooru_ros2_ws/install/tooru_dynamixel
[4.605s] DEBUG:colcon.colcon_core.event_handler.log_command:Invoked command in '/home/rama/ROS/tooru_ros2_ws/build/tooru_dynamixel' returned '0': AMENT_PREFIX_PATH=/home/rama/ROS/tooru_ros2_ws/install/dynamixel_sdk_custom_interfaces:/home/rama/ROS/tooru_ros2_ws/install/dynamixel_sdk:${AMENT_PREFIX_PATH} CMAKE_PREFIX_PATH=/home/rama/ROS/tooru_ros2_ws/install/dynamixel_sdk_custom_interfaces:/home/rama/ROS/tooru_ros2_ws/install/dynamixel_sdk:/home/rama/ROS/tooru_ros2_ws/install/tooru_teleop:/home/rama/ROS/tooru_ros2_ws/install/tooru_mobile:/opt/ros/humble LD_LIBRARY_PATH=/home/rama/ROS/tooru_ros2_ws/install/dynamixel_sdk_custom_interfaces/lib:/home/rama/ROS/tooru_ros2_ws/install/dynamixel_sdk/lib:${LD_LIBRARY_PATH} PYTHONPATH=/home/rama/ROS/tooru_ros2_ws/install/dynamixel_sdk_custom_interfaces/local/lib/python3.10/dist-packages:${PYTHONPATH} /usr/bin/cmake /home/rama/ROS/tooru_ros2_ws/src/tooru_dynamixel -DCMAKE_INSTALL_PREFIX=/home/rama/ROS/tooru_ros2_ws/install/tooru_dynamixel
[4.606s] DEBUG:colcon.colcon_core.event_handler.log_command:Invoking command in '/home/rama/ROS/tooru_ros2_ws/build/tooru_dynamixel': AMENT_PREFIX_PATH=/home/rama/ROS/tooru_ros2_ws/install/dynamixel_sdk_custom_interfaces:/home/rama/ROS/tooru_ros2_ws/install/dynamixel_sdk:${AMENT_PREFIX_PATH} CMAKE_PREFIX_PATH=/home/rama/ROS/tooru_ros2_ws/install/dynamixel_sdk_custom_interfaces:/home/rama/ROS/tooru_ros2_ws/install/dynamixel_sdk:/home/rama/ROS/tooru_ros2_ws/install/tooru_teleop:/home/rama/ROS/tooru_ros2_ws/install/tooru_mobile:/opt/ros/humble LD_LIBRARY_PATH=/home/rama/ROS/tooru_ros2_ws/install/dynamixel_sdk_custom_interfaces/lib:/home/rama/ROS/tooru_ros2_ws/install/dynamixel_sdk/lib:${LD_LIBRARY_PATH} PYTHONPATH=/home/rama/ROS/tooru_ros2_ws/install/dynamixel_sdk_custom_interfaces/local/lib/python3.10/dist-packages:${PYTHONPATH} /usr/bin/cmake --build /home/rama/ROS/tooru_ros2_ws/build/tooru_dynamixel -- -j16 -l16
[4.607s] DEBUG:colcon.colcon_core.event_handler.log_command:Invoked command in '/home/rama/ROS/tooru_ros2_ws/build/dynamixel_sdk_examples' returned '0': AMENT_PREFIX_PATH=/home/rama/ROS/tooru_ros2_ws/install/dynamixel_sdk_custom_interfaces:/home/rama/ROS/tooru_ros2_ws/install/dynamixel_sdk:${AMENT_PREFIX_PATH} CMAKE_PREFIX_PATH=/home/rama/ROS/tooru_ros2_ws/install/dynamixel_sdk_custom_interfaces:/home/rama/ROS/tooru_ros2_ws/install/dynamixel_sdk:/home/rama/ROS/tooru_ros2_ws/install/tooru_teleop:/home/rama/ROS/tooru_ros2_ws/install/tooru_mobile:/opt/ros/humble LD_LIBRARY_PATH=/home/rama/ROS/tooru_ros2_ws/install/dynamixel_sdk_custom_interfaces/lib:/home/rama/ROS/tooru_ros2_ws/install/dynamixel_sdk/lib:${LD_LIBRARY_PATH} PYTHONPATH=/home/rama/ROS/tooru_ros2_ws/install/dynamixel_sdk_custom_interfaces/local/lib/python3.10/dist-packages:${PYTHONPATH} /usr/bin/cmake /home/rama/ROS/tooru_ros2_ws/src/DynamixelSDK/dynamixel_sdk_examples -DCMAKE_INSTALL_PREFIX=/home/rama/ROS/tooru_ros2_ws/install/dynamixel_sdk_examples
[4.607s] DEBUG:colcon.colcon_core.event_handler.log_command:Invoking command in '/home/rama/ROS/tooru_ros2_ws/build/dynamixel_sdk_examples': AMENT_PREFIX_PATH=/home/rama/ROS/tooru_ros2_ws/install/dynamixel_sdk_custom_interfaces:/home/rama/ROS/tooru_ros2_ws/install/dynamixel_sdk:${AMENT_PREFIX_PATH} CMAKE_PREFIX_PATH=/home/rama/ROS/tooru_ros2_ws/install/dynamixel_sdk_custom_interfaces:/home/rama/ROS/tooru_ros2_ws/install/dynamixel_sdk:/home/rama/ROS/tooru_ros2_ws/install/tooru_teleop:/home/rama/ROS/tooru_ros2_ws/install/tooru_mobile:/opt/ros/humble LD_LIBRARY_PATH=/home/rama/ROS/tooru_ros2_ws/install/dynamixel_sdk_custom_interfaces/lib:/home/rama/ROS/tooru_ros2_ws/install/dynamixel_sdk/lib:${LD_LIBRARY_PATH} PYTHONPATH=/home/rama/ROS/tooru_ros2_ws/install/dynamixel_sdk_custom_interfaces/local/lib/python3.10/dist-packages:${PYTHONPATH} /usr/bin/cmake --build /home/rama/ROS/tooru_ros2_ws/build/dynamixel_sdk_examples -- -j16 -l16
[4.774s] DEBUG:colcon.colcon_core.event_handler.log_command:Invoked command in '/home/rama/ROS/tooru_ros2_ws/build/tooru_dynamixel' returned '2': AMENT_PREFIX_PATH=/home/rama/ROS/tooru_ros2_ws/install/dynamixel_sdk_custom_interfaces:/home/rama/ROS/tooru_ros2_ws/install/dynamixel_sdk:${AMENT_PREFIX_PATH} CMAKE_PREFIX_PATH=/home/rama/ROS/tooru_ros2_ws/install/dynamixel_sdk_custom_interfaces:/home/rama/ROS/tooru_ros2_ws/install/dynamixel_sdk:/home/rama/ROS/tooru_ros2_ws/install/tooru_teleop:/home/rama/ROS/tooru_ros2_ws/install/tooru_mobile:/opt/ros/humble LD_LIBRARY_PATH=/home/rama/ROS/tooru_ros2_ws/install/dynamixel_sdk_custom_interfaces/lib:/home/rama/ROS/tooru_ros2_ws/install/dynamixel_sdk/lib:${LD_LIBRARY_PATH} PYTHONPATH=/home/rama/ROS/tooru_ros2_ws/install/dynamixel_sdk_custom_interfaces/local/lib/python3.10/dist-packages:${PYTHONPATH} /usr/bin/cmake --build /home/rama/ROS/tooru_ros2_ws/build/tooru_dynamixel -- -j16 -l16
[4.790s] Level 1:colcon.colcon_core.environment:create_environment_scripts_only(tooru_dynamixel)
[4.791s] Level 1:colcon.colcon_core.environment:checking '/home/rama/ROS/tooru_ros2_ws/install/tooru_dynamixel' for CMake module files
[4.791s] Level 1:colcon.colcon_core.environment:checking '/home/rama/ROS/tooru_ros2_ws/install/tooru_dynamixel' for CMake config files
[4.791s] Level 1:colcon.colcon_core.environment:checking '/home/rama/ROS/tooru_ros2_ws/install/tooru_dynamixel/bin'
[4.791s] Level 1:colcon.colcon_core.environment:checking '/home/rama/ROS/tooru_ros2_ws/install/tooru_dynamixel/lib/pkgconfig/tooru_dynamixel.pc'
[4.791s] Level 1:colcon.colcon_core.environment:checking '/home/rama/ROS/tooru_ros2_ws/install/tooru_dynamixel/lib/python3.10/site-packages'
[4.791s] Level 1:colcon.colcon_core.environment:checking '/home/rama/ROS/tooru_ros2_ws/install/tooru_dynamixel/bin'
[4.792s] INFO:colcon.colcon_core.shell:Creating package script '/home/rama/ROS/tooru_ros2_ws/install/tooru_dynamixel/share/tooru_dynamixel/package.ps1'
[4.792s] INFO:colcon.colcon_core.shell:Creating package descriptor '/home/rama/ROS/tooru_ros2_ws/install/tooru_dynamixel/share/tooru_dynamixel/package.dsv'
[4.793s] INFO:colcon.colcon_core.shell:Creating package script '/home/rama/ROS/tooru_ros2_ws/install/tooru_dynamixel/share/tooru_dynamixel/package.sh'
[4.793s] INFO:colcon.colcon_core.shell:Creating package script '/home/rama/ROS/tooru_ros2_ws/install/tooru_dynamixel/share/tooru_dynamixel/package.bash'
[4.793s] INFO:colcon.colcon_core.shell:Creating package script '/home/rama/ROS/tooru_ros2_ws/install/tooru_dynamixel/share/tooru_dynamixel/package.zsh'
[4.793s] Level 1:colcon.colcon_core.environment:create_file_with_runtime_dependencies(/home/rama/ROS/tooru_ros2_ws/install/tooru_dynamixel/share/colcon-core/packages/tooru_dynamixel)
[10.618s] DEBUG:colcon.colcon_parallel_executor.executor.parallel:closing loop
[10.618s] DEBUG:colcon.colcon_parallel_executor.executor.parallel:loop closed
[10.618s] DEBUG:colcon.colcon_parallel_executor.executor.parallel:run_until_complete finished with '2'
[10.618s] DEBUG:colcon.colcon_core.event_reactor:joining thread
[10.627s] INFO:colcon.colcon_core.plugin_system:Skipping extension 'colcon_notification.desktop_notification.terminal_notifier': Not used on non-Darwin systems
[10.628s] INFO:colcon.colcon_core.plugin_system:Skipping extension 'colcon_notification.desktop_notification.win32': Not used on non-Windows systems
[10.628s] INFO:colcon.colcon_notification.desktop_notification:Sending desktop notification using 'notify2'
[10.650s] DEBUG:colcon.colcon_core.event_reactor:joined thread
[10.652s] INFO:colcon.colcon_core.shell:Creating prefix script '/home/rama/ROS/tooru_ros2_ws/install/local_setup.ps1'
[10.654s] INFO:colcon.colcon_core.shell:Creating prefix util module '/home/rama/ROS/tooru_ros2_ws/install/_local_setup_util_ps1.py'
[10.656s] INFO:colcon.colcon_core.shell:Creating prefix chain script '/home/rama/ROS/tooru_ros2_ws/install/setup.ps1'
[10.658s] INFO:colcon.colcon_core.shell:Creating prefix script '/home/rama/ROS/tooru_ros2_ws/install/local_setup.sh'
[10.659s] INFO:colcon.colcon_core.shell:Creating prefix util module '/home/rama/ROS/tooru_ros2_ws/install/_local_setup_util_sh.py'
[10.660s] INFO:colcon.colcon_core.shell:Creating prefix chain script '/home/rama/ROS/tooru_ros2_ws/install/setup.sh'
[10.662s] INFO:colcon.colcon_core.shell:Creating prefix script '/home/rama/ROS/tooru_ros2_ws/install/local_setup.bash'
[10.663s] INFO:colcon.colcon_core.shell:Creating prefix chain script '/home/rama/ROS/tooru_ros2_ws/install/setup.bash'
[10.665s] INFO:colcon.colcon_core.shell:Creating prefix script '/home/rama/ROS/tooru_ros2_ws/install/local_setup.zsh'
[10.666s] INFO:colcon.colcon_core.shell:Creating prefix chain script '/home/rama/ROS/tooru_ros2_ws/install/setup.zsh'
