[0.009s] Invoking command in '/home/rama/ROS/tooru_ros2_ws/build/tooru_dynamixel': AMENT_PREFIX_PATH=/home/rama/ROS/tooru_ros2_ws/install/dynamixel_sdk_custom_interfaces:/home/rama/ROS/tooru_ros2_ws/install/dynamixel_sdk:${AMENT_PREFIX_PATH} CMAKE_PREFIX_PATH=/home/rama/ROS/tooru_ros2_ws/install/dynamixel_sdk_custom_interfaces:/home/rama/ROS/tooru_ros2_ws/install/dynamixel_sdk:/home/rama/ROS/tooru_ros2_ws/install/tooru_teleop:/home/rama/ROS/tooru_ros2_ws/install/tooru_mobile:/opt/ros/humble LD_LIBRARY_PATH=/home/rama/ROS/tooru_ros2_ws/install/dynamixel_sdk_custom_interfaces/lib:/home/rama/ROS/tooru_ros2_ws/install/dynamixel_sdk/lib:${LD_LIBRARY_PATH} PYTHONPATH=/home/rama/ROS/tooru_ros2_ws/install/dynamixel_sdk_custom_interfaces/local/lib/python3.10/dist-packages:${PYTHONPATH} /usr/bin/cmake --build /home/rama/ROS/tooru_ros2_ws/build/tooru_dynamixel -- -j16 -l16
[0.041s] [ 50%] [32mBuilding CXX object CMakeFiles/read_write_node.dir/src/read_write_node.cpp.o[0m
[5.670s] [100%] [32m[1mLinking CXX executable read_write_node[0m
[6.026s] [100%] Built target read_write_node
[6.037s] Invoked command in '/home/rama/ROS/tooru_ros2_ws/build/tooru_dynamixel' returned '0': AMENT_PREFIX_PATH=/home/rama/ROS/tooru_ros2_ws/install/dynamixel_sdk_custom_interfaces:/home/rama/ROS/tooru_ros2_ws/install/dynamixel_sdk:${AMENT_PREFIX_PATH} CMAKE_PREFIX_PATH=/home/rama/ROS/tooru_ros2_ws/install/dynamixel_sdk_custom_interfaces:/home/rama/ROS/tooru_ros2_ws/install/dynamixel_sdk:/home/rama/ROS/tooru_ros2_ws/install/tooru_teleop:/home/rama/ROS/tooru_ros2_ws/install/tooru_mobile:/opt/ros/humble LD_LIBRARY_PATH=/home/rama/ROS/tooru_ros2_ws/install/dynamixel_sdk_custom_interfaces/lib:/home/rama/ROS/tooru_ros2_ws/install/dynamixel_sdk/lib:${LD_LIBRARY_PATH} PYTHONPATH=/home/rama/ROS/tooru_ros2_ws/install/dynamixel_sdk_custom_interfaces/local/lib/python3.10/dist-packages:${PYTHONPATH} /usr/bin/cmake --build /home/rama/ROS/tooru_ros2_ws/build/tooru_dynamixel -- -j16 -l16
[6.052s] Invoking command in '/home/rama/ROS/tooru_ros2_ws/build/tooru_dynamixel': AMENT_PREFIX_PATH=/home/rama/ROS/tooru_ros2_ws/install/dynamixel_sdk_custom_interfaces:/home/rama/ROS/tooru_ros2_ws/install/dynamixel_sdk:${AMENT_PREFIX_PATH} CMAKE_PREFIX_PATH=/home/rama/ROS/tooru_ros2_ws/install/dynamixel_sdk_custom_interfaces:/home/rama/ROS/tooru_ros2_ws/install/dynamixel_sdk:/home/rama/ROS/tooru_ros2_ws/install/tooru_teleop:/home/rama/ROS/tooru_ros2_ws/install/tooru_mobile:/opt/ros/humble LD_LIBRARY_PATH=/home/rama/ROS/tooru_ros2_ws/install/dynamixel_sdk_custom_interfaces/lib:/home/rama/ROS/tooru_ros2_ws/install/dynamixel_sdk/lib:${LD_LIBRARY_PATH} PYTHONPATH=/home/rama/ROS/tooru_ros2_ws/install/dynamixel_sdk_custom_interfaces/local/lib/python3.10/dist-packages:${PYTHONPATH} /usr/bin/cmake --install /home/rama/ROS/tooru_ros2_ws/build/tooru_dynamixel
[6.057s] -- Install configuration: ""
[6.057s] -- Installing: /home/rama/ROS/tooru_ros2_ws/install/tooru_dynamixel/lib/tooru_dynamixel/read_write_node
[6.059s] -- Set runtime path of "/home/rama/ROS/tooru_ros2_ws/install/tooru_dynamixel/lib/tooru_dynamixel/read_write_node" to ""
[6.059s] -- Up-to-date: /home/rama/ROS/tooru_ros2_ws/install/tooru_dynamixel/share/ament_index/resource_index/package_run_dependencies/tooru_dynamixel
[6.060s] -- Up-to-date: /home/rama/ROS/tooru_ros2_ws/install/tooru_dynamixel/share/ament_index/resource_index/parent_prefix_path/tooru_dynamixel
[6.060s] -- Up-to-date: /home/rama/ROS/tooru_ros2_ws/install/tooru_dynamixel/share/tooru_dynamixel/environment/ament_prefix_path.sh
[6.060s] -- Up-to-date: /home/rama/ROS/tooru_ros2_ws/install/tooru_dynamixel/share/tooru_dynamixel/environment/ament_prefix_path.dsv
[6.060s] -- Up-to-date: /home/rama/ROS/tooru_ros2_ws/install/tooru_dynamixel/share/tooru_dynamixel/environment/path.sh
[6.060s] -- Up-to-date: /home/rama/ROS/tooru_ros2_ws/install/tooru_dynamixel/share/tooru_dynamixel/environment/path.dsv
[6.060s] -- Up-to-date: /home/rama/ROS/tooru_ros2_ws/install/tooru_dynamixel/share/tooru_dynamixel/local_setup.bash
[6.060s] -- Up-to-date: /home/rama/ROS/tooru_ros2_ws/install/tooru_dynamixel/share/tooru_dynamixel/local_setup.sh
[6.060s] -- Up-to-date: /home/rama/ROS/tooru_ros2_ws/install/tooru_dynamixel/share/tooru_dynamixel/local_setup.zsh
[6.060s] -- Up-to-date: /home/rama/ROS/tooru_ros2_ws/install/tooru_dynamixel/share/tooru_dynamixel/local_setup.dsv
[6.060s] -- Installing: /home/rama/ROS/tooru_ros2_ws/install/tooru_dynamixel/share/tooru_dynamixel/package.dsv
[6.060s] -- Up-to-date: /home/rama/ROS/tooru_ros2_ws/install/tooru_dynamixel/share/ament_index/resource_index/packages/tooru_dynamixel
[6.060s] -- Up-to-date: /home/rama/ROS/tooru_ros2_ws/install/tooru_dynamixel/share/tooru_dynamixel/cmake/tooru_dynamixelConfig.cmake
[6.060s] -- Up-to-date: /home/rama/ROS/tooru_ros2_ws/install/tooru_dynamixel/share/tooru_dynamixel/cmake/tooru_dynamixelConfig-version.cmake
[6.060s] -- Up-to-date: /home/rama/ROS/tooru_ros2_ws/install/tooru_dynamixel/share/tooru_dynamixel/package.xml
[6.062s] Invoked command in '/home/rama/ROS/tooru_ros2_ws/build/tooru_dynamixel' returned '0': AMENT_PREFIX_PATH=/home/rama/ROS/tooru_ros2_ws/install/dynamixel_sdk_custom_interfaces:/home/rama/ROS/tooru_ros2_ws/install/dynamixel_sdk:${AMENT_PREFIX_PATH} CMAKE_PREFIX_PATH=/home/rama/ROS/tooru_ros2_ws/install/dynamixel_sdk_custom_interfaces:/home/rama/ROS/tooru_ros2_ws/install/dynamixel_sdk:/home/rama/ROS/tooru_ros2_ws/install/tooru_teleop:/home/rama/ROS/tooru_ros2_ws/install/tooru_mobile:/opt/ros/humble LD_LIBRARY_PATH=/home/rama/ROS/tooru_ros2_ws/install/dynamixel_sdk_custom_interfaces/lib:/home/rama/ROS/tooru_ros2_ws/install/dynamixel_sdk/lib:${LD_LIBRARY_PATH} PYTHONPATH=/home/rama/ROS/tooru_ros2_ws/install/dynamixel_sdk_custom_interfaces/local/lib/python3.10/dist-packages:${PYTHONPATH} /usr/bin/cmake --install /home/rama/ROS/tooru_ros2_ws/build/tooru_dynamixel
