[0.016s] Invoking command in '/home/ntlab/mobile_ros2_ws/build/teleop': CMAKE_PREFIX_PATH=${CMAKE_PREFIX_PATH}:/home/ntlab/ros2_test/install/moveit_configs_utils:/home/ntlab/mobile_ros2_ws/install/launch_testing_examples:/home/ntlab/mobile_ros2_ws/install/examples_rclpy_pointcloud_publisher:/home/ntlab/mobile_ros2_ws/install/examples_rclpy_minimal_subscriber:/home/ntlab/mobile_ros2_ws/install/examples_rclpy_minimal_service:/home/ntlab/mobile_ros2_ws/install/examples_rclpy_minimal_publisher:/home/ntlab/mobile_ros2_ws/install/examples_rclpy_minimal_client:/home/ntlab/mobile_ros2_ws/install/examples_rclpy_minimal_action_server:/home/ntlab/mobile_ros2_ws/install/examples_rclpy_minimal_action_client:/home/ntlab/mobile_ros2_ws/install/examples_rclpy_guard_conditions:/home/ntlab/mobile_ros2_ws/install/examples_rclpy_executors:/opt/ros/humble /usr/bin/cmake --build /home/ntlab/mobile_ros2_ws/build/teleop -- -j16 -l16
[0.063s] [35m[1mConsolidate compiler generated dependencies of target teleop_joystick_node[0m
[0.080s] [ 50%] [32mBuilding CXX object CMakeFiles/teleop_joystick_node.dir/src/joystick.cpp.o[0m
[2.068s] In file included from [01m[K/usr/include/x86_64-linux-gnu/c++/11/bits/c++allocator.h:33[m[K,
[2.068s]                  from [01m[K/usr/include/c++/11/bits/allocator.h:46[m[K,
[2.068s]                  from [01m[K/usr/include/c++/11/unordered_map:40[m[K,
[2.068s]                  from [01m[K/usr/include/c++/11/functional:61[m[K,
[2.068s]                  from [01m[K/usr/include/c++/11/pstl/glue_algorithm_defs.h:13[m[K,
[2.068s]                  from [01m[K/usr/include/c++/11/algorithm:74[m[K,
[2.068s]                  from [01m[K/opt/ros/humble/include/sensor_msgs/sensor_msgs/msg/detail/joy__struct.hpp:8[m[K,
[2.068s]                  from [01m[K/opt/ros/humble/include/sensor_msgs/sensor_msgs/msg/joy.hpp:7[m[K,
[2.068s]                  from [01m[K/home/ntlab/mobile_ros2_ws/src/teleop/src/joystick.cpp:1[m[K:
[2.068s] /usr/include/c++/11/ext/new_allocator.h: In instantiation of ‘[01m[Kvoid __gnu_cxx::new_allocator<_Tp>::construct(_Up*, _Args&& ...) [with _Up = tooru_teleop::JoyToTwistPub; _Args = {}; _Tp = tooru_teleop::JoyToTwistPub][m[K’:
[2.068s] [01m[K/usr/include/c++/11/bits/alloc_traits.h:516:17:[m[K   required from ‘[01m[Kstatic void std::allocator_traits<std::allocator<_Tp1> >::construct(std::allocator_traits<std::allocator<_Tp1> >::allocator_type&, _Up*, _Args&& ...) [with _Up = tooru_teleop::JoyToTwistPub; _Args = {}; _Tp = tooru_teleop::JoyToTwistPub; std::allocator_traits<std::allocator<_Tp1> >::allocator_type = std::allocator<tooru_teleop::JoyToTwistPub>][m[K’
[2.068s] [01m[K/usr/include/c++/11/bits/shared_ptr_base.h:519:39:[m[K   required from ‘[01m[Kstd::_Sp_counted_ptr_inplace<_Tp, _Alloc, _Lp>::_Sp_counted_ptr_inplace(_Alloc, _Args&& ...) [with _Args = {}; _Tp = tooru_teleop::JoyToTwistPub; _Alloc = std::allocator<tooru_teleop::JoyToTwistPub>; __gnu_cxx::_Lock_policy _Lp = __gnu_cxx::_S_atomic][m[K’
[2.068s] [01m[K/usr/include/c++/11/bits/shared_ptr_base.h:650:16:[m[K   required from ‘[01m[Kstd::__shared_count<_Lp>::__shared_count(_Tp*&, std::_Sp_alloc_shared_tag<_Alloc>, _Args&& ...) [with _Tp = tooru_teleop::JoyToTwistPub; _Alloc = std::allocator<tooru_teleop::JoyToTwistPub>; _Args = {}; __gnu_cxx::_Lock_policy _Lp = __gnu_cxx::_S_atomic][m[K’
[2.068s] [01m[K/usr/include/c++/11/bits/shared_ptr_base.h:1342:14:[m[K   required from ‘[01m[Kstd::__shared_ptr<_Tp, _Lp>::__shared_ptr(std::_Sp_alloc_shared_tag<_Tp>, _Args&& ...) [with _Alloc = std::allocator<tooru_teleop::JoyToTwistPub>; _Args = {}; _Tp = tooru_teleop::JoyToTwistPub; __gnu_cxx::_Lock_policy _Lp = __gnu_cxx::_S_atomic][m[K’
[2.068s] [01m[K/usr/include/c++/11/bits/shared_ptr.h:409:59:[m[K   required from ‘[01m[Kstd::shared_ptr<_Tp>::shared_ptr(std::_Sp_alloc_shared_tag<_Tp>, _Args&& ...) [with _Alloc = std::allocator<tooru_teleop::JoyToTwistPub>; _Args = {}; _Tp = tooru_teleop::JoyToTwistPub][m[K’
[2.068s] [01m[K/usr/include/c++/11/bits/shared_ptr.h:862:14:[m[K   required from ‘[01m[Kstd::shared_ptr<_Tp> std::allocate_shared(const _Alloc&, _Args&& ...) [with _Tp = tooru_teleop::JoyToTwistPub; _Alloc = std::allocator<tooru_teleop::JoyToTwistPub>; _Args = {}][m[K’
[2.068s] [01m[K/usr/include/c++/11/bits/shared_ptr.h:878:39:[m[K   required from ‘[01m[Kstd::shared_ptr<_Tp> std::make_shared(_Args&& ...) [with _Tp = tooru_teleop::JoyToTwistPub; _Args = {}][m[K’
[2.069s] [01m[K/home/ntlab/mobile_ros2_ws/src/teleop/src/joystick.cpp:119:61:[m[K   required from here
[2.069s] [01m[K/usr/include/c++/11/ext/new_allocator.h:162:11:[m[K [01;31m[Kerror: [m[Kno matching function for call to ‘[01m[Ktooru_teleop::JoyToTwistPub::JoyToTwistPub()[m[K’
[2.069s]   162 |         { [01;31m[K::new((void *)__p) _Up(std::forward<_Args>(__args)...)[m[K; }
[2.069s]       |           [01;31m[K^~~~~~~~~~~~~~~~~~~~~~~~~~~~~~~~~~~~~~~~~~~~~~~~~~~~~~[m[K
[2.069s] [01m[K/home/ntlab/mobile_ros2_ws/src/teleop/src/joystick.cpp:84:13:[m[K [01;36m[Knote: [m[Kcandidate: ‘[01m[Ktooru_teleop::JoyToTwistPub::JoyToTwistPub(const rclcpp::NodeOptions&)[m[K’
[2.069s]    84 |             [01;36m[KJoyToTwistPub[m[K(const rclcpp::NodeOptions& options) : Node("joy_to_twist_publisher", options)
[2.069s]       |             [01;36m[K^~~~~~~~~~~~~[m[K
[2.069s] [01m[K/home/ntlab/mobile_ros2_ws/src/teleop/src/joystick.cpp:84:13:[m[K [01;36m[Knote: [m[K  candidate expects 1 argument, 0 provided
[3.234s] gmake[2]: *** [CMakeFiles/teleop_joystick_node.dir/build.make:76: CMakeFiles/teleop_joystick_node.dir/src/joystick.cpp.o] Error 1
[3.234s] gmake[1]: *** [CMakeFiles/Makefile2:137: CMakeFiles/teleop_joystick_node.dir/all] Error 2
[3.234s] gmake: *** [Makefile:146: all] Error 2
[3.238s] Invoked command in '/home/ntlab/mobile_ros2_ws/build/teleop' returned '2': CMAKE_PREFIX_PATH=${CMAKE_PREFIX_PATH}:/home/ntlab/ros2_test/install/moveit_configs_utils:/home/ntlab/mobile_ros2_ws/install/launch_testing_examples:/home/ntlab/mobile_ros2_ws/install/examples_rclpy_pointcloud_publisher:/home/ntlab/mobile_ros2_ws/install/examples_rclpy_minimal_subscriber:/home/ntlab/mobile_ros2_ws/install/examples_rclpy_minimal_service:/home/ntlab/mobile_ros2_ws/install/examples_rclpy_minimal_publisher:/home/ntlab/mobile_ros2_ws/install/examples_rclpy_minimal_client:/home/ntlab/mobile_ros2_ws/install/examples_rclpy_minimal_action_server:/home/ntlab/mobile_ros2_ws/install/examples_rclpy_minimal_action_client:/home/ntlab/mobile_ros2_ws/install/examples_rclpy_guard_conditions:/home/ntlab/mobile_ros2_ws/install/examples_rclpy_executors:/opt/ros/humble /usr/bin/cmake --build /home/ntlab/mobile_ros2_ws/build/teleop -- -j16 -l16
