[0.011s] Invoking command in '/home/rama/ROS/tooru_ros2_ws/build/tooru_mobile': CMAKE_PREFIX_PATH=${CMAKE_PREFIX_PATH}:/opt/ros/humble /usr/bin/cmake --build /home/rama/ROS/tooru_ros2_ws/build/tooru_mobile -- -j16 -l16
[0.037s] [35m[1mConsolidate compiler generated dependencies of target kinematics[0m
[0.050s] [ 50%] [32mBuilding CXX object CMakeFiles/kinematics.dir/src/kinematics.cpp.o[0m
[1.488s] [01m[K/home/rama/ROS/tooru_ros2_ws/src/tooru_mobile/src/kinematics.cpp:[m[K In member function ‘[01m[Kvoid tooru_mobile::TwistToJointPub::twistCB(const ConstSharedPtr&)[m[K’:
[1.489s] [01m[K/home/rama/ROS/tooru_ros2_ws/src/tooru_mobile/src/kinematics.cpp:60:82:[m[K [01;35m[Kwarning: [m[Kunused parameter ‘[01m[Kmsg[m[K’ [[01;35m[K]8;;https://gcc.gnu.org/onlinedocs/gcc/Warning-Options.html#index-Wunused-parameter-Wunused-parameter]8;;[m[K]
[1.489s]    60 | oid twistCB([01;35m[Kconst geometry_msgs::msg::TwistStamped::ConstSharedPtr& msg[m[K)
[1.489s]       |             [01;35m[K~~~~~~~~~~~~~~~~~~~~~~~~~~~~~~~~~~~~~~~~~~~~~~~~~~~~~~~~^~~[m[K
[1.489s] 
[5.263s] [100%] [32m[1mLinking CXX shared library libkinematics.so[0m
[5.511s] [100%] Built target kinematics
[5.523s] Invoked command in '/home/rama/ROS/tooru_ros2_ws/build/tooru_mobile' returned '0': CMAKE_PREFIX_PATH=${CMAKE_PREFIX_PATH}:/opt/ros/humble /usr/bin/cmake --build /home/rama/ROS/tooru_ros2_ws/build/tooru_mobile -- -j16 -l16
[5.551s] Invoking command in '/home/rama/ROS/tooru_ros2_ws/build/tooru_mobile': CMAKE_PREFIX_PATH=${CMAKE_PREFIX_PATH}:/opt/ros/humble /usr/bin/cmake --install /home/rama/ROS/tooru_ros2_ws/build/tooru_mobile
[5.559s] -- Install configuration: ""
[5.559s] -- Installing: /home/rama/ROS/tooru_ros2_ws/install/tooru_mobile/lib/libkinematics.so
[5.568s] -- Set runtime path of "/home/rama/ROS/tooru_ros2_ws/install/tooru_mobile/lib/libkinematics.so" to ""
[5.568s] -- Up-to-date: /home/rama/ROS/tooru_ros2_ws/install/tooru_mobile/share/ament_index/resource_index/package_run_dependencies/tooru_mobile
[5.568s] -- Up-to-date: /home/rama/ROS/tooru_ros2_ws/install/tooru_mobile/share/ament_index/resource_index/parent_prefix_path/tooru_mobile
[5.568s] -- Up-to-date: /home/rama/ROS/tooru_ros2_ws/install/tooru_mobile/share/tooru_mobile/environment/ament_prefix_path.sh
[5.568s] -- Up-to-date: /home/rama/ROS/tooru_ros2_ws/install/tooru_mobile/share/tooru_mobile/environment/ament_prefix_path.dsv
[5.568s] -- Up-to-date: /home/rama/ROS/tooru_ros2_ws/install/tooru_mobile/share/tooru_mobile/environment/path.sh
[5.568s] -- Up-to-date: /home/rama/ROS/tooru_ros2_ws/install/tooru_mobile/share/tooru_mobile/environment/path.dsv
[5.568s] -- Up-to-date: /home/rama/ROS/tooru_ros2_ws/install/tooru_mobile/share/tooru_mobile/local_setup.bash
[5.568s] -- Up-to-date: /home/rama/ROS/tooru_ros2_ws/install/tooru_mobile/share/tooru_mobile/local_setup.sh
[5.568s] -- Up-to-date: /home/rama/ROS/tooru_ros2_ws/install/tooru_mobile/share/tooru_mobile/local_setup.zsh
[5.568s] -- Up-to-date: /home/rama/ROS/tooru_ros2_ws/install/tooru_mobile/share/tooru_mobile/local_setup.dsv
[5.568s] -- Installing: /home/rama/ROS/tooru_ros2_ws/install/tooru_mobile/share/tooru_mobile/package.dsv
[5.568s] -- Up-to-date: /home/rama/ROS/tooru_ros2_ws/install/tooru_mobile/share/ament_index/resource_index/packages/tooru_mobile
[5.569s] -- Up-to-date: /home/rama/ROS/tooru_ros2_ws/install/tooru_mobile/share/ament_index/resource_index/rclcpp_components/tooru_mobile
[5.569s] -- Up-to-date: /home/rama/ROS/tooru_ros2_ws/install/tooru_mobile/share/tooru_mobile/cmake/tooru_mobileConfig.cmake
[5.569s] -- Up-to-date: /home/rama/ROS/tooru_ros2_ws/install/tooru_mobile/share/tooru_mobile/cmake/tooru_mobileConfig-version.cmake
[5.569s] -- Up-to-date: /home/rama/ROS/tooru_ros2_ws/install/tooru_mobile/share/tooru_mobile/package.xml
[5.571s] Invoked command in '/home/rama/ROS/tooru_ros2_ws/build/tooru_mobile' returned '0': CMAKE_PREFIX_PATH=${CMAKE_PREFIX_PATH}:/opt/ros/humble /usr/bin/cmake --install /home/rama/ROS/tooru_ros2_ws/build/tooru_mobile
