[0.010s] Invoking command in '/home/rama/ROS/tooru_ros2_ws/build/tooru_mobile': CMAKE_PREFIX_PATH=${CMAKE_PREFIX_PATH}:/opt/ros/humble /usr/bin/cmake --build /home/rama/ROS/tooru_ros2_ws/build/tooru_mobile -- -j16 -l16
[0.025s] -- Found ament_cmake: 1.3.4 (/opt/ros/humble/share/ament_cmake/cmake)
[0.111s] -- Found geometry_msgs: 4.2.3 (/opt/ros/humble/share/geometry_msgs/cmake)
[0.126s] -- Found rosidl_generator_c: 3.1.4 (/opt/ros/humble/share/rosidl_generator_c/cmake)
[0.127s] -- Found rosidl_adapter: 3.1.4 (/opt/ros/humble/share/rosidl_adapter/cmake)
[0.131s] -- Found rosidl_generator_cpp: 3.1.4 (/opt/ros/humble/share/rosidl_generator_cpp/cmake)
[0.137s] -- Using all available rosidl_typesupport_c: rosidl_typesupport_fastrtps_c;rosidl_typesupport_introspection_c
[0.146s] -- Using all available rosidl_typesupport_cpp: rosidl_typesupport_fastrtps_cpp;rosidl_typesupport_introspection_cpp
[0.213s] -- Found rclcpp: 16.0.4 (/opt/ros/humble/share/rclcpp/cmake)
[0.240s] -- Found rmw_implementation_cmake: 6.1.1 (/opt/ros/humble/share/rmw_implementation_cmake/cmake)
[0.241s] -- Found rmw_fastrtps_cpp: 6.2.2 (/opt/ros/humble/share/rmw_fastrtps_cpp/cmake)
[0.316s] -- Using RMW implementation 'rmw_fastrtps_cpp' as default
[0.390s] -- Found rclcpp_components: 16.0.4 (/opt/ros/humble/share/rclcpp_components/cmake)
[0.423s] -- Found sensor_msgs: 4.2.3 (/opt/ros/humble/share/sensor_msgs/cmake)
[0.472s] -- Found eigen3_cmake_module: 0.1.1 (/opt/ros/humble/share/eigen3_cmake_module/cmake)
[0.473s] [31mCMake Error at CMakeLists.txt:35 (INCLUDE_DIRECTORIES):
[0.474s]   INCLUDE_DIRECTORIES given empty-string as include directory.
[0.474s] 
[0.474s] [0m
[0.474s] -- Found ament_lint_auto: 0.12.6 (/opt/ros/humble/share/ament_lint_auto/cmake)
[0.515s] -- Added test 'cppcheck' to perform static code analysis on C / C++ code
[0.515s] -- Configured cppcheck include dirs: 
[0.515s] -- Configured cppcheck exclude dirs and/or files: 
[0.516s] -- Added test 'lint_cmake' to check CMake code style
[0.516s] -- Added test 'uncrustify' to check C / C++ code style
[0.516s] -- Configured uncrustify additional arguments: 
[0.517s] -- Added test 'xmllint' to check XML markup files
[0.517s] -- Configuring incomplete, errors occurred!
[0.517s] See also "/home/rama/ROS/tooru_ros2_ws/build/tooru_mobile/CMakeFiles/CMakeOutput.log".
[0.523s] gmake: *** [Makefile:267: cmake_check_build_system] Error 1
[0.525s] Invoked command in '/home/rama/ROS/tooru_ros2_ws/build/tooru_mobile' returned '2': CMAKE_PREFIX_PATH=${CMAKE_PREFIX_PATH}:/opt/ros/humble /usr/bin/cmake --build /home/rama/ROS/tooru_ros2_ws/build/tooru_mobile -- -j16 -l16
