[0.016s] Invoking command in '/home/rama/ROS/tooru_ros2_ws/build/dynamixel_sdk': CMAKE_PREFIX_PATH=${CMAKE_PREFIX_PATH}:/opt/ros/humble /usr/bin/cmake /home/rama/ROS/tooru_ros2_ws/src/DynamixelSDK/dynamixel_sdk -DCMAKE_INSTALL_PREFIX=/home/rama/ROS/tooru_ros2_ws/install/dynamixel_sdk
[0.049s] -- The C compiler identification is GNU 11.3.0
[0.129s] -- The CXX compiler identification is GNU 11.3.0
[0.141s] -- Detecting C compiler ABI info
[0.243s] -- Detecting C compiler ABI info - done
[0.265s] -- Check for working C compiler: /usr/bin/cc - skipped
[0.265s] -- Detecting C compile features
[0.266s] -- Detecting C compile features - done
[0.274s] -- Detecting CXX compiler ABI info
[0.407s] -- Detecting CXX compiler ABI info - done
[0.430s] -- Check for working CXX compiler: /usr/bin/c++ - skipped
[0.431s] -- Detecting CXX compile features
[0.432s] -- Detecting CXX compile features - done
[0.437s] -- Found ament_cmake: 1.3.4 (/opt/ros/humble/share/ament_cmake/cmake)
[0.657s] -- Found Python3: /usr/bin/python3.10 (found version "3.10.6") found components: Interpreter 
[0.774s] -- Configuring done
[0.778s] -- Generating done
[0.778s] -- Build files have been written to: /home/rama/ROS/tooru_ros2_ws/build/dynamixel_sdk
[0.783s] Invoked command in '/home/rama/ROS/tooru_ros2_ws/build/dynamixel_sdk' returned '0': CMAKE_PREFIX_PATH=${CMAKE_PREFIX_PATH}:/opt/ros/humble /usr/bin/cmake /home/rama/ROS/tooru_ros2_ws/src/DynamixelSDK/dynamixel_sdk -DCMAKE_INSTALL_PREFIX=/home/rama/ROS/tooru_ros2_ws/install/dynamixel_sdk
[0.783s] Invoking command in '/home/rama/ROS/tooru_ros2_ws/build/dynamixel_sdk': CMAKE_PREFIX_PATH=${CMAKE_PREFIX_PATH}:/opt/ros/humble /usr/bin/cmake --build /home/rama/ROS/tooru_ros2_ws/build/dynamixel_sdk -- -j16 -l16
[0.812s] [ 10%] [32mBuilding CXX object CMakeFiles/dynamixel_sdk.dir/src/dynamixel_sdk/protocol1_packet_handler.cpp.o[0m
[0.813s] [ 20%] [32mBuilding CXX object CMakeFiles/dynamixel_sdk.dir/src/dynamixel_sdk/group_sync_write.cpp.o[0m
[0.813s] [ 40%] [32mBuilding CXX object CMakeFiles/dynamixel_sdk.dir/src/dynamixel_sdk/packet_handler.cpp.o[0m
[0.813s] [ 40%] [32mBuilding CXX object CMakeFiles/dynamixel_sdk.dir/src/dynamixel_sdk/protocol2_packet_handler.cpp.o[0m
[0.813s] [ 50%] [32mBuilding CXX object CMakeFiles/dynamixel_sdk.dir/src/dynamixel_sdk/group_sync_read.cpp.o[0m
[0.813s] [ 60%] [32mBuilding CXX object CMakeFiles/dynamixel_sdk.dir/src/dynamixel_sdk/port_handler.cpp.o[0m
[0.814s] [ 70%] [32mBuilding CXX object CMakeFiles/dynamixel_sdk.dir/src/dynamixel_sdk/group_bulk_read.cpp.o[0m
[0.814s] [ 80%] [32mBuilding CXX object CMakeFiles/dynamixel_sdk.dir/src/dynamixel_sdk/port_handler_linux.cpp.o[0m
[0.815s] [ 90%] [32mBuilding CXX object CMakeFiles/dynamixel_sdk.dir/src/dynamixel_sdk/group_bulk_write.cpp.o[0m
[1.272s] [100%] [32m[1mLinking CXX shared library libdynamixel_sdk.so[0m
[1.334s] [100%] Built target dynamixel_sdk
[1.341s] Invoked command in '/home/rama/ROS/tooru_ros2_ws/build/dynamixel_sdk' returned '0': CMAKE_PREFIX_PATH=${CMAKE_PREFIX_PATH}:/opt/ros/humble /usr/bin/cmake --build /home/rama/ROS/tooru_ros2_ws/build/dynamixel_sdk -- -j16 -l16
[1.371s] Invoking command in '/home/rama/ROS/tooru_ros2_ws/build/dynamixel_sdk': CMAKE_PREFIX_PATH=${CMAKE_PREFIX_PATH}:/opt/ros/humble /usr/bin/cmake --install /home/rama/ROS/tooru_ros2_ws/build/dynamixel_sdk
[1.374s] -- Install configuration: ""
[1.374s] -- Installing: /home/rama/ROS/tooru_ros2_ws/install/dynamixel_sdk/include/
[1.375s] -- Installing: /home/rama/ROS/tooru_ros2_ws/install/dynamixel_sdk/include//dynamixel_sdk
[1.375s] -- Installing: /home/rama/ROS/tooru_ros2_ws/install/dynamixel_sdk/include//dynamixel_sdk/port_handler_mac.h
[1.375s] -- Installing: /home/rama/ROS/tooru_ros2_ws/install/dynamixel_sdk/include//dynamixel_sdk/group_sync_write.h
[1.375s] -- Installing: /home/rama/ROS/tooru_ros2_ws/install/dynamixel_sdk/include//dynamixel_sdk/group_bulk_read.h
[1.375s] -- Installing: /home/rama/ROS/tooru_ros2_ws/install/dynamixel_sdk/include//dynamixel_sdk/group_bulk_write.h
[1.375s] -- Installing: /home/rama/ROS/tooru_ros2_ws/install/dynamixel_sdk/include//dynamixel_sdk/group_sync_read.h
[1.375s] -- Installing: /home/rama/ROS/tooru_ros2_ws/install/dynamixel_sdk/include//dynamixel_sdk/protocol2_packet_handler.h
[1.375s] -- Installing: /home/rama/ROS/tooru_ros2_ws/install/dynamixel_sdk/include//dynamixel_sdk/port_handler.h
[1.375s] -- Installing: /home/rama/ROS/tooru_ros2_ws/install/dynamixel_sdk/include//dynamixel_sdk/port_handler_arduino.h
[1.375s] -- Installing: /home/rama/ROS/tooru_ros2_ws/install/dynamixel_sdk/include//dynamixel_sdk/port_handler_linux.h
[1.375s] -- Installing: /home/rama/ROS/tooru_ros2_ws/install/dynamixel_sdk/include//dynamixel_sdk/protocol1_packet_handler.h
[1.375s] -- Installing: /home/rama/ROS/tooru_ros2_ws/install/dynamixel_sdk/include//dynamixel_sdk/dynamixel_sdk.h
[1.375s] -- Installing: /home/rama/ROS/tooru_ros2_ws/install/dynamixel_sdk/include//dynamixel_sdk/packet_handler.h
[1.375s] -- Installing: /home/rama/ROS/tooru_ros2_ws/install/dynamixel_sdk/include//dynamixel_sdk/port_handler_windows.h
[1.375s] -- Installing: /home/rama/ROS/tooru_ros2_ws/install/dynamixel_sdk/lib/libdynamixel_sdk.so
[1.376s] -- Installing: /home/rama/ROS/tooru_ros2_ws/install/dynamixel_sdk/share/dynamixel_sdk/environment/library_path.sh
[1.376s] -- Installing: /home/rama/ROS/tooru_ros2_ws/install/dynamixel_sdk/share/dynamixel_sdk/environment/library_path.dsv
[1.376s] -- Installing: /home/rama/ROS/tooru_ros2_ws/install/dynamixel_sdk/share/ament_index/resource_index/package_run_dependencies/dynamixel_sdk
[1.376s] -- Installing: /home/rama/ROS/tooru_ros2_ws/install/dynamixel_sdk/share/ament_index/resource_index/parent_prefix_path/dynamixel_sdk
[1.376s] -- Installing: /home/rama/ROS/tooru_ros2_ws/install/dynamixel_sdk/share/dynamixel_sdk/environment/ament_prefix_path.sh
[1.376s] -- Installing: /home/rama/ROS/tooru_ros2_ws/install/dynamixel_sdk/share/dynamixel_sdk/environment/ament_prefix_path.dsv
[1.376s] -- Installing: /home/rama/ROS/tooru_ros2_ws/install/dynamixel_sdk/share/dynamixel_sdk/environment/path.sh
[1.376s] -- Installing: /home/rama/ROS/tooru_ros2_ws/install/dynamixel_sdk/share/dynamixel_sdk/environment/path.dsv
[1.376s] -- Installing: /home/rama/ROS/tooru_ros2_ws/install/dynamixel_sdk/share/dynamixel_sdk/local_setup.bash
[1.376s] -- Installing: /home/rama/ROS/tooru_ros2_ws/install/dynamixel_sdk/share/dynamixel_sdk/local_setup.sh
[1.376s] -- Installing: /home/rama/ROS/tooru_ros2_ws/install/dynamixel_sdk/share/dynamixel_sdk/local_setup.zsh
[1.376s] -- Installing: /home/rama/ROS/tooru_ros2_ws/install/dynamixel_sdk/share/dynamixel_sdk/local_setup.dsv
[1.377s] -- Installing: /home/rama/ROS/tooru_ros2_ws/install/dynamixel_sdk/share/dynamixel_sdk/package.dsv
[1.377s] -- Installing: /home/rama/ROS/tooru_ros2_ws/install/dynamixel_sdk/share/ament_index/resource_index/packages/dynamixel_sdk
[1.377s] -- Installing: /home/rama/ROS/tooru_ros2_ws/install/dynamixel_sdk/share/dynamixel_sdk/cmake/ament_cmake_export_include_directories-extras.cmake
[1.377s] -- Installing: /home/rama/ROS/tooru_ros2_ws/install/dynamixel_sdk/share/dynamixel_sdk/cmake/ament_cmake_export_libraries-extras.cmake
[1.377s] -- Installing: /home/rama/ROS/tooru_ros2_ws/install/dynamixel_sdk/share/dynamixel_sdk/cmake/dynamixel_sdkConfig.cmake
[1.377s] -- Installing: /home/rama/ROS/tooru_ros2_ws/install/dynamixel_sdk/share/dynamixel_sdk/cmake/dynamixel_sdkConfig-version.cmake
[1.377s] -- Installing: /home/rama/ROS/tooru_ros2_ws/install/dynamixel_sdk/share/dynamixel_sdk/package.xml
[1.378s] Invoked command in '/home/rama/ROS/tooru_ros2_ws/build/dynamixel_sdk' returned '0': CMAKE_PREFIX_PATH=${CMAKE_PREFIX_PATH}:/opt/ros/humble /usr/bin/cmake --install /home/rama/ROS/tooru_ros2_ws/build/dynamixel_sdk
