[0.007s] Invoking command in '/home/rama/ROS/tooru_ros2_ws/build/tooru_teleop': CMAKE_PREFIX_PATH=/opt/ros/humble /usr/bin/cmake --build /home/rama/ROS/tooru_ros2_ws/build/tooru_teleop -- -j16 -l16
[0.020s] -- Found ament_cmake: 1.3.4 (/opt/ros/humble/share/ament_cmake/cmake)
[0.106s] -- Found geometry_msgs: 4.2.3 (/opt/ros/humble/share/geometry_msgs/cmake)
[0.121s] -- Found rosidl_generator_c: 3.1.4 (/opt/ros/humble/share/rosidl_generator_c/cmake)
[0.122s] -- Found rosidl_adapter: 3.1.4 (/opt/ros/humble/share/rosidl_adapter/cmake)
[0.125s] -- Found rosidl_generator_cpp: 3.1.4 (/opt/ros/humble/share/rosidl_generator_cpp/cmake)
[0.132s] -- Using all available rosidl_typesupport_c: rosidl_typesupport_fastrtps_c;rosidl_typesupport_introspection_c
[0.141s] -- Using all available rosidl_typesupport_cpp: rosidl_typesupport_fastrtps_cpp;rosidl_typesupport_introspection_cpp
[0.208s] -- Found rclcpp: 16.0.4 (/opt/ros/humble/share/rclcpp/cmake)
[0.235s] -- Found rmw_implementation_cmake: 6.1.1 (/opt/ros/humble/share/rmw_implementation_cmake/cmake)
[0.236s] -- Found rmw_fastrtps_cpp: 6.2.2 (/opt/ros/humble/share/rmw_fastrtps_cpp/cmake)
[0.302s] -- Using RMW implementation 'rmw_fastrtps_cpp' as default
[0.378s] -- Found rclcpp_components: 16.0.4 (/opt/ros/humble/share/rclcpp_components/cmake)
[0.411s] -- Found sensor_msgs: 4.2.3 (/opt/ros/humble/share/sensor_msgs/cmake)
[0.461s] -- Found ament_lint_auto: 0.12.6 (/opt/ros/humble/share/ament_lint_auto/cmake)
[0.500s] -- Added test 'cppcheck' to perform static code analysis on C / C++ code
[0.500s] -- Configured cppcheck include dirs: 
[0.500s] -- Configured cppcheck exclude dirs and/or files: 
[0.500s] -- Added test 'flake8' to check Python code syntax and style conventions
[0.500s] -- Added test 'lint_cmake' to check CMake code style
[0.500s] -- Added test 'pep257' to check Python code against some of the docstring style conventions in PEP 257
[0.501s] -- Added test 'uncrustify' to check C / C++ code style
[0.501s] -- Configured uncrustify additional arguments: 
[0.501s] -- Added test 'xmllint' to check XML markup files
[0.501s] -- Configuring done
[0.507s] -- Generating done
[0.508s] -- Build files have been written to: /home/rama/ROS/tooru_ros2_ws/build/tooru_teleop
[0.524s] [35m[1mConsolidate compiler generated dependencies of target teleop_teleop_input[0m
[0.538s] [100%] Built target teleop_teleop_input
[0.548s] Invoked command in '/home/rama/ROS/tooru_ros2_ws/build/tooru_teleop' returned '0': CMAKE_PREFIX_PATH=/opt/ros/humble /usr/bin/cmake --build /home/rama/ROS/tooru_ros2_ws/build/tooru_teleop -- -j16 -l16
[0.565s] Invoking command in '/home/rama/ROS/tooru_ros2_ws/build/tooru_teleop': CMAKE_PREFIX_PATH=/opt/ros/humble /usr/bin/cmake --install /home/rama/ROS/tooru_ros2_ws/build/tooru_teleop
[0.569s] -- Install configuration: ""
[0.569s] -- Up-to-date: /home/rama/ROS/tooru_ros2_ws/install/tooru_teleop/lib/libteleop_teleop_input.so
[0.570s] -- Installing: /home/rama/ROS/tooru_ros2_ws/install/tooru_teleop/share/ament_index/resource_index/package_run_dependencies/tooru_teleop
[0.570s] -- Up-to-date: /home/rama/ROS/tooru_ros2_ws/install/tooru_teleop/share/ament_index/resource_index/parent_prefix_path/tooru_teleop
[0.570s] -- Up-to-date: /home/rama/ROS/tooru_ros2_ws/install/tooru_teleop/share/tooru_teleop/environment/ament_prefix_path.sh
[0.570s] -- Installing: /home/rama/ROS/tooru_ros2_ws/install/tooru_teleop/share/tooru_teleop/environment/ament_prefix_path.dsv
[0.570s] -- Up-to-date: /home/rama/ROS/tooru_ros2_ws/install/tooru_teleop/share/tooru_teleop/environment/path.sh
[0.570s] -- Installing: /home/rama/ROS/tooru_ros2_ws/install/tooru_teleop/share/tooru_teleop/environment/path.dsv
[0.570s] -- Up-to-date: /home/rama/ROS/tooru_ros2_ws/install/tooru_teleop/share/tooru_teleop/local_setup.bash
[0.570s] -- Up-to-date: /home/rama/ROS/tooru_ros2_ws/install/tooru_teleop/share/tooru_teleop/local_setup.sh
[0.570s] -- Up-to-date: /home/rama/ROS/tooru_ros2_ws/install/tooru_teleop/share/tooru_teleop/local_setup.zsh
[0.570s] -- Installing: /home/rama/ROS/tooru_ros2_ws/install/tooru_teleop/share/tooru_teleop/local_setup.dsv
[0.570s] -- Installing: /home/rama/ROS/tooru_ros2_ws/install/tooru_teleop/share/tooru_teleop/package.dsv
[0.570s] -- Up-to-date: /home/rama/ROS/tooru_ros2_ws/install/tooru_teleop/share/ament_index/resource_index/packages/tooru_teleop
[0.570s] -- Up-to-date: /home/rama/ROS/tooru_ros2_ws/install/tooru_teleop/share/ament_index/resource_index/rclcpp_components/tooru_teleop
[0.570s] -- Up-to-date: /home/rama/ROS/tooru_ros2_ws/install/tooru_teleop/share/tooru_teleop/cmake/tooru_teleopConfig.cmake
[0.570s] -- Up-to-date: /home/rama/ROS/tooru_ros2_ws/install/tooru_teleop/share/tooru_teleop/cmake/tooru_teleopConfig-version.cmake
[0.570s] -- Installing: /home/rama/ROS/tooru_ros2_ws/install/tooru_teleop/share/tooru_teleop/package.xml
[0.573s] Invoked command in '/home/rama/ROS/tooru_ros2_ws/build/tooru_teleop' returned '0': CMAKE_PREFIX_PATH=/opt/ros/humble /usr/bin/cmake --install /home/rama/ROS/tooru_ros2_ws/build/tooru_teleop
