[35m[1mConsolidate compiler generated dependencies of target teleop_joystick_input[0m
[ 50%] [32mBuilding CXX object CMakeFiles/teleop_joystick_input.dir/src/joystick.cpp.o[0m
[100%] [32m[1mLinking CXX shared library libteleop_joystick_input.so[0m
[100%] Built target teleop_joystick_input
-- Install configuration: ""
-- Installing: /home/ntlab/mobile_ros2_ws/install/tooru_teleop/lib/libteleop_joystick_input.so
-- Set runtime path of "/home/ntlab/mobile_ros2_ws/install/tooru_teleop/lib/libteleop_joystick_input.so" to ""
-- Up-to-date: /home/ntlab/mobile_ros2_ws/install/tooru_teleop/share/ament_index/resource_index/package_run_dependencies/tooru_teleop
-- Up-to-date: /home/ntlab/mobile_ros2_ws/install/tooru_teleop/share/ament_index/resource_index/parent_prefix_path/tooru_teleop
-- Up-to-date: /home/ntlab/mobile_ros2_ws/install/tooru_teleop/share/tooru_teleop/environment/ament_prefix_path.sh
-- Up-to-date: /home/ntlab/mobile_ros2_ws/install/tooru_teleop/share/tooru_teleop/environment/ament_prefix_path.dsv
-- Up-to-date: /home/ntlab/mobile_ros2_ws/install/tooru_teleop/share/tooru_teleop/environment/path.sh
-- Up-to-date: /home/ntlab/mobile_ros2_ws/install/tooru_teleop/share/tooru_teleop/environment/path.dsv
-- Up-to-date: /home/ntlab/mobile_ros2_ws/install/tooru_teleop/share/tooru_teleop/local_setup.bash
-- Up-to-date: /home/ntlab/mobile_ros2_ws/install/tooru_teleop/share/tooru_teleop/local_setup.sh
-- Up-to-date: /home/ntlab/mobile_ros2_ws/install/tooru_teleop/share/tooru_teleop/local_setup.zsh
-- Up-to-date: /home/ntlab/mobile_ros2_ws/install/tooru_teleop/share/tooru_teleop/local_setup.dsv
-- Installing: /home/ntlab/mobile_ros2_ws/install/tooru_teleop/share/tooru_teleop/package.dsv
-- Up-to-date: /home/ntlab/mobile_ros2_ws/install/tooru_teleop/share/ament_index/resource_index/packages/tooru_teleop
-- Up-to-date: /home/ntlab/mobile_ros2_ws/install/tooru_teleop/share/ament_index/resource_index/rclcpp_components/tooru_teleop
-- Up-to-date: /home/ntlab/mobile_ros2_ws/install/tooru_teleop/share/tooru_teleop/cmake/tooru_teleopConfig.cmake
-- Up-to-date: /home/ntlab/mobile_ros2_ws/install/tooru_teleop/share/tooru_teleop/cmake/tooru_teleopConfig-version.cmake
-- Up-to-date: /home/ntlab/mobile_ros2_ws/install/tooru_teleop/share/tooru_teleop/package.xml
