[0.008s] Invoking command in '/home/ntlab/mobile_ros2_ws/build/tooru_teleop': CMAKE_PREFIX_PATH=/opt/ros/humble /usr/bin/cmake --build /home/ntlab/mobile_ros2_ws/build/tooru_teleop -- -j16 -l16
[0.031s] [35m[1mConsolidate compiler generated dependencies of target teleop_joystick_input[0m
[0.044s] [ 50%] [32mBuilding CXX object CMakeFiles/teleop_joystick_input.dir/src/joystick.cpp.o[0m
[1.412s] [01m[K/home/ntlab/mobile_ros2_ws/src/tooru_teleop/src/joystick.cpp:[m[K In function ‘[01m[Kbool convertJoyToCmd(const std::vector<float, std::allocator<float> >&, const std::vector<int, std::allocator<int> >&, std::unique_ptr<geometry_msgs::msg::TwistStamped_<std::allocator<void> >, std::default_delete<geometry_msgs::msg::TwistStamped_<std::allocator<void> > > >&)[m[K’:
[1.412s] [01m[K/home/ntlab/mobile_ros2_ws/src/tooru_teleop/src/joystick.cpp:58:78:[m[K [01;35m[Kwarning: [m[Kunused parameter ‘[01m[Kbuttons[m[K’ [[01;35m[K]8;;https://gcc.gnu.org/onlinedocs/gcc/Warning-Options.html#index-Wunused-parameter-Wunused-parameter]8;;[m[K]
[1.412s]    58 | :vector<float>& axes, [01;35m[Kconst std::vector<int>& buttons[m[K,
[1.412s]       |                       [01;35m[K~~~~~~~~~~~~~~~~~~~~~~~~^~~~~~~[m[K
[1.412s] 
[5.372s] [100%] [32m[1mLinking CXX shared library libteleop_joystick_input.so[0m
[5.618s] [100%] Built target teleop_joystick_input
[5.629s] Invoked command in '/home/ntlab/mobile_ros2_ws/build/tooru_teleop' returned '0': CMAKE_PREFIX_PATH=/opt/ros/humble /usr/bin/cmake --build /home/ntlab/mobile_ros2_ws/build/tooru_teleop -- -j16 -l16
[5.648s] Invoking command in '/home/ntlab/mobile_ros2_ws/build/tooru_teleop': CMAKE_PREFIX_PATH=/opt/ros/humble /usr/bin/cmake --install /home/ntlab/mobile_ros2_ws/build/tooru_teleop
[5.651s] -- Install configuration: ""
[5.651s] -- Installing: /home/ntlab/mobile_ros2_ws/install/tooru_teleop/lib/libteleop_joystick_input.so
[5.657s] -- Set runtime path of "/home/ntlab/mobile_ros2_ws/install/tooru_teleop/lib/libteleop_joystick_input.so" to ""
[5.657s] -- Up-to-date: /home/ntlab/mobile_ros2_ws/install/tooru_teleop/share/ament_index/resource_index/package_run_dependencies/tooru_teleop
[5.657s] -- Up-to-date: /home/ntlab/mobile_ros2_ws/install/tooru_teleop/share/ament_index/resource_index/parent_prefix_path/tooru_teleop
[5.657s] -- Up-to-date: /home/ntlab/mobile_ros2_ws/install/tooru_teleop/share/tooru_teleop/environment/ament_prefix_path.sh
[5.657s] -- Up-to-date: /home/ntlab/mobile_ros2_ws/install/tooru_teleop/share/tooru_teleop/environment/ament_prefix_path.dsv
[5.657s] -- Up-to-date: /home/ntlab/mobile_ros2_ws/install/tooru_teleop/share/tooru_teleop/environment/path.sh
[5.657s] -- Up-to-date: /home/ntlab/mobile_ros2_ws/install/tooru_teleop/share/tooru_teleop/environment/path.dsv
[5.657s] -- Up-to-date: /home/ntlab/mobile_ros2_ws/install/tooru_teleop/share/tooru_teleop/local_setup.bash
[5.657s] -- Up-to-date: /home/ntlab/mobile_ros2_ws/install/tooru_teleop/share/tooru_teleop/local_setup.sh
[5.657s] -- Up-to-date: /home/ntlab/mobile_ros2_ws/install/tooru_teleop/share/tooru_teleop/local_setup.zsh
[5.657s] -- Up-to-date: /home/ntlab/mobile_ros2_ws/install/tooru_teleop/share/tooru_teleop/local_setup.dsv
[5.657s] -- Installing: /home/ntlab/mobile_ros2_ws/install/tooru_teleop/share/tooru_teleop/package.dsv
[5.657s] -- Up-to-date: /home/ntlab/mobile_ros2_ws/install/tooru_teleop/share/ament_index/resource_index/packages/tooru_teleop
[5.657s] -- Up-to-date: /home/ntlab/mobile_ros2_ws/install/tooru_teleop/share/ament_index/resource_index/rclcpp_components/tooru_teleop
[5.657s] -- Up-to-date: /home/ntlab/mobile_ros2_ws/install/tooru_teleop/share/tooru_teleop/cmake/tooru_teleopConfig.cmake
[5.657s] -- Up-to-date: /home/ntlab/mobile_ros2_ws/install/tooru_teleop/share/tooru_teleop/cmake/tooru_teleopConfig-version.cmake
[5.657s] -- Up-to-date: /home/ntlab/mobile_ros2_ws/install/tooru_teleop/share/tooru_teleop/package.xml
[5.659s] Invoked command in '/home/ntlab/mobile_ros2_ws/build/tooru_teleop' returned '0': CMAKE_PREFIX_PATH=/opt/ros/humble /usr/bin/cmake --install /home/ntlab/mobile_ros2_ws/build/tooru_teleop
