[ 50%] [32mBuilding CXX object CMakeFiles/kinematics.dir/src/kinematics.cpp.o[0m
[100%] [32m[1mLinking CXX shared library libkinematics.so[0m
[100%] Built target kinematics
-- Install configuration: ""
-- Installing: /home/rama/ROS/tooru_ros2_ws/install/tooru_mobile/lib/libkinematics.so
-- Set runtime path of "/home/rama/ROS/tooru_ros2_ws/install/tooru_mobile/lib/libkinematics.so" to ""
-- Up-to-date: /home/rama/ROS/tooru_ros2_ws/install/tooru_mobile/share/ament_index/resource_index/package_run_dependencies/tooru_mobile
-- Up-to-date: /home/rama/ROS/tooru_ros2_ws/install/tooru_mobile/share/ament_index/resource_index/parent_prefix_path/tooru_mobile
-- Up-to-date: /home/rama/ROS/tooru_ros2_ws/install/tooru_mobile/share/tooru_mobile/environment/ament_prefix_path.sh
-- Up-to-date: /home/rama/ROS/tooru_ros2_ws/install/tooru_mobile/share/tooru_mobile/environment/ament_prefix_path.dsv
-- Up-to-date: /home/rama/ROS/tooru_ros2_ws/install/tooru_mobile/share/tooru_mobile/environment/path.sh
-- Up-to-date: /home/rama/ROS/tooru_ros2_ws/install/tooru_mobile/share/tooru_mobile/environment/path.dsv
-- Up-to-date: /home/rama/ROS/tooru_ros2_ws/install/tooru_mobile/share/tooru_mobile/local_setup.bash
-- Up-to-date: /home/rama/ROS/tooru_ros2_ws/install/tooru_mobile/share/tooru_mobile/local_setup.sh
-- Up-to-date: /home/rama/ROS/tooru_ros2_ws/install/tooru_mobile/share/tooru_mobile/local_setup.zsh
-- Up-to-date: /home/rama/ROS/tooru_ros2_ws/install/tooru_mobile/share/tooru_mobile/local_setup.dsv
-- Installing: /home/rama/ROS/tooru_ros2_ws/install/tooru_mobile/share/tooru_mobile/package.dsv
-- Up-to-date: /home/rama/ROS/tooru_ros2_ws/install/tooru_mobile/share/ament_index/resource_index/packages/tooru_mobile
-- Up-to-date: /home/rama/ROS/tooru_ros2_ws/install/tooru_mobile/share/ament_index/resource_index/rclcpp_components/tooru_mobile
-- Up-to-date: /home/rama/ROS/tooru_ros2_ws/install/tooru_mobile/share/tooru_mobile/cmake/tooru_mobileConfig.cmake
-- Up-to-date: /home/rama/ROS/tooru_ros2_ws/install/tooru_mobile/share/tooru_mobile/cmake/tooru_mobileConfig-version.cmake
-- Up-to-date: /home/rama/ROS/tooru_ros2_ws/install/tooru_mobile/share/tooru_mobile/package.xml
