[0.217s] DEBUG:colcon:Command line arguments: ['/usr/bin/colcon', 'build']
[0.217s] DEBUG:colcon:Parsed command line arguments: Namespace(log_base=None, log_level=None, verb_name='build', build_base='build', install_base='install', merge_install=False, symlink_install=False, test_result_base=None, continue_on_error=False, executor='parallel', parallel_workers=16, event_handlers=None, ignore_user_meta=False, metas=['./colcon.meta'], base_paths=['.'], packages_ignore=None, packages_ignore_regex=None, paths=None, packages_up_to=None, packages_up_to_regex=None, packages_above=None, packages_above_and_dependencies=None, packages_above_depth=None, packages_select_by_dep=None, packages_skip_by_dep=None, packages_skip_up_to=None, packages_select_build_failed=False, packages_skip_build_finished=False, packages_select_test_failures=False, packages_skip_test_passed=False, packages_select=None, packages_skip=None, packages_select_regex=None, packages_skip_regex=None, packages_start=None, packages_end=None, allow_overriding=[], cmake_args=None, cmake_target=None, cmake_target_skip_unavailable=False, cmake_clean_cache=False, cmake_clean_first=False, cmake_force_configure=False, ament_cmake_args=None, catkin_cmake_args=None, catkin_skip_building_tests=False, verb_parser=<colcon_defaults.argument_parser.defaults.DefaultArgumentsDecorator object at 0x7fb3b23d0790>, verb_extension=<colcon_core.verb.build.BuildVerb object at 0x7fb3b2bd2770>, main=<bound method BuildVerb.main of <colcon_core.verb.build.BuildVerb object at 0x7fb3b2bd2770>>)
[0.235s] Level 1:colcon.colcon_core.package_discovery:discover_packages(colcon_meta) check parameters
[0.235s] Level 1:colcon.colcon_core.package_discovery:discover_packages(recursive) check parameters
[0.235s] Level 1:colcon.colcon_core.package_discovery:discover_packages(ignore) check parameters
[0.235s] Level 1:colcon.colcon_core.package_discovery:discover_packages(path) check parameters
[0.235s] Level 1:colcon.colcon_core.package_discovery:discover_packages(colcon_meta) discover
[0.235s] Level 1:colcon.colcon_core.package_discovery:discover_packages(recursive) discover
[0.235s] INFO:colcon.colcon_core.package_discovery:Crawling recursively for packages in '/home/rama/ROS/tooru_ros2_ws'
[0.235s] Level 1:colcon.colcon_core.package_identification:_identify(.) by extensions ['ignore', 'ignore_ament_install']
[0.235s] Level 1:colcon.colcon_core.package_identification:_identify(.) by extension 'ignore'
[0.235s] Level 1:colcon.colcon_core.package_identification:_identify(.) by extension 'ignore_ament_install'
[0.235s] Level 1:colcon.colcon_core.package_identification:_identify(.) by extensions ['colcon_pkg']
[0.235s] Level 1:colcon.colcon_core.package_identification:_identify(.) by extension 'colcon_pkg'
[0.235s] Level 1:colcon.colcon_core.package_identification:_identify(.) by extensions ['colcon_meta']
[0.235s] Level 1:colcon.colcon_core.package_identification:_identify(.) by extension 'colcon_meta'
[0.235s] Level 1:colcon.colcon_core.package_identification:_identify(.) by extensions ['ros']
[0.235s] Level 1:colcon.colcon_core.package_identification:_identify(.) by extension 'ros'
[0.242s] Level 1:colcon.colcon_core.package_identification:_identify(.) by extensions ['cmake', 'python']
[0.242s] Level 1:colcon.colcon_core.package_identification:_identify(.) by extension 'cmake'
[0.242s] Level 1:colcon.colcon_core.package_identification:_identify(.) by extension 'python'
[0.242s] Level 1:colcon.colcon_core.package_identification:_identify(.) by extensions ['python_setup_py']
[0.242s] Level 1:colcon.colcon_core.package_identification:_identify(.) by extension 'python_setup_py'
[0.242s] Level 1:colcon.colcon_core.package_identification:_identify(build) by extensions ['ignore', 'ignore_ament_install']
[0.242s] Level 1:colcon.colcon_core.package_identification:_identify(build) by extension 'ignore'
[0.242s] Level 1:colcon.colcon_core.package_identification:_identify(build) ignored
[0.242s] Level 1:colcon.colcon_core.package_identification:_identify(install) by extensions ['ignore', 'ignore_ament_install']
[0.242s] Level 1:colcon.colcon_core.package_identification:_identify(install) by extension 'ignore'
[0.243s] Level 1:colcon.colcon_core.package_identification:_identify(install) ignored
[0.243s] Level 1:colcon.colcon_core.package_identification:_identify(log) by extensions ['ignore', 'ignore_ament_install']
[0.243s] Level 1:colcon.colcon_core.package_identification:_identify(log) by extension 'ignore'
[0.243s] Level 1:colcon.colcon_core.package_identification:_identify(log) ignored
[0.243s] Level 1:colcon.colcon_core.package_identification:_identify(src) by extensions ['ignore', 'ignore_ament_install']
[0.243s] Level 1:colcon.colcon_core.package_identification:_identify(src) by extension 'ignore'
[0.243s] Level 1:colcon.colcon_core.package_identification:_identify(src) by extension 'ignore_ament_install'
[0.243s] Level 1:colcon.colcon_core.package_identification:_identify(src) by extensions ['colcon_pkg']
[0.243s] Level 1:colcon.colcon_core.package_identification:_identify(src) by extension 'colcon_pkg'
[0.243s] Level 1:colcon.colcon_core.package_identification:_identify(src) by extensions ['colcon_meta']
[0.243s] Level 1:colcon.colcon_core.package_identification:_identify(src) by extension 'colcon_meta'
[0.243s] Level 1:colcon.colcon_core.package_identification:_identify(src) by extensions ['ros']
[0.243s] Level 1:colcon.colcon_core.package_identification:_identify(src) by extension 'ros'
[0.243s] Level 1:colcon.colcon_core.package_identification:_identify(src) by extensions ['cmake', 'python']
[0.243s] Level 1:colcon.colcon_core.package_identification:_identify(src) by extension 'cmake'
[0.243s] Level 1:colcon.colcon_core.package_identification:_identify(src) by extension 'python'
[0.243s] Level 1:colcon.colcon_core.package_identification:_identify(src) by extensions ['python_setup_py']
[0.243s] Level 1:colcon.colcon_core.package_identification:_identify(src) by extension 'python_setup_py'
[0.243s] Level 1:colcon.colcon_core.package_identification:_identify(src/tooru_mobile) by extensions ['ignore', 'ignore_ament_install']
[0.243s] Level 1:colcon.colcon_core.package_identification:_identify(src/tooru_mobile) by extension 'ignore'
[0.243s] Level 1:colcon.colcon_core.package_identification:_identify(src/tooru_mobile) by extension 'ignore_ament_install'
[0.244s] Level 1:colcon.colcon_core.package_identification:_identify(src/tooru_mobile) by extensions ['colcon_pkg']
[0.244s] Level 1:colcon.colcon_core.package_identification:_identify(src/tooru_mobile) by extension 'colcon_pkg'
[0.244s] Level 1:colcon.colcon_core.package_identification:_identify(src/tooru_mobile) by extensions ['colcon_meta']
[0.244s] Level 1:colcon.colcon_core.package_identification:_identify(src/tooru_mobile) by extension 'colcon_meta'
[0.244s] Level 1:colcon.colcon_core.package_identification:_identify(src/tooru_mobile) by extensions ['ros']
[0.244s] Level 1:colcon.colcon_core.package_identification:_identify(src/tooru_mobile) by extension 'ros'
[0.245s] DEBUG:colcon.colcon_core.package_identification:Package 'src/tooru_mobile' with type 'ros.ament_cmake' and name 'tooru_mobile'
[0.245s] Level 1:colcon.colcon_core.package_identification:_identify(src/tooru_teleop) by extensions ['ignore', 'ignore_ament_install']
[0.245s] Level 1:colcon.colcon_core.package_identification:_identify(src/tooru_teleop) by extension 'ignore'
[0.245s] Level 1:colcon.colcon_core.package_identification:_identify(src/tooru_teleop) by extension 'ignore_ament_install'
[0.245s] Level 1:colcon.colcon_core.package_identification:_identify(src/tooru_teleop) by extensions ['colcon_pkg']
[0.245s] Level 1:colcon.colcon_core.package_identification:_identify(src/tooru_teleop) by extension 'colcon_pkg'
[0.245s] Level 1:colcon.colcon_core.package_identification:_identify(src/tooru_teleop) by extensions ['colcon_meta']
[0.245s] Level 1:colcon.colcon_core.package_identification:_identify(src/tooru_teleop) by extension 'colcon_meta'
[0.246s] Level 1:colcon.colcon_core.package_identification:_identify(src/tooru_teleop) by extensions ['ros']
[0.246s] Level 1:colcon.colcon_core.package_identification:_identify(src/tooru_teleop) by extension 'ros'
[0.246s] DEBUG:colcon.colcon_core.package_identification:Package 'src/tooru_teleop' with type 'ros.ament_cmake' and name 'tooru_teleop'
[0.246s] Level 1:colcon.colcon_core.package_discovery:discover_packages(recursive) using defaults
[0.246s] Level 1:colcon.colcon_core.package_discovery:discover_packages(ignore) discover
[0.246s] Level 1:colcon.colcon_core.package_discovery:discover_packages(ignore) using defaults
[0.246s] Level 1:colcon.colcon_core.package_discovery:discover_packages(path) discover
[0.246s] Level 1:colcon.colcon_core.package_discovery:discover_packages(path) using defaults
[0.260s] Level 1:colcon.colcon_core.package_discovery:discover_packages(prefix_path) check parameters
[0.260s] Level 1:colcon.colcon_core.package_discovery:discover_packages(prefix_path) discover
[0.261s] DEBUG:colcon.colcon_installed_package_information.package_discovery:Found 2 installed packages in /home/rama/ROS/tooru_ros2_ws/install
[0.262s] DEBUG:colcon.colcon_installed_package_information.package_discovery:Found 270 installed packages in /opt/ros/humble
[0.263s] Level 1:colcon.colcon_core.package_discovery:discover_packages(prefix_path) using defaults
[0.295s] Level 5:colcon.colcon_core.verb:set package 'tooru_mobile' build argument 'cmake_args' from command line to 'None'
[0.295s] Level 5:colcon.colcon_core.verb:set package 'tooru_mobile' build argument 'cmake_target' from command line to 'None'
[0.295s] Level 5:colcon.colcon_core.verb:set package 'tooru_mobile' build argument 'cmake_target_skip_unavailable' from command line to 'False'
[0.295s] Level 5:colcon.colcon_core.verb:set package 'tooru_mobile' build argument 'cmake_clean_cache' from command line to 'False'
[0.295s] Level 5:colcon.colcon_core.verb:set package 'tooru_mobile' build argument 'cmake_clean_first' from command line to 'False'
[0.295s] Level 5:colcon.colcon_core.verb:set package 'tooru_mobile' build argument 'cmake_force_configure' from command line to 'False'
[0.295s] Level 5:colcon.colcon_core.verb:set package 'tooru_mobile' build argument 'ament_cmake_args' from command line to 'None'
[0.295s] Level 5:colcon.colcon_core.verb:set package 'tooru_mobile' build argument 'catkin_cmake_args' from command line to 'None'
[0.295s] Level 5:colcon.colcon_core.verb:set package 'tooru_mobile' build argument 'catkin_skip_building_tests' from command line to 'False'
[0.295s] DEBUG:colcon.colcon_core.verb:Building package 'tooru_mobile' with the following arguments: {'ament_cmake_args': None, 'build_base': '/home/rama/ROS/tooru_ros2_ws/build/tooru_mobile', 'catkin_cmake_args': None, 'catkin_skip_building_tests': False, 'cmake_args': None, 'cmake_clean_cache': False, 'cmake_clean_first': False, 'cmake_force_configure': False, 'cmake_target': None, 'cmake_target_skip_unavailable': False, 'install_base': '/home/rama/ROS/tooru_ros2_ws/install/tooru_mobile', 'merge_install': False, 'path': '/home/rama/ROS/tooru_ros2_ws/src/tooru_mobile', 'symlink_install': False, 'test_result_base': None}
[0.296s] Level 5:colcon.colcon_core.verb:set package 'tooru_teleop' build argument 'cmake_args' from command line to 'None'
[0.296s] Level 5:colcon.colcon_core.verb:set package 'tooru_teleop' build argument 'cmake_target' from command line to 'None'
[0.296s] Level 5:colcon.colcon_core.verb:set package 'tooru_teleop' build argument 'cmake_target_skip_unavailable' from command line to 'False'
[0.296s] Level 5:colcon.colcon_core.verb:set package 'tooru_teleop' build argument 'cmake_clean_cache' from command line to 'False'
[0.296s] Level 5:colcon.colcon_core.verb:set package 'tooru_teleop' build argument 'cmake_clean_first' from command line to 'False'
[0.296s] Level 5:colcon.colcon_core.verb:set package 'tooru_teleop' build argument 'cmake_force_configure' from command line to 'False'
[0.296s] Level 5:colcon.colcon_core.verb:set package 'tooru_teleop' build argument 'ament_cmake_args' from command line to 'None'
[0.296s] Level 5:colcon.colcon_core.verb:set package 'tooru_teleop' build argument 'catkin_cmake_args' from command line to 'None'
[0.296s] Level 5:colcon.colcon_core.verb:set package 'tooru_teleop' build argument 'catkin_skip_building_tests' from command line to 'False'
[0.296s] DEBUG:colcon.colcon_core.verb:Building package 'tooru_teleop' with the following arguments: {'ament_cmake_args': None, 'build_base': '/home/rama/ROS/tooru_ros2_ws/build/tooru_teleop', 'catkin_cmake_args': None, 'catkin_skip_building_tests': False, 'cmake_args': None, 'cmake_clean_cache': False, 'cmake_clean_first': False, 'cmake_force_configure': False, 'cmake_target': None, 'cmake_target_skip_unavailable': False, 'install_base': '/home/rama/ROS/tooru_ros2_ws/install/tooru_teleop', 'merge_install': False, 'path': '/home/rama/ROS/tooru_ros2_ws/src/tooru_teleop', 'symlink_install': False, 'test_result_base': None}
[0.296s] INFO:colcon.colcon_core.executor:Executing jobs using 'parallel' executor
[0.298s] DEBUG:colcon.colcon_parallel_executor.executor.parallel:run_until_complete
[0.298s] INFO:colcon.colcon_ros.task.ament_cmake.build:Building ROS package in '/home/rama/ROS/tooru_ros2_ws/src/tooru_mobile' with build type 'ament_cmake'
[0.298s] INFO:colcon.colcon_cmake.task.cmake.build:Building CMake package in '/home/rama/ROS/tooru_ros2_ws/src/tooru_mobile'
[0.301s] INFO:colcon.colcon_core.plugin_system:Skipping extension 'colcon_core.shell.bat': Not used on non-Windows systems
[0.301s] INFO:colcon.colcon_core.shell:Skip shell extension 'powershell' for command environment: Not usable outside of PowerShell
[0.301s] DEBUG:colcon.colcon_core.shell:Skip shell extension 'dsv' for command environment
[0.303s] INFO:colcon.colcon_ros.task.ament_cmake.build:Building ROS package in '/home/rama/ROS/tooru_ros2_ws/src/tooru_teleop' with build type 'ament_cmake'
[0.303s] INFO:colcon.colcon_cmake.task.cmake.build:Building CMake package in '/home/rama/ROS/tooru_ros2_ws/src/tooru_teleop'
[0.304s] INFO:colcon.colcon_core.shell:Skip shell extension 'powershell' for command environment: Not usable outside of PowerShell
[0.304s] DEBUG:colcon.colcon_core.shell:Skip shell extension 'dsv' for command environment
[0.309s] DEBUG:colcon.colcon_core.event_handler.log_command:Invoking command in '/home/rama/ROS/tooru_ros2_ws/build/tooru_mobile': CMAKE_PREFIX_PATH=${CMAKE_PREFIX_PATH}:/opt/ros/humble /usr/bin/cmake --build /home/rama/ROS/tooru_ros2_ws/build/tooru_mobile -- -j16 -l16
[0.312s] DEBUG:colcon.colcon_core.event_handler.log_command:Invoking command in '/home/rama/ROS/tooru_ros2_ws/build/tooru_teleop': CMAKE_PREFIX_PATH=${CMAKE_PREFIX_PATH}:/opt/ros/humble /usr/bin/cmake --build /home/rama/ROS/tooru_ros2_ws/build/tooru_teleop -- -j16 -l16
[0.346s] DEBUG:colcon.colcon_core.event_handler.log_command:Invoked command in '/home/rama/ROS/tooru_ros2_ws/build/tooru_teleop' returned '0': CMAKE_PREFIX_PATH=${CMAKE_PREFIX_PATH}:/opt/ros/humble /usr/bin/cmake --build /home/rama/ROS/tooru_ros2_ws/build/tooru_teleop -- -j16 -l16
[0.378s] DEBUG:colcon.colcon_core.event_handler.log_command:Invoking command in '/home/rama/ROS/tooru_ros2_ws/build/tooru_teleop': CMAKE_PREFIX_PATH=${CMAKE_PREFIX_PATH}:/opt/ros/humble /usr/bin/cmake --install /home/rama/ROS/tooru_ros2_ws/build/tooru_teleop
[0.391s] Level 1:colcon.colcon_core.environment:create_environment_scripts_only(tooru_teleop)
[0.391s] DEBUG:colcon.colcon_core.event_handler.log_command:Invoked command in '/home/rama/ROS/tooru_ros2_ws/build/tooru_teleop' returned '0': CMAKE_PREFIX_PATH=${CMAKE_PREFIX_PATH}:/opt/ros/humble /usr/bin/cmake --install /home/rama/ROS/tooru_ros2_ws/build/tooru_teleop
[0.402s] Level 1:colcon.colcon_core.environment:checking '/home/rama/ROS/tooru_ros2_ws/install/tooru_teleop' for CMake module files
[0.403s] Level 1:colcon.colcon_core.environment:checking '/home/rama/ROS/tooru_ros2_ws/install/tooru_teleop' for CMake config files
[0.404s] Level 1:colcon.colcon_core.shell:create_environment_hook('tooru_teleop', 'cmake_prefix_path')
[0.406s] INFO:colcon.colcon_core.shell:Creating environment hook '/home/rama/ROS/tooru_ros2_ws/install/tooru_teleop/share/tooru_teleop/hook/cmake_prefix_path.ps1'
[0.407s] INFO:colcon.colcon_core.shell:Creating environment descriptor '/home/rama/ROS/tooru_ros2_ws/install/tooru_teleop/share/tooru_teleop/hook/cmake_prefix_path.dsv'
[0.408s] INFO:colcon.colcon_core.shell:Creating environment hook '/home/rama/ROS/tooru_ros2_ws/install/tooru_teleop/share/tooru_teleop/hook/cmake_prefix_path.sh'
[0.409s] Level 1:colcon.colcon_core.environment:checking '/home/rama/ROS/tooru_ros2_ws/install/tooru_teleop/lib'
[0.409s] Level 1:colcon.colcon_core.shell:create_environment_hook('tooru_teleop', 'ld_library_path_lib')
[0.411s] INFO:colcon.colcon_core.shell:Creating environment hook '/home/rama/ROS/tooru_ros2_ws/install/tooru_teleop/share/tooru_teleop/hook/ld_library_path_lib.ps1'
[0.412s] INFO:colcon.colcon_core.shell:Creating environment descriptor '/home/rama/ROS/tooru_ros2_ws/install/tooru_teleop/share/tooru_teleop/hook/ld_library_path_lib.dsv'
[0.412s] INFO:colcon.colcon_core.shell:Creating environment hook '/home/rama/ROS/tooru_ros2_ws/install/tooru_teleop/share/tooru_teleop/hook/ld_library_path_lib.sh'
[0.413s] Level 1:colcon.colcon_core.environment:checking '/home/rama/ROS/tooru_ros2_ws/install/tooru_teleop/bin'
[0.413s] Level 1:colcon.colcon_core.environment:checking '/home/rama/ROS/tooru_ros2_ws/install/tooru_teleop/lib/pkgconfig/tooru_teleop.pc'
[0.414s] Level 1:colcon.colcon_core.environment:checking '/home/rama/ROS/tooru_ros2_ws/install/tooru_teleop/lib/python3.10/site-packages'
[0.414s] Level 1:colcon.colcon_core.environment:checking '/home/rama/ROS/tooru_ros2_ws/install/tooru_teleop/bin'
[0.416s] INFO:colcon.colcon_core.shell:Creating package script '/home/rama/ROS/tooru_ros2_ws/install/tooru_teleop/share/tooru_teleop/package.ps1'
[0.417s] INFO:colcon.colcon_core.shell:Creating package descriptor '/home/rama/ROS/tooru_ros2_ws/install/tooru_teleop/share/tooru_teleop/package.dsv'
[0.418s] INFO:colcon.colcon_core.shell:Creating package script '/home/rama/ROS/tooru_ros2_ws/install/tooru_teleop/share/tooru_teleop/package.sh'
[0.419s] INFO:colcon.colcon_core.shell:Creating package script '/home/rama/ROS/tooru_ros2_ws/install/tooru_teleop/share/tooru_teleop/package.bash'
[0.420s] INFO:colcon.colcon_core.shell:Creating package script '/home/rama/ROS/tooru_ros2_ws/install/tooru_teleop/share/tooru_teleop/package.zsh'
[0.421s] Level 1:colcon.colcon_core.environment:create_file_with_runtime_dependencies(/home/rama/ROS/tooru_ros2_ws/install/tooru_teleop/share/colcon-core/packages/tooru_teleop)
[0.459s] Level 1:colcon.colcon_core.environment:create_environment_scripts_only(tooru_teleop)
[0.462s] Level 1:colcon.colcon_core.environment:checking '/home/rama/ROS/tooru_ros2_ws/install/tooru_teleop' for CMake module files
[0.462s] Level 1:colcon.colcon_core.environment:checking '/home/rama/ROS/tooru_ros2_ws/install/tooru_teleop' for CMake config files
[0.463s] Level 1:colcon.colcon_core.shell:create_environment_hook('tooru_teleop', 'cmake_prefix_path')
[0.464s] INFO:colcon.colcon_core.shell:Creating environment hook '/home/rama/ROS/tooru_ros2_ws/install/tooru_teleop/share/tooru_teleop/hook/cmake_prefix_path.ps1'
[0.465s] INFO:colcon.colcon_core.shell:Creating environment descriptor '/home/rama/ROS/tooru_ros2_ws/install/tooru_teleop/share/tooru_teleop/hook/cmake_prefix_path.dsv'
[0.465s] INFO:colcon.colcon_core.shell:Creating environment hook '/home/rama/ROS/tooru_ros2_ws/install/tooru_teleop/share/tooru_teleop/hook/cmake_prefix_path.sh'
[0.466s] Level 1:colcon.colcon_core.environment:checking '/home/rama/ROS/tooru_ros2_ws/install/tooru_teleop/lib'
[0.466s] Level 1:colcon.colcon_core.shell:create_environment_hook('tooru_teleop', 'ld_library_path_lib')
[0.467s] INFO:colcon.colcon_core.shell:Creating environment hook '/home/rama/ROS/tooru_ros2_ws/install/tooru_teleop/share/tooru_teleop/hook/ld_library_path_lib.ps1'
[0.467s] INFO:colcon.colcon_core.shell:Creating environment descriptor '/home/rama/ROS/tooru_ros2_ws/install/tooru_teleop/share/tooru_teleop/hook/ld_library_path_lib.dsv'
[0.468s] INFO:colcon.colcon_core.shell:Creating environment hook '/home/rama/ROS/tooru_ros2_ws/install/tooru_teleop/share/tooru_teleop/hook/ld_library_path_lib.sh'
[0.468s] Level 1:colcon.colcon_core.environment:checking '/home/rama/ROS/tooru_ros2_ws/install/tooru_teleop/bin'
[0.468s] Level 1:colcon.colcon_core.environment:checking '/home/rama/ROS/tooru_ros2_ws/install/tooru_teleop/lib/pkgconfig/tooru_teleop.pc'
[0.468s] Level 1:colcon.colcon_core.environment:checking '/home/rama/ROS/tooru_ros2_ws/install/tooru_teleop/lib/python3.10/site-packages'
[0.469s] Level 1:colcon.colcon_core.environment:checking '/home/rama/ROS/tooru_ros2_ws/install/tooru_teleop/bin'
[0.470s] INFO:colcon.colcon_core.shell:Creating package script '/home/rama/ROS/tooru_ros2_ws/install/tooru_teleop/share/tooru_teleop/package.ps1'
[0.470s] INFO:colcon.colcon_core.shell:Creating package descriptor '/home/rama/ROS/tooru_ros2_ws/install/tooru_teleop/share/tooru_teleop/package.dsv'
[0.470s] INFO:colcon.colcon_core.shell:Creating package script '/home/rama/ROS/tooru_ros2_ws/install/tooru_teleop/share/tooru_teleop/package.sh'
[0.470s] INFO:colcon.colcon_core.shell:Creating package script '/home/rama/ROS/tooru_ros2_ws/install/tooru_teleop/share/tooru_teleop/package.bash'
[0.471s] INFO:colcon.colcon_core.shell:Creating package script '/home/rama/ROS/tooru_ros2_ws/install/tooru_teleop/share/tooru_teleop/package.zsh'
[0.471s] Level 1:colcon.colcon_core.environment:create_file_with_runtime_dependencies(/home/rama/ROS/tooru_ros2_ws/install/tooru_teleop/share/colcon-core/packages/tooru_teleop)
[8.141s] DEBUG:colcon.colcon_core.event_handler.log_command:Invoked command in '/home/rama/ROS/tooru_ros2_ws/build/tooru_mobile' returned '0': CMAKE_PREFIX_PATH=${CMAKE_PREFIX_PATH}:/opt/ros/humble /usr/bin/cmake --build /home/rama/ROS/tooru_ros2_ws/build/tooru_mobile -- -j16 -l16
[8.175s] DEBUG:colcon.colcon_core.event_handler.log_command:Invoking command in '/home/rama/ROS/tooru_ros2_ws/build/tooru_mobile': CMAKE_PREFIX_PATH=${CMAKE_PREFIX_PATH}:/opt/ros/humble /usr/bin/cmake --install /home/rama/ROS/tooru_ros2_ws/build/tooru_mobile
[8.208s] Level 1:colcon.colcon_core.environment:create_environment_scripts_only(tooru_mobile)
[8.212s] Level 1:colcon.colcon_core.environment:checking '/home/rama/ROS/tooru_ros2_ws/install/tooru_mobile' for CMake module files
[8.213s] DEBUG:colcon.colcon_core.event_handler.log_command:Invoked command in '/home/rama/ROS/tooru_ros2_ws/build/tooru_mobile' returned '0': CMAKE_PREFIX_PATH=${CMAKE_PREFIX_PATH}:/opt/ros/humble /usr/bin/cmake --install /home/rama/ROS/tooru_ros2_ws/build/tooru_mobile
[8.214s] Level 1:colcon.colcon_core.environment:checking '/home/rama/ROS/tooru_ros2_ws/install/tooru_mobile' for CMake config files
[8.215s] Level 1:colcon.colcon_core.shell:create_environment_hook('tooru_mobile', 'cmake_prefix_path')
[8.218s] INFO:colcon.colcon_core.shell:Creating environment hook '/home/rama/ROS/tooru_ros2_ws/install/tooru_mobile/share/tooru_mobile/hook/cmake_prefix_path.ps1'
[8.219s] INFO:colcon.colcon_core.shell:Creating environment descriptor '/home/rama/ROS/tooru_ros2_ws/install/tooru_mobile/share/tooru_mobile/hook/cmake_prefix_path.dsv'
[8.220s] INFO:colcon.colcon_core.shell:Creating environment hook '/home/rama/ROS/tooru_ros2_ws/install/tooru_mobile/share/tooru_mobile/hook/cmake_prefix_path.sh'
[8.221s] Level 1:colcon.colcon_core.environment:checking '/home/rama/ROS/tooru_ros2_ws/install/tooru_mobile/lib'
[8.221s] Level 1:colcon.colcon_core.shell:create_environment_hook('tooru_mobile', 'ld_library_path_lib')
[8.225s] INFO:colcon.colcon_core.shell:Creating environment hook '/home/rama/ROS/tooru_ros2_ws/install/tooru_mobile/share/tooru_mobile/hook/ld_library_path_lib.ps1'
[8.226s] INFO:colcon.colcon_core.shell:Creating environment descriptor '/home/rama/ROS/tooru_ros2_ws/install/tooru_mobile/share/tooru_mobile/hook/ld_library_path_lib.dsv'
[8.227s] INFO:colcon.colcon_core.shell:Creating environment hook '/home/rama/ROS/tooru_ros2_ws/install/tooru_mobile/share/tooru_mobile/hook/ld_library_path_lib.sh'
[8.228s] Level 1:colcon.colcon_core.environment:checking '/home/rama/ROS/tooru_ros2_ws/install/tooru_mobile/bin'
[8.228s] Level 1:colcon.colcon_core.environment:checking '/home/rama/ROS/tooru_ros2_ws/install/tooru_mobile/lib/pkgconfig/tooru_mobile.pc'
[8.229s] Level 1:colcon.colcon_core.environment:checking '/home/rama/ROS/tooru_ros2_ws/install/tooru_mobile/lib/python3.10/site-packages'
[8.230s] Level 1:colcon.colcon_core.environment:checking '/home/rama/ROS/tooru_ros2_ws/install/tooru_mobile/bin'
[8.234s] INFO:colcon.colcon_core.shell:Creating package script '/home/rama/ROS/tooru_ros2_ws/install/tooru_mobile/share/tooru_mobile/package.ps1'
[8.235s] INFO:colcon.colcon_core.shell:Creating package descriptor '/home/rama/ROS/tooru_ros2_ws/install/tooru_mobile/share/tooru_mobile/package.dsv'
[8.236s] INFO:colcon.colcon_core.shell:Creating package script '/home/rama/ROS/tooru_ros2_ws/install/tooru_mobile/share/tooru_mobile/package.sh'
[8.237s] INFO:colcon.colcon_core.shell:Creating package script '/home/rama/ROS/tooru_ros2_ws/install/tooru_mobile/share/tooru_mobile/package.bash'
[8.238s] INFO:colcon.colcon_core.shell:Creating package script '/home/rama/ROS/tooru_ros2_ws/install/tooru_mobile/share/tooru_mobile/package.zsh'
[8.239s] Level 1:colcon.colcon_core.environment:create_file_with_runtime_dependencies(/home/rama/ROS/tooru_ros2_ws/install/tooru_mobile/share/colcon-core/packages/tooru_mobile)
[8.287s] Level 1:colcon.colcon_core.environment:create_environment_scripts_only(tooru_mobile)
[8.291s] Level 1:colcon.colcon_core.environment:checking '/home/rama/ROS/tooru_ros2_ws/install/tooru_mobile' for CMake module files
[8.292s] Level 1:colcon.colcon_core.environment:checking '/home/rama/ROS/tooru_ros2_ws/install/tooru_mobile' for CMake config files
[8.292s] Level 1:colcon.colcon_core.shell:create_environment_hook('tooru_mobile', 'cmake_prefix_path')
[8.295s] INFO:colcon.colcon_core.shell:Creating environment hook '/home/rama/ROS/tooru_ros2_ws/install/tooru_mobile/share/tooru_mobile/hook/cmake_prefix_path.ps1'
[8.296s] INFO:colcon.colcon_core.shell:Creating environment descriptor '/home/rama/ROS/tooru_ros2_ws/install/tooru_mobile/share/tooru_mobile/hook/cmake_prefix_path.dsv'
[8.296s] INFO:colcon.colcon_core.shell:Creating environment hook '/home/rama/ROS/tooru_ros2_ws/install/tooru_mobile/share/tooru_mobile/hook/cmake_prefix_path.sh'
[8.297s] Level 1:colcon.colcon_core.environment:checking '/home/rama/ROS/tooru_ros2_ws/install/tooru_mobile/lib'
[8.298s] Level 1:colcon.colcon_core.shell:create_environment_hook('tooru_mobile', 'ld_library_path_lib')
[8.300s] INFO:colcon.colcon_core.shell:Creating environment hook '/home/rama/ROS/tooru_ros2_ws/install/tooru_mobile/share/tooru_mobile/hook/ld_library_path_lib.ps1'
[8.301s] INFO:colcon.colcon_core.shell:Creating environment descriptor '/home/rama/ROS/tooru_ros2_ws/install/tooru_mobile/share/tooru_mobile/hook/ld_library_path_lib.dsv'
[8.302s] INFO:colcon.colcon_core.shell:Creating environment hook '/home/rama/ROS/tooru_ros2_ws/install/tooru_mobile/share/tooru_mobile/hook/ld_library_path_lib.sh'
[8.302s] Level 1:colcon.colcon_core.environment:checking '/home/rama/ROS/tooru_ros2_ws/install/tooru_mobile/bin'
[8.302s] Level 1:colcon.colcon_core.environment:checking '/home/rama/ROS/tooru_ros2_ws/install/tooru_mobile/lib/pkgconfig/tooru_mobile.pc'
[8.303s] Level 1:colcon.colcon_core.environment:checking '/home/rama/ROS/tooru_ros2_ws/install/tooru_mobile/lib/python3.10/site-packages'
[8.303s] Level 1:colcon.colcon_core.environment:checking '/home/rama/ROS/tooru_ros2_ws/install/tooru_mobile/bin'
[8.306s] INFO:colcon.colcon_core.shell:Creating package script '/home/rama/ROS/tooru_ros2_ws/install/tooru_mobile/share/tooru_mobile/package.ps1'
[8.307s] INFO:colcon.colcon_core.shell:Creating package descriptor '/home/rama/ROS/tooru_ros2_ws/install/tooru_mobile/share/tooru_mobile/package.dsv'
[8.308s] INFO:colcon.colcon_core.shell:Creating package script '/home/rama/ROS/tooru_ros2_ws/install/tooru_mobile/share/tooru_mobile/package.sh'
[8.309s] INFO:colcon.colcon_core.shell:Creating package script '/home/rama/ROS/tooru_ros2_ws/install/tooru_mobile/share/tooru_mobile/package.bash'
[8.310s] INFO:colcon.colcon_core.shell:Creating package script '/home/rama/ROS/tooru_ros2_ws/install/tooru_mobile/share/tooru_mobile/package.zsh'
[8.310s] Level 1:colcon.colcon_core.environment:create_file_with_runtime_dependencies(/home/rama/ROS/tooru_ros2_ws/install/tooru_mobile/share/colcon-core/packages/tooru_mobile)
[8.311s] DEBUG:colcon.colcon_parallel_executor.executor.parallel:closing loop
[8.312s] DEBUG:colcon.colcon_parallel_executor.executor.parallel:loop closed
[8.312s] DEBUG:colcon.colcon_parallel_executor.executor.parallel:run_until_complete finished with '0'
[8.312s] DEBUG:colcon.colcon_core.event_reactor:joining thread
[8.328s] INFO:colcon.colcon_core.plugin_system:Skipping extension 'colcon_notification.desktop_notification.terminal_notifier': Not used on non-Darwin systems
[8.328s] INFO:colcon.colcon_core.plugin_system:Skipping extension 'colcon_notification.desktop_notification.win32': Not used on non-Windows systems
[8.329s] INFO:colcon.colcon_notification.desktop_notification:Sending desktop notification using 'notify2'
[8.350s] DEBUG:colcon.colcon_core.event_reactor:joined thread
[8.351s] INFO:colcon.colcon_core.shell:Creating prefix script '/home/rama/ROS/tooru_ros2_ws/install/local_setup.ps1'
[8.352s] INFO:colcon.colcon_core.shell:Creating prefix util module '/home/rama/ROS/tooru_ros2_ws/install/_local_setup_util_ps1.py'
[8.353s] INFO:colcon.colcon_core.shell:Creating prefix chain script '/home/rama/ROS/tooru_ros2_ws/install/setup.ps1'
[8.354s] INFO:colcon.colcon_core.shell:Creating prefix script '/home/rama/ROS/tooru_ros2_ws/install/local_setup.sh'
[8.354s] INFO:colcon.colcon_core.shell:Creating prefix util module '/home/rama/ROS/tooru_ros2_ws/install/_local_setup_util_sh.py'
[8.354s] INFO:colcon.colcon_core.shell:Creating prefix chain script '/home/rama/ROS/tooru_ros2_ws/install/setup.sh'
[8.355s] INFO:colcon.colcon_core.shell:Creating prefix script '/home/rama/ROS/tooru_ros2_ws/install/local_setup.bash'
[8.355s] INFO:colcon.colcon_core.shell:Creating prefix chain script '/home/rama/ROS/tooru_ros2_ws/install/setup.bash'
[8.356s] INFO:colcon.colcon_core.shell:Creating prefix script '/home/rama/ROS/tooru_ros2_ws/install/local_setup.zsh'
[8.357s] INFO:colcon.colcon_core.shell:Creating prefix chain script '/home/rama/ROS/tooru_ros2_ws/install/setup.zsh'
