[0.219s] DEBUG:colcon:Command line arguments: ['/usr/bin/colcon', 'build']
[0.219s] DEBUG:colcon:Parsed command line arguments: Namespace(log_base=None, log_level=None, verb_name='build', build_base='build', install_base='install', merge_install=False, symlink_install=False, test_result_base=None, continue_on_error=False, executor='parallel', parallel_workers=16, event_handlers=None, ignore_user_meta=False, metas=['./colcon.meta'], base_paths=['.'], packages_ignore=None, packages_ignore_regex=None, paths=None, packages_up_to=None, packages_up_to_regex=None, packages_above=None, packages_above_and_dependencies=None, packages_above_depth=None, packages_select_by_dep=None, packages_skip_by_dep=None, packages_skip_up_to=None, packages_select_build_failed=False, packages_skip_build_finished=False, packages_select_test_failures=False, packages_skip_test_passed=False, packages_select=None, packages_skip=None, packages_select_regex=None, packages_skip_regex=None, packages_start=None, packages_end=None, allow_overriding=[], cmake_args=None, cmake_target=None, cmake_target_skip_unavailable=False, cmake_clean_cache=False, cmake_clean_first=False, cmake_force_configure=False, ament_cmake_args=None, catkin_cmake_args=None, catkin_skip_building_tests=False, verb_parser=<colcon_defaults.argument_parser.defaults.DefaultArgumentsDecorator object at 0x7f03c9bd0820>, verb_extension=<colcon_core.verb.build.BuildVerb object at 0x7f03ca3d2770>, main=<bound method BuildVerb.main of <colcon_core.verb.build.BuildVerb object at 0x7f03ca3d2770>>)
[0.237s] Level 1:colcon.colcon_core.package_discovery:discover_packages(colcon_meta) check parameters
[0.237s] Level 1:colcon.colcon_core.package_discovery:discover_packages(recursive) check parameters
[0.237s] Level 1:colcon.colcon_core.package_discovery:discover_packages(ignore) check parameters
[0.237s] Level 1:colcon.colcon_core.package_discovery:discover_packages(path) check parameters
[0.237s] Level 1:colcon.colcon_core.package_discovery:discover_packages(colcon_meta) discover
[0.237s] Level 1:colcon.colcon_core.package_discovery:discover_packages(recursive) discover
[0.237s] INFO:colcon.colcon_core.package_discovery:Crawling recursively for packages in '/home/rama/ROS/tooru_ros2_ws'
[0.237s] Level 1:colcon.colcon_core.package_identification:_identify(.) by extensions ['ignore', 'ignore_ament_install']
[0.237s] Level 1:colcon.colcon_core.package_identification:_identify(.) by extension 'ignore'
[0.237s] Level 1:colcon.colcon_core.package_identification:_identify(.) by extension 'ignore_ament_install'
[0.237s] Level 1:colcon.colcon_core.package_identification:_identify(.) by extensions ['colcon_pkg']
[0.237s] Level 1:colcon.colcon_core.package_identification:_identify(.) by extension 'colcon_pkg'
[0.237s] Level 1:colcon.colcon_core.package_identification:_identify(.) by extensions ['colcon_meta']
[0.237s] Level 1:colcon.colcon_core.package_identification:_identify(.) by extension 'colcon_meta'
[0.237s] Level 1:colcon.colcon_core.package_identification:_identify(.) by extensions ['ros']
[0.237s] Level 1:colcon.colcon_core.package_identification:_identify(.) by extension 'ros'
[0.244s] Level 1:colcon.colcon_core.package_identification:_identify(.) by extensions ['cmake', 'python']
[0.244s] Level 1:colcon.colcon_core.package_identification:_identify(.) by extension 'cmake'
[0.244s] Level 1:colcon.colcon_core.package_identification:_identify(.) by extension 'python'
[0.244s] Level 1:colcon.colcon_core.package_identification:_identify(.) by extensions ['python_setup_py']
[0.244s] Level 1:colcon.colcon_core.package_identification:_identify(.) by extension 'python_setup_py'
[0.244s] Level 1:colcon.colcon_core.package_identification:_identify(build) by extensions ['ignore', 'ignore_ament_install']
[0.244s] Level 1:colcon.colcon_core.package_identification:_identify(build) by extension 'ignore'
[0.244s] Level 1:colcon.colcon_core.package_identification:_identify(build) ignored
[0.244s] Level 1:colcon.colcon_core.package_identification:_identify(install) by extensions ['ignore', 'ignore_ament_install']
[0.244s] Level 1:colcon.colcon_core.package_identification:_identify(install) by extension 'ignore'
[0.244s] Level 1:colcon.colcon_core.package_identification:_identify(install) ignored
[0.244s] Level 1:colcon.colcon_core.package_identification:_identify(log) by extensions ['ignore', 'ignore_ament_install']
[0.244s] Level 1:colcon.colcon_core.package_identification:_identify(log) by extension 'ignore'
[0.244s] Level 1:colcon.colcon_core.package_identification:_identify(log) ignored
[0.244s] Level 1:colcon.colcon_core.package_identification:_identify(src) by extensions ['ignore', 'ignore_ament_install']
[0.245s] Level 1:colcon.colcon_core.package_identification:_identify(src) by extension 'ignore'
[0.245s] Level 1:colcon.colcon_core.package_identification:_identify(src) by extension 'ignore_ament_install'
[0.245s] Level 1:colcon.colcon_core.package_identification:_identify(src) by extensions ['colcon_pkg']
[0.245s] Level 1:colcon.colcon_core.package_identification:_identify(src) by extension 'colcon_pkg'
[0.245s] Level 1:colcon.colcon_core.package_identification:_identify(src) by extensions ['colcon_meta']
[0.245s] Level 1:colcon.colcon_core.package_identification:_identify(src) by extension 'colcon_meta'
[0.245s] Level 1:colcon.colcon_core.package_identification:_identify(src) by extensions ['ros']
[0.245s] Level 1:colcon.colcon_core.package_identification:_identify(src) by extension 'ros'
[0.245s] Level 1:colcon.colcon_core.package_identification:_identify(src) by extensions ['cmake', 'python']
[0.245s] Level 1:colcon.colcon_core.package_identification:_identify(src) by extension 'cmake'
[0.245s] Level 1:colcon.colcon_core.package_identification:_identify(src) by extension 'python'
[0.245s] Level 1:colcon.colcon_core.package_identification:_identify(src) by extensions ['python_setup_py']
[0.245s] Level 1:colcon.colcon_core.package_identification:_identify(src) by extension 'python_setup_py'
[0.245s] Level 1:colcon.colcon_core.package_identification:_identify(src/tooru_mobile) by extensions ['ignore', 'ignore_ament_install']
[0.245s] Level 1:colcon.colcon_core.package_identification:_identify(src/tooru_mobile) by extension 'ignore'
[0.245s] Level 1:colcon.colcon_core.package_identification:_identify(src/tooru_mobile) by extension 'ignore_ament_install'
[0.245s] Level 1:colcon.colcon_core.package_identification:_identify(src/tooru_mobile) by extensions ['colcon_pkg']
[0.245s] Level 1:colcon.colcon_core.package_identification:_identify(src/tooru_mobile) by extension 'colcon_pkg'
[0.245s] Level 1:colcon.colcon_core.package_identification:_identify(src/tooru_mobile) by extensions ['colcon_meta']
[0.245s] Level 1:colcon.colcon_core.package_identification:_identify(src/tooru_mobile) by extension 'colcon_meta'
[0.245s] Level 1:colcon.colcon_core.package_identification:_identify(src/tooru_mobile) by extensions ['ros']
[0.245s] Level 1:colcon.colcon_core.package_identification:_identify(src/tooru_mobile) by extension 'ros'
[0.247s] DEBUG:colcon.colcon_core.package_identification:Package 'src/tooru_mobile' with type 'ros.ament_cmake' and name 'tooru_mobile'
[0.247s] Level 1:colcon.colcon_core.package_identification:_identify(src/tooru_teleop) by extensions ['ignore', 'ignore_ament_install']
[0.247s] Level 1:colcon.colcon_core.package_identification:_identify(src/tooru_teleop) by extension 'ignore'
[0.247s] Level 1:colcon.colcon_core.package_identification:_identify(src/tooru_teleop) by extension 'ignore_ament_install'
[0.247s] Level 1:colcon.colcon_core.package_identification:_identify(src/tooru_teleop) by extensions ['colcon_pkg']
[0.247s] Level 1:colcon.colcon_core.package_identification:_identify(src/tooru_teleop) by extension 'colcon_pkg'
[0.247s] Level 1:colcon.colcon_core.package_identification:_identify(src/tooru_teleop) by extensions ['colcon_meta']
[0.247s] Level 1:colcon.colcon_core.package_identification:_identify(src/tooru_teleop) by extension 'colcon_meta'
[0.247s] Level 1:colcon.colcon_core.package_identification:_identify(src/tooru_teleop) by extensions ['ros']
[0.247s] Level 1:colcon.colcon_core.package_identification:_identify(src/tooru_teleop) by extension 'ros'
[0.247s] DEBUG:colcon.colcon_core.package_identification:Package 'src/tooru_teleop' with type 'ros.ament_cmake' and name 'tooru_teleop'
[0.247s] Level 1:colcon.colcon_core.package_discovery:discover_packages(recursive) using defaults
[0.247s] Level 1:colcon.colcon_core.package_discovery:discover_packages(ignore) discover
[0.247s] Level 1:colcon.colcon_core.package_discovery:discover_packages(ignore) using defaults
[0.247s] Level 1:colcon.colcon_core.package_discovery:discover_packages(path) discover
[0.247s] Level 1:colcon.colcon_core.package_discovery:discover_packages(path) using defaults
[0.261s] Level 1:colcon.colcon_core.package_discovery:discover_packages(prefix_path) check parameters
[0.261s] Level 1:colcon.colcon_core.package_discovery:discover_packages(prefix_path) discover
[0.262s] DEBUG:colcon.colcon_installed_package_information.package_discovery:Found 2 installed packages in /home/rama/ROS/tooru_ros2_ws/install
[0.263s] DEBUG:colcon.colcon_installed_package_information.package_discovery:Found 270 installed packages in /opt/ros/humble
[0.264s] Level 1:colcon.colcon_core.package_discovery:discover_packages(prefix_path) using defaults
[0.296s] Level 5:colcon.colcon_core.verb:set package 'tooru_mobile' build argument 'cmake_args' from command line to 'None'
[0.296s] Level 5:colcon.colcon_core.verb:set package 'tooru_mobile' build argument 'cmake_target' from command line to 'None'
[0.296s] Level 5:colcon.colcon_core.verb:set package 'tooru_mobile' build argument 'cmake_target_skip_unavailable' from command line to 'False'
[0.296s] Level 5:colcon.colcon_core.verb:set package 'tooru_mobile' build argument 'cmake_clean_cache' from command line to 'False'
[0.296s] Level 5:colcon.colcon_core.verb:set package 'tooru_mobile' build argument 'cmake_clean_first' from command line to 'False'
[0.296s] Level 5:colcon.colcon_core.verb:set package 'tooru_mobile' build argument 'cmake_force_configure' from command line to 'False'
[0.296s] Level 5:colcon.colcon_core.verb:set package 'tooru_mobile' build argument 'ament_cmake_args' from command line to 'None'
[0.296s] Level 5:colcon.colcon_core.verb:set package 'tooru_mobile' build argument 'catkin_cmake_args' from command line to 'None'
[0.296s] Level 5:colcon.colcon_core.verb:set package 'tooru_mobile' build argument 'catkin_skip_building_tests' from command line to 'False'
[0.296s] DEBUG:colcon.colcon_core.verb:Building package 'tooru_mobile' with the following arguments: {'ament_cmake_args': None, 'build_base': '/home/rama/ROS/tooru_ros2_ws/build/tooru_mobile', 'catkin_cmake_args': None, 'catkin_skip_building_tests': False, 'cmake_args': None, 'cmake_clean_cache': False, 'cmake_clean_first': False, 'cmake_force_configure': False, 'cmake_target': None, 'cmake_target_skip_unavailable': False, 'install_base': '/home/rama/ROS/tooru_ros2_ws/install/tooru_mobile', 'merge_install': False, 'path': '/home/rama/ROS/tooru_ros2_ws/src/tooru_mobile', 'symlink_install': False, 'test_result_base': None}
[0.297s] Level 5:colcon.colcon_core.verb:set package 'tooru_teleop' build argument 'cmake_args' from command line to 'None'
[0.297s] Level 5:colcon.colcon_core.verb:set package 'tooru_teleop' build argument 'cmake_target' from command line to 'None'
[0.297s] Level 5:colcon.colcon_core.verb:set package 'tooru_teleop' build argument 'cmake_target_skip_unavailable' from command line to 'False'
[0.297s] Level 5:colcon.colcon_core.verb:set package 'tooru_teleop' build argument 'cmake_clean_cache' from command line to 'False'
[0.297s] Level 5:colcon.colcon_core.verb:set package 'tooru_teleop' build argument 'cmake_clean_first' from command line to 'False'
[0.297s] Level 5:colcon.colcon_core.verb:set package 'tooru_teleop' build argument 'cmake_force_configure' from command line to 'False'
[0.297s] Level 5:colcon.colcon_core.verb:set package 'tooru_teleop' build argument 'ament_cmake_args' from command line to 'None'
[0.297s] Level 5:colcon.colcon_core.verb:set package 'tooru_teleop' build argument 'catkin_cmake_args' from command line to 'None'
[0.297s] Level 5:colcon.colcon_core.verb:set package 'tooru_teleop' build argument 'catkin_skip_building_tests' from command line to 'False'
[0.297s] DEBUG:colcon.colcon_core.verb:Building package 'tooru_teleop' with the following arguments: {'ament_cmake_args': None, 'build_base': '/home/rama/ROS/tooru_ros2_ws/build/tooru_teleop', 'catkin_cmake_args': None, 'catkin_skip_building_tests': False, 'cmake_args': None, 'cmake_clean_cache': False, 'cmake_clean_first': False, 'cmake_force_configure': False, 'cmake_target': None, 'cmake_target_skip_unavailable': False, 'install_base': '/home/rama/ROS/tooru_ros2_ws/install/tooru_teleop', 'merge_install': False, 'path': '/home/rama/ROS/tooru_ros2_ws/src/tooru_teleop', 'symlink_install': False, 'test_result_base': None}
[0.297s] INFO:colcon.colcon_core.executor:Executing jobs using 'parallel' executor
[0.299s] DEBUG:colcon.colcon_parallel_executor.executor.parallel:run_until_complete
[0.299s] INFO:colcon.colcon_ros.task.ament_cmake.build:Building ROS package in '/home/rama/ROS/tooru_ros2_ws/src/tooru_mobile' with build type 'ament_cmake'
[0.299s] INFO:colcon.colcon_cmake.task.cmake.build:Building CMake package in '/home/rama/ROS/tooru_ros2_ws/src/tooru_mobile'
[0.302s] INFO:colcon.colcon_core.plugin_system:Skipping extension 'colcon_core.shell.bat': Not used on non-Windows systems
[0.302s] INFO:colcon.colcon_core.shell:Skip shell extension 'powershell' for command environment: Not usable outside of PowerShell
[0.302s] DEBUG:colcon.colcon_core.shell:Skip shell extension 'dsv' for command environment
[0.304s] INFO:colcon.colcon_ros.task.ament_cmake.build:Building ROS package in '/home/rama/ROS/tooru_ros2_ws/src/tooru_teleop' with build type 'ament_cmake'
[0.304s] INFO:colcon.colcon_cmake.task.cmake.build:Building CMake package in '/home/rama/ROS/tooru_ros2_ws/src/tooru_teleop'
[0.305s] INFO:colcon.colcon_core.shell:Skip shell extension 'powershell' for command environment: Not usable outside of PowerShell
[0.305s] DEBUG:colcon.colcon_core.shell:Skip shell extension 'dsv' for command environment
[0.310s] DEBUG:colcon.colcon_core.event_handler.log_command:Invoking command in '/home/rama/ROS/tooru_ros2_ws/build/tooru_mobile': CMAKE_PREFIX_PATH=${CMAKE_PREFIX_PATH}:/opt/ros/humble /usr/bin/cmake --build /home/rama/ROS/tooru_ros2_ws/build/tooru_mobile -- -j16 -l16
[0.313s] DEBUG:colcon.colcon_core.event_handler.log_command:Invoking command in '/home/rama/ROS/tooru_ros2_ws/build/tooru_teleop': CMAKE_PREFIX_PATH=${CMAKE_PREFIX_PATH}:/opt/ros/humble /usr/bin/cmake --build /home/rama/ROS/tooru_ros2_ws/build/tooru_teleop -- -j16 -l16
[0.346s] DEBUG:colcon.colcon_core.event_handler.log_command:Invoked command in '/home/rama/ROS/tooru_ros2_ws/build/tooru_teleop' returned '0': CMAKE_PREFIX_PATH=${CMAKE_PREFIX_PATH}:/opt/ros/humble /usr/bin/cmake --build /home/rama/ROS/tooru_ros2_ws/build/tooru_teleop -- -j16 -l16
[0.362s] DEBUG:colcon.colcon_core.event_handler.log_command:Invoking command in '/home/rama/ROS/tooru_ros2_ws/build/tooru_teleop': CMAKE_PREFIX_PATH=${CMAKE_PREFIX_PATH}:/opt/ros/humble /usr/bin/cmake --install /home/rama/ROS/tooru_ros2_ws/build/tooru_teleop
[0.367s] Level 1:colcon.colcon_core.environment:create_environment_scripts_only(tooru_teleop)
[0.368s] DEBUG:colcon.colcon_core.event_handler.log_command:Invoked command in '/home/rama/ROS/tooru_ros2_ws/build/tooru_teleop' returned '0': CMAKE_PREFIX_PATH=${CMAKE_PREFIX_PATH}:/opt/ros/humble /usr/bin/cmake --install /home/rama/ROS/tooru_ros2_ws/build/tooru_teleop
[0.370s] Level 1:colcon.colcon_core.environment:checking '/home/rama/ROS/tooru_ros2_ws/install/tooru_teleop' for CMake module files
[0.370s] Level 1:colcon.colcon_core.environment:checking '/home/rama/ROS/tooru_ros2_ws/install/tooru_teleop' for CMake config files
[0.370s] Level 1:colcon.colcon_core.shell:create_environment_hook('tooru_teleop', 'cmake_prefix_path')
[0.371s] INFO:colcon.colcon_core.shell:Creating environment hook '/home/rama/ROS/tooru_ros2_ws/install/tooru_teleop/share/tooru_teleop/hook/cmake_prefix_path.ps1'
[0.371s] INFO:colcon.colcon_core.shell:Creating environment descriptor '/home/rama/ROS/tooru_ros2_ws/install/tooru_teleop/share/tooru_teleop/hook/cmake_prefix_path.dsv'
[0.372s] INFO:colcon.colcon_core.shell:Creating environment hook '/home/rama/ROS/tooru_ros2_ws/install/tooru_teleop/share/tooru_teleop/hook/cmake_prefix_path.sh'
[0.372s] Level 1:colcon.colcon_core.environment:checking '/home/rama/ROS/tooru_ros2_ws/install/tooru_teleop/lib'
[0.372s] Level 1:colcon.colcon_core.shell:create_environment_hook('tooru_teleop', 'ld_library_path_lib')
[0.373s] INFO:colcon.colcon_core.shell:Creating environment hook '/home/rama/ROS/tooru_ros2_ws/install/tooru_teleop/share/tooru_teleop/hook/ld_library_path_lib.ps1'
[0.373s] INFO:colcon.colcon_core.shell:Creating environment descriptor '/home/rama/ROS/tooru_ros2_ws/install/tooru_teleop/share/tooru_teleop/hook/ld_library_path_lib.dsv'
[0.373s] INFO:colcon.colcon_core.shell:Creating environment hook '/home/rama/ROS/tooru_ros2_ws/install/tooru_teleop/share/tooru_teleop/hook/ld_library_path_lib.sh'
[0.374s] Level 1:colcon.colcon_core.environment:checking '/home/rama/ROS/tooru_ros2_ws/install/tooru_teleop/bin'
[0.374s] Level 1:colcon.colcon_core.environment:checking '/home/rama/ROS/tooru_ros2_ws/install/tooru_teleop/lib/pkgconfig/tooru_teleop.pc'
[0.374s] Level 1:colcon.colcon_core.environment:checking '/home/rama/ROS/tooru_ros2_ws/install/tooru_teleop/lib/python3.10/site-packages'
[0.374s] Level 1:colcon.colcon_core.environment:checking '/home/rama/ROS/tooru_ros2_ws/install/tooru_teleop/bin'
[0.375s] INFO:colcon.colcon_core.shell:Creating package script '/home/rama/ROS/tooru_ros2_ws/install/tooru_teleop/share/tooru_teleop/package.ps1'
[0.375s] INFO:colcon.colcon_core.shell:Creating package descriptor '/home/rama/ROS/tooru_ros2_ws/install/tooru_teleop/share/tooru_teleop/package.dsv'
[0.375s] INFO:colcon.colcon_core.shell:Creating package script '/home/rama/ROS/tooru_ros2_ws/install/tooru_teleop/share/tooru_teleop/package.sh'
[0.376s] INFO:colcon.colcon_core.shell:Creating package script '/home/rama/ROS/tooru_ros2_ws/install/tooru_teleop/share/tooru_teleop/package.bash'
[0.376s] INFO:colcon.colcon_core.shell:Creating package script '/home/rama/ROS/tooru_ros2_ws/install/tooru_teleop/share/tooru_teleop/package.zsh'
[0.377s] Level 1:colcon.colcon_core.environment:create_file_with_runtime_dependencies(/home/rama/ROS/tooru_ros2_ws/install/tooru_teleop/share/colcon-core/packages/tooru_teleop)
[0.397s] Level 1:colcon.colcon_core.environment:create_environment_scripts_only(tooru_teleop)
[0.400s] Level 1:colcon.colcon_core.environment:checking '/home/rama/ROS/tooru_ros2_ws/install/tooru_teleop' for CMake module files
[0.401s] Level 1:colcon.colcon_core.environment:checking '/home/rama/ROS/tooru_ros2_ws/install/tooru_teleop' for CMake config files
[0.401s] Level 1:colcon.colcon_core.shell:create_environment_hook('tooru_teleop', 'cmake_prefix_path')
[0.403s] INFO:colcon.colcon_core.shell:Creating environment hook '/home/rama/ROS/tooru_ros2_ws/install/tooru_teleop/share/tooru_teleop/hook/cmake_prefix_path.ps1'
[0.404s] INFO:colcon.colcon_core.shell:Creating environment descriptor '/home/rama/ROS/tooru_ros2_ws/install/tooru_teleop/share/tooru_teleop/hook/cmake_prefix_path.dsv'
[0.405s] INFO:colcon.colcon_core.shell:Creating environment hook '/home/rama/ROS/tooru_ros2_ws/install/tooru_teleop/share/tooru_teleop/hook/cmake_prefix_path.sh'
[0.405s] Level 1:colcon.colcon_core.environment:checking '/home/rama/ROS/tooru_ros2_ws/install/tooru_teleop/lib'
[0.406s] Level 1:colcon.colcon_core.shell:create_environment_hook('tooru_teleop', 'ld_library_path_lib')
[0.407s] INFO:colcon.colcon_core.shell:Creating environment hook '/home/rama/ROS/tooru_ros2_ws/install/tooru_teleop/share/tooru_teleop/hook/ld_library_path_lib.ps1'
[0.408s] INFO:colcon.colcon_core.shell:Creating environment descriptor '/home/rama/ROS/tooru_ros2_ws/install/tooru_teleop/share/tooru_teleop/hook/ld_library_path_lib.dsv'
[0.408s] INFO:colcon.colcon_core.shell:Creating environment hook '/home/rama/ROS/tooru_ros2_ws/install/tooru_teleop/share/tooru_teleop/hook/ld_library_path_lib.sh'
[0.409s] Level 1:colcon.colcon_core.environment:checking '/home/rama/ROS/tooru_ros2_ws/install/tooru_teleop/bin'
[0.409s] Level 1:colcon.colcon_core.environment:checking '/home/rama/ROS/tooru_ros2_ws/install/tooru_teleop/lib/pkgconfig/tooru_teleop.pc'
[0.410s] Level 1:colcon.colcon_core.environment:checking '/home/rama/ROS/tooru_ros2_ws/install/tooru_teleop/lib/python3.10/site-packages'
[0.410s] Level 1:colcon.colcon_core.environment:checking '/home/rama/ROS/tooru_ros2_ws/install/tooru_teleop/bin'
[0.412s] INFO:colcon.colcon_core.shell:Creating package script '/home/rama/ROS/tooru_ros2_ws/install/tooru_teleop/share/tooru_teleop/package.ps1'
[0.413s] INFO:colcon.colcon_core.shell:Creating package descriptor '/home/rama/ROS/tooru_ros2_ws/install/tooru_teleop/share/tooru_teleop/package.dsv'
[0.414s] INFO:colcon.colcon_core.shell:Creating package script '/home/rama/ROS/tooru_ros2_ws/install/tooru_teleop/share/tooru_teleop/package.sh'
[0.415s] INFO:colcon.colcon_core.shell:Creating package script '/home/rama/ROS/tooru_ros2_ws/install/tooru_teleop/share/tooru_teleop/package.bash'
[0.415s] INFO:colcon.colcon_core.shell:Creating package script '/home/rama/ROS/tooru_ros2_ws/install/tooru_teleop/share/tooru_teleop/package.zsh'
[0.416s] Level 1:colcon.colcon_core.environment:create_file_with_runtime_dependencies(/home/rama/ROS/tooru_ros2_ws/install/tooru_teleop/share/colcon-core/packages/tooru_teleop)
[7.322s] DEBUG:colcon.colcon_core.event_handler.log_command:Invoked command in '/home/rama/ROS/tooru_ros2_ws/build/tooru_mobile' returned '0': CMAKE_PREFIX_PATH=${CMAKE_PREFIX_PATH}:/opt/ros/humble /usr/bin/cmake --build /home/rama/ROS/tooru_ros2_ws/build/tooru_mobile -- -j16 -l16
[7.361s] DEBUG:colcon.colcon_core.event_handler.log_command:Invoking command in '/home/rama/ROS/tooru_ros2_ws/build/tooru_mobile': CMAKE_PREFIX_PATH=${CMAKE_PREFIX_PATH}:/opt/ros/humble /usr/bin/cmake --install /home/rama/ROS/tooru_ros2_ws/build/tooru_mobile
[7.390s] Level 1:colcon.colcon_core.environment:create_environment_scripts_only(tooru_mobile)
[7.394s] Level 1:colcon.colcon_core.environment:checking '/home/rama/ROS/tooru_ros2_ws/install/tooru_mobile' for CMake module files
[7.395s] DEBUG:colcon.colcon_core.event_handler.log_command:Invoked command in '/home/rama/ROS/tooru_ros2_ws/build/tooru_mobile' returned '0': CMAKE_PREFIX_PATH=${CMAKE_PREFIX_PATH}:/opt/ros/humble /usr/bin/cmake --install /home/rama/ROS/tooru_ros2_ws/build/tooru_mobile
[7.396s] Level 1:colcon.colcon_core.environment:checking '/home/rama/ROS/tooru_ros2_ws/install/tooru_mobile' for CMake config files
[7.396s] Level 1:colcon.colcon_core.shell:create_environment_hook('tooru_mobile', 'cmake_prefix_path')
[7.399s] INFO:colcon.colcon_core.shell:Creating environment hook '/home/rama/ROS/tooru_ros2_ws/install/tooru_mobile/share/tooru_mobile/hook/cmake_prefix_path.ps1'
[7.399s] INFO:colcon.colcon_core.shell:Creating environment descriptor '/home/rama/ROS/tooru_ros2_ws/install/tooru_mobile/share/tooru_mobile/hook/cmake_prefix_path.dsv'
[7.400s] INFO:colcon.colcon_core.shell:Creating environment hook '/home/rama/ROS/tooru_ros2_ws/install/tooru_mobile/share/tooru_mobile/hook/cmake_prefix_path.sh'
[7.401s] Level 1:colcon.colcon_core.environment:checking '/home/rama/ROS/tooru_ros2_ws/install/tooru_mobile/lib'
[7.401s] Level 1:colcon.colcon_core.shell:create_environment_hook('tooru_mobile', 'ld_library_path_lib')
[7.404s] INFO:colcon.colcon_core.shell:Creating environment hook '/home/rama/ROS/tooru_ros2_ws/install/tooru_mobile/share/tooru_mobile/hook/ld_library_path_lib.ps1'
[7.404s] INFO:colcon.colcon_core.shell:Creating environment descriptor '/home/rama/ROS/tooru_ros2_ws/install/tooru_mobile/share/tooru_mobile/hook/ld_library_path_lib.dsv'
[7.405s] INFO:colcon.colcon_core.shell:Creating environment hook '/home/rama/ROS/tooru_ros2_ws/install/tooru_mobile/share/tooru_mobile/hook/ld_library_path_lib.sh'
[7.405s] Level 1:colcon.colcon_core.environment:checking '/home/rama/ROS/tooru_ros2_ws/install/tooru_mobile/bin'
[7.406s] Level 1:colcon.colcon_core.environment:checking '/home/rama/ROS/tooru_ros2_ws/install/tooru_mobile/lib/pkgconfig/tooru_mobile.pc'
[7.406s] Level 1:colcon.colcon_core.environment:checking '/home/rama/ROS/tooru_ros2_ws/install/tooru_mobile/lib/python3.10/site-packages'
[7.406s] Level 1:colcon.colcon_core.environment:checking '/home/rama/ROS/tooru_ros2_ws/install/tooru_mobile/bin'
[7.409s] INFO:colcon.colcon_core.shell:Creating package script '/home/rama/ROS/tooru_ros2_ws/install/tooru_mobile/share/tooru_mobile/package.ps1'
[7.410s] INFO:colcon.colcon_core.shell:Creating package descriptor '/home/rama/ROS/tooru_ros2_ws/install/tooru_mobile/share/tooru_mobile/package.dsv'
[7.411s] INFO:colcon.colcon_core.shell:Creating package script '/home/rama/ROS/tooru_ros2_ws/install/tooru_mobile/share/tooru_mobile/package.sh'
[7.411s] INFO:colcon.colcon_core.shell:Creating package script '/home/rama/ROS/tooru_ros2_ws/install/tooru_mobile/share/tooru_mobile/package.bash'
[7.412s] INFO:colcon.colcon_core.shell:Creating package script '/home/rama/ROS/tooru_ros2_ws/install/tooru_mobile/share/tooru_mobile/package.zsh'
[7.412s] Level 1:colcon.colcon_core.environment:create_file_with_runtime_dependencies(/home/rama/ROS/tooru_ros2_ws/install/tooru_mobile/share/colcon-core/packages/tooru_mobile)
[7.461s] Level 1:colcon.colcon_core.environment:create_environment_scripts_only(tooru_mobile)
[7.465s] Level 1:colcon.colcon_core.environment:checking '/home/rama/ROS/tooru_ros2_ws/install/tooru_mobile' for CMake module files
[7.466s] Level 1:colcon.colcon_core.environment:checking '/home/rama/ROS/tooru_ros2_ws/install/tooru_mobile' for CMake config files
[7.466s] Level 1:colcon.colcon_core.shell:create_environment_hook('tooru_mobile', 'cmake_prefix_path')
[7.469s] INFO:colcon.colcon_core.shell:Creating environment hook '/home/rama/ROS/tooru_ros2_ws/install/tooru_mobile/share/tooru_mobile/hook/cmake_prefix_path.ps1'
[7.470s] INFO:colcon.colcon_core.shell:Creating environment descriptor '/home/rama/ROS/tooru_ros2_ws/install/tooru_mobile/share/tooru_mobile/hook/cmake_prefix_path.dsv'
[7.470s] INFO:colcon.colcon_core.shell:Creating environment hook '/home/rama/ROS/tooru_ros2_ws/install/tooru_mobile/share/tooru_mobile/hook/cmake_prefix_path.sh'
[7.471s] Level 1:colcon.colcon_core.environment:checking '/home/rama/ROS/tooru_ros2_ws/install/tooru_mobile/lib'
[7.471s] Level 1:colcon.colcon_core.shell:create_environment_hook('tooru_mobile', 'ld_library_path_lib')
[7.474s] INFO:colcon.colcon_core.shell:Creating environment hook '/home/rama/ROS/tooru_ros2_ws/install/tooru_mobile/share/tooru_mobile/hook/ld_library_path_lib.ps1'
[7.474s] INFO:colcon.colcon_core.shell:Creating environment descriptor '/home/rama/ROS/tooru_ros2_ws/install/tooru_mobile/share/tooru_mobile/hook/ld_library_path_lib.dsv'
[7.475s] INFO:colcon.colcon_core.shell:Creating environment hook '/home/rama/ROS/tooru_ros2_ws/install/tooru_mobile/share/tooru_mobile/hook/ld_library_path_lib.sh'
[7.476s] Level 1:colcon.colcon_core.environment:checking '/home/rama/ROS/tooru_ros2_ws/install/tooru_mobile/bin'
[7.476s] Level 1:colcon.colcon_core.environment:checking '/home/rama/ROS/tooru_ros2_ws/install/tooru_mobile/lib/pkgconfig/tooru_mobile.pc'
[7.476s] Level 1:colcon.colcon_core.environment:checking '/home/rama/ROS/tooru_ros2_ws/install/tooru_mobile/lib/python3.10/site-packages'
[7.477s] Level 1:colcon.colcon_core.environment:checking '/home/rama/ROS/tooru_ros2_ws/install/tooru_mobile/bin'
[7.479s] INFO:colcon.colcon_core.shell:Creating package script '/home/rama/ROS/tooru_ros2_ws/install/tooru_mobile/share/tooru_mobile/package.ps1'
[7.480s] INFO:colcon.colcon_core.shell:Creating package descriptor '/home/rama/ROS/tooru_ros2_ws/install/tooru_mobile/share/tooru_mobile/package.dsv'
[7.481s] INFO:colcon.colcon_core.shell:Creating package script '/home/rama/ROS/tooru_ros2_ws/install/tooru_mobile/share/tooru_mobile/package.sh'
[7.482s] INFO:colcon.colcon_core.shell:Creating package script '/home/rama/ROS/tooru_ros2_ws/install/tooru_mobile/share/tooru_mobile/package.bash'
[7.483s] INFO:colcon.colcon_core.shell:Creating package script '/home/rama/ROS/tooru_ros2_ws/install/tooru_mobile/share/tooru_mobile/package.zsh'
[7.483s] Level 1:colcon.colcon_core.environment:create_file_with_runtime_dependencies(/home/rama/ROS/tooru_ros2_ws/install/tooru_mobile/share/colcon-core/packages/tooru_mobile)
[7.484s] DEBUG:colcon.colcon_parallel_executor.executor.parallel:closing loop
[7.484s] DEBUG:colcon.colcon_parallel_executor.executor.parallel:loop closed
[7.485s] DEBUG:colcon.colcon_parallel_executor.executor.parallel:run_until_complete finished with '0'
[7.485s] DEBUG:colcon.colcon_core.event_reactor:joining thread
[7.494s] INFO:colcon.colcon_core.plugin_system:Skipping extension 'colcon_notification.desktop_notification.terminal_notifier': Not used on non-Darwin systems
[7.494s] INFO:colcon.colcon_core.plugin_system:Skipping extension 'colcon_notification.desktop_notification.win32': Not used on non-Windows systems
[7.494s] INFO:colcon.colcon_notification.desktop_notification:Sending desktop notification using 'notify2'
[7.524s] DEBUG:colcon.colcon_core.event_reactor:joined thread
[7.527s] INFO:colcon.colcon_core.shell:Creating prefix script '/home/rama/ROS/tooru_ros2_ws/install/local_setup.ps1'
[7.528s] INFO:colcon.colcon_core.shell:Creating prefix util module '/home/rama/ROS/tooru_ros2_ws/install/_local_setup_util_ps1.py'
[7.531s] INFO:colcon.colcon_core.shell:Creating prefix chain script '/home/rama/ROS/tooru_ros2_ws/install/setup.ps1'
[7.533s] INFO:colcon.colcon_core.shell:Creating prefix script '/home/rama/ROS/tooru_ros2_ws/install/local_setup.sh'
[7.534s] INFO:colcon.colcon_core.shell:Creating prefix util module '/home/rama/ROS/tooru_ros2_ws/install/_local_setup_util_sh.py'
[7.535s] INFO:colcon.colcon_core.shell:Creating prefix chain script '/home/rama/ROS/tooru_ros2_ws/install/setup.sh'
[7.538s] INFO:colcon.colcon_core.shell:Creating prefix script '/home/rama/ROS/tooru_ros2_ws/install/local_setup.bash'
[7.538s] INFO:colcon.colcon_core.shell:Creating prefix chain script '/home/rama/ROS/tooru_ros2_ws/install/setup.bash'
[7.541s] INFO:colcon.colcon_core.shell:Creating prefix script '/home/rama/ROS/tooru_ros2_ws/install/local_setup.zsh'
[7.542s] INFO:colcon.colcon_core.shell:Creating prefix chain script '/home/rama/ROS/tooru_ros2_ws/install/setup.zsh'
