[0.007s] Invoking command in '/home/rama/ROS/tooru_ros2_ws/build/dynamixel_sdk_examples': AMENT_PREFIX_PATH=/home/rama/ROS/tooru_ros2_ws/install/dynamixel_sdk_custom_interfaces:/home/rama/ROS/tooru_ros2_ws/install/dynamixel_sdk:${AMENT_PREFIX_PATH} CMAKE_PREFIX_PATH=/home/rama/ROS/tooru_ros2_ws/install/dynamixel_sdk_custom_interfaces:/home/rama/ROS/tooru_ros2_ws/install/dynamixel_sdk:/home/rama/ROS/tooru_ros2_ws/install/tooru_teleop:/home/rama/ROS/tooru_ros2_ws/install/tooru_mobile:/opt/ros/humble LD_LIBRARY_PATH=/home/rama/ROS/tooru_ros2_ws/install/dynamixel_sdk_custom_interfaces/lib:/home/rama/ROS/tooru_ros2_ws/install/dynamixel_sdk/lib:${LD_LIBRARY_PATH} PYTHONPATH=/home/rama/ROS/tooru_ros2_ws/install/dynamixel_sdk_custom_interfaces/local/lib/python3.10/dist-packages:${PYTHONPATH} /usr/bin/cmake /home/rama/ROS/tooru_ros2_ws/src/DynamixelSDK/dynamixel_sdk_examples -DCMAKE_INSTALL_PREFIX=/home/rama/ROS/tooru_ros2_ws/install/dynamixel_sdk_examples
[0.041s] -- The C compiler identification is GNU 11.3.0
[0.077s] -- The CXX compiler identification is GNU 11.3.0
[0.082s] -- Detecting C compiler ABI info
[0.125s] -- Detecting C compiler ABI info - done
[0.131s] -- Check for working C compiler: /usr/bin/cc - skipped
[0.131s] -- Detecting C compile features
[0.131s] -- Detecting C compile features - done
[0.133s] -- Detecting CXX compiler ABI info
[0.181s] -- Detecting CXX compiler ABI info - done
[0.187s] -- Check for working CXX compiler: /usr/bin/c++ - skipped
[0.187s] -- Detecting CXX compile features
[0.187s] -- Detecting CXX compile features - done
[0.188s] -- Found ament_cmake: 1.3.4 (/opt/ros/humble/share/ament_cmake/cmake)
[0.295s] -- Found Python3: /usr/bin/python3.10 (found version "3.10.6") found components: Interpreter 
[0.356s] -- Found dynamixel_sdk: 3.7.60 (/home/rama/ROS/tooru_ros2_ws/install/dynamixel_sdk/share/dynamixel_sdk/cmake)
[0.357s] -- Found dynamixel_sdk_custom_interfaces: 3.7.60 (/home/rama/ROS/tooru_ros2_ws/install/dynamixel_sdk_custom_interfaces/share/dynamixel_sdk_custom_interfaces/cmake)
[0.387s] -- Found rosidl_generator_c: 3.1.4 (/opt/ros/humble/share/rosidl_generator_c/cmake)
[0.390s] -- Found rosidl_adapter: 3.1.4 (/opt/ros/humble/share/rosidl_adapter/cmake)
[0.395s] -- Found rosidl_generator_cpp: 3.1.4 (/opt/ros/humble/share/rosidl_generator_cpp/cmake)
[0.404s] -- Using all available rosidl_typesupport_c: rosidl_typesupport_fastrtps_c;rosidl_typesupport_introspection_c
[0.416s] -- Using all available rosidl_typesupport_cpp: rosidl_typesupport_fastrtps_cpp;rosidl_typesupport_introspection_cpp
[0.452s] -- Found rclcpp: 16.0.4 (/opt/ros/humble/share/rclcpp/cmake)
[0.490s] -- Found rmw_implementation_cmake: 6.1.1 (/opt/ros/humble/share/rmw_implementation_cmake/cmake)
[0.491s] -- Found rmw_fastrtps_cpp: 6.2.2 (/opt/ros/humble/share/rmw_fastrtps_cpp/cmake)
[0.548s] -- Found OpenSSL: /usr/lib/x86_64-linux-gnu/libcrypto.so (found version "3.0.2")  
[0.564s] -- Found FastRTPS: /opt/ros/humble/include  
[0.598s] -- Using RMW implementation 'rmw_fastrtps_cpp' as default
[0.604s] -- Looking for pthread.h
[0.653s] -- Looking for pthread.h - found
[0.653s] -- Performing Test CMAKE_HAVE_LIBC_PTHREAD
[0.700s] -- Performing Test CMAKE_HAVE_LIBC_PTHREAD - Success
[0.700s] -- Found Threads: TRUE  
[0.805s] -- Found ament_lint_auto: 0.12.6 (/opt/ros/humble/share/ament_lint_auto/cmake)
[0.856s] -- Added test 'copyright' to check source files copyright and LICENSE
[0.856s] -- Added test 'cppcheck' to perform static code analysis on C / C++ code
[0.856s] -- Configured cppcheck include dirs: /home/rama/ROS/tooru_ros2_ws/src/DynamixelSDK/dynamixel_sdk_examples/include
[0.856s] -- Configured cppcheck exclude dirs and/or files: 
[0.857s] -- Added test 'cpplint' to check C / C++ code against the Google style
[0.857s] -- Configured cpplint exclude dirs and/or files: 
[0.857s] -- Added test 'lint_cmake' to check CMake code style
[0.858s] -- Added test 'uncrustify' to check C / C++ code style
[0.858s] -- Configured uncrustify additional arguments: 
[0.858s] -- Added test 'xmllint' to check XML markup files
[0.859s] -- Configuring done
[0.864s] -- Generating done
[0.865s] -- Build files have been written to: /home/rama/ROS/tooru_ros2_ws/build/dynamixel_sdk_examples
[0.872s] Invoked command in '/home/rama/ROS/tooru_ros2_ws/build/dynamixel_sdk_examples' returned '0': AMENT_PREFIX_PATH=/home/rama/ROS/tooru_ros2_ws/install/dynamixel_sdk_custom_interfaces:/home/rama/ROS/tooru_ros2_ws/install/dynamixel_sdk:${AMENT_PREFIX_PATH} CMAKE_PREFIX_PATH=/home/rama/ROS/tooru_ros2_ws/install/dynamixel_sdk_custom_interfaces:/home/rama/ROS/tooru_ros2_ws/install/dynamixel_sdk:/home/rama/ROS/tooru_ros2_ws/install/tooru_teleop:/home/rama/ROS/tooru_ros2_ws/install/tooru_mobile:/opt/ros/humble LD_LIBRARY_PATH=/home/rama/ROS/tooru_ros2_ws/install/dynamixel_sdk_custom_interfaces/lib:/home/rama/ROS/tooru_ros2_ws/install/dynamixel_sdk/lib:${LD_LIBRARY_PATH} PYTHONPATH=/home/rama/ROS/tooru_ros2_ws/install/dynamixel_sdk_custom_interfaces/local/lib/python3.10/dist-packages:${PYTHONPATH} /usr/bin/cmake /home/rama/ROS/tooru_ros2_ws/src/DynamixelSDK/dynamixel_sdk_examples -DCMAKE_INSTALL_PREFIX=/home/rama/ROS/tooru_ros2_ws/install/dynamixel_sdk_examples
[0.873s] Invoking command in '/home/rama/ROS/tooru_ros2_ws/build/dynamixel_sdk_examples': AMENT_PREFIX_PATH=/home/rama/ROS/tooru_ros2_ws/install/dynamixel_sdk_custom_interfaces:/home/rama/ROS/tooru_ros2_ws/install/dynamixel_sdk:${AMENT_PREFIX_PATH} CMAKE_PREFIX_PATH=/home/rama/ROS/tooru_ros2_ws/install/dynamixel_sdk_custom_interfaces:/home/rama/ROS/tooru_ros2_ws/install/dynamixel_sdk:/home/rama/ROS/tooru_ros2_ws/install/tooru_teleop:/home/rama/ROS/tooru_ros2_ws/install/tooru_mobile:/opt/ros/humble LD_LIBRARY_PATH=/home/rama/ROS/tooru_ros2_ws/install/dynamixel_sdk_custom_interfaces/lib:/home/rama/ROS/tooru_ros2_ws/install/dynamixel_sdk/lib:${LD_LIBRARY_PATH} PYTHONPATH=/home/rama/ROS/tooru_ros2_ws/install/dynamixel_sdk_custom_interfaces/local/lib/python3.10/dist-packages:${PYTHONPATH} /usr/bin/cmake --build /home/rama/ROS/tooru_ros2_ws/build/dynamixel_sdk_examples -- -j16 -l16
[0.901s] [ 50%] [32mBuilding CXX object CMakeFiles/read_write_node.dir/src/read_write_node.cpp.o[0m
[6.535s] [100%] [32m[1mLinking CXX executable read_write_node[0m
[6.862s] [100%] Built target read_write_node
