[0.017s] Invoking command in '/home/ntlab/tooru_ros2_ws/build/tooru_teleop': CMAKE_PREFIX_PATH=/opt/ros/humble /usr/bin/cmake /home/ntlab/tooru_ros2_ws/src/tooru_teleop -DCMAKE_INSTALL_PREFIX=/home/ntlab/tooru_ros2_ws/install/tooru_teleop
[0.137s] -- The C compiler identification is GNU 11.3.0
[0.230s] -- The CXX compiler identification is GNU 11.3.0
[0.243s] -- Detecting C compiler ABI info
[0.309s] -- Detecting C compiler ABI info - done
[0.316s] -- Check for working C compiler: /usr/bin/cc - skipped
[0.316s] -- Detecting C compile features
[0.317s] -- Detecting C compile features - done
[0.320s] -- Detecting CXX compiler ABI info
[0.395s] -- Detecting CXX compiler ABI info - done
[0.402s] -- Check for working CXX compiler: /usr/bin/c++ - skipped
[0.403s] -- Detecting CXX compile features
[0.403s] -- Detecting CXX compile features - done
[0.406s] -- Found ament_cmake: 1.3.3 (/opt/ros/humble/share/ament_cmake/cmake)
[0.568s] -- Found Python3: /usr/bin/python3.10 (found version "3.10.6") found components: Interpreter 
[0.664s] -- Found geometry_msgs: 4.2.3 (/opt/ros/humble/share/geometry_msgs/cmake)
[0.706s] -- Found rosidl_generator_c: 3.1.4 (/opt/ros/humble/share/rosidl_generator_c/cmake)
[0.711s] -- Found rosidl_adapter: 3.1.4 (/opt/ros/humble/share/rosidl_adapter/cmake)
[0.721s] -- Found rosidl_generator_cpp: 3.1.4 (/opt/ros/humble/share/rosidl_generator_cpp/cmake)
[0.738s] -- Using all available rosidl_typesupport_c: rosidl_typesupport_fastrtps_c;rosidl_typesupport_introspection_c
[0.759s] -- Using all available rosidl_typesupport_cpp: rosidl_typesupport_fastrtps_cpp;rosidl_typesupport_introspection_cpp
[0.879s] -- Found rclcpp: 16.0.3 (/opt/ros/humble/share/rclcpp/cmake)
[0.948s] -- Found rmw_implementation_cmake: 6.1.1 (/opt/ros/humble/share/rmw_implementation_cmake/cmake)
[0.952s] -- Found rmw_fastrtps_cpp: 6.2.2 (/opt/ros/humble/share/rmw_fastrtps_cpp/cmake)
[1.077s] -- Found OpenSSL: /usr/lib/x86_64-linux-gnu/libcrypto.so (found version "3.0.2")  
[1.141s] -- Found FastRTPS: /opt/ros/humble/include  
[1.191s] -- Using RMW implementation 'rmw_fastrtps_cpp' as default
[1.201s] -- Looking for pthread.h
[1.302s] -- Looking for pthread.h - found
[1.302s] -- Performing Test CMAKE_HAVE_LIBC_PTHREAD
[1.413s] -- Performing Test CMAKE_HAVE_LIBC_PTHREAD - Success
[1.416s] -- Found Threads: TRUE  
[1.610s] -- Found rclcpp_components: 16.0.3 (/opt/ros/humble/share/rclcpp_components/cmake)
[1.682s] -- Found sensor_msgs: 4.2.3 (/opt/ros/humble/share/sensor_msgs/cmake)
[1.777s] -- Found ament_lint_auto: 0.12.5 (/opt/ros/humble/share/ament_lint_auto/cmake)
[1.911s] -- Added test 'cppcheck' to perform static code analysis on C / C++ code
[1.911s] -- Configured cppcheck include dirs: 
[1.911s] -- Configured cppcheck exclude dirs and/or files: 
[1.912s] -- Added test 'flake8' to check Python code syntax and style conventions
[1.913s] -- Added test 'lint_cmake' to check CMake code style
[1.913s] -- Added test 'pep257' to check Python code against some of the docstring style conventions in PEP 257
[1.914s] -- Added test 'uncrustify' to check C / C++ code style
[1.914s] -- Configured uncrustify additional arguments: 
[1.915s] -- Added test 'xmllint' to check XML markup files
[1.916s] -- Configuring done
[1.926s] -- Generating done
[1.928s] -- Build files have been written to: /home/ntlab/tooru_ros2_ws/build/tooru_teleop
[1.939s] Invoked command in '/home/ntlab/tooru_ros2_ws/build/tooru_teleop' returned '0': CMAKE_PREFIX_PATH=/opt/ros/humble /usr/bin/cmake /home/ntlab/tooru_ros2_ws/src/tooru_teleop -DCMAKE_INSTALL_PREFIX=/home/ntlab/tooru_ros2_ws/install/tooru_teleop
[1.943s] Invoking command in '/home/ntlab/tooru_ros2_ws/build/tooru_teleop': CMAKE_PREFIX_PATH=/opt/ros/humble /usr/bin/cmake --build /home/ntlab/tooru_ros2_ws/build/tooru_teleop -- -j16 -l16
[2.017s] [ 50%] [32mBuilding CXX object CMakeFiles/teleop_joystick_input.dir/src/joystick.cpp.o[0m
[4.318s] [01m[K/home/ntlab/tooru_ros2_ws/src/tooru_teleop/src/joystick.cpp:[m[K In function ‘[01m[Kbool convertJoyToCmd(const std::vector<float, std::allocator<float> >&, const std::vector<int, std::allocator<int> >&, std::unique_ptr<geometry_msgs::msg::TwistStamped_<std::allocator<void> >, std::default_delete<geometry_msgs::msg::TwistStamped_<std::allocator<void> > > >&)[m[K’:
[4.318s] [01m[K/home/ntlab/tooru_ros2_ws/src/tooru_teleop/src/joystick.cpp:58:78:[m[K [01;35m[Kwarning: [m[Kunused parameter ‘[01m[Kbuttons[m[K’ [[01;35m[K]8;;https://gcc.gnu.org/onlinedocs/gcc/Warning-Options.html#index-Wunused-parameter-Wunused-parameter]8;;[m[K]
[4.318s]    58 | yToCmd(const std::vector<float>& axes, [01;35m[Kconst std::vector<int>& buttons[m[K,
[4.318s]       |                                        [01;35m[K~~~~~~~~~~~~~~~~~~~~~~~~^~~~~~~[m[K
[4.319s] 
[10.304s] [100%] [32m[1mLinking CXX shared library libteleop_joystick_input.so[0m
[10.802s] [100%] Built target teleop_joystick_input
[10.814s] Invoked command in '/home/ntlab/tooru_ros2_ws/build/tooru_teleop' returned '0': CMAKE_PREFIX_PATH=/opt/ros/humble /usr/bin/cmake --build /home/ntlab/tooru_ros2_ws/build/tooru_teleop -- -j16 -l16
[10.866s] Invoking command in '/home/ntlab/tooru_ros2_ws/build/tooru_teleop': CMAKE_PREFIX_PATH=/opt/ros/humble /usr/bin/cmake --install /home/ntlab/tooru_ros2_ws/build/tooru_teleop
[10.875s] -- Install configuration: ""
[10.875s] -- Installing: /home/ntlab/tooru_ros2_ws/install/tooru_teleop/lib/libteleop_joystick_input.so
[10.885s] -- Set runtime path of "/home/ntlab/tooru_ros2_ws/install/tooru_teleop/lib/libteleop_joystick_input.so" to ""
[10.885s] -- Installing: /home/ntlab/tooru_ros2_ws/install/tooru_teleop/share/ament_index/resource_index/package_run_dependencies/tooru_teleop
[10.886s] -- Installing: /home/ntlab/tooru_ros2_ws/install/tooru_teleop/share/ament_index/resource_index/parent_prefix_path/tooru_teleop
[10.886s] -- Installing: /home/ntlab/tooru_ros2_ws/install/tooru_teleop/share/tooru_teleop/environment/ament_prefix_path.sh
[10.886s] -- Installing: /home/ntlab/tooru_ros2_ws/install/tooru_teleop/share/tooru_teleop/environment/ament_prefix_path.dsv
[10.886s] -- Installing: /home/ntlab/tooru_ros2_ws/install/tooru_teleop/share/tooru_teleop/environment/path.sh
[10.886s] -- Installing: /home/ntlab/tooru_ros2_ws/install/tooru_teleop/share/tooru_teleop/environment/path.dsv
[10.886s] -- Installing: /home/ntlab/tooru_ros2_ws/install/tooru_teleop/share/tooru_teleop/local_setup.bash
[10.887s] -- Installing: /home/ntlab/tooru_ros2_ws/install/tooru_teleop/share/tooru_teleop/local_setup.sh
[10.887s] -- Installing: /home/ntlab/tooru_ros2_ws/install/tooru_teleop/share/tooru_teleop/local_setup.zsh
[10.887s] -- Installing: /home/ntlab/tooru_ros2_ws/install/tooru_teleop/share/tooru_teleop/local_setup.dsv
[10.887s] -- Installing: /home/ntlab/tooru_ros2_ws/install/tooru_teleop/share/tooru_teleop/package.dsv
[10.887s] -- Installing: /home/ntlab/tooru_ros2_ws/install/tooru_teleop/share/ament_index/resource_index/packages/tooru_teleop
[10.887s] -- Installing: /home/ntlab/tooru_ros2_ws/install/tooru_teleop/share/ament_index/resource_index/rclcpp_components/tooru_teleop
[10.887s] -- Installing: /home/ntlab/tooru_ros2_ws/install/tooru_teleop/share/tooru_teleop/cmake/tooru_teleopConfig.cmake
[10.888s] -- Installing: /home/ntlab/tooru_ros2_ws/install/tooru_teleop/share/tooru_teleop/cmake/tooru_teleopConfig-version.cmake
[10.888s] -- Installing: /home/ntlab/tooru_ros2_ws/install/tooru_teleop/share/tooru_teleop/package.xml
[10.890s] Invoked command in '/home/ntlab/tooru_ros2_ws/build/tooru_teleop' returned '0': CMAKE_PREFIX_PATH=/opt/ros/humble /usr/bin/cmake --install /home/ntlab/tooru_ros2_ws/build/tooru_teleop
