[0.242s] DEBUG:colcon:Command line arguments: ['/usr/bin/colcon', 'build']
[0.242s] DEBUG:colcon:Parsed command line arguments: Namespace(log_base=None, log_level=None, verb_name='build', build_base='build', install_base='install', merge_install=False, symlink_install=False, test_result_base=None, continue_on_error=False, executor='parallel', parallel_workers=16, event_handlers=None, ignore_user_meta=False, metas=['./colcon.meta'], base_paths=['.'], packages_ignore=None, packages_ignore_regex=None, paths=None, packages_up_to=None, packages_up_to_regex=None, packages_above=None, packages_above_and_dependencies=None, packages_above_depth=None, packages_select_by_dep=None, packages_skip_by_dep=None, packages_skip_up_to=None, packages_select_build_failed=False, packages_skip_build_finished=False, packages_select_test_failures=False, packages_skip_test_passed=False, packages_select=None, packages_skip=None, packages_select_regex=None, packages_skip_regex=None, packages_start=None, packages_end=None, allow_overriding=[], cmake_args=None, cmake_target=None, cmake_target_skip_unavailable=False, cmake_clean_cache=False, cmake_clean_first=False, cmake_force_configure=False, ament_cmake_args=None, catkin_cmake_args=None, catkin_skip_building_tests=False, verb_parser=<colcon_defaults.argument_parser.defaults.DefaultArgumentsDecorator object at 0x7fd5e3e8b0d0>, verb_extension=<colcon_core.verb.build.BuildVerb object at 0x7fd5e39ae9e0>, main=<bound method BuildVerb.main of <colcon_core.verb.build.BuildVerb object at 0x7fd5e39ae9e0>>)
[0.259s] Level 1:colcon.colcon_core.package_discovery:discover_packages(colcon_meta) check parameters
[0.259s] Level 1:colcon.colcon_core.package_discovery:discover_packages(recursive) check parameters
[0.259s] Level 1:colcon.colcon_core.package_discovery:discover_packages(ignore) check parameters
[0.259s] Level 1:colcon.colcon_core.package_discovery:discover_packages(path) check parameters
[0.259s] Level 1:colcon.colcon_core.package_discovery:discover_packages(colcon_meta) discover
[0.260s] Level 1:colcon.colcon_core.package_discovery:discover_packages(recursive) discover
[0.260s] INFO:colcon.colcon_core.package_discovery:Crawling recursively for packages in '/home/ntlab/mobile_ros2_ws'
[0.260s] Level 1:colcon.colcon_core.package_identification:_identify(.) by extensions ['ignore', 'ignore_ament_install']
[0.260s] Level 1:colcon.colcon_core.package_identification:_identify(.) by extension 'ignore'
[0.260s] Level 1:colcon.colcon_core.package_identification:_identify(.) by extension 'ignore_ament_install'
[0.260s] Level 1:colcon.colcon_core.package_identification:_identify(.) by extensions ['colcon_pkg']
[0.260s] Level 1:colcon.colcon_core.package_identification:_identify(.) by extension 'colcon_pkg'
[0.260s] Level 1:colcon.colcon_core.package_identification:_identify(.) by extensions ['colcon_meta']
[0.260s] Level 1:colcon.colcon_core.package_identification:_identify(.) by extension 'colcon_meta'
[0.260s] Level 1:colcon.colcon_core.package_identification:_identify(.) by extensions ['ros']
[0.260s] Level 1:colcon.colcon_core.package_identification:_identify(.) by extension 'ros'
[0.270s] Level 1:colcon.colcon_core.package_identification:_identify(.) by extensions ['cmake', 'python']
[0.270s] Level 1:colcon.colcon_core.package_identification:_identify(.) by extension 'cmake'
[0.270s] Level 1:colcon.colcon_core.package_identification:_identify(.) by extension 'python'
[0.270s] Level 1:colcon.colcon_core.package_identification:_identify(.) by extensions ['python_setup_py']
[0.270s] Level 1:colcon.colcon_core.package_identification:_identify(.) by extension 'python_setup_py'
[0.270s] Level 1:colcon.colcon_core.package_identification:_identify(build) by extensions ['ignore', 'ignore_ament_install']
[0.270s] Level 1:colcon.colcon_core.package_identification:_identify(build) by extension 'ignore'
[0.270s] Level 1:colcon.colcon_core.package_identification:_identify(build) ignored
[0.270s] Level 1:colcon.colcon_core.package_identification:_identify(install) by extensions ['ignore', 'ignore_ament_install']
[0.270s] Level 1:colcon.colcon_core.package_identification:_identify(install) by extension 'ignore'
[0.270s] Level 1:colcon.colcon_core.package_identification:_identify(install) ignored
[0.270s] Level 1:colcon.colcon_core.package_identification:_identify(log) by extensions ['ignore', 'ignore_ament_install']
[0.270s] Level 1:colcon.colcon_core.package_identification:_identify(log) by extension 'ignore'
[0.271s] Level 1:colcon.colcon_core.package_identification:_identify(log) ignored
[0.271s] Level 1:colcon.colcon_core.package_identification:_identify(src) by extensions ['ignore', 'ignore_ament_install']
[0.271s] Level 1:colcon.colcon_core.package_identification:_identify(src) by extension 'ignore'
[0.271s] Level 1:colcon.colcon_core.package_identification:_identify(src) by extension 'ignore_ament_install'
[0.271s] Level 1:colcon.colcon_core.package_identification:_identify(src) by extensions ['colcon_pkg']
[0.271s] Level 1:colcon.colcon_core.package_identification:_identify(src) by extension 'colcon_pkg'
[0.271s] Level 1:colcon.colcon_core.package_identification:_identify(src) by extensions ['colcon_meta']
[0.271s] Level 1:colcon.colcon_core.package_identification:_identify(src) by extension 'colcon_meta'
[0.271s] Level 1:colcon.colcon_core.package_identification:_identify(src) by extensions ['ros']
[0.271s] Level 1:colcon.colcon_core.package_identification:_identify(src) by extension 'ros'
[0.271s] Level 1:colcon.colcon_core.package_identification:_identify(src) by extensions ['cmake', 'python']
[0.271s] Level 1:colcon.colcon_core.package_identification:_identify(src) by extension 'cmake'
[0.271s] Level 1:colcon.colcon_core.package_identification:_identify(src) by extension 'python'
[0.271s] Level 1:colcon.colcon_core.package_identification:_identify(src) by extensions ['python_setup_py']
[0.271s] Level 1:colcon.colcon_core.package_identification:_identify(src) by extension 'python_setup_py'
[0.271s] Level 1:colcon.colcon_core.package_identification:_identify(src/tooru_teleop) by extensions ['ignore', 'ignore_ament_install']
[0.271s] Level 1:colcon.colcon_core.package_identification:_identify(src/tooru_teleop) by extension 'ignore'
[0.271s] Level 1:colcon.colcon_core.package_identification:_identify(src/tooru_teleop) by extension 'ignore_ament_install'
[0.271s] Level 1:colcon.colcon_core.package_identification:_identify(src/tooru_teleop) by extensions ['colcon_pkg']
[0.271s] Level 1:colcon.colcon_core.package_identification:_identify(src/tooru_teleop) by extension 'colcon_pkg'
[0.271s] Level 1:colcon.colcon_core.package_identification:_identify(src/tooru_teleop) by extensions ['colcon_meta']
[0.271s] Level 1:colcon.colcon_core.package_identification:_identify(src/tooru_teleop) by extension 'colcon_meta'
[0.271s] Level 1:colcon.colcon_core.package_identification:_identify(src/tooru_teleop) by extensions ['ros']
[0.271s] Level 1:colcon.colcon_core.package_identification:_identify(src/tooru_teleop) by extension 'ros'
[0.273s] DEBUG:colcon.colcon_core.package_identification:Package 'src/tooru_teleop' with type 'ros.ament_cmake' and name 'tooru_teleop'
[0.273s] Level 1:colcon.colcon_core.package_discovery:discover_packages(recursive) using defaults
[0.273s] Level 1:colcon.colcon_core.package_discovery:discover_packages(ignore) discover
[0.273s] Level 1:colcon.colcon_core.package_discovery:discover_packages(ignore) using defaults
[0.273s] Level 1:colcon.colcon_core.package_discovery:discover_packages(path) discover
[0.273s] Level 1:colcon.colcon_core.package_discovery:discover_packages(path) using defaults
[0.288s] Level 1:colcon.colcon_core.package_discovery:discover_packages(prefix_path) check parameters
[0.289s] Level 1:colcon.colcon_core.package_discovery:discover_packages(prefix_path) discover
[0.291s] WARNING:colcon.colcon_ros.prefix_path.ament:The path '/home/ntlab/mobile_ros2_ws/install/launch_testing_examples' in the environment variable AMENT_PREFIX_PATH doesn't exist
[0.291s] WARNING:colcon.colcon_ros.prefix_path.ament:The path '/home/ntlab/mobile_ros2_ws/install/examples_rclpy_pointcloud_publisher' in the environment variable AMENT_PREFIX_PATH doesn't exist
[0.291s] WARNING:colcon.colcon_ros.prefix_path.ament:The path '/home/ntlab/mobile_ros2_ws/install/examples_rclpy_minimal_subscriber' in the environment variable AMENT_PREFIX_PATH doesn't exist
[0.291s] WARNING:colcon.colcon_ros.prefix_path.ament:The path '/home/ntlab/mobile_ros2_ws/install/examples_rclpy_minimal_service' in the environment variable AMENT_PREFIX_PATH doesn't exist
[0.291s] WARNING:colcon.colcon_ros.prefix_path.ament:The path '/home/ntlab/mobile_ros2_ws/install/examples_rclpy_minimal_publisher' in the environment variable AMENT_PREFIX_PATH doesn't exist
[0.291s] WARNING:colcon.colcon_ros.prefix_path.ament:The path '/home/ntlab/mobile_ros2_ws/install/examples_rclpy_minimal_client' in the environment variable AMENT_PREFIX_PATH doesn't exist
[0.291s] WARNING:colcon.colcon_ros.prefix_path.ament:The path '/home/ntlab/mobile_ros2_ws/install/examples_rclpy_minimal_action_server' in the environment variable AMENT_PREFIX_PATH doesn't exist
[0.291s] WARNING:colcon.colcon_ros.prefix_path.ament:The path '/home/ntlab/mobile_ros2_ws/install/examples_rclpy_minimal_action_client' in the environment variable AMENT_PREFIX_PATH doesn't exist
[0.291s] WARNING:colcon.colcon_ros.prefix_path.ament:The path '/home/ntlab/mobile_ros2_ws/install/examples_rclpy_guard_conditions' in the environment variable AMENT_PREFIX_PATH doesn't exist
[0.291s] WARNING:colcon.colcon_ros.prefix_path.ament:The path '/home/ntlab/mobile_ros2_ws/install/examples_rclpy_executors' in the environment variable AMENT_PREFIX_PATH doesn't exist
[0.291s] WARNING:colcon.colcon_ros.prefix_path.ament:The path '/home/ntlab/mobile_ros2_ws/install/examples_rclcpp_wait_set' in the environment variable AMENT_PREFIX_PATH doesn't exist
[0.291s] WARNING:colcon.colcon_ros.prefix_path.ament:The path '/home/ntlab/mobile_ros2_ws/install/examples_rclcpp_multithreaded_executor' in the environment variable AMENT_PREFIX_PATH doesn't exist
[0.291s] WARNING:colcon.colcon_ros.prefix_path.ament:The path '/home/ntlab/mobile_ros2_ws/install/examples_rclcpp_minimal_timer' in the environment variable AMENT_PREFIX_PATH doesn't exist
[0.291s] WARNING:colcon.colcon_ros.prefix_path.ament:The path '/home/ntlab/mobile_ros2_ws/install/examples_rclcpp_minimal_subscriber' in the environment variable AMENT_PREFIX_PATH doesn't exist
[0.291s] WARNING:colcon.colcon_ros.prefix_path.ament:The path '/home/ntlab/mobile_ros2_ws/install/examples_rclcpp_minimal_service' in the environment variable AMENT_PREFIX_PATH doesn't exist
[0.291s] WARNING:colcon.colcon_ros.prefix_path.ament:The path '/home/ntlab/mobile_ros2_ws/install/examples_rclcpp_minimal_publisher' in the environment variable AMENT_PREFIX_PATH doesn't exist
[0.291s] WARNING:colcon.colcon_ros.prefix_path.ament:The path '/home/ntlab/mobile_ros2_ws/install/examples_rclcpp_minimal_composition' in the environment variable AMENT_PREFIX_PATH doesn't exist
[0.291s] WARNING:colcon.colcon_ros.prefix_path.ament:The path '/home/ntlab/mobile_ros2_ws/install/examples_rclcpp_minimal_client' in the environment variable AMENT_PREFIX_PATH doesn't exist
[0.291s] WARNING:colcon.colcon_ros.prefix_path.ament:The path '/home/ntlab/mobile_ros2_ws/install/examples_rclcpp_minimal_action_server' in the environment variable AMENT_PREFIX_PATH doesn't exist
[0.291s] WARNING:colcon.colcon_ros.prefix_path.ament:The path '/home/ntlab/mobile_ros2_ws/install/examples_rclcpp_minimal_action_client' in the environment variable AMENT_PREFIX_PATH doesn't exist
[0.291s] WARNING:colcon.colcon_ros.prefix_path.ament:The path '/home/ntlab/mobile_ros2_ws/install/examples_rclcpp_cbg_executor' in the environment variable AMENT_PREFIX_PATH doesn't exist
[0.291s] WARNING:colcon.colcon_ros.prefix_path.ament:The path '/home/ntlab/mobile_ros2_ws/install/examples_rclcpp_async_client' in the environment variable AMENT_PREFIX_PATH doesn't exist
[0.291s] WARNING:colcon.colcon_ros.prefix_path.catkin:The path '/home/ntlab/mobile_ros2_ws/install/examples_rclcpp_wait_set' in the environment variable CMAKE_PREFIX_PATH doesn't exist
[0.292s] WARNING:colcon.colcon_ros.prefix_path.catkin:The path '/home/ntlab/mobile_ros2_ws/install/examples_rclcpp_multithreaded_executor' in the environment variable CMAKE_PREFIX_PATH doesn't exist
[0.292s] WARNING:colcon.colcon_ros.prefix_path.catkin:The path '/home/ntlab/mobile_ros2_ws/install/examples_rclcpp_minimal_timer' in the environment variable CMAKE_PREFIX_PATH doesn't exist
[0.292s] WARNING:colcon.colcon_ros.prefix_path.catkin:The path '/home/ntlab/mobile_ros2_ws/install/examples_rclcpp_minimal_subscriber' in the environment variable CMAKE_PREFIX_PATH doesn't exist
[0.292s] WARNING:colcon.colcon_ros.prefix_path.catkin:The path '/home/ntlab/mobile_ros2_ws/install/examples_rclcpp_minimal_service' in the environment variable CMAKE_PREFIX_PATH doesn't exist
[0.292s] WARNING:colcon.colcon_ros.prefix_path.catkin:The path '/home/ntlab/mobile_ros2_ws/install/examples_rclcpp_minimal_publisher' in the environment variable CMAKE_PREFIX_PATH doesn't exist
[0.292s] WARNING:colcon.colcon_ros.prefix_path.catkin:The path '/home/ntlab/mobile_ros2_ws/install/examples_rclcpp_minimal_composition' in the environment variable CMAKE_PREFIX_PATH doesn't exist
[0.292s] WARNING:colcon.colcon_ros.prefix_path.catkin:The path '/home/ntlab/mobile_ros2_ws/install/examples_rclcpp_minimal_client' in the environment variable CMAKE_PREFIX_PATH doesn't exist
[0.292s] WARNING:colcon.colcon_ros.prefix_path.catkin:The path '/home/ntlab/mobile_ros2_ws/install/examples_rclcpp_minimal_action_server' in the environment variable CMAKE_PREFIX_PATH doesn't exist
[0.292s] WARNING:colcon.colcon_ros.prefix_path.catkin:The path '/home/ntlab/mobile_ros2_ws/install/examples_rclcpp_minimal_action_client' in the environment variable CMAKE_PREFIX_PATH doesn't exist
[0.292s] WARNING:colcon.colcon_ros.prefix_path.catkin:The path '/home/ntlab/mobile_ros2_ws/install/examples_rclcpp_cbg_executor' in the environment variable CMAKE_PREFIX_PATH doesn't exist
[0.292s] WARNING:colcon.colcon_ros.prefix_path.catkin:The path '/home/ntlab/mobile_ros2_ws/install/examples_rclcpp_async_client' in the environment variable CMAKE_PREFIX_PATH doesn't exist
[0.293s] DEBUG:colcon.colcon_installed_package_information.package_discovery:Found 2 installed packages in /home/ntlab/mobile_ros2_ws/install
[0.294s] DEBUG:colcon.colcon_installed_package_information.package_discovery:Found 59 installed packages in /home/ntlab/ros2_test/install
[0.296s] DEBUG:colcon.colcon_installed_package_information.package_discovery:Found 329 installed packages in /opt/ros/humble
[0.297s] Level 1:colcon.colcon_core.package_discovery:discover_packages(prefix_path) using defaults
[0.341s] Level 5:colcon.colcon_core.verb:set package 'tooru_teleop' build argument 'cmake_args' from command line to 'None'
[0.341s] Level 5:colcon.colcon_core.verb:set package 'tooru_teleop' build argument 'cmake_target' from command line to 'None'
[0.341s] Level 5:colcon.colcon_core.verb:set package 'tooru_teleop' build argument 'cmake_target_skip_unavailable' from command line to 'False'
[0.341s] Level 5:colcon.colcon_core.verb:set package 'tooru_teleop' build argument 'cmake_clean_cache' from command line to 'False'
[0.341s] Level 5:colcon.colcon_core.verb:set package 'tooru_teleop' build argument 'cmake_clean_first' from command line to 'False'
[0.341s] Level 5:colcon.colcon_core.verb:set package 'tooru_teleop' build argument 'cmake_force_configure' from command line to 'False'
[0.341s] Level 5:colcon.colcon_core.verb:set package 'tooru_teleop' build argument 'ament_cmake_args' from command line to 'None'
[0.341s] Level 5:colcon.colcon_core.verb:set package 'tooru_teleop' build argument 'catkin_cmake_args' from command line to 'None'
[0.341s] Level 5:colcon.colcon_core.verb:set package 'tooru_teleop' build argument 'catkin_skip_building_tests' from command line to 'False'
[0.341s] DEBUG:colcon.colcon_core.verb:Building package 'tooru_teleop' with the following arguments: {'ament_cmake_args': None, 'build_base': '/home/ntlab/mobile_ros2_ws/build/tooru_teleop', 'catkin_cmake_args': None, 'catkin_skip_building_tests': False, 'cmake_args': None, 'cmake_clean_cache': False, 'cmake_clean_first': False, 'cmake_force_configure': False, 'cmake_target': None, 'cmake_target_skip_unavailable': False, 'install_base': '/home/ntlab/mobile_ros2_ws/install/tooru_teleop', 'merge_install': False, 'path': '/home/ntlab/mobile_ros2_ws/src/tooru_teleop', 'symlink_install': False, 'test_result_base': None}
[0.341s] INFO:colcon.colcon_core.executor:Executing jobs using 'parallel' executor
[0.344s] DEBUG:colcon.colcon_parallel_executor.executor.parallel:run_until_complete
[0.344s] INFO:colcon.colcon_ros.task.ament_cmake.build:Building ROS package in '/home/ntlab/mobile_ros2_ws/src/tooru_teleop' with build type 'ament_cmake'
[0.344s] INFO:colcon.colcon_cmake.task.cmake.build:Building CMake package in '/home/ntlab/mobile_ros2_ws/src/tooru_teleop'
[0.348s] INFO:colcon.colcon_core.plugin_system:Skipping extension 'colcon_core.shell.bat': Not used on non-Windows systems
[0.349s] INFO:colcon.colcon_core.shell:Skip shell extension 'powershell' for command environment: Not usable outside of PowerShell
[0.349s] DEBUG:colcon.colcon_core.shell:Skip shell extension 'dsv' for command environment
[0.359s] DEBUG:colcon.colcon_core.event_handler.log_command:Invoking command in '/home/ntlab/mobile_ros2_ws/build/tooru_teleop': CMAKE_PREFIX_PATH=${CMAKE_PREFIX_PATH}:/home/ntlab/ros2_test/install/moveit_configs_utils:/home/ntlab/mobile_ros2_ws/install/launch_testing_examples:/home/ntlab/mobile_ros2_ws/install/examples_rclpy_pointcloud_publisher:/home/ntlab/mobile_ros2_ws/install/examples_rclpy_minimal_subscriber:/home/ntlab/mobile_ros2_ws/install/examples_rclpy_minimal_service:/home/ntlab/mobile_ros2_ws/install/examples_rclpy_minimal_publisher:/home/ntlab/mobile_ros2_ws/install/examples_rclpy_minimal_client:/home/ntlab/mobile_ros2_ws/install/examples_rclpy_minimal_action_server:/home/ntlab/mobile_ros2_ws/install/examples_rclpy_minimal_action_client:/home/ntlab/mobile_ros2_ws/install/examples_rclpy_guard_conditions:/home/ntlab/mobile_ros2_ws/install/examples_rclpy_executors:/opt/ros/humble /usr/bin/cmake /home/ntlab/mobile_ros2_ws/src/tooru_teleop -DCMAKE_INSTALL_PREFIX=/home/ntlab/mobile_ros2_ws/install/tooru_teleop
[1.673s] DEBUG:colcon.colcon_core.event_handler.log_command:Invoked command in '/home/ntlab/mobile_ros2_ws/build/tooru_teleop' returned '0': CMAKE_PREFIX_PATH=${CMAKE_PREFIX_PATH}:/home/ntlab/ros2_test/install/moveit_configs_utils:/home/ntlab/mobile_ros2_ws/install/launch_testing_examples:/home/ntlab/mobile_ros2_ws/install/examples_rclpy_pointcloud_publisher:/home/ntlab/mobile_ros2_ws/install/examples_rclpy_minimal_subscriber:/home/ntlab/mobile_ros2_ws/install/examples_rclpy_minimal_service:/home/ntlab/mobile_ros2_ws/install/examples_rclpy_minimal_publisher:/home/ntlab/mobile_ros2_ws/install/examples_rclpy_minimal_client:/home/ntlab/mobile_ros2_ws/install/examples_rclpy_minimal_action_server:/home/ntlab/mobile_ros2_ws/install/examples_rclpy_minimal_action_client:/home/ntlab/mobile_ros2_ws/install/examples_rclpy_guard_conditions:/home/ntlab/mobile_ros2_ws/install/examples_rclpy_executors:/opt/ros/humble /usr/bin/cmake /home/ntlab/mobile_ros2_ws/src/tooru_teleop -DCMAKE_INSTALL_PREFIX=/home/ntlab/mobile_ros2_ws/install/tooru_teleop
[1.674s] DEBUG:colcon.colcon_core.event_handler.log_command:Invoking command in '/home/ntlab/mobile_ros2_ws/build/tooru_teleop': CMAKE_PREFIX_PATH=${CMAKE_PREFIX_PATH}:/home/ntlab/ros2_test/install/moveit_configs_utils:/home/ntlab/mobile_ros2_ws/install/launch_testing_examples:/home/ntlab/mobile_ros2_ws/install/examples_rclpy_pointcloud_publisher:/home/ntlab/mobile_ros2_ws/install/examples_rclpy_minimal_subscriber:/home/ntlab/mobile_ros2_ws/install/examples_rclpy_minimal_service:/home/ntlab/mobile_ros2_ws/install/examples_rclpy_minimal_publisher:/home/ntlab/mobile_ros2_ws/install/examples_rclpy_minimal_client:/home/ntlab/mobile_ros2_ws/install/examples_rclpy_minimal_action_server:/home/ntlab/mobile_ros2_ws/install/examples_rclpy_minimal_action_client:/home/ntlab/mobile_ros2_ws/install/examples_rclpy_guard_conditions:/home/ntlab/mobile_ros2_ws/install/examples_rclpy_executors:/opt/ros/humble /usr/bin/cmake --build /home/ntlab/mobile_ros2_ws/build/tooru_teleop -- -j16 -l16
[7.486s] DEBUG:colcon.colcon_core.event_handler.log_command:Invoked command in '/home/ntlab/mobile_ros2_ws/build/tooru_teleop' returned '0': CMAKE_PREFIX_PATH=${CMAKE_PREFIX_PATH}:/home/ntlab/ros2_test/install/moveit_configs_utils:/home/ntlab/mobile_ros2_ws/install/launch_testing_examples:/home/ntlab/mobile_ros2_ws/install/examples_rclpy_pointcloud_publisher:/home/ntlab/mobile_ros2_ws/install/examples_rclpy_minimal_subscriber:/home/ntlab/mobile_ros2_ws/install/examples_rclpy_minimal_service:/home/ntlab/mobile_ros2_ws/install/examples_rclpy_minimal_publisher:/home/ntlab/mobile_ros2_ws/install/examples_rclpy_minimal_client:/home/ntlab/mobile_ros2_ws/install/examples_rclpy_minimal_action_server:/home/ntlab/mobile_ros2_ws/install/examples_rclpy_minimal_action_client:/home/ntlab/mobile_ros2_ws/install/examples_rclpy_guard_conditions:/home/ntlab/mobile_ros2_ws/install/examples_rclpy_executors:/opt/ros/humble /usr/bin/cmake --build /home/ntlab/mobile_ros2_ws/build/tooru_teleop -- -j16 -l16
[7.527s] DEBUG:colcon.colcon_core.event_handler.log_command:Invoking command in '/home/ntlab/mobile_ros2_ws/build/tooru_teleop': CMAKE_PREFIX_PATH=${CMAKE_PREFIX_PATH}:/home/ntlab/ros2_test/install/moveit_configs_utils:/home/ntlab/mobile_ros2_ws/install/launch_testing_examples:/home/ntlab/mobile_ros2_ws/install/examples_rclpy_pointcloud_publisher:/home/ntlab/mobile_ros2_ws/install/examples_rclpy_minimal_subscriber:/home/ntlab/mobile_ros2_ws/install/examples_rclpy_minimal_service:/home/ntlab/mobile_ros2_ws/install/examples_rclpy_minimal_publisher:/home/ntlab/mobile_ros2_ws/install/examples_rclpy_minimal_client:/home/ntlab/mobile_ros2_ws/install/examples_rclpy_minimal_action_server:/home/ntlab/mobile_ros2_ws/install/examples_rclpy_minimal_action_client:/home/ntlab/mobile_ros2_ws/install/examples_rclpy_guard_conditions:/home/ntlab/mobile_ros2_ws/install/examples_rclpy_executors:/opt/ros/humble /usr/bin/cmake --install /home/ntlab/mobile_ros2_ws/build/tooru_teleop
[7.537s] Level 1:colcon.colcon_core.environment:create_environment_scripts_only(tooru_teleop)
[7.538s] DEBUG:colcon.colcon_core.event_handler.log_command:Invoked command in '/home/ntlab/mobile_ros2_ws/build/tooru_teleop' returned '0': CMAKE_PREFIX_PATH=${CMAKE_PREFIX_PATH}:/home/ntlab/ros2_test/install/moveit_configs_utils:/home/ntlab/mobile_ros2_ws/install/launch_testing_examples:/home/ntlab/mobile_ros2_ws/install/examples_rclpy_pointcloud_publisher:/home/ntlab/mobile_ros2_ws/install/examples_rclpy_minimal_subscriber:/home/ntlab/mobile_ros2_ws/install/examples_rclpy_minimal_service:/home/ntlab/mobile_ros2_ws/install/examples_rclpy_minimal_publisher:/home/ntlab/mobile_ros2_ws/install/examples_rclpy_minimal_client:/home/ntlab/mobile_ros2_ws/install/examples_rclpy_minimal_action_server:/home/ntlab/mobile_ros2_ws/install/examples_rclpy_minimal_action_client:/home/ntlab/mobile_ros2_ws/install/examples_rclpy_guard_conditions:/home/ntlab/mobile_ros2_ws/install/examples_rclpy_executors:/opt/ros/humble /usr/bin/cmake --install /home/ntlab/mobile_ros2_ws/build/tooru_teleop
[7.542s] Level 1:colcon.colcon_core.environment:checking '/home/ntlab/mobile_ros2_ws/install/tooru_teleop' for CMake module files
[7.542s] Level 1:colcon.colcon_core.environment:checking '/home/ntlab/mobile_ros2_ws/install/tooru_teleop' for CMake config files
[7.543s] Level 1:colcon.colcon_core.shell:create_environment_hook('tooru_teleop', 'cmake_prefix_path')
[7.543s] INFO:colcon.colcon_core.shell:Creating environment hook '/home/ntlab/mobile_ros2_ws/install/tooru_teleop/share/tooru_teleop/hook/cmake_prefix_path.ps1'
[7.544s] INFO:colcon.colcon_core.shell:Creating environment descriptor '/home/ntlab/mobile_ros2_ws/install/tooru_teleop/share/tooru_teleop/hook/cmake_prefix_path.dsv'
[7.544s] INFO:colcon.colcon_core.shell:Creating environment hook '/home/ntlab/mobile_ros2_ws/install/tooru_teleop/share/tooru_teleop/hook/cmake_prefix_path.sh'
[7.545s] Level 1:colcon.colcon_core.environment:checking '/home/ntlab/mobile_ros2_ws/install/tooru_teleop/bin'
[7.546s] Level 1:colcon.colcon_core.environment:checking '/home/ntlab/mobile_ros2_ws/install/tooru_teleop/lib/pkgconfig/tooru_teleop.pc'
[7.546s] Level 1:colcon.colcon_core.environment:checking '/home/ntlab/mobile_ros2_ws/install/tooru_teleop/lib/python3.10/site-packages'
[7.546s] Level 1:colcon.colcon_core.environment:checking '/home/ntlab/mobile_ros2_ws/install/tooru_teleop/bin'
[7.547s] INFO:colcon.colcon_core.shell:Creating package script '/home/ntlab/mobile_ros2_ws/install/tooru_teleop/share/tooru_teleop/package.ps1'
[7.547s] INFO:colcon.colcon_core.shell:Creating package descriptor '/home/ntlab/mobile_ros2_ws/install/tooru_teleop/share/tooru_teleop/package.dsv'
[7.548s] INFO:colcon.colcon_core.shell:Creating package script '/home/ntlab/mobile_ros2_ws/install/tooru_teleop/share/tooru_teleop/package.sh'
[7.548s] INFO:colcon.colcon_core.shell:Creating package script '/home/ntlab/mobile_ros2_ws/install/tooru_teleop/share/tooru_teleop/package.bash'
[7.548s] INFO:colcon.colcon_core.shell:Creating package script '/home/ntlab/mobile_ros2_ws/install/tooru_teleop/share/tooru_teleop/package.zsh'
[7.549s] Level 1:colcon.colcon_core.environment:create_file_with_runtime_dependencies(/home/ntlab/mobile_ros2_ws/install/tooru_teleop/share/colcon-core/packages/tooru_teleop)
[7.584s] Level 1:colcon.colcon_core.environment:create_environment_scripts_only(tooru_teleop)
[7.586s] Level 1:colcon.colcon_core.environment:checking '/home/ntlab/mobile_ros2_ws/install/tooru_teleop' for CMake module files
[7.586s] Level 1:colcon.colcon_core.environment:checking '/home/ntlab/mobile_ros2_ws/install/tooru_teleop' for CMake config files
[7.586s] Level 1:colcon.colcon_core.shell:create_environment_hook('tooru_teleop', 'cmake_prefix_path')
[7.587s] INFO:colcon.colcon_core.shell:Creating environment hook '/home/ntlab/mobile_ros2_ws/install/tooru_teleop/share/tooru_teleop/hook/cmake_prefix_path.ps1'
[7.587s] INFO:colcon.colcon_core.shell:Creating environment descriptor '/home/ntlab/mobile_ros2_ws/install/tooru_teleop/share/tooru_teleop/hook/cmake_prefix_path.dsv'
[7.587s] INFO:colcon.colcon_core.shell:Creating environment hook '/home/ntlab/mobile_ros2_ws/install/tooru_teleop/share/tooru_teleop/hook/cmake_prefix_path.sh'
[7.588s] Level 1:colcon.colcon_core.environment:checking '/home/ntlab/mobile_ros2_ws/install/tooru_teleop/bin'
[7.588s] Level 1:colcon.colcon_core.environment:checking '/home/ntlab/mobile_ros2_ws/install/tooru_teleop/lib/pkgconfig/tooru_teleop.pc'
[7.588s] Level 1:colcon.colcon_core.environment:checking '/home/ntlab/mobile_ros2_ws/install/tooru_teleop/lib/python3.10/site-packages'
[7.588s] Level 1:colcon.colcon_core.environment:checking '/home/ntlab/mobile_ros2_ws/install/tooru_teleop/bin'
[7.589s] INFO:colcon.colcon_core.shell:Creating package script '/home/ntlab/mobile_ros2_ws/install/tooru_teleop/share/tooru_teleop/package.ps1'
[7.589s] INFO:colcon.colcon_core.shell:Creating package descriptor '/home/ntlab/mobile_ros2_ws/install/tooru_teleop/share/tooru_teleop/package.dsv'
[7.589s] INFO:colcon.colcon_core.shell:Creating package script '/home/ntlab/mobile_ros2_ws/install/tooru_teleop/share/tooru_teleop/package.sh'
[7.589s] INFO:colcon.colcon_core.shell:Creating package script '/home/ntlab/mobile_ros2_ws/install/tooru_teleop/share/tooru_teleop/package.bash'
[7.590s] INFO:colcon.colcon_core.shell:Creating package script '/home/ntlab/mobile_ros2_ws/install/tooru_teleop/share/tooru_teleop/package.zsh'
[7.590s] Level 1:colcon.colcon_core.environment:create_file_with_runtime_dependencies(/home/ntlab/mobile_ros2_ws/install/tooru_teleop/share/colcon-core/packages/tooru_teleop)
[7.590s] DEBUG:colcon.colcon_parallel_executor.executor.parallel:closing loop
[7.590s] DEBUG:colcon.colcon_parallel_executor.executor.parallel:loop closed
[7.590s] DEBUG:colcon.colcon_parallel_executor.executor.parallel:run_until_complete finished with '0'
[7.590s] DEBUG:colcon.colcon_core.event_reactor:joining thread
[7.596s] INFO:colcon.colcon_core.plugin_system:Skipping extension 'colcon_notification.desktop_notification.terminal_notifier': Not used on non-Darwin systems
[7.596s] INFO:colcon.colcon_core.plugin_system:Skipping extension 'colcon_notification.desktop_notification.win32': Not used on non-Windows systems
[7.596s] INFO:colcon.colcon_notification.desktop_notification:Sending desktop notification using 'notify2'
[7.603s] DEBUG:colcon.colcon_core.event_reactor:joined thread
[7.604s] INFO:colcon.colcon_core.shell:Creating prefix script '/home/ntlab/mobile_ros2_ws/install/local_setup.ps1'
[7.605s] INFO:colcon.colcon_core.shell:Creating prefix util module '/home/ntlab/mobile_ros2_ws/install/_local_setup_util_ps1.py'
[7.606s] INFO:colcon.colcon_core.shell:Creating prefix chain script '/home/ntlab/mobile_ros2_ws/install/setup.ps1'
[7.608s] INFO:colcon.colcon_core.shell:Creating prefix script '/home/ntlab/mobile_ros2_ws/install/local_setup.sh'
[7.609s] INFO:colcon.colcon_core.shell:Creating prefix util module '/home/ntlab/mobile_ros2_ws/install/_local_setup_util_sh.py'
[7.609s] INFO:colcon.colcon_core.shell:Creating prefix chain script '/home/ntlab/mobile_ros2_ws/install/setup.sh'
[7.611s] INFO:colcon.colcon_core.shell:Creating prefix script '/home/ntlab/mobile_ros2_ws/install/local_setup.bash'
[7.611s] INFO:colcon.colcon_core.shell:Creating prefix chain script '/home/ntlab/mobile_ros2_ws/install/setup.bash'
[7.613s] INFO:colcon.colcon_core.shell:Creating prefix script '/home/ntlab/mobile_ros2_ws/install/local_setup.zsh'
[7.613s] INFO:colcon.colcon_core.shell:Creating prefix chain script '/home/ntlab/mobile_ros2_ws/install/setup.zsh'
