[0.015s] Invoking command in '/home/rama/ROS/tooru_ros2_ws/build/dynamixel_sdk_examples': CMAKE_PREFIX_PATH=/home/rama/ROS/tooru_ros2_ws/install/dynamixel_sdk_custom_interfaces:/home/rama/ROS/tooru_ros2_ws/install/dynamixel_sdk:/home/rama/ROS/tooru_ros2_ws/install/tooru_teleop:/home/rama/ROS/tooru_ros2_ws/install/tooru_mobile:/home/rama/ROS/tooru_ros2_ws/install/tooru_dynamixel:/home/rama/ROS/tooru_ros2_ws/install/dynamixel_sdk_examples:/opt/ros/humble LD_LIBRARY_PATH=/home/rama/ROS/tooru_ros2_ws/install/dynamixel_sdk_custom_interfaces/lib:/home/rama/ROS/tooru_ros2_ws/install/dynamixel_sdk/lib:/home/rama/ROS/tooru_ros2_ws/install/tooru_teleop/lib:/home/rama/ROS/tooru_ros2_ws/install/tooru_mobile/lib:/opt/ros/humble/opt/rviz_ogre_vendor/lib:/opt/ros/humble/lib/x86_64-linux-gnu:/opt/ros/humble/lib /usr/bin/cmake --build /home/rama/ROS/tooru_ros2_ws/build/dynamixel_sdk_examples -- -j16 -l16
[0.037s] -- Found ament_cmake: 1.3.4 (/opt/ros/humble/share/ament_cmake/cmake)
[0.174s] -- Found dynamixel_sdk: 3.7.60 (/home/rama/ROS/tooru_ros2_ws/install/dynamixel_sdk/share/dynamixel_sdk/cmake)
[0.175s] -- Found dynamixel_sdk_custom_interfaces: 3.7.60 (/home/rama/ROS/tooru_ros2_ws/install/dynamixel_sdk_custom_interfaces/share/dynamixel_sdk_custom_interfaces/cmake)
[0.201s] -- Found rosidl_generator_c: 3.1.4 (/opt/ros/humble/share/rosidl_generator_c/cmake)
[0.204s] -- Found rosidl_adapter: 3.1.4 (/opt/ros/humble/share/rosidl_adapter/cmake)
[0.211s] -- Found rosidl_generator_cpp: 3.1.4 (/opt/ros/humble/share/rosidl_generator_cpp/cmake)
[0.226s] -- Using all available rosidl_typesupport_c: rosidl_typesupport_fastrtps_c;rosidl_typesupport_introspection_c
[0.250s] -- Using all available rosidl_typesupport_cpp: rosidl_typesupport_fastrtps_cpp;rosidl_typesupport_introspection_cpp
[0.302s] -- Found rclcpp: 16.0.4 (/opt/ros/humble/share/rclcpp/cmake)
[0.348s] -- Found rmw_implementation_cmake: 6.1.1 (/opt/ros/humble/share/rmw_implementation_cmake/cmake)
[0.349s] -- Found rmw_fastrtps_cpp: 6.2.2 (/opt/ros/humble/share/rmw_fastrtps_cpp/cmake)
[0.446s] -- Using RMW implementation 'rmw_fastrtps_cpp' as default
[0.591s] -- Found ament_lint_auto: 0.12.6 (/opt/ros/humble/share/ament_lint_auto/cmake)
[0.661s] -- Added test 'copyright' to check source files copyright and LICENSE
[0.662s] -- Added test 'cppcheck' to perform static code analysis on C / C++ code
[0.662s] -- Configured cppcheck include dirs: /home/rama/ROS/tooru_ros2_ws/src/DynamixelSDK/dynamixel_sdk_examples/include
[0.662s] -- Configured cppcheck exclude dirs and/or files: 
[0.663s] -- Added test 'cpplint' to check C / C++ code against the Google style
[0.663s] -- Configured cpplint exclude dirs and/or files: 
[0.663s] -- Added test 'lint_cmake' to check CMake code style
[0.663s] -- Added test 'uncrustify' to check C / C++ code style
[0.663s] -- Configured uncrustify additional arguments: 
[0.663s] -- Added test 'xmllint' to check XML markup files
[0.664s] -- Configuring done
[0.674s] -- Generating done
[0.676s] -- Build files have been written to: /home/rama/ROS/tooru_ros2_ws/build/dynamixel_sdk_examples
[0.700s] [35m[1mConsolidate compiler generated dependencies of target read_write_node[0m
[0.717s] [ 50%] [32mBuilding CXX object CMakeFiles/read_write_node.dir/src/read_write_node.cpp.o[0m
[8.630s] [100%] [32m[1mLinking CXX executable read_write_node[0m
[8.944s] [100%] Built target read_write_node
[8.957s] Invoked command in '/home/rama/ROS/tooru_ros2_ws/build/dynamixel_sdk_examples' returned '0': CMAKE_PREFIX_PATH=/home/rama/ROS/tooru_ros2_ws/install/dynamixel_sdk_custom_interfaces:/home/rama/ROS/tooru_ros2_ws/install/dynamixel_sdk:/home/rama/ROS/tooru_ros2_ws/install/tooru_teleop:/home/rama/ROS/tooru_ros2_ws/install/tooru_mobile:/home/rama/ROS/tooru_ros2_ws/install/tooru_dynamixel:/home/rama/ROS/tooru_ros2_ws/install/dynamixel_sdk_examples:/opt/ros/humble LD_LIBRARY_PATH=/home/rama/ROS/tooru_ros2_ws/install/dynamixel_sdk_custom_interfaces/lib:/home/rama/ROS/tooru_ros2_ws/install/dynamixel_sdk/lib:/home/rama/ROS/tooru_ros2_ws/install/tooru_teleop/lib:/home/rama/ROS/tooru_ros2_ws/install/tooru_mobile/lib:/opt/ros/humble/opt/rviz_ogre_vendor/lib:/opt/ros/humble/lib/x86_64-linux-gnu:/opt/ros/humble/lib /usr/bin/cmake --build /home/rama/ROS/tooru_ros2_ws/build/dynamixel_sdk_examples -- -j16 -l16
[8.978s] Invoking command in '/home/rama/ROS/tooru_ros2_ws/build/dynamixel_sdk_examples': CMAKE_PREFIX_PATH=/home/rama/ROS/tooru_ros2_ws/install/dynamixel_sdk_custom_interfaces:/home/rama/ROS/tooru_ros2_ws/install/dynamixel_sdk:/home/rama/ROS/tooru_ros2_ws/install/tooru_teleop:/home/rama/ROS/tooru_ros2_ws/install/tooru_mobile:/home/rama/ROS/tooru_ros2_ws/install/tooru_dynamixel:/home/rama/ROS/tooru_ros2_ws/install/dynamixel_sdk_examples:/opt/ros/humble LD_LIBRARY_PATH=/home/rama/ROS/tooru_ros2_ws/install/dynamixel_sdk_custom_interfaces/lib:/home/rama/ROS/tooru_ros2_ws/install/dynamixel_sdk/lib:/home/rama/ROS/tooru_ros2_ws/install/tooru_teleop/lib:/home/rama/ROS/tooru_ros2_ws/install/tooru_mobile/lib:/opt/ros/humble/opt/rviz_ogre_vendor/lib:/opt/ros/humble/lib/x86_64-linux-gnu:/opt/ros/humble/lib /usr/bin/cmake --install /home/rama/ROS/tooru_ros2_ws/build/dynamixel_sdk_examples
[8.984s] -- Install configuration: ""
[8.985s] -- Installing: /home/rama/ROS/tooru_ros2_ws/install/dynamixel_sdk_examples/lib/dynamixel_sdk_examples/read_write_node
[8.989s] -- Set runtime path of "/home/rama/ROS/tooru_ros2_ws/install/dynamixel_sdk_examples/lib/dynamixel_sdk_examples/read_write_node" to ""
[8.989s] -- Up-to-date: /home/rama/ROS/tooru_ros2_ws/install/dynamixel_sdk_examples/share/ament_index/resource_index/package_run_dependencies/dynamixel_sdk_examples
[8.989s] -- Installing: /home/rama/ROS/tooru_ros2_ws/install/dynamixel_sdk_examples/share/ament_index/resource_index/parent_prefix_path/dynamixel_sdk_examples
[8.990s] -- Up-to-date: /home/rama/ROS/tooru_ros2_ws/install/dynamixel_sdk_examples/share/dynamixel_sdk_examples/environment/ament_prefix_path.sh
[8.990s] -- Installing: /home/rama/ROS/tooru_ros2_ws/install/dynamixel_sdk_examples/share/dynamixel_sdk_examples/environment/ament_prefix_path.dsv
[8.990s] -- Up-to-date: /home/rama/ROS/tooru_ros2_ws/install/dynamixel_sdk_examples/share/dynamixel_sdk_examples/environment/path.sh
[8.990s] -- Installing: /home/rama/ROS/tooru_ros2_ws/install/dynamixel_sdk_examples/share/dynamixel_sdk_examples/environment/path.dsv
[8.990s] -- Up-to-date: /home/rama/ROS/tooru_ros2_ws/install/dynamixel_sdk_examples/share/dynamixel_sdk_examples/local_setup.bash
[8.990s] -- Up-to-date: /home/rama/ROS/tooru_ros2_ws/install/dynamixel_sdk_examples/share/dynamixel_sdk_examples/local_setup.sh
[8.990s] -- Up-to-date: /home/rama/ROS/tooru_ros2_ws/install/dynamixel_sdk_examples/share/dynamixel_sdk_examples/local_setup.zsh
[8.990s] -- Installing: /home/rama/ROS/tooru_ros2_ws/install/dynamixel_sdk_examples/share/dynamixel_sdk_examples/local_setup.dsv
[8.990s] -- Installing: /home/rama/ROS/tooru_ros2_ws/install/dynamixel_sdk_examples/share/dynamixel_sdk_examples/package.dsv
[8.990s] -- Up-to-date: /home/rama/ROS/tooru_ros2_ws/install/dynamixel_sdk_examples/share/ament_index/resource_index/packages/dynamixel_sdk_examples
[8.990s] -- Up-to-date: /home/rama/ROS/tooru_ros2_ws/install/dynamixel_sdk_examples/share/dynamixel_sdk_examples/cmake/dynamixel_sdk_examplesConfig.cmake
[8.990s] -- Up-to-date: /home/rama/ROS/tooru_ros2_ws/install/dynamixel_sdk_examples/share/dynamixel_sdk_examples/cmake/dynamixel_sdk_examplesConfig-version.cmake
[8.990s] -- Up-to-date: /home/rama/ROS/tooru_ros2_ws/install/dynamixel_sdk_examples/share/dynamixel_sdk_examples/package.xml
[8.994s] Invoked command in '/home/rama/ROS/tooru_ros2_ws/build/dynamixel_sdk_examples' returned '0': CMAKE_PREFIX_PATH=/home/rama/ROS/tooru_ros2_ws/install/dynamixel_sdk_custom_interfaces:/home/rama/ROS/tooru_ros2_ws/install/dynamixel_sdk:/home/rama/ROS/tooru_ros2_ws/install/tooru_teleop:/home/rama/ROS/tooru_ros2_ws/install/tooru_mobile:/home/rama/ROS/tooru_ros2_ws/install/tooru_dynamixel:/home/rama/ROS/tooru_ros2_ws/install/dynamixel_sdk_examples:/opt/ros/humble LD_LIBRARY_PATH=/home/rama/ROS/tooru_ros2_ws/install/dynamixel_sdk_custom_interfaces/lib:/home/rama/ROS/tooru_ros2_ws/install/dynamixel_sdk/lib:/home/rama/ROS/tooru_ros2_ws/install/tooru_teleop/lib:/home/rama/ROS/tooru_ros2_ws/install/tooru_mobile/lib:/opt/ros/humble/opt/rviz_ogre_vendor/lib:/opt/ros/humble/lib/x86_64-linux-gnu:/opt/ros/humble/lib /usr/bin/cmake --install /home/rama/ROS/tooru_ros2_ws/build/dynamixel_sdk_examples
