[0.010s] Invoking command in '/home/ntlab/mobile_ros2_ws/build/tooru_teleop': CMAKE_PREFIX_PATH=/opt/ros/humble /usr/bin/cmake --build /home/ntlab/mobile_ros2_ws/build/tooru_teleop -- -j16 -l16
[0.023s] -- Found ament_cmake: 1.3.3 (/opt/ros/humble/share/ament_cmake/cmake)
[0.109s] -- Found geometry_msgs: 4.2.3 (/opt/ros/humble/share/geometry_msgs/cmake)
[0.123s] -- Found rosidl_generator_c: 3.1.4 (/opt/ros/humble/share/rosidl_generator_c/cmake)
[0.125s] -- Found rosidl_adapter: 3.1.4 (/opt/ros/humble/share/rosidl_adapter/cmake)
[0.128s] -- Found rosidl_generator_cpp: 3.1.4 (/opt/ros/humble/share/rosidl_generator_cpp/cmake)
[0.135s] -- Using all available rosidl_typesupport_c: rosidl_typesupport_fastrtps_c;rosidl_typesupport_introspection_c
[0.143s] -- Using all available rosidl_typesupport_cpp: rosidl_typesupport_fastrtps_cpp;rosidl_typesupport_introspection_cpp
[0.221s] -- Found rclcpp: 16.0.3 (/opt/ros/humble/share/rclcpp/cmake)
[0.249s] -- Found rmw_implementation_cmake: 6.1.1 (/opt/ros/humble/share/rmw_implementation_cmake/cmake)
[0.250s] -- Found rmw_fastrtps_cpp: 6.2.2 (/opt/ros/humble/share/rmw_fastrtps_cpp/cmake)
[0.318s] -- Using RMW implementation 'rmw_fastrtps_cpp' as default
[0.392s] -- Found rclcpp_components: 16.0.3 (/opt/ros/humble/share/rclcpp_components/cmake)
[0.426s] -- Found sensor_msgs: 4.2.3 (/opt/ros/humble/share/sensor_msgs/cmake)
[0.477s] -- Found ament_lint_auto: 0.12.5 (/opt/ros/humble/share/ament_lint_auto/cmake)
[0.559s] -- Added test 'cppcheck' to perform static code analysis on C / C++ code
[0.559s] -- Configured cppcheck include dirs: 
[0.559s] -- Configured cppcheck exclude dirs and/or files: 
[0.560s] -- Added test 'flake8' to check Python code syntax and style conventions
[0.560s] -- Added test 'lint_cmake' to check CMake code style
[0.560s] -- Added test 'pep257' to check Python code against some of the docstring style conventions in PEP 257
[0.561s] -- Added test 'uncrustify' to check C / C++ code style
[0.561s] -- Configured uncrustify additional arguments: 
[0.561s] -- Added test 'xmllint' to check XML markup files
[0.562s] -- Configuring done
[0.570s] -- Generating done
[0.570s] -- Build files have been written to: /home/ntlab/mobile_ros2_ws/build/tooru_teleop
[0.588s] [35m[1mConsolidate compiler generated dependencies of target teleop_joystick_input[0m
[0.598s] [100%] Built target teleop_joystick_input
[0.604s] Invoked command in '/home/ntlab/mobile_ros2_ws/build/tooru_teleop' returned '0': CMAKE_PREFIX_PATH=/opt/ros/humble /usr/bin/cmake --build /home/ntlab/mobile_ros2_ws/build/tooru_teleop -- -j16 -l16
[0.622s] Invoking command in '/home/ntlab/mobile_ros2_ws/build/tooru_teleop': CMAKE_PREFIX_PATH=/opt/ros/humble /usr/bin/cmake --install /home/ntlab/mobile_ros2_ws/build/tooru_teleop
[0.625s] -- Install configuration: ""
[0.625s] -- Up-to-date: /home/ntlab/mobile_ros2_ws/install/tooru_teleop/lib/libteleop_joystick_input.so
[0.625s] -- Up-to-date: /home/ntlab/mobile_ros2_ws/install/tooru_teleop/share/ament_index/resource_index/package_run_dependencies/tooru_teleop
[0.625s] -- Up-to-date: /home/ntlab/mobile_ros2_ws/install/tooru_teleop/share/ament_index/resource_index/parent_prefix_path/tooru_teleop
[0.625s] -- Up-to-date: /home/ntlab/mobile_ros2_ws/install/tooru_teleop/share/tooru_teleop/environment/ament_prefix_path.sh
[0.625s] -- Installing: /home/ntlab/mobile_ros2_ws/install/tooru_teleop/share/tooru_teleop/environment/ament_prefix_path.dsv
[0.626s] -- Up-to-date: /home/ntlab/mobile_ros2_ws/install/tooru_teleop/share/tooru_teleop/environment/path.sh
[0.626s] -- Installing: /home/ntlab/mobile_ros2_ws/install/tooru_teleop/share/tooru_teleop/environment/path.dsv
[0.626s] -- Up-to-date: /home/ntlab/mobile_ros2_ws/install/tooru_teleop/share/tooru_teleop/local_setup.bash
[0.626s] -- Up-to-date: /home/ntlab/mobile_ros2_ws/install/tooru_teleop/share/tooru_teleop/local_setup.sh
[0.626s] -- Up-to-date: /home/ntlab/mobile_ros2_ws/install/tooru_teleop/share/tooru_teleop/local_setup.zsh
[0.626s] -- Installing: /home/ntlab/mobile_ros2_ws/install/tooru_teleop/share/tooru_teleop/local_setup.dsv
[0.626s] -- Installing: /home/ntlab/mobile_ros2_ws/install/tooru_teleop/share/tooru_teleop/package.dsv
[0.626s] -- Up-to-date: /home/ntlab/mobile_ros2_ws/install/tooru_teleop/share/ament_index/resource_index/packages/tooru_teleop
[0.626s] -- Installing: /home/ntlab/mobile_ros2_ws/install/tooru_teleop/share/ament_index/resource_index/rclcpp_components/tooru_teleop
[0.626s] -- Up-to-date: /home/ntlab/mobile_ros2_ws/install/tooru_teleop/share/tooru_teleop/cmake/tooru_teleopConfig.cmake
[0.626s] -- Up-to-date: /home/ntlab/mobile_ros2_ws/install/tooru_teleop/share/tooru_teleop/cmake/tooru_teleopConfig-version.cmake
[0.626s] -- Up-to-date: /home/ntlab/mobile_ros2_ws/install/tooru_teleop/share/tooru_teleop/package.xml
[0.627s] Invoked command in '/home/ntlab/mobile_ros2_ws/build/tooru_teleop' returned '0': CMAKE_PREFIX_PATH=/opt/ros/humble /usr/bin/cmake --install /home/ntlab/mobile_ros2_ws/build/tooru_teleop
